core   0: 0x00001000 (0x00000297) auipc   t0, 0x0
core   0: 3 0x00001000 (0x00000297) x5  0x00001000
core   0: 0x00001004 (0x02028593) addi    a1, t0, 32
core   0: 3 0x00001004 (0x02028593) x11 0x00001020
core   0: 0x00001008 (0xf1402573) csrr    a0, mhartid
core   0: 3 0x00001008 (0xf1402573) x10 0x00000000
core   0: 0x0000100c (0x0182a283) lw      t0, 24(t0)
core   0: 3 0x0000100c (0x0182a283) x5  0x00100080 mem 0x00001018
core   0: 0x00001010 (0x00028067) jr      t0
core   0: 3 0x00001010 (0x00028067)
core   0: >>>>  _entry_point
core   0: 0x00100080 (0x5b50206f) j       pc + 0x2db4
core   0: 3 0x00100080 (0x5b50206f)
core   0: >>>>  reset_handler
core   0: 0x00102e34 (0x00000093) li      ra, 0
core   0: 3 0x00102e34 (0x00000093) x1  0x00000000
core   0: 0x00102e38 (0x00008113) mv      sp, ra
core   0: 3 0x00102e38 (0x00008113) x2  0x00000000
core   0: 0x00102e3c (0x00008193) mv      gp, ra
core   0: 3 0x00102e3c (0x00008193) x3  0x00000000
core   0: 0x00102e40 (0x00008213) mv      tp, ra
core   0: 3 0x00102e40 (0x00008213) x4  0x00000000
core   0: 0x00102e44 (0x00008293) mv      t0, ra
core   0: 3 0x00102e44 (0x00008293) x5  0x00000000
core   0: 0x00102e48 (0x00008313) mv      t1, ra
core   0: 3 0x00102e48 (0x00008313) x6  0x00000000
core   0: 0x00102e4c (0x00008393) mv      t2, ra
core   0: 3 0x00102e4c (0x00008393) x7  0x00000000
core   0: 0x00102e50 (0x00008413) mv      s0, ra
core   0: 3 0x00102e50 (0x00008413) x8  0x00000000
core   0: 0x00102e54 (0x00008493) mv      s1, ra
core   0: 3 0x00102e54 (0x00008493) x9  0x00000000
core   0: 0x00102e58 (0x00008513) mv      a0, ra
core   0: 3 0x00102e58 (0x00008513) x10 0x00000000
core   0: 0x00102e5c (0x00008593) mv      a1, ra
core   0: 3 0x00102e5c (0x00008593) x11 0x00000000
core   0: 0x00102e60 (0x00008613) mv      a2, ra
core   0: 3 0x00102e60 (0x00008613) x12 0x00000000
core   0: 0x00102e64 (0x00008693) mv      a3, ra
core   0: 3 0x00102e64 (0x00008693) x13 0x00000000
core   0: 0x00102e68 (0x00008713) mv      a4, ra
core   0: 3 0x00102e68 (0x00008713) x14 0x00000000
core   0: 0x00102e6c (0x00008793) mv      a5, ra
core   0: 3 0x00102e6c (0x00008793) x15 0x00000000
core   0: 0x00102e70 (0x00008813) mv      a6, ra
core   0: 3 0x00102e70 (0x00008813) x16 0x00000000
core   0: 0x00102e74 (0x00008893) mv      a7, ra
core   0: 3 0x00102e74 (0x00008893) x17 0x00000000
core   0: 0x00102e78 (0x00008913) mv      s2, ra
core   0: 3 0x00102e78 (0x00008913) x18 0x00000000
core   0: 0x00102e7c (0x00008993) mv      s3, ra
core   0: 3 0x00102e7c (0x00008993) x19 0x00000000
core   0: 0x00102e80 (0x00008a13) mv      s4, ra
core   0: 3 0x00102e80 (0x00008a13) x20 0x00000000
core   0: 0x00102e84 (0x00008a93) mv      s5, ra
core   0: 3 0x00102e84 (0x00008a93) x21 0x00000000
core   0: 0x00102e88 (0x00008b13) mv      s6, ra
core   0: 3 0x00102e88 (0x00008b13) x22 0x00000000
core   0: 0x00102e8c (0x00008b93) mv      s7, ra
core   0: 3 0x00102e8c (0x00008b93) x23 0x00000000
core   0: 0x00102e90 (0x00008c13) mv      s8, ra
core   0: 3 0x00102e90 (0x00008c13) x24 0x00000000
core   0: 0x00102e94 (0x00008c93) mv      s9, ra
core   0: 3 0x00102e94 (0x00008c93) x25 0x00000000
core   0: 0x00102e98 (0x00008d13) mv      s10, ra
core   0: 3 0x00102e98 (0x00008d13) x26 0x00000000
core   0: 0x00102e9c (0x00008d93) mv      s11, ra
core   0: 3 0x00102e9c (0x00008d93) x27 0x00000000
core   0: 0x00102ea0 (0x00008e13) mv      t3, ra
core   0: 3 0x00102ea0 (0x00008e13) x28 0x00000000
core   0: 0x00102ea4 (0x00008e93) mv      t4, ra
core   0: 3 0x00102ea4 (0x00008e93) x29 0x00000000
core   0: 0x00102ea8 (0x00008f13) mv      t5, ra
core   0: 3 0x00102ea8 (0x00008f13) x30 0x00000000
core   0: 0x00102eac (0x00008f93) mv      t6, ra
core   0: 3 0x00102eac (0x00008f93) x31 0x00000000
core   0: 0x00102eb0 (0x00035117) auipc   sp, 0x35
core   0: 3 0x00102eb0 (0x00035117) x2  0x00137eb0
core   0: 0x00102eb4 (0x15010113) addi    sp, sp, 336
core   0: 3 0x00102eb4 (0x15010113) x2  0x00138000
core   0: >>>>  _start
core   0: 0x00102eb8 (0x00020d17) auipc   s10, 0x20
core   0: 3 0x00102eb8 (0x00020d17) x26 0x00122eb8
core   0: 0x00102ebc (0x438d0d13) addi    s10, s10, 1080
core   0: 3 0x00102ebc (0x438d0d13) x26 0x001232f0
core   0: 0x00102ec0 (0x00020d97) auipc   s11, 0x20
core   0: 3 0x00102ec0 (0x00020d97) x27 0x00122ec0
core   0: 0x00102ec4 (0x440d8d93) addi    s11, s11, 1088
core   0: 3 0x00102ec4 (0x440d8d93) x27 0x00123300
core   0: 0x00102ec8 (0x01bd5863) bge     s10, s11, pc + 16
core   0: 3 0x00102ec8 (0x01bd5863)
core   0: >>>>  zero_loop
core   0: 0x00102ecc (0x000d2023) sw      zero, 0(s10)
core   0: 3 0x00102ecc (0x000d2023) mem 0x001232f0 0x00000000
core   0: 0x00102ed0 (0x004d0d13) addi    s10, s10, 4
core   0: 3 0x00102ed0 (0x004d0d13) x26 0x001232f4
core   0: 0x00102ed4 (0xffaddce3) bge     s11, s10, pc - 8
core   0: 3 0x00102ed4 (0xffaddce3)
core   0: >>>>  zero_loop
core   0: 0x00102ecc (0x000d2023) sw      zero, 0(s10)
core   0: 3 0x00102ecc (0x000d2023) mem 0x001232f4 0x00000000
core   0: 0x00102ed0 (0x004d0d13) addi    s10, s10, 4
core   0: 3 0x00102ed0 (0x004d0d13) x26 0x001232f8
core   0: 0x00102ed4 (0xffaddce3) bge     s11, s10, pc - 8
core   0: 3 0x00102ed4 (0xffaddce3)
core   0: >>>>  zero_loop
core   0: 0x00102ecc (0x000d2023) sw      zero, 0(s10)
core   0: 3 0x00102ecc (0x000d2023) mem 0x001232f8 0x00000000
core   0: 0x00102ed0 (0x004d0d13) addi    s10, s10, 4
core   0: 3 0x00102ed0 (0x004d0d13) x26 0x001232fc
core   0: 0x00102ed4 (0xffaddce3) bge     s11, s10, pc - 8
core   0: 3 0x00102ed4 (0xffaddce3)
core   0: >>>>  zero_loop
core   0: 0x00102ecc (0x000d2023) sw      zero, 0(s10)
core   0: 3 0x00102ecc (0x000d2023) mem 0x001232fc 0x00000000
core   0: 0x00102ed0 (0x004d0d13) addi    s10, s10, 4
core   0: 3 0x00102ed0 (0x004d0d13) x26 0x00123300
core   0: 0x00102ed4 (0xffaddce3) bge     s11, s10, pc - 8
core   0: 3 0x00102ed4 (0xffaddce3)
core   0: >>>>  zero_loop
core   0: 0x00102ecc (0x000d2023) sw      zero, 0(s10)
core   0: 3 0x00102ecc (0x000d2023) mem 0x00123300 0x00000000
core   0: 0x00102ed0 (0x004d0d13) addi    s10, s10, 4
core   0: 3 0x00102ed0 (0x004d0d13) x26 0x00123304
core   0: 0x00102ed4 (0xffaddce3) bge     s11, s10, pc - 8
core   0: 3 0x00102ed4 (0xffaddce3)
core   0: >>>>  main_entry
core   0: 0x00102ed8 (0x00000513) li      a0, 0
core   0: 3 0x00102ed8 (0x00000513) x10 0x00000000
core   0: 0x00102edc (0x00000593) li      a1, 0
core   0: 3 0x00102edc (0x00000593) x11 0x00000000
core   0: 0x00102ee0 (0xc40fd0ef) jal     pc - 0x2bc0
core   0: 3 0x00102ee0 (0xc40fd0ef) x1  0x00102ee4
core   0: >>>>  main
core   0: 0x00100320 (0x00000033) add     zero, zero, zero
core   0: 3 0x00100320 (0x00000033)
core   0: 0x00100324 (0x00003117) auipc   sp, 0x3
core   0: 3 0x00100324 (0x00003117) x2  0x00103324
core   0: 0x00100328 (0xfcc10113) addi    sp, sp, -52
core   0: 3 0x00100328 (0xfcc10113) x2  0x001032f0
core   0: 0x0010032c (0x00019337) lui     t1, 0x19
core   0: 3 0x0010032c (0x00019337) x6  0x00019000
core   0: 0x00100330 (0xa3830313) addi    t1, t1, -1480
core   0: 3 0x00100330 (0xa3830313) x6  0x00018a38
core   0: 0x00100334 (0x00610133) add     sp, sp, t1
core   0: 3 0x00100334 (0x00610133) x2  0x0011bd28
core   0: >>>>  i0000000000
core   0: 0x00100338 (0x00a00f93) li      t6, 10
core   0: 3 0x00100338 (0x00a00f93) x31 0x0000000a
core   0: >>>>  i0000000001
core   0: 0x0010033c (0xb8a11f23) sh      a0, -1122(sp)
core   0: 3 0x0010033c (0xb8a11f23) mem 0x0011b8c6 0x0000
core   0: >>>>  i0000000002
core   0: 0x00100340 (0x407ddc13) srai    s8, s11, 7
core   0: 3 0x00100340 (0x407ddc13) x24 0x00002466
core   0: >>>>  i0000000003
core   0: 0x00100344 (0xfa814983) lbu     s3, -88(sp)
core   0: 3 0x00100344 (0xfa814983) x19 0x00000007 mem 0x0011bcd0
core   0: >>>>  i0000000004
core   0: 0x00100348 (0x3613a497) auipc   s1, 0x3613a
core   0: 3 0x00100348 (0x3613a497) x9  0x3623a348
core   0: >>>>  i0000000005
core   0: 0x0010034c (0x4e864e13) xori    t3, a2, 1256
core   0: 3 0x0010034c (0x4e864e13) x28 0x000004e8
core   0: >>>>  i0000000006
core   0: 0x00100350 (0xcc710683) lb      a3, -825(sp)
core   0: 3 0x00100350 (0xcc710683) x13 0x00000015 mem 0x0011b9ef
core   0: >>>>  i0000000007
core   0: 0x00100354 (0x4cbe0613) addi    a2, t3, 1227
core   0: 3 0x00100354 (0x4cbe0613) x12 0x000009b3
core   0: >>>>  i0000000008
core   0: 0x00100358 (0x00485833) srl     a6, a6, tp
core   0: 3 0x00100358 (0x00485833) x16 0x00000000
core   0: >>>>  i0000000009
core   0: 0x0010035c (0x75604637) lui     a2, 0x75604
core   0: 3 0x0010035c (0x75604637) x12 0x75604000
core   0: 0x00100360 (0x00003117) auipc   sp, 0x3
core   0: 3 0x00100360 (0x00003117) x2  0x00103360
core   0: 0x00100364 (0xf9010113) addi    sp, sp, -112
core   0: 3 0x00100364 (0xf9010113) x2  0x001032f0
core   0: 0x00100368 (0x00006337) lui     t1, 0x6
core   0: 3 0x00100368 (0x00006337) x6  0x00006000
core   0: 0x0010036c (0x02030313) addi    t1, t1, 32
core   0: 3 0x0010036c (0x02030313) x6  0x00006020
core   0: 0x00100370 (0x00610133) add     sp, sp, t1
core   0: 3 0x00100370 (0x00610133) x2  0x00109310
core   0: >>>>  i000000000a
core   0: 0x00100374 (0x27615783) lhu     a5, 630(sp)
core   0: 3 0x00100374 (0x27615783) x15 0x000026b9 mem 0x00109586
core   0: 0x00100378 (0x00003117) auipc   sp, 0x3
core   0: 3 0x00100378 (0x00003117) x2  0x00103378
core   0: 0x0010037c (0xf7810113) addi    sp, sp, -136
core   0: 3 0x0010037c (0xf7810113) x2  0x001032f0
core   0: 0x00100380 (0x00014337) lui     t1, 0x14
core   0: 3 0x00100380 (0x00014337) x6  0x00014000
core   0: 0x00100384 (0xb8030313) addi    t1, t1, -1152
core   0: 3 0x00100384 (0xb8030313) x6  0x00013b80
core   0: 0x00100388 (0x00610133) add     sp, sp, t1
core   0: 3 0x00100388 (0x00610133) x2  0x00116e70
core   0: >>>>  i000000000b
core   0: 0x0010038c (0xfa411e03) lh      t3, -92(sp)
core   0: 3 0x0010038c (0xfa411e03) x28 0xffffe181 mem 0x00116e14
core   0: >>>>  i000000000c
core   0: 0x00100390 (0x013c2f33) slt     t5, s8, s3
core   0: 3 0x00100390 (0x013c2f33) x30 0x00000000
core   0: >>>>  i000000000d
core   0: 0x00100394 (0x402f5f13) srai    t5, t5, 2
core   0: 3 0x00100394 (0x402f5f13) x30 0x00000000
core   0: >>>>  i000000000e
core   0: 0x00100398 (0x00de5c13) srli    s8, t3, 13
core   0: 3 0x00100398 (0x00de5c13) x24 0x0007ffff
core   0: >>>>  i000000000f
core   0: 0x0010039c (0x2e615983) lhu     s3, 742(sp)
core   0: 3 0x0010039c (0x2e615983) x19 0x000017a1 mem 0x00117156
core   0: >>>>  i0000000010
core   0: 0x001003a0 (0x85910283) lb      t0, -1959(sp)
core   0: 3 0x001003a0 (0x85910283) x5  0xffffffe5 mem 0x001166c9
core   0: >>>>  i0000000011
core   0: 0x001003a4 (0x79314f03) lbu     t5, 1939(sp)
core   0: 3 0x001003a4 (0x79314f03) x30 0x000000aa mem 0x00117603
core   0: >>>>  i0000000012
core   0: 0x001003a8 (0x41050033) sub     zero, a0, a6
core   0: 3 0x001003a8 (0x41050033)
core   0: >>>>  i0000000013
core   0: 0x001003ac (0x72814503) lbu     a0, 1832(sp)
core   0: 3 0x001003ac (0x72814503) x10 0x0000008c mem 0x00117598
core   0: >>>>  i0000000014
core   0: 0x001003b0 (0x40cc0ab3) sub     s5, s8, a2
core   0: 3 0x001003b0 (0x40cc0ab3) x21 0x8aa7bfff
core   0: 0x001003b4 (0x00a00e93) li      t4, 10
core   0: 3 0x001003b4 (0x00a00e93) x29 0x0000000a
core   0: 0x001003b8 (0x00a00f93) li      t6, 10
core   0: 3 0x001003b8 (0x00a00f93) x31 0x0000000a
core   0: 0x001003bc (0x00003117) auipc   sp, 0x3
core   0: 3 0x001003bc (0x00003117) x2  0x001033bc
core   0: 0x001003c0 (0xf3410113) addi    sp, sp, -204
core   0: 3 0x001003c0 (0xf3410113) x2  0x001032f0
core   0: 0x001003c4 (0x00017337) lui     t1, 0x17
core   0: 3 0x001003c4 (0x00017337) x6  0x00017000
core   0: 0x001003c8 (0x54030313) addi    t1, t1, 1344
core   0: 3 0x001003c8 (0x54030313) x6  0x00017540
core   0: 0x001003cc (0x00610133) add     sp, sp, t1
core   0: 3 0x001003cc (0x00610133) x2  0x0011a830
core   0: 0x001003d0 (0x00003117) auipc   sp, 0x3
core   0: 3 0x001003d0 (0x00003117) x2  0x001033d0
core   0: 0x001003d4 (0xf2010113) addi    sp, sp, -224
core   0: 3 0x001003d4 (0xf2010113) x2  0x001032f0
core   0: 0x001003d8 (0x00002337) lui     t1, 0x2
core   0: 3 0x001003d8 (0x00002337) x6  0x00002000
core   0: 0x001003dc (0x75030313) addi    t1, t1, 1872
core   0: 3 0x001003dc (0x75030313) x6  0x00002750
core   0: 0x001003e0 (0x00610133) add     sp, sp, t1
core   0: 3 0x001003e0 (0x00610133) x2  0x00105a40
core   0: 0x001003e4 (0x04615803) lhu     a6, 70(sp)
core   0: 3 0x001003e4 (0x04615803) x16 0x00005ea8 mem 0x00105a86
core   0: 0x001003e8 (0xdf510483) lb      s1, -523(sp)
core   0: 3 0x001003e8 (0xdf510483) x9  0x0000006e mem 0x00105835
core   0: 0x001003ec (0xea215c03) lhu     s8, -350(sp)
core   0: 3 0x001003ec (0xea215c03) x24 0x000040a4 mem 0x001058e2
core   0: 0x001003f0 (0xaa810aa3) sb      s0, -1355(sp)
core   0: 3 0x001003f0 (0xaa810aa3) mem 0x001054f5 0x00
core   0: 0x001003f4 (0x00376c33) or      s8, a4, gp
core   0: 3 0x001003f4 (0x00376c33) x24 0x00000000
core   0: 0x001003f8 (0xaaf4fa13) andi    s4, s1, -1361
core   0: 3 0x001003f8 (0xaaf4fa13) x20 0x0000002e
core   0: 0x001003fc (0x01718c33) add     s8, gp, s7
core   0: 3 0x001003fc (0x01718c33) x24 0x00000000
core   0: >>>>  b0000000015
core   0: 0x00100400 (0x00000033) add     zero, zero, zero
core   0: 3 0x00100400 (0x00000033)
core   0: 0x00100404 (0x03df9e63) bne     t6, t4, pc + 60
core   0: 3 0x00100404 (0x03df9e63)
core   0: 0x00100408 (0x00000033) add     zero, zero, zero
core   0: 3 0x00100408 (0x00000033)
core   0: 0x0010040c (0x4104d833) sra     a6, s1, a6
core   0: 3 0x0010040c (0x4104d833) x16 0x00000000
core   0: 0x00100410 (0x08412823) sw      tp, 144(sp)
core   0: 3 0x00100410 (0x08412823) mem 0x00105ad0 0x00000000
core   0: 0x00100414 (0x14c11703) lh      a4, 332(sp)
core   0: 3 0x00100414 (0x14c11703) x14 0xffffcffa mem 0x00105b8c
core   0: 0x00100418 (0x011b94b3) sll     s1, s7, a7
core   0: 3 0x00100418 (0x011b94b3) x9  0x00000000
core   0: 0x0010041c (0x000dedb3) or      s11, s11, zero
core   0: 3 0x0010041c (0x000dedb3) x27 0x00123300
core   0: 0x00100420 (0x48d1a393) slti    t2, gp, 1165
core   0: 3 0x00100420 (0x48d1a393) x7  0x00000001
core   0: 0x00100424 (0x0184e1b3) or      gp, s1, s8
core   0: 3 0x00100424 (0x0184e1b3) x3  0x00000000
core   0: 0x00100428 (0x00a00f93) li      t6, 10
core   0: 3 0x00100428 (0x00a00f93) x31 0x0000000a
core   0: >>>>  i0000000015
core   0: 0x0010042c (0x59141517) auipc   a0, 0x59141
core   0: 3 0x0010042c (0x59141517) x10 0x5924142c
core   0: >>>>  i0000000016
core   0: 0x00100430 (0x40995513) srai    a0, s2, 9
core   0: 3 0x00100430 (0x40995513) x10 0x00000000
core   0: >>>>  i0000000017
core   0: 0x00100434 (0x3cd14483) lbu     s1, 973(sp)
core   0: 3 0x00100434 (0x3cd14483) x9  0x0000006e mem 0x00105e0d
core   0: >>>>  i0000000018
core   0: 0x00100438 (0xc3310623) sb      s3, -980(sp)
core   0: 3 0x00100438 (0xc3310623) mem 0x0010566c 0xa1
core   0: >>>>  i0000000019
core   0: 0x0010043c (0x1a619697) auipc   a3, 0x1a619
core   0: 3 0x0010043c (0x1a619697) x13 0x1a71943c
core   0: >>>>  i000000001a
core   0: 0x00100440 (0xd7412803) lw      a6, -652(sp)
core   0: 3 0x00100440 (0xd7412803) x16 0x1f308108 mem 0x001057b4
core   0: >>>>  i000000001b
core   0: 0x00100444 (0xf7a11d83) lh      s11, -134(sp)
core   0: 3 0x00100444 (0xf7a11d83) x27 0xffff94fa mem 0x001059ba
core   0: >>>>  i000000001c
core   0: 0x00100448 (0x40811823) sh      s0, 1040(sp)
core   0: 3 0x00100448 (0x40811823) mem 0x00105e50 0x0000
core   0: >>>>  i000000001d
core   0: 0x0010044c (0x92015c83) lhu     s9, -1760(sp)
core   0: 3 0x0010044c (0x92015c83) x25 0x000038f7 mem 0x00105360
core   0: 0x00100450 (0x00003117) auipc   sp, 0x3
core   0: 3 0x00100450 (0x00003117) x2  0x00103450
core   0: 0x00100454 (0xea010113) addi    sp, sp, -352
core   0: 3 0x00100454 (0xea010113) x2  0x001032f0
core   0: 0x00100458 (0x0000f337) lui     t1, 0xf
core   0: 3 0x00100458 (0x0000f337) x6  0x0000f000
core   0: 0x0010045c (0x4e830313) addi    t1, t1, 1256
core   0: 3 0x0010045c (0x4e830313) x6  0x0000f4e8
core   0: 0x00100460 (0x00610133) add     sp, sp, t1
core   0: 3 0x00100460 (0x00610133) x2  0x001127d8
core   0: >>>>  i000000001e
core   0: 0x00100464 (0x26a10e83) lb      t4, 618(sp)
core   0: 3 0x00100464 (0x26a10e83) x29 0xffffffb0 mem 0x00112a42
core   0: >>>>  i000000001f
core   0: 0x00100468 (0x11010803) lb      a6, 272(sp)
core   0: 3 0x00100468 (0x11010803) x16 0x0000000c mem 0x001128e8
core   0: >>>>  i0000000020
core   0: 0x0010046c (0x01050933) add     s2, a0, a6
core   0: 3 0x0010046c (0x01050933) x18 0x0000000c
core   0: >>>>  i0000000021
core   0: 0x00100470 (0xe9583813) sltiu   a6, a6, -363
core   0: 3 0x00100470 (0xe9583813) x16 0x00000001
core   0: >>>>  i0000000022
core   0: 0x00100474 (0x007f1e93) slli    t4, t5, 7
core   0: 3 0x00100474 (0x007f1e93) x29 0x00005500
core   0: >>>>  i0000000023
core   0: 0x00100478 (0x6f611d23) sh      s6, 1786(sp)
core   0: 3 0x00100478 (0x6f611d23) mem 0x00112ed2 0x0000
core   0: >>>>  i0000000024
core   0: 0x0010047c (0x010f68b3) or      a7, t5, a6
core   0: 3 0x0010047c (0x010f68b3) x17 0x000000ab
core   0: >>>>  i0000000025
core   0: 0x00100480 (0x00604033) xor     zero, zero, t1
core   0: 3 0x00100480 (0x00604033)
core   0: >>>>  i0000000026
core   0: 0x00100484 (0x240ce493) ori     s1, s9, 576
core   0: 3 0x00100484 (0x240ce493) x9  0x00003af7
core   0: >>>>  i0000000027
core   0: 0x00100488 (0x728f6613) ori     a2, t5, 1832
core   0: 3 0x00100488 (0x728f6613) x12 0x000007aa
core   0: >>>>  i0000000028
core   0: 0x0010048c (0x99110483) lb      s1, -1647(sp)
core   0: 3 0x0010048c (0x99110483) x9  0x00000006 mem 0x00112169
core   0: 0x00100490 (0x00a00c93) li      s9, 10
core   0: 3 0x00100490 (0x00a00c93) x25 0x0000000a
core   0: 0x00100494 (0x00a00f93) li      t6, 10
core   0: 3 0x00100494 (0x00a00f93) x31 0x0000000a
core   0: 0x00100498 (0x00003117) auipc   sp, 0x3
core   0: 3 0x00100498 (0x00003117) x2  0x00103498
core   0: 0x0010049c (0xe5810113) addi    sp, sp, -424
core   0: 3 0x0010049c (0xe5810113) x2  0x001032f0
core   0: 0x001004a0 (0x00002337) lui     t1, 0x2
core   0: 3 0x001004a0 (0x00002337) x6  0x00002000
core   0: 0x001004a4 (0xc7030313) addi    t1, t1, -912
core   0: 3 0x001004a4 (0xc7030313) x6  0x00001c70
core   0: 0x001004a8 (0x00610133) add     sp, sp, t1
core   0: 3 0x001004a8 (0x00610133) x2  0x00104f60
core   0: 0x001004ac (0x00003117) auipc   sp, 0x3
core   0: 3 0x001004ac (0x00003117) x2  0x001034ac
core   0: 0x001004b0 (0xe4410113) addi    sp, sp, -444
core   0: 3 0x001004b0 (0xe4410113) x2  0x001032f0
core   0: 0x001004b4 (0x00009337) lui     t1, 0x9
core   0: 3 0x001004b4 (0x00009337) x6  0x00009000
core   0: 0x001004b8 (0xe4830313) addi    t1, t1, -440
core   0: 3 0x001004b8 (0xe4830313) x6  0x00008e48
core   0: 0x001004bc (0x00610133) add     sp, sp, t1
core   0: 3 0x001004bc (0x00610133) x2  0x0010c138
core   0: 0x001004c0 (0x00003117) auipc   sp, 0x3
core   0: 3 0x001004c0 (0x00003117) x2  0x001034c0
core   0: 0x001004c4 (0xe3010113) addi    sp, sp, -464
core   0: 3 0x001004c4 (0xe3010113) x2  0x001032f0
core   0: 0x001004c8 (0x00006337) lui     t1, 0x6
core   0: 3 0x001004c8 (0x00006337) x6  0x00006000
core   0: 0x001004cc (0xa3030313) addi    t1, t1, -1488
core   0: 3 0x001004cc (0xa3030313) x6  0x00005a30
core   0: 0x001004d0 (0x00610133) add     sp, sp, t1
core   0: 3 0x001004d0 (0x00610133) x2  0x00108d20
core   0: 0x001004d4 (0x2a412a23) sw      tp, 692(sp)
core   0: 3 0x001004d4 (0x2a412a23) mem 0x00108fd4 0x00000000
core   0: 0x001004d8 (0x418c5233) sra     tp, s8, s8
core   0: 3 0x001004d8 (0x418c5233) x4  0x00000000
core   0: 0x001004dc (0x00000c33) add     s8, zero, zero
core   0: 3 0x001004dc (0x00000c33) x24 0x00000000
core   0: 0x001004e0 (0x4024d813) srai    a6, s1, 2
core   0: 3 0x001004e0 (0x4024d813) x16 0x00000001
core   0: 0x001004e4 (0x010481b3) add     gp, s1, a6
core   0: 3 0x001004e4 (0x010481b3) x3  0x00000007
core   0: 0x001004e8 (0x00fe74b3) and     s1, t3, a5
core   0: 3 0x001004e8 (0x00fe74b3) x9  0x00002081
core   0: 0x001004ec (0x57e11483) lh      s1, 1406(sp)
core   0: 3 0x001004ec (0x57e11483) x9  0x00006da9 mem 0x0010929e
core   0: >>>>  b0000000029
core   0: 0x001004f0 (0x00000033) add     zero, zero, zero
core   0: 3 0x001004f0 (0x00000033)
core   0: 0x001004f4 (0x039f9e63) bne     t6, s9, pc + 60
core   0: 3 0x001004f4 (0x039f9e63)
core   0: 0x001004f8 (0x00000033) add     zero, zero, zero
core   0: 3 0x001004f8 (0x00000033)
core   0: 0x001004fc (0x40fa0933) sub     s2, s4, a5
core   0: 3 0x001004fc (0x40fa0933) x18 0xffffd975
core   0: 0x00100500 (0x018c14b3) sll     s1, s8, s8
core   0: 3 0x00100500 (0x018c14b3) x9  0x00000000
core   0: 0x00100504 (0x2e711b23) sh      t2, 758(sp)
core   0: 3 0x00100504 (0x2e711b23) mem 0x00109016 0x0001
core   0: 0x00100508 (0x75210723) sb      s2, 1870(sp)
core   0: 3 0x00100508 (0x75210723) mem 0x0010946e 0x75
core   0: 0x0010050c (0x11c10003) lb      zero, 284(sp)
core   0: 3 0x0010050c (0x11c10003) mem 0x00108e3c
core   0: 0x00100510 (0xb9711623) sh      s7, -1140(sp)
core   0: 3 0x00100510 (0xb9711623) mem 0x001088ac 0x0000
core   0: 0x00100514 (0x76310623) sb      gp, 1900(sp)
core   0: 3 0x00100514 (0x76310623) mem 0x0010948c 0x07
core   0: 0x00100518 (0x00a00f93) li      t6, 10
core   0: 3 0x00100518 (0x00a00f93) x31 0x0000000a
core   0: >>>>  i0000000029
core   0: 0x0010051c (0x7ebfbe17) auipc   t3, 0x7ebfb
core   0: 3 0x0010051c (0x7ebfbe17) x28 0x7ecfb51c
core   0: >>>>  i000000002a
core   0: 0x00100520 (0xef110523) sb      a7, -278(sp)
core   0: 3 0x00100520 (0xef110523) mem 0x00108c0a 0xab
core   0: >>>>  i000000002b
core   0: 0x00100524 (0x00533833) sltu    a6, t1, t0
core   0: 3 0x00100524 (0x00533833) x16 0x00000001
core   0: >>>>  i000000002c
core   0: 0x00100528 (0x8a812603) lw      a2, -1880(sp)
core   0: 3 0x00100528 (0x8a812603) x12 0xbb9b0aec mem 0x001085c8
core   0: >>>>  i000000002d
core   0: 0x0010052c (0xe4911623) sh      s1, -436(sp)
core   0: 3 0x0010052c (0xe4911623) mem 0x00108b6c 0x0000
core   0: >>>>  i000000002e
core   0: 0x00100530 (0x00c62533) slt     a0, a2, a2
core   0: 3 0x00100530 (0x00c62533) x10 0x00000000
core   0: >>>>  i000000002f
core   0: 0x00100534 (0x5ad60413) addi    s0, a2, 1453
core   0: 3 0x00100534 (0x5ad60413) x8  0xbb9b1099
core   0: 0x00100538 (0x00003117) auipc   sp, 0x3
core   0: 3 0x00100538 (0x00003117) x2  0x00103538
core   0: 0x0010053c (0xdb810113) addi    sp, sp, -584
core   0: 3 0x0010053c (0xdb810113) x2  0x001032f0
core   0: 0x00100540 (0x00008337) lui     t1, 0x8
core   0: 3 0x00100540 (0x00008337) x6  0x00008000
core   0: 0x00100544 (0x5f830313) addi    t1, t1, 1528
core   0: 3 0x00100544 (0x5f830313) x6  0x000085f8
core   0: 0x00100548 (0x00610133) add     sp, sp, t1
core   0: 3 0x00100548 (0x00610133) x2  0x0010b8e8
core   0: >>>>  i0000000030
core   0: 0x0010054c (0x2d411f03) lh      t5, 724(sp)
core   0: 3 0x0010054c (0x2d411f03) x30 0xffff8ccd mem 0x0010bbbc
core   0: >>>>  i0000000031
core   0: 0x00100550 (0x24f12423) sw      a5, 584(sp)
core   0: 3 0x00100550 (0x24f12423) mem 0x0010bb30 0x000026b9
core   0: 0x00100554 (0x00003117) auipc   sp, 0x3
core   0: 3 0x00100554 (0x00003117) x2  0x00103554
core   0: 0x00100558 (0xd9c10113) addi    sp, sp, -612
core   0: 3 0x00100558 (0xd9c10113) x2  0x001032f0
core   0: 0x0010055c (0x0000c337) lui     t1, 0xc
core   0: 3 0x0010055c (0x0000c337) x6  0x0000c000
core   0: 0x00100560 (0xc8830313) addi    t1, t1, -888
core   0: 3 0x00100560 (0xc8830313) x6  0x0000bc88
core   0: 0x00100564 (0x00610133) add     sp, sp, t1
core   0: 3 0x00100564 (0x00610133) x2  0x0010ef78
core   0: >>>>  i0000000032
core   0: 0x00100568 (0x51a11f03) lh      t5, 1306(sp)
core   0: 3 0x00100568 (0x51a11f03) x30 0xffff96e9 mem 0x0010f492
core   0: >>>>  i0000000033
core   0: 0x0010056c (0xd7314503) lbu     a0, -653(sp)
core   0: 3 0x0010056c (0xd7314503) x10 0x0000002a mem 0x0010eceb
core   0: 0x00100570 (0x00003117) auipc   sp, 0x3
core   0: 3 0x00100570 (0x00003117) x2  0x00103570
core   0: 0x00100574 (0xd8010113) addi    sp, sp, -640
core   0: 3 0x00100574 (0xd8010113) x2  0x001032f0
core   0: 0x00100578 (0x0001c337) lui     t1, 0x1c
core   0: 3 0x00100578 (0x0001c337) x6  0x0001c000
core   0: 0x0010057c (0x8e030313) addi    t1, t1, -1824
core   0: 3 0x0010057c (0x8e030313) x6  0x0001b8e0
core   0: 0x00100580 (0x00610133) add     sp, sp, t1
core   0: 3 0x00100580 (0x00610133) x2  0x0011ebd0
core   0: >>>>  i0000000034
core   0: 0x00100584 (0xcd815803) lhu     a6, -808(sp)
core   0: 3 0x00100584 (0xcd815803) x16 0x00008ba0 mem 0x0011e8a8
core   0: >>>>  i0000000035
core   0: 0x00100588 (0x6ce82593) slti    a1, a6, 1742
core   0: 3 0x00100588 (0x6ce82593) x11 0x00000000
core   0: >>>>  i0000000036
core   0: 0x0010058c (0x41e80bb3) sub     s7, a6, t5
core   0: 3 0x0010058c (0x41e80bb3) x23 0x0000f4b7
core   0: >>>>  i0000000037
core   0: 0x00100590 (0xd9015803) lhu     a6, -624(sp)
core   0: 3 0x00100590 (0xd9015803) x16 0x0000cb5b mem 0x0011e960
core   0: >>>>  i0000000038
core   0: 0x00100594 (0x21b109a3) sb      s11, 531(sp)
core   0: 3 0x00100594 (0x21b109a3) mem 0x0011ede3 0xfa
core   0: >>>>  i0000000039
core   0: 0x00100598 (0x01a67833) and     a6, a2, s10
core   0: 3 0x00100598 (0x01a67833) x16 0x00120204
core   0: >>>>  i000000003a
core   0: 0x0010059c (0x45a11c03) lh      s8, 1114(sp)
core   0: 3 0x0010059c (0x45a11c03) x24 0xffffe74d mem 0x0011f02a
core   0: >>>>  i000000003b
core   0: 0x001005a0 (0x05c12603) lw      a2, 92(sp)
core   0: 3 0x001005a0 (0x05c12603) x12 0x549552d8 mem 0x0011ec2c
core   0: >>>>  i000000003c
core   0: 0x001005a4 (0x08c12703) lw      a4, 140(sp)
core   0: 3 0x001005a4 (0x08c12703) x14 0x675cdc35 mem 0x0011ec5c
core   0: 0x001005a8 (0x00900c13) li      s8, 9
core   0: 3 0x001005a8 (0x00900c13) x24 0x00000009
core   0: 0x001005ac (0x00a00f93) li      t6, 10
core   0: 3 0x001005ac (0x00a00f93) x31 0x0000000a
core   0: 0x001005b0 (0x00003117) auipc   sp, 0x3
core   0: 3 0x001005b0 (0x00003117) x2  0x001035b0
core   0: 0x001005b4 (0xd4010113) addi    sp, sp, -704
core   0: 3 0x001005b4 (0xd4010113) x2  0x001032f0
core   0: 0x001005b8 (0x0000a337) lui     t1, 0xa
core   0: 3 0x001005b8 (0x0000a337) x6  0x0000a000
core   0: 0x001005bc (0x43830313) addi    t1, t1, 1080
core   0: 3 0x001005bc (0x43830313) x6  0x0000a438
core   0: 0x001005c0 (0x00610133) add     sp, sp, t1
core   0: 3 0x001005c0 (0x00610133) x2  0x0010d728
core   0: 0x001005c4 (0x00003117) auipc   sp, 0x3
core   0: 3 0x001005c4 (0x00003117) x2  0x001035c4
core   0: 0x001005c8 (0xd2c10113) addi    sp, sp, -724
core   0: 3 0x001005c8 (0xd2c10113) x2  0x001032f0
core   0: 0x001005cc (0x00011337) lui     t1, 0x11
core   0: 3 0x001005cc (0x00011337) x6  0x00011000
core   0: 0x001005d0 (0xab030313) addi    t1, t1, -1360
core   0: 3 0x001005d0 (0xab030313) x6  0x00010ab0
core   0: 0x001005d4 (0x00610133) add     sp, sp, t1
core   0: 3 0x001005d4 (0x00610133) x2  0x00113da0
core   0: 0x001005d8 (0x00003117) auipc   sp, 0x3
core   0: 3 0x001005d8 (0x00003117) x2  0x001035d8
core   0: 0x001005dc (0xd1810113) addi    sp, sp, -744
core   0: 3 0x001005dc (0xd1810113) x2  0x001032f0
core   0: 0x001005e0 (0x0000e337) lui     t1, 0xe
core   0: 3 0x001005e0 (0x0000e337) x6  0x0000e000
core   0: 0x001005e4 (0xe9830313) addi    t1, t1, -360
core   0: 3 0x001005e4 (0xe9830313) x6  0x0000de98
core   0: 0x001005e8 (0x00610133) add     sp, sp, t1
core   0: 3 0x001005e8 (0x00610133) x2  0x00111188
core   0: 0x001005ec (0x7fb14a83) lbu     s5, 2043(sp)
core   0: 3 0x001005ec (0x7fb14a83) x21 0x00000079 mem 0x00111983
core   0: 0x001005f0 (0x0384b393) sltiu   t2, s1, 56
core   0: 3 0x001005f0 (0x0384b393) x7  0x00000001
core   0: 0x001005f4 (0x8bc12823) sw      t3, -1872(sp)
core   0: 3 0x001005f4 (0x8bc12823) mem 0x00110a38 0x7ecfb51c
core   0: 0x001005f8 (0x2d415d83) lhu     s11, 724(sp)
core   0: 3 0x001005f8 (0x2d415d83) x27 0x00008015 mem 0x0011145c
core   0: 0x001005fc (0x51d10e03) lb      t3, 1309(sp)
core   0: 3 0x001005fc (0x51d10e03) x28 0xffffffa8 mem 0x001116a5
core   0: 0x00100600 (0x73415a03) lhu     s4, 1844(sp)
core   0: 3 0x00100600 (0x73415a03) x20 0x00009e6b mem 0x001118bc
core   0: 0x00100604 (0xe7711423) sh      s7, -408(sp)
core   0: 3 0x00100604 (0xe7711423) mem 0x00110ff0 0xf4b7
core   0: >>>>  b000000003d
core   0: 0x00100608 (0x00000033) add     zero, zero, zero
core   0: 3 0x00100608 (0x00000033)
core   0: 0x0010060c (0x098fc063) blt     t6, s8, pc + 128
core   0: 3 0x0010060c (0x098fc063)
core   0: 0x00100610 (0x00000033) add     zero, zero, zero
core   0: 3 0x00100610 (0x00000033)
core   0: 0x00100614 (0x44310ca3) sb      gp, 1113(sp)
core   0: 3 0x00100614 (0x44310ca3) mem 0x001115e1 0x07
core   0: 0x00100618 (0x0104ca33) xor     s4, s1, a6
core   0: 3 0x00100618 (0x0104ca33) x20 0x00120204
core   0: 0x0010061c (0x71611123) sh      s6, 1794(sp)
core   0: 3 0x0010061c (0x71611123) mem 0x0011188a 0x0000
core   0: 0x00100620 (0x5253c993) xori    s3, t2, 1317
core   0: 3 0x00100620 (0x5253c993) x19 0x00000524
core   0: 0x00100624 (0x404404b3) sub     s1, s0, tp
core   0: 3 0x00100624 (0x404404b3) x9  0xbb9b1099
core   0: 0x00100628 (0x68810e03) lb      t3, 1672(sp)
core   0: 3 0x00100628 (0x68810e03) x28 0xffffff85 mem 0x00111810
core   0: 0x0010062c (0x0094edb3) or      s11, s1, s1
core   0: 3 0x0010062c (0x0094edb3) x27 0xbb9b1099
core   0: 0x00100630 (0x00a00f93) li      t6, 10
core   0: 3 0x00100630 (0x00a00f93) x31 0x0000000a
core   0: >>>>  i000000003d
core   0: 0x00100634 (0x00944633) xor     a2, s0, s1
core   0: 3 0x00100634 (0x00944633) x12 0x00000000
core   0: >>>>  i000000003e
core   0: 0x00100638 (0x000af533) and     a0, s5, zero
core   0: 3 0x00100638 (0x000af533) x10 0x00000000
core   0: >>>>  i000000003f
core   0: 0x0010063c (0x001dd593) srli    a1, s11, 1
core   0: 3 0x0010063c (0x001dd593) x11 0x5dcd884c
core   0: >>>>  i0000000040
core   0: 0x00100640 (0xe4812f03) lw      t5, -440(sp)
core   0: 3 0x00100640 (0xe4812f03) x30 0x647b5f0a mem 0x00110fd0
core   0: >>>>  i0000000041
core   0: 0x00100644 (0x5e912e23) sw      s1, 1532(sp)
core   0: 3 0x00100644 (0x5e912e23) mem 0x00111784 0xbb9b1099
core   0: >>>>  i0000000042
core   0: 0x00100648 (0x261c1817) auipc   a6, 0x261c1
core   0: 3 0x00100648 (0x261c1817) x16 0x262c1648
core   0: >>>>  i0000000043
core   0: 0x0010064c (0x46811a83) lh      s5, 1128(sp)
core   0: 3 0x0010064c (0x46811a83) x21 0xfffff7ba mem 0x001115f0
core   0: 0x00100650 (0x00003117) auipc   sp, 0x3
core   0: 3 0x00100650 (0x00003117) x2  0x00103650
core   0: 0x00100654 (0xca010113) addi    sp, sp, -864
core   0: 3 0x00100654 (0xca010113) x2  0x001032f0
core   0: 0x00100658 (0x0001e337) lui     t1, 0x1e
core   0: 3 0x00100658 (0x0001e337) x6  0x0001e000
core   0: 0x0010065c (0xc7830313) addi    t1, t1, -904
core   0: 3 0x0010065c (0xc7830313) x6  0x0001dc78
core   0: 0x00100660 (0x00610133) add     sp, sp, t1
core   0: 3 0x00100660 (0x00610133) x2  0x00120f68
core   0: >>>>  i0000000044
core   0: 0x00100664 (0x49b11c23) sh      s11, 1176(sp)
core   0: 3 0x00100664 (0x49b11c23) mem 0x00121400 0x1099
core   0: >>>>  i0000000045
core   0: 0x00100668 (0x41ec5f13) srai    t5, s8, 30
core   0: 3 0x00100668 (0x41ec5f13) x30 0x00000000
core   0: >>>>  i0000000046
core   0: 0x0010066c (0x3c0baf13) slti    t5, s7, 960
core   0: 3 0x0010066c (0x3c0baf13) x30 0x00000000
core   0: >>>>  i0000000047
core   0: 0x00100670 (0x00a679b3) and     s3, a2, a0
core   0: 3 0x00100670 (0x00a679b3) x19 0x00000000
core   0: >>>>  i0000000048
core   0: 0x00100674 (0x27658837) lui     a6, 0x27658
core   0: 3 0x00100674 (0x27658837) x16 0x27658000
core   0: 0x00100678 (0x00003117) auipc   sp, 0x3
core   0: 3 0x00100678 (0x00003117) x2  0x00103678
core   0: 0x0010067c (0xc7810113) addi    sp, sp, -904
core   0: 3 0x0010067c (0xc7810113) x2  0x001032f0
core   0: 0x00100680 (0x00013337) lui     t1, 0x13
core   0: 3 0x00100680 (0x00013337) x6  0x00013000
core   0: 0x00100684 (0x33830313) addi    t1, t1, 824
core   0: 3 0x00100684 (0x33830313) x6  0x00013338
core   0: 0x00100688 (0x00610133) add     sp, sp, t1
core   0: 3 0x00100688 (0x00610133) x2  0x00116628
core   0: >>>>  i0000000049
core   0: 0x0010068c (0x27810303) lb      t1, 632(sp)
core   0: 3 0x0010068c (0x27810303) x6  0xffffffad mem 0x001168a0
core   0: >>>>  i000000004a
core   0: 0x00100690 (0x74e14f03) lbu     t5, 1870(sp)
core   0: 3 0x00100690 (0x74e14f03) x30 0x00000081 mem 0x00116d76
core   0: >>>>  i000000004b
core   0: 0x00100694 (0x73c10f03) lb      t5, 1852(sp)
core   0: 3 0x00100694 (0x73c10f03) x30 0x00000074 mem 0x00116d64
core   0: >>>>  i000000004c
core   0: 0x00100698 (0xd6f10523) sb      a5, -662(sp)
core   0: 3 0x00100698 (0xd6f10523) mem 0x00116392 0xb9
core   0: >>>>  i000000004d
core   0: 0x0010069c (0x01285993) srli    s3, a6, 18
core   0: 3 0x0010069c (0x01285993) x19 0x000009d9
core   0: >>>>  i000000004e
core   0: 0x001006a0 (0x40040633) sub     a2, s0, zero
core   0: 3 0x001006a0 (0x40040633) x12 0xbb9b1099
core   0: >>>>  i000000004f
core   0: 0x001006a4 (0xc8f14f03) lbu     t5, -881(sp)
core   0: 3 0x001006a4 (0xc8f14f03) x30 0x0000003a mem 0x001162b7
core   0: >>>>  i0000000050
core   0: 0x001006a8 (0x71b31ab7) lui     s5, 0x71b31
core   0: 3 0x001006a8 (0x71b31ab7) x21 0x71b31000
core   0: 0x001006ac (0x00900c13) li      s8, 9
core   0: 3 0x001006ac (0x00900c13) x24 0x00000009
core   0: 0x001006b0 (0x00a00f93) li      t6, 10
core   0: 3 0x001006b0 (0x00a00f93) x31 0x0000000a
core   0: 0x001006b4 (0x00003117) auipc   sp, 0x3
core   0: 3 0x001006b4 (0x00003117) x2  0x001036b4
core   0: 0x001006b8 (0xc3c10113) addi    sp, sp, -964
core   0: 3 0x001006b8 (0xc3c10113) x2  0x001032f0
core   0: 0x001006bc (0x0000d337) lui     t1, 0xd
core   0: 3 0x001006bc (0x0000d337) x6  0x0000d000
core   0: 0x001006c0 (0xca030313) addi    t1, t1, -864
core   0: 3 0x001006c0 (0xca030313) x6  0x0000cca0
core   0: 0x001006c4 (0x00610133) add     sp, sp, t1
core   0: 3 0x001006c4 (0x00610133) x2  0x0010ff90
core   0: 0x001006c8 (0x48cb4a93) xori    s5, s6, 1164
core   0: 3 0x001006c8 (0x48cb4a93) x21 0x0000048c
core   0: 0x001006cc (0x003cd4b3) srl     s1, s9, gp
core   0: 3 0x001006cc (0x003cd4b3) x9  0x00000000
core   0: 0x001006d0 (0x10810823) sb      s0, 272(sp)
core   0: 3 0x001006d0 (0x10810823) mem 0x001100a0 0x99
core   0: 0x001006d4 (0xa0912023) sw      s1, -1536(sp)
core   0: 3 0x001006d4 (0xa0912023) mem 0x0010f990 0x00000000
core   0: 0x001006d8 (0x03011483) lh      s1, 48(sp)
core   0: 3 0x001006d8 (0x03011483) x9  0xffffb53e mem 0x0010ffc0
core   0: 0x001006dc (0xd58afa93) andi    s5, s5, -680
core   0: 3 0x001006dc (0xd58afa93) x21 0x00000408
core   0: 0x001006e0 (0xe259ad93) slti    s11, s3, -475
core   0: 3 0x001006e0 (0xe259ad93) x27 0x00000000
core   0: >>>>  b0000000051
core   0: 0x001006e4 (0x00000033) add     zero, zero, zero
core   0: 3 0x001006e4 (0x00000033)
core   0: 0x001006e8 (0x05fc5e63) bge     s8, t6, pc + 92
core   0: 3 0x001006e8 (0x05fc5e63)
core   0: 0x001006ec (0x00000033) add     zero, zero, zero
core   0: 3 0x001006ec (0x00000033)
core   0: 0x001006f0 (0x40815903) lhu     s2, 1032(sp)
core   0: 3 0x001006f0 (0x40815903) x18 0x000044a2 mem 0x00110398
core   0: 0x001006f4 (0x00589493) slli    s1, a7, 5
core   0: 3 0x001006f4 (0x00589493) x9  0x00001560
core   0: 0x001006f8 (0x00948db3) add     s11, s1, s1
core   0: 3 0x001006f8 (0x00948db3) x27 0x00002ac0
core   0: 0x001006fc (0x81411b03) lh      s6, -2028(sp)
core   0: 3 0x001006fc (0x81411b03) x22 0x000072fe mem 0x0010f7a4
core   0: 0x00100700 (0xf0010483) lb      s1, -256(sp)
core   0: 3 0x00100700 (0xf0010483) x9  0xffffffdd mem 0x0010fe90
core   0: 0x00100704 (0x41b8d4b3) sra     s1, a7, s11
core   0: 3 0x00100704 (0x41b8d4b3) x9  0x000000ab
core   0: 0x00100708 (0xa54dc213) xori    tp, s11, -1452
core   0: 3 0x00100708 (0xa54dc213) x4  0xffffd094
core   0: 0x0010070c (0x00a00f93) li      t6, 10
core   0: 3 0x0010070c (0x00a00f93) x31 0x0000000a
core   0: >>>>  i0000000051
core   0: 0x00100710 (0x0037f633) and     a2, a5, gp
core   0: 3 0x00100710 (0x0037f633) x12 0x00000001
core   0: 0x00100714 (0x00003117) auipc   sp, 0x3
core   0: 3 0x00100714 (0x00003117) x2  0x00103714
core   0: 0x00100718 (0xbdc10113) addi    sp, sp, -1060
core   0: 3 0x00100718 (0xbdc10113) x2  0x001032f0
core   0: 0x0010071c (0x00002337) lui     t1, 0x2
core   0: 3 0x0010071c (0x00002337) x6  0x00002000
core   0: 0x00100720 (0x3b830313) addi    t1, t1, 952
core   0: 3 0x00100720 (0x3b830313) x6  0x000023b8
core   0: 0x00100724 (0x00610133) add     sp, sp, t1
core   0: 3 0x00100724 (0x00610133) x2  0x001056a8
core   0: >>>>  i0000000052
core   0: 0x00100728 (0xd8c10f23) sb      a2, -610(sp)
core   0: 3 0x00100728 (0xd8c10f23) mem 0x00105446 0x01
core   0: >>>>  i0000000053
core   0: 0x0010072c (0x00510f03) lb      t5, 5(sp)
core   0: 3 0x0010072c (0x00510f03) x30 0xffffff9b mem 0x001056ad
core   0: >>>>  i0000000054
core   0: 0x00100730 (0x00cf5bb3) srl     s7, t5, a2
core   0: 3 0x00100730 (0x00cf5bb3) x23 0x7fffffcd
core   0: >>>>  i0000000055
core   0: 0x00100734 (0x72d96f17) auipc   t5, 0x72d96
core   0: 3 0x00100734 (0x72d96f17) x30 0x72e96734
core   0: >>>>  i0000000056
core   0: 0x00100738 (0x40c85633) sra     a2, a6, a2
core   0: 3 0x00100738 (0x40c85633) x12 0x13b2c000
core   0: >>>>  i0000000057
core   0: 0x0010073c (0x69511c23) sh      s5, 1688(sp)
core   0: 3 0x0010073c (0x69511c23) mem 0x00105d40 0x0408
core   0: >>>>  i0000000058
core   0: 0x00100740 (0x1fe108a3) sb      t5, 497(sp)
core   0: 3 0x00100740 (0x1fe108a3) mem 0x00105899 0x34
core   0: >>>>  i0000000059
core   0: 0x00100744 (0x6ca10283) lb      t0, 1738(sp)
core   0: 3 0x00100744 (0x6ca10283) x5  0xffffffaa mem 0x00105d72
core   0: >>>>  i000000005a
core   0: 0x00100748 (0x004c1633) sll     a2, s8, tp
core   0: 3 0x00100748 (0x004c1633) x12 0x00900000
core   0: >>>>  i000000005b
core   0: 0x0010074c (0x01ce5f13) srli    t5, t3, 28
core   0: 3 0x0010074c (0x01ce5f13) x30 0x0000000f
core   0: >>>>  i000000005c
core   0: 0x00100750 (0x30b100a3) sb      a1, 769(sp)
core   0: 3 0x00100750 (0x30b100a3) mem 0x001059a9 0x4c
core   0: >>>>  i000000005d
core   0: 0x00100754 (0x2b314603) lbu     a2, 691(sp)
core   0: 3 0x00100754 (0x2b314603) x12 0x00000059 mem 0x0010595b
core   0: >>>>  i000000005e
core   0: 0x00100758 (0x7d015803) lhu     a6, 2000(sp)
core   0: 3 0x00100758 (0x7d015803) x16 0x0000f2f4 mem 0x00105e78
core   0: >>>>  i000000005f
core   0: 0x0010075c (0xdfb12c23) sw      s11, -520(sp)
core   0: 3 0x0010075c (0xdfb12c23) mem 0x001054a0 0x00002ac0
core   0: 0x00100760 (0x00003117) auipc   sp, 0x3
core   0: 3 0x00100760 (0x00003117) x2  0x00103760
core   0: 0x00100764 (0xb9010113) addi    sp, sp, -1136
core   0: 3 0x00100764 (0xb9010113) x2  0x001032f0
core   0: 0x00100768 (0x00002337) lui     t1, 0x2
core   0: 3 0x00100768 (0x00002337) x6  0x00002000
core   0: 0x0010076c (0x60030313) addi    t1, t1, 1536
core   0: 3 0x0010076c (0x60030313) x6  0x00002600
core   0: 0x00100770 (0x00610133) add     sp, sp, t1
core   0: 3 0x00100770 (0x00610133) x2  0x001058f0
core   0: >>>>  i0000000060
core   0: 0x00100774 (0xc6412f03) lw      t5, -924(sp)
core   0: 3 0x00100774 (0xc6412f03) x30 0x795f815a mem 0x00105554
core   0: >>>>  i0000000061
core   0: 0x00100778 (0xf2215183) lhu     gp, -222(sp)
core   0: 3 0x00100778 (0xf2215183) x3  0x00002648 mem 0x00105812
core   0: 0x0010077c (0x00003117) auipc   sp, 0x3
core   0: 3 0x0010077c (0x00003117) x2  0x0010377c
core   0: 0x00100780 (0xb7410113) addi    sp, sp, -1164
core   0: 3 0x00100780 (0xb7410113) x2  0x001032f0
core   0: 0x00100784 (0x0001f337) lui     t1, 0x1f
core   0: 3 0x00100784 (0x0001f337) x6  0x0001f000
core   0: 0x00100788 (0x17830313) addi    t1, t1, 376
core   0: 3 0x00100788 (0x17830313) x6  0x0001f178
core   0: 0x0010078c (0x00610133) add     sp, sp, t1
core   0: 3 0x0010078c (0x00610133) x2  0x00122468
core   0: >>>>  i0000000062
core   0: 0x00100790 (0xb9015f03) lhu     t5, -1136(sp)
core   0: 3 0x00100790 (0xb9015f03) x30 0x0000e1a5 mem 0x00121ff8
core   0: >>>>  i0000000063
core   0: 0x00100794 (0x41080f33) sub     t5, a6, a6
core   0: 3 0x00100794 (0x41080f33) x30 0x00000000
core   0: >>>>  i0000000064
core   0: 0x00100798 (0xfba10223) sb      s10, -92(sp)
core   0: 3 0x00100798 (0xfba10223) mem 0x0012240c 0x04
core   0: 0x0010079c (0x00900d93) li      s11, 9
core   0: 3 0x0010079c (0x00900d93) x27 0x00000009
core   0: 0x001007a0 (0x00a00f93) li      t6, 10
core   0: 3 0x001007a0 (0x00a00f93) x31 0x0000000a
core   0: 0x001007a4 (0x00003117) auipc   sp, 0x3
core   0: 3 0x001007a4 (0x00003117) x2  0x001037a4
core   0: 0x001007a8 (0xb4c10113) addi    sp, sp, -1204
core   0: 3 0x001007a8 (0xb4c10113) x2  0x001032f0
core   0: 0x001007ac (0x00015337) lui     t1, 0x15
core   0: 3 0x001007ac (0x00015337) x6  0x00015000
core   0: 0x001007b0 (0x67030313) addi    t1, t1, 1648
core   0: 3 0x001007b0 (0x67030313) x6  0x00015670
core   0: 0x001007b4 (0x00610133) add     sp, sp, t1
core   0: 3 0x001007b4 (0x00610133) x2  0x00118960
core   0: 0x001007b8 (0x11073a97) auipc   s5, 0x11073
core   0: 3 0x001007b8 (0x11073a97) x21 0x111737b8
core   0: 0x001007bc (0x92710a23) sb      t2, -1740(sp)
core   0: 3 0x001007bc (0x92710a23) mem 0x00118294 0x01
core   0: 0x001007c0 (0x2b214783) lbu     a5, 690(sp)
core   0: 3 0x001007c0 (0x2b214783) x15 0x000000b5 mem 0x00118c12
core   0: 0x001007c4 (0x010ac7b3) xor     a5, s5, a6
core   0: 3 0x001007c4 (0x010ac7b3) x15 0x1117c54c
core   0: 0x001007c8 (0x40998c33) sub     s8, s3, s1
core   0: 3 0x001007c8 (0x40998c33) x24 0x0000092e
core   0: 0x001007cc (0x2c04c813) xori    a6, s1, 704
core   0: 3 0x001007cc (0x2c04c813) x16 0x0000026b
core   0: 0x001007d0 (0x4b148713) addi    a4, s1, 1201
core   0: 3 0x001007d0 (0x4b148713) x14 0x0000055c
core   0: >>>>  b0000000065
core   0: 0x001007d4 (0x00000033) add     zero, zero, zero
core   0: 3 0x001007d4 (0x00000033)
core   0: 0x001007d8 (0x07bfc863) blt     t6, s11, pc + 112
core   0: 3 0x001007d8 (0x07bfc863)
core   0: 0x001007dc (0x00000033) add     zero, zero, zero
core   0: 3 0x001007dc (0x00000033)
core   0: 0x001007e0 (0x64e77c13) andi    s8, a4, 1614
core   0: 3 0x001007e0 (0x64e77c13) x24 0x0000044c
core   0: 0x001007e4 (0xdb111223) sh      a7, -604(sp)
core   0: 3 0x001007e4 (0xdb111223) mem 0x00118704 0x00ab
core   0: 0x001007e8 (0x0077f833) and     a6, a5, t2
core   0: 3 0x001007e8 (0x0077f833) x16 0x00000000
core   0: 0x001007ec (0x0009dc13) srli    s8, s3, 0
core   0: 3 0x001007ec (0x0009dc13) x24 0x000009d9
core   0: 0x001007f0 (0x012e7a33) and     s4, t3, s2
core   0: 3 0x001007f0 (0x012e7a33) x20 0x00004480
core   0: 0x001007f4 (0xaf412383) lw      t2, -1292(sp)
core   0: 3 0x001007f4 (0xaf412383) x7  0x4bbe3c1d mem 0x00118454
core   0: 0x001007f8 (0x37412783) lw      a5, 884(sp)
core   0: 3 0x001007f8 (0x37412783) x15 0x3c2e1021 mem 0x00118cd4
core   0: 0x001007fc (0x00a00f93) li      t6, 10
core   0: 3 0x001007fc (0x00a00f93) x31 0x0000000a
core   0: 0x00100800 (0x00003117) auipc   sp, 0x3
core   0: 3 0x00100800 (0x00003117) x2  0x00103800
core   0: 0x00100804 (0xaf010113) addi    sp, sp, -1296
core   0: 3 0x00100804 (0xaf010113) x2  0x001032f0
core   0: 0x00100808 (0x00013337) lui     t1, 0x13
core   0: 3 0x00100808 (0x00013337) x6  0x00013000
core   0: 0x0010080c (0x74030313) addi    t1, t1, 1856
core   0: 3 0x0010080c (0x74030313) x6  0x00013740
core   0: 0x00100810 (0x00610133) add     sp, sp, t1
core   0: 3 0x00100810 (0x00610133) x2  0x00116a30
core   0: >>>>  i0000000065
core   0: 0x00100814 (0xac412e03) lw      t3, -1340(sp)
core   0: 3 0x00100814 (0xac412e03) x28 0x48d8c861 mem 0x001164f4
core   0: >>>>  i0000000066
core   0: 0x00100818 (0x63812a83) lw      s5, 1592(sp)
core   0: 3 0x00100818 (0x63812a83) x21 0xae4dafdb mem 0x00117068
core   0: >>>>  i0000000067
core   0: 0x0010081c (0x018d54b3) srl     s1, s10, s8
core   0: 3 0x0010081c (0x018d54b3) x9  0x00000000
core   0: >>>>  i0000000068
core   0: 0x00100820 (0xb4215d03) lhu     s10, -1214(sp)
core   0: 3 0x00100820 (0xb4215d03) x26 0x00006ce7 mem 0x00116572
core   0: >>>>  i0000000069
core   0: 0x00100824 (0xfb467e13) andi    t3, a2, -76
core   0: 3 0x00100824 (0xfb467e13) x28 0x00000010
core   0: 0x00100828 (0x00003117) auipc   sp, 0x3
core   0: 3 0x00100828 (0x00003117) x2  0x00103828
core   0: 0x0010082c (0xac810113) addi    sp, sp, -1336
core   0: 3 0x0010082c (0xac810113) x2  0x001032f0
core   0: 0x00100830 (0x00018337) lui     t1, 0x18
core   0: 3 0x00100830 (0x00018337) x6  0x00018000
core   0: 0x00100834 (0xd7030313) addi    t1, t1, -656
core   0: 3 0x00100834 (0xd7030313) x6  0x00017d70
core   0: 0x00100838 (0x00610133) add     sp, sp, t1
core   0: 3 0x00100838 (0x00610133) x2  0x0011b060
core   0: >>>>  i000000006a
core   0: 0x0010083c (0x2de15303) lhu     t1, 734(sp)
core   0: 3 0x0010083c (0x2de15303) x6  0x00004e3b mem 0x0011b33e
core   0: >>>>  i000000006b
core   0: 0x00100840 (0x69c15503) lhu     a0, 1692(sp)
core   0: 3 0x00100840 (0x69c15503) x10 0x0000d7f5 mem 0x0011b6fc
core   0: >>>>  i000000006c
core   0: 0x00100844 (0x1d186513) ori     a0, a6, 465
core   0: 3 0x00100844 (0x1d186513) x10 0x000001d1
core   0: >>>>  i000000006d
core   0: 0x00100848 (0x231ea813) slti    a6, t4, 561
core   0: 3 0x00100848 (0x231ea813) x16 0x00000000
core   0: >>>>  i000000006e
core   0: 0x0010084c (0x417d0f33) sub     t5, s10, s7
core   0: 3 0x0010084c (0x417d0f33) x30 0x80006d1a
core   0: 0x00100850 (0x00003117) auipc   sp, 0x3
core   0: 3 0x00100850 (0x00003117) x2  0x00103850
core   0: 0x00100854 (0xaa010113) addi    sp, sp, -1376
core   0: 3 0x00100854 (0xaa010113) x2  0x001032f0
core   0: 0x00100858 (0x0001f337) lui     t1, 0x1f
core   0: 3 0x00100858 (0x0001f337) x6  0x0001f000
core   0: 0x0010085c (0xc9030313) addi    t1, t1, -880
core   0: 3 0x0010085c (0xc9030313) x6  0x0001ec90
core   0: 0x00100860 (0x00610133) add     sp, sp, t1
core   0: 3 0x00100860 (0x00610133) x2  0x00121f80
core   0: >>>>  i000000006f
core   0: 0x00100864 (0xae710e83) lb      t4, -1305(sp)
core   0: 3 0x00100864 (0xae710e83) x29 0x00000000 mem 0x00121a67
core   0: >>>>  i0000000070
core   0: 0x00100868 (0xd9215803) lhu     a6, -622(sp)
core   0: 3 0x00100868 (0xd9215803) x16 0x00005e62 mem 0x00121d12
core   0: 0x0010086c (0x00003117) auipc   sp, 0x3
core   0: 3 0x0010086c (0x00003117) x2  0x0010386c
core   0: 0x00100870 (0xa8410113) addi    sp, sp, -1404
core   0: 3 0x00100870 (0xa8410113) x2  0x001032f0
core   0: 0x00100874 (0x0001c337) lui     t1, 0x1c
core   0: 3 0x00100874 (0x0001c337) x6  0x0001c000
core   0: 0x00100878 (0xef030313) addi    t1, t1, -272
core   0: 3 0x00100878 (0xef030313) x6  0x0001bef0
core   0: 0x0010087c (0x00610133) add     sp, sp, t1
core   0: 3 0x0010087c (0x00610133) x2  0x0011f1e0
core   0: >>>>  i0000000071
core   0: 0x00100880 (0x8cc12f03) lw      t5, -1844(sp)
core   0: 3 0x00100880 (0x8cc12f03) x30 0x263845a7 mem 0x0011eaac
core   0: >>>>  i0000000072
core   0: 0x00100884 (0x5a011603) lh      a2, 1440(sp)
core   0: 3 0x00100884 (0x5a011603) x12 0x00006893 mem 0x0011f780
core   0: >>>>  i0000000073
core   0: 0x00100888 (0x01081833) sll     a6, a6, a6
core   0: 3 0x00100888 (0x01081833) x16 0x00017988
core   0: >>>>  i0000000074
core   0: 0x0010088c (0x406d8e17) auipc   t3, 0x406d8
core   0: 3 0x0010088c (0x406d8e17) x28 0x407d888c
core   0: >>>>  i0000000075
core   0: 0x00100890 (0x9d811a23) sh      s8, -1580(sp)
core   0: 3 0x00100890 (0x9d811a23) mem 0x0011ebb4 0x09d9
core   0: >>>>  i0000000076
core   0: 0x00100894 (0x42110f03) lb      t5, 1057(sp)
core   0: 3 0x00100894 (0x42110f03) x30 0xffffffbc mem 0x0011f601
core   0: 0x00100898 (0x00003117) auipc   sp, 0x3
core   0: 3 0x00100898 (0x00003117) x2  0x00103898
core   0: 0x0010089c (0xa5810113) addi    sp, sp, -1448
core   0: 3 0x0010089c (0xa5810113) x2  0x001032f0
core   0: 0x001008a0 (0x00012337) lui     t1, 0x12
core   0: 3 0x001008a0 (0x00012337) x6  0x00012000
core   0: 0x001008a4 (0xf4030313) addi    t1, t1, -192
core   0: 3 0x001008a4 (0xf4030313) x6  0x00011f40
core   0: 0x001008a8 (0x00610133) add     sp, sp, t1
core   0: 3 0x001008a8 (0x00610133) x2  0x00115230
core   0: >>>>  i0000000077
core   0: 0x001008ac (0xd9410f03) lb      t5, -620(sp)
core   0: 3 0x001008ac (0xd9410f03) x30 0x00000047 mem 0x00114fc4
core   0: >>>>  i0000000078
core   0: 0x001008b0 (0x48df0d13) addi    s10, t5, 1165
core   0: 3 0x001008b0 (0x48df0d13) x26 0x000004d4
core   0: 0x001008b4 (0x00c00a13) li      s4, 12
core   0: 3 0x001008b4 (0x00c00a13) x20 0x0000000c
core   0: 0x001008b8 (0x001f8f93) addi    t6, t6, 1
core   0: 3 0x001008b8 (0x001f8f93) x31 0x0000000b
core   0: 0x001008bc (0x00003117) auipc   sp, 0x3
core   0: 3 0x001008bc (0x00003117) x2  0x001038bc
core   0: 0x001008c0 (0xa3410113) addi    sp, sp, -1484
core   0: 3 0x001008c0 (0xa3410113) x2  0x001032f0
core   0: 0x001008c4 (0x0000e337) lui     t1, 0xe
core   0: 3 0x001008c4 (0x0000e337) x6  0x0000e000
core   0: 0x001008c8 (0xdc830313) addi    t1, t1, -568
core   0: 3 0x001008c8 (0xdc830313) x6  0x0000ddc8
core   0: 0x001008cc (0x00610133) add     sp, sp, t1
core   0: 3 0x001008cc (0x00610133) x2  0x001110b8
core   0: 0x001008d0 (0x00003117) auipc   sp, 0x3
core   0: 3 0x001008d0 (0x00003117) x2  0x001038d0
core   0: 0x001008d4 (0xa2010113) addi    sp, sp, -1504
core   0: 3 0x001008d4 (0xa2010113) x2  0x001032f0
core   0: 0x001008d8 (0x0000b337) lui     t1, 0xb
core   0: 3 0x001008d8 (0x0000b337) x6  0x0000b000
core   0: 0x001008dc (0x66030313) addi    t1, t1, 1632
core   0: 3 0x001008dc (0x66030313) x6  0x0000b660
core   0: 0x001008e0 (0x00610133) add     sp, sp, t1
core   0: 3 0x001008e0 (0x00610133) x2  0x0010e950
core   0: 0x001008e4 (0x78615c03) lhu     s8, 1926(sp)
core   0: 3 0x001008e4 (0x78615c03) x24 0x000061ae mem 0x0010f0d6
core   0: 0x001008e8 (0x2ef10203) lb      tp, 751(sp)
core   0: 3 0x001008e8 (0x2ef10203) x4  0x0000004e mem 0x0010ec3f
core   0: 0x001008ec (0x7c54f813) andi    a6, s1, 1989
core   0: 3 0x001008ec (0x7c54f813) x16 0x00000000
core   0: 0x001008f0 (0x74a15c03) lhu     s8, 1866(sp)
core   0: 3 0x001008f0 (0x74a15c03) x24 0x00008602 mem 0x0010f09a
core   0: 0x001008f4 (0x7c411c83) lh      s9, 1988(sp)
core   0: 3 0x001008f4 (0x7c411c83) x25 0xfffffb4f mem 0x0010f114
core   0: 0x001008f8 (0x6c810d83) lb      s11, 1736(sp)
core   0: 3 0x001008f8 (0x6c810d83) x27 0xfffffff5 mem 0x0010f018
core   0: 0x001008fc (0x33a11b03) lh      s6, 826(sp)
core   0: 3 0x001008fc (0x33a11b03) x22 0x00003928 mem 0x0010ec8a
core   0: >>>>  b0000000079
core   0: 0x00100900 (0x014f8463) beq     t6, s4, pc + 8
core   0: 3 0x00100900 (0x014f8463)
core   0: 0x00100904 (0xf7dff56f) jal     a0, pc - 0x84
core   0: 3 0x00100904 (0xf7dff56f) x10 0x00100908
core   0: >>>>  i0000000071
core   0: 0x00100880 (0x8cc12f03) lw      t5, -1844(sp)
core   0: 3 0x00100880 (0x8cc12f03) x30 0x1818f335 mem 0x0010e21c
core   0: >>>>  i0000000072
core   0: 0x00100884 (0x5a011603) lh      a2, 1440(sp)
core   0: 3 0x00100884 (0x5a011603) x12 0x00004a91 mem 0x0010eef0
core   0: >>>>  i0000000073
core   0: 0x00100888 (0x01081833) sll     a6, a6, a6
core   0: 3 0x00100888 (0x01081833) x16 0x00000000
core   0: >>>>  i0000000074
core   0: 0x0010088c (0x406d8e17) auipc   t3, 0x406d8
core   0: 3 0x0010088c (0x406d8e17) x28 0x407d888c
core   0: >>>>  i0000000075
core   0: 0x00100890 (0x9d811a23) sh      s8, -1580(sp)
core   0: 3 0x00100890 (0x9d811a23) mem 0x0010e324 0x8602
core   0: >>>>  i0000000076
core   0: 0x00100894 (0x42110f03) lb      t5, 1057(sp)
core   0: 3 0x00100894 (0x42110f03) x30 0xffffffb5 mem 0x0010ed71
core   0: 0x00100898 (0x00003117) auipc   sp, 0x3
core   0: 3 0x00100898 (0x00003117) x2  0x00103898
core   0: 0x0010089c (0xa5810113) addi    sp, sp, -1448
core   0: 3 0x0010089c (0xa5810113) x2  0x001032f0
core   0: 0x001008a0 (0x00012337) lui     t1, 0x12
core   0: 3 0x001008a0 (0x00012337) x6  0x00012000
core   0: 0x001008a4 (0xf4030313) addi    t1, t1, -192
core   0: 3 0x001008a4 (0xf4030313) x6  0x00011f40
core   0: 0x001008a8 (0x00610133) add     sp, sp, t1
core   0: 3 0x001008a8 (0x00610133) x2  0x00115230
core   0: >>>>  i0000000077
core   0: 0x001008ac (0xd9410f03) lb      t5, -620(sp)
core   0: 3 0x001008ac (0xd9410f03) x30 0x00000047 mem 0x00114fc4
core   0: >>>>  i0000000078
core   0: 0x001008b0 (0x48df0d13) addi    s10, t5, 1165
core   0: 3 0x001008b0 (0x48df0d13) x26 0x000004d4
core   0: 0x001008b4 (0x00c00a13) li      s4, 12
core   0: 3 0x001008b4 (0x00c00a13) x20 0x0000000c
core   0: 0x001008b8 (0x001f8f93) addi    t6, t6, 1
core   0: 3 0x001008b8 (0x001f8f93) x31 0x0000000c
core   0: 0x001008bc (0x00003117) auipc   sp, 0x3
core   0: 3 0x001008bc (0x00003117) x2  0x001038bc
core   0: 0x001008c0 (0xa3410113) addi    sp, sp, -1484
core   0: 3 0x001008c0 (0xa3410113) x2  0x001032f0
core   0: 0x001008c4 (0x0000e337) lui     t1, 0xe
core   0: 3 0x001008c4 (0x0000e337) x6  0x0000e000
core   0: 0x001008c8 (0xdc830313) addi    t1, t1, -568
core   0: 3 0x001008c8 (0xdc830313) x6  0x0000ddc8
core   0: 0x001008cc (0x00610133) add     sp, sp, t1
core   0: 3 0x001008cc (0x00610133) x2  0x001110b8
core   0: 0x001008d0 (0x00003117) auipc   sp, 0x3
core   0: 3 0x001008d0 (0x00003117) x2  0x001038d0
core   0: 0x001008d4 (0xa2010113) addi    sp, sp, -1504
core   0: 3 0x001008d4 (0xa2010113) x2  0x001032f0
core   0: 0x001008d8 (0x0000b337) lui     t1, 0xb
core   0: 3 0x001008d8 (0x0000b337) x6  0x0000b000
core   0: 0x001008dc (0x66030313) addi    t1, t1, 1632
core   0: 3 0x001008dc (0x66030313) x6  0x0000b660
core   0: 0x001008e0 (0x00610133) add     sp, sp, t1
core   0: 3 0x001008e0 (0x00610133) x2  0x0010e950
core   0: 0x001008e4 (0x78615c03) lhu     s8, 1926(sp)
core   0: 3 0x001008e4 (0x78615c03) x24 0x000061ae mem 0x0010f0d6
core   0: 0x001008e8 (0x2ef10203) lb      tp, 751(sp)
core   0: 3 0x001008e8 (0x2ef10203) x4  0x0000004e mem 0x0010ec3f
core   0: 0x001008ec (0x7c54f813) andi    a6, s1, 1989
core   0: 3 0x001008ec (0x7c54f813) x16 0x00000000
core   0: 0x001008f0 (0x74a15c03) lhu     s8, 1866(sp)
core   0: 3 0x001008f0 (0x74a15c03) x24 0x00008602 mem 0x0010f09a
core   0: 0x001008f4 (0x7c411c83) lh      s9, 1988(sp)
core   0: 3 0x001008f4 (0x7c411c83) x25 0xfffffb4f mem 0x0010f114
core   0: 0x001008f8 (0x6c810d83) lb      s11, 1736(sp)
core   0: 3 0x001008f8 (0x6c810d83) x27 0xfffffff5 mem 0x0010f018
core   0: 0x001008fc (0x33a11b03) lh      s6, 826(sp)
core   0: 3 0x001008fc (0x33a11b03) x22 0x00003928 mem 0x0010ec8a
core   0: >>>>  b0000000079
core   0: 0x00100900 (0x014f8463) beq     t6, s4, pc + 8
core   0: 3 0x00100900 (0x014f8463)
core   0: 0x00100908 (0x00a00f93) li      t6, 10
core   0: 3 0x00100908 (0x00a00f93) x31 0x0000000a
core   0: 0x0010090c (0xd1010c03) lb      s8, -752(sp)
core   0: 3 0x0010090c (0xd1010c03) x24 0x00000018 mem 0x0010e660
core   0: 0x00100910 (0x88e15a83) lhu     s5, -1906(sp)
core   0: 3 0x00100910 (0x88e15a83) x21 0x00006966 mem 0x0010e1de
core   0: 0x00100914 (0x01f85d93) srli    s11, a6, 31
core   0: 3 0x00100914 (0x01f85d93) x27 0x00000000
core   0: 0x00100918 (0xefe14903) lbu     s2, -258(sp)
core   0: 3 0x00100918 (0xefe14903) x18 0x0000007a mem 0x0010e84e
core   0: 0x0010091c (0x2d014483) lbu     s1, 720(sp)
core   0: 3 0x0010091c (0x2d014483) x9  0x000000f8 mem 0x0010ec20
core   0: 0x00100920 (0x69914e03) lbu     t3, 1689(sp)
core   0: 3 0x00100920 (0x69914e03) x28 0x00000075 mem 0x0010efe9
core   0: 0x00100924 (0x5ca10803) lb      a6, 1482(sp)
core   0: 3 0x00100924 (0x5ca10803) x16 0xffffffb8 mem 0x0010ef1a
core   0: >>>>  i0000000079
core   0: 0x00100928 (0x2f210f03) lb      t5, 754(sp)
core   0: 3 0x00100928 (0x2f210f03) x30 0x0000005b mem 0x0010ec42
core   0: >>>>  i000000007a
core   0: 0x0010092c (0x41ad56b3) sra     a3, s10, s10
core   0: 3 0x0010092c (0x41ad56b3) x13 0x00000000
core   0: >>>>  i000000007b
core   0: 0x00100930 (0x6a615e83) lhu     t4, 1702(sp)
core   0: 3 0x00100930 (0x6a615e83) x29 0x00003bec mem 0x0010eff6
core   0: >>>>  i000000007c
core   0: 0x00100934 (0x415f4f13) xori    t5, t5, 1045
core   0: 3 0x00100934 (0x415f4f13) x30 0x0000044e
core   0: 0x00100938 (0x00003117) auipc   sp, 0x3
core   0: 3 0x00100938 (0x00003117) x2  0x00103938
core   0: 0x0010093c (0x9b810113) addi    sp, sp, -1608
core   0: 3 0x0010093c (0x9b810113) x2  0x001032f0
core   0: 0x00100940 (0x00003337) lui     t1, 0x3
core   0: 3 0x00100940 (0x00003337) x6  0x00003000
core   0: 0x00100944 (0xc3830313) addi    t1, t1, -968
core   0: 3 0x00100944 (0xc3830313) x6  0x00002c38
core   0: 0x00100948 (0x00610133) add     sp, sp, t1
core   0: 3 0x00100948 (0x00610133) x2  0x00105f28
core   0: >>>>  i000000007d
core   0: 0x0010094c (0xced12423) sw      a3, -792(sp)
core   0: 3 0x0010094c (0xced12423) mem 0x00105c10 0x00000000
core   0: >>>>  i000000007e
core   0: 0x00100950 (0x01e87f33) and     t5, a6, t5
core   0: 3 0x00100950 (0x01e87f33) x30 0x00000408
core   0: >>>>  i000000007f
core   0: 0x00100954 (0x00803433) snez    s0, s0
core   0: 3 0x00100954 (0x00803433) x8  0x00000001
core   0: >>>>  i0000000080
core   0: 0x00100958 (0x9fc14583) lbu     a1, -1540(sp)
core   0: 3 0x00100958 (0x9fc14583) x11 0x00000082 mem 0x00105924
core   0: >>>>  i0000000081
core   0: 0x0010095c (0x78c11d23) sh      a2, 1946(sp)
core   0: 3 0x0010095c (0x78c11d23) mem 0x001066c2 0x4a91
core   0: 0x00100960 (0x00003117) auipc   sp, 0x3
core   0: 3 0x00100960 (0x00003117) x2  0x00103960
core   0: 0x00100964 (0x99010113) addi    sp, sp, -1648
core   0: 3 0x00100964 (0x99010113) x2  0x001032f0
core   0: 0x00100968 (0x00018337) lui     t1, 0x18
core   0: 3 0x00100968 (0x00018337) x6  0x00018000
core   0: 0x0010096c (0xdb830313) addi    t1, t1, -584
core   0: 3 0x0010096c (0xdb830313) x6  0x00017db8
core   0: 0x00100970 (0x00610133) add     sp, sp, t1
core   0: 3 0x00100970 (0x00610133) x2  0x0011b0a8
core   0: >>>>  i0000000082
core   0: 0x00100974 (0xc9c12623) sw      t3, -884(sp)
core   0: 3 0x00100974 (0xc9c12623) mem 0x0011ad34 0x00000075
core   0: >>>>  i0000000083
core   0: 0x00100978 (0x0bf62913) slti    s2, a2, 191
core   0: 3 0x00100978 (0x0bf62913) x18 0x00000000
core   0: >>>>  i0000000084
core   0: 0x0010097c (0x4f466817) auipc   a6, 0x4f466
core   0: 3 0x0010097c (0x4f466817) x16 0x4f56697c
core   0: >>>>  i0000000085
core   0: 0x00100980 (0x01081613) slli    a2, a6, 16
core   0: 3 0x00100980 (0x01081613) x12 0x697c0000
core   0: >>>>  i0000000086
core   0: 0x00100984 (0x41e8d813) srai    a6, a7, 30
core   0: 3 0x00100984 (0x41e8d813) x16 0x00000000
core   0: >>>>  i0000000087
core   0: 0x00100988 (0x3f29a613) slti    a2, s3, 1010
core   0: 3 0x00100988 (0x3f29a613) x12 0x00000000
core   0: >>>>  i0000000088
core   0: 0x0010098c (0xd9314603) lbu     a2, -621(sp)
core   0: 3 0x0010098c (0xd9314603) x12 0x000000a2 mem 0x0011ae3b
core   0: >>>>  i0000000089
core   0: 0x00100990 (0x78815603) lhu     a2, 1928(sp)
core   0: 3 0x00100990 (0x78815603) x12 0x00005911 mem 0x0011b830
core   0: >>>>  i000000008a
core   0: 0x00100994 (0xe6c11803) lh      a6, -404(sp)
core   0: 3 0x00100994 (0xe6c11803) x16 0x00001e99 mem 0x0011af14
core   0: >>>>  i000000008b
core   0: 0x00100998 (0x00b85813) srli    a6, a6, 11
core   0: 3 0x00100998 (0x00b85813) x16 0x00000003
core   0: >>>>  i000000008c
core   0: 0x0010099c (0x04815803) lhu     a6, 72(sp)
core   0: 3 0x0010099c (0x04815803) x16 0x00000ada mem 0x0011b0f0
core   0: 0x001009a0 (0x00c00c13) li      s8, 12
core   0: 3 0x001009a0 (0x00c00c13) x24 0x0000000c
core   0: 0x001009a4 (0x001f8f93) addi    t6, t6, 1
core   0: 3 0x001009a4 (0x001f8f93) x31 0x0000000b
core   0: 0x001009a8 (0x00003117) auipc   sp, 0x3
core   0: 3 0x001009a8 (0x00003117) x2  0x001039a8
core   0: 0x001009ac (0x94810113) addi    sp, sp, -1720
core   0: 3 0x001009ac (0x94810113) x2  0x001032f0
core   0: 0x001009b0 (0x00005337) lui     t1, 0x5
core   0: 3 0x001009b0 (0x00005337) x6  0x00005000
core   0: 0x001009b4 (0xec030313) addi    t1, t1, -320
core   0: 3 0x001009b4 (0xec030313) x6  0x00004ec0
core   0: 0x001009b8 (0x00610133) add     sp, sp, t1
core   0: 3 0x001009b8 (0x00610133) x2  0x001081b0
core   0: 0x001009bc (0x48015a83) lhu     s5, 1152(sp)
core   0: 3 0x001009bc (0x48015a83) x21 0x000099ca mem 0x00108630
core   0: 0x001009c0 (0x39c12783) lw      a5, 924(sp)
core   0: 3 0x001009c0 (0x39c12783) x15 0x4d2b8fb6 mem 0x0010854c
core   0: 0x001009c4 (0x01674d33) xor     s10, a4, s6
core   0: 3 0x001009c4 (0x01674d33) x26 0x00003c74
core   0: 0x001009c8 (0x84712823) sw      t2, -1968(sp)
core   0: 3 0x001009c8 (0x84712823) mem 0x00107a00 0x4bbe3c1d
core   0: 0x001009cc (0x015a9933) sll     s2, s5, s5
core   0: 3 0x001009cc (0x015a9933) x18 0x02672800
core   0: 0x001009d0 (0x3a615d03) lhu     s10, 934(sp)
core   0: 3 0x001009d0 (0x3a615d03) x26 0x00005851 mem 0x00108556
core   0: 0x001009d4 (0x77611323) sh      s6, 1894(sp)
core   0: 3 0x001009d4 (0x77611323) mem 0x00108916 0x3928
core   0: >>>>  b000000008d
core   0: 0x001009d8 (0x00000033) add     zero, zero, zero
core   0: 3 0x001009d8 (0x00000033)
core   0: 0x001009dc (0xf9fc50e3) bge     s8, t6, pc - 128
core   0: 3 0x001009dc (0xf9fc50e3)
core   0: >>>>  i0000000081
core   0: 0x0010095c (0x78c11d23) sh      a2, 1946(sp)
core   0: 3 0x0010095c (0x78c11d23) mem 0x0010894a 0x5911
core   0: 0x00100960 (0x00003117) auipc   sp, 0x3
core   0: 3 0x00100960 (0x00003117) x2  0x00103960
core   0: 0x00100964 (0x99010113) addi    sp, sp, -1648
core   0: 3 0x00100964 (0x99010113) x2  0x001032f0
core   0: 0x00100968 (0x00018337) lui     t1, 0x18
core   0: 3 0x00100968 (0x00018337) x6  0x00018000
core   0: 0x0010096c (0xdb830313) addi    t1, t1, -584
core   0: 3 0x0010096c (0xdb830313) x6  0x00017db8
core   0: 0x00100970 (0x00610133) add     sp, sp, t1
core   0: 3 0x00100970 (0x00610133) x2  0x0011b0a8
core   0: >>>>  i0000000082
core   0: 0x00100974 (0xc9c12623) sw      t3, -884(sp)
core   0: 3 0x00100974 (0xc9c12623) mem 0x0011ad34 0x00000075
core   0: >>>>  i0000000083
core   0: 0x00100978 (0x0bf62913) slti    s2, a2, 191
core   0: 3 0x00100978 (0x0bf62913) x18 0x00000000
core   0: >>>>  i0000000084
core   0: 0x0010097c (0x4f466817) auipc   a6, 0x4f466
core   0: 3 0x0010097c (0x4f466817) x16 0x4f56697c
core   0: >>>>  i0000000085
core   0: 0x00100980 (0x01081613) slli    a2, a6, 16
core   0: 3 0x00100980 (0x01081613) x12 0x697c0000
core   0: >>>>  i0000000086
core   0: 0x00100984 (0x41e8d813) srai    a6, a7, 30
core   0: 3 0x00100984 (0x41e8d813) x16 0x00000000
core   0: >>>>  i0000000087
core   0: 0x00100988 (0x3f29a613) slti    a2, s3, 1010
core   0: 3 0x00100988 (0x3f29a613) x12 0x00000000
core   0: >>>>  i0000000088
core   0: 0x0010098c (0xd9314603) lbu     a2, -621(sp)
core   0: 3 0x0010098c (0xd9314603) x12 0x000000a2 mem 0x0011ae3b
core   0: >>>>  i0000000089
core   0: 0x00100990 (0x78815603) lhu     a2, 1928(sp)
core   0: 3 0x00100990 (0x78815603) x12 0x00005911 mem 0x0011b830
core   0: >>>>  i000000008a
core   0: 0x00100994 (0xe6c11803) lh      a6, -404(sp)
core   0: 3 0x00100994 (0xe6c11803) x16 0x00001e99 mem 0x0011af14
core   0: >>>>  i000000008b
core   0: 0x00100998 (0x00b85813) srli    a6, a6, 11
core   0: 3 0x00100998 (0x00b85813) x16 0x00000003
core   0: >>>>  i000000008c
core   0: 0x0010099c (0x04815803) lhu     a6, 72(sp)
core   0: 3 0x0010099c (0x04815803) x16 0x00000ada mem 0x0011b0f0
core   0: 0x001009a0 (0x00c00c13) li      s8, 12
core   0: 3 0x001009a0 (0x00c00c13) x24 0x0000000c
core   0: 0x001009a4 (0x001f8f93) addi    t6, t6, 1
core   0: 3 0x001009a4 (0x001f8f93) x31 0x0000000c
core   0: 0x001009a8 (0x00003117) auipc   sp, 0x3
core   0: 3 0x001009a8 (0x00003117) x2  0x001039a8
core   0: 0x001009ac (0x94810113) addi    sp, sp, -1720
core   0: 3 0x001009ac (0x94810113) x2  0x001032f0
core   0: 0x001009b0 (0x00005337) lui     t1, 0x5
core   0: 3 0x001009b0 (0x00005337) x6  0x00005000
core   0: 0x001009b4 (0xec030313) addi    t1, t1, -320
core   0: 3 0x001009b4 (0xec030313) x6  0x00004ec0
core   0: 0x001009b8 (0x00610133) add     sp, sp, t1
core   0: 3 0x001009b8 (0x00610133) x2  0x001081b0
core   0: 0x001009bc (0x48015a83) lhu     s5, 1152(sp)
core   0: 3 0x001009bc (0x48015a83) x21 0x000099ca mem 0x00108630
core   0: 0x001009c0 (0x39c12783) lw      a5, 924(sp)
core   0: 3 0x001009c0 (0x39c12783) x15 0x4d2b8fb6 mem 0x0010854c
core   0: 0x001009c4 (0x01674d33) xor     s10, a4, s6
core   0: 3 0x001009c4 (0x01674d33) x26 0x00003c74
core   0: 0x001009c8 (0x84712823) sw      t2, -1968(sp)
core   0: 3 0x001009c8 (0x84712823) mem 0x00107a00 0x4bbe3c1d
core   0: 0x001009cc (0x015a9933) sll     s2, s5, s5
core   0: 3 0x001009cc (0x015a9933) x18 0x02672800
core   0: 0x001009d0 (0x3a615d03) lhu     s10, 934(sp)
core   0: 3 0x001009d0 (0x3a615d03) x26 0x00005851 mem 0x00108556
core   0: 0x001009d4 (0x77611323) sh      s6, 1894(sp)
core   0: 3 0x001009d4 (0x77611323) mem 0x00108916 0x3928
core   0: >>>>  b000000008d
core   0: 0x001009d8 (0x00000033) add     zero, zero, zero
core   0: 3 0x001009d8 (0x00000033)
core   0: 0x001009dc (0xf9fc50e3) bge     s8, t6, pc - 128
core   0: 3 0x001009dc (0xf9fc50e3)
core   0: >>>>  i0000000081
core   0: 0x0010095c (0x78c11d23) sh      a2, 1946(sp)
core   0: 3 0x0010095c (0x78c11d23) mem 0x0010894a 0x5911
core   0: 0x00100960 (0x00003117) auipc   sp, 0x3
core   0: 3 0x00100960 (0x00003117) x2  0x00103960
core   0: 0x00100964 (0x99010113) addi    sp, sp, -1648
core   0: 3 0x00100964 (0x99010113) x2  0x001032f0
core   0: 0x00100968 (0x00018337) lui     t1, 0x18
core   0: 3 0x00100968 (0x00018337) x6  0x00018000
core   0: 0x0010096c (0xdb830313) addi    t1, t1, -584
core   0: 3 0x0010096c (0xdb830313) x6  0x00017db8
core   0: 0x00100970 (0x00610133) add     sp, sp, t1
core   0: 3 0x00100970 (0x00610133) x2  0x0011b0a8
core   0: >>>>  i0000000082
core   0: 0x00100974 (0xc9c12623) sw      t3, -884(sp)
core   0: 3 0x00100974 (0xc9c12623) mem 0x0011ad34 0x00000075
core   0: >>>>  i0000000083
core   0: 0x00100978 (0x0bf62913) slti    s2, a2, 191
core   0: 3 0x00100978 (0x0bf62913) x18 0x00000000
core   0: >>>>  i0000000084
core   0: 0x0010097c (0x4f466817) auipc   a6, 0x4f466
core   0: 3 0x0010097c (0x4f466817) x16 0x4f56697c
core   0: >>>>  i0000000085
core   0: 0x00100980 (0x01081613) slli    a2, a6, 16
core   0: 3 0x00100980 (0x01081613) x12 0x697c0000
core   0: >>>>  i0000000086
core   0: 0x00100984 (0x41e8d813) srai    a6, a7, 30
core   0: 3 0x00100984 (0x41e8d813) x16 0x00000000
core   0: >>>>  i0000000087
core   0: 0x00100988 (0x3f29a613) slti    a2, s3, 1010
core   0: 3 0x00100988 (0x3f29a613) x12 0x00000000
core   0: >>>>  i0000000088
core   0: 0x0010098c (0xd9314603) lbu     a2, -621(sp)
core   0: 3 0x0010098c (0xd9314603) x12 0x000000a2 mem 0x0011ae3b
core   0: >>>>  i0000000089
core   0: 0x00100990 (0x78815603) lhu     a2, 1928(sp)
core   0: 3 0x00100990 (0x78815603) x12 0x00005911 mem 0x0011b830
core   0: >>>>  i000000008a
core   0: 0x00100994 (0xe6c11803) lh      a6, -404(sp)
core   0: 3 0x00100994 (0xe6c11803) x16 0x00001e99 mem 0x0011af14
core   0: >>>>  i000000008b
core   0: 0x00100998 (0x00b85813) srli    a6, a6, 11
core   0: 3 0x00100998 (0x00b85813) x16 0x00000003
core   0: >>>>  i000000008c
core   0: 0x0010099c (0x04815803) lhu     a6, 72(sp)
core   0: 3 0x0010099c (0x04815803) x16 0x00000ada mem 0x0011b0f0
core   0: 0x001009a0 (0x00c00c13) li      s8, 12
core   0: 3 0x001009a0 (0x00c00c13) x24 0x0000000c
core   0: 0x001009a4 (0x001f8f93) addi    t6, t6, 1
core   0: 3 0x001009a4 (0x001f8f93) x31 0x0000000d
core   0: 0x001009a8 (0x00003117) auipc   sp, 0x3
core   0: 3 0x001009a8 (0x00003117) x2  0x001039a8
core   0: 0x001009ac (0x94810113) addi    sp, sp, -1720
core   0: 3 0x001009ac (0x94810113) x2  0x001032f0
core   0: 0x001009b0 (0x00005337) lui     t1, 0x5
core   0: 3 0x001009b0 (0x00005337) x6  0x00005000
core   0: 0x001009b4 (0xec030313) addi    t1, t1, -320
core   0: 3 0x001009b4 (0xec030313) x6  0x00004ec0
core   0: 0x001009b8 (0x00610133) add     sp, sp, t1
core   0: 3 0x001009b8 (0x00610133) x2  0x001081b0
core   0: 0x001009bc (0x48015a83) lhu     s5, 1152(sp)
core   0: 3 0x001009bc (0x48015a83) x21 0x000099ca mem 0x00108630
core   0: 0x001009c0 (0x39c12783) lw      a5, 924(sp)
core   0: 3 0x001009c0 (0x39c12783) x15 0x4d2b8fb6 mem 0x0010854c
core   0: 0x001009c4 (0x01674d33) xor     s10, a4, s6
core   0: 3 0x001009c4 (0x01674d33) x26 0x00003c74
core   0: 0x001009c8 (0x84712823) sw      t2, -1968(sp)
core   0: 3 0x001009c8 (0x84712823) mem 0x00107a00 0x4bbe3c1d
core   0: 0x001009cc (0x015a9933) sll     s2, s5, s5
core   0: 3 0x001009cc (0x015a9933) x18 0x02672800
core   0: 0x001009d0 (0x3a615d03) lhu     s10, 934(sp)
core   0: 3 0x001009d0 (0x3a615d03) x26 0x00005851 mem 0x00108556
core   0: 0x001009d4 (0x77611323) sh      s6, 1894(sp)
core   0: 3 0x001009d4 (0x77611323) mem 0x00108916 0x3928
core   0: >>>>  b000000008d
core   0: 0x001009d8 (0x00000033) add     zero, zero, zero
core   0: 3 0x001009d8 (0x00000033)
core   0: 0x001009dc (0xf9fc50e3) bge     s8, t6, pc - 128
core   0: 3 0x001009dc (0xf9fc50e3)
core   0: 0x001009e0 (0x00000033) add     zero, zero, zero
core   0: 3 0x001009e0 (0x00000033)
core   0: 0x001009e4 (0x54de7737) lui     a4, 0x54de7
core   0: 3 0x001009e4 (0x54de7737) x14 0x54de7000
core   0: 0x001009e8 (0x41a20833) sub     a6, tp, s10
core   0: 3 0x001009e8 (0x41a20833) x16 0xffffa7fd
core   0: 0x001009ec (0xfd215d83) lhu     s11, -46(sp)
core   0: 3 0x001009ec (0xfd215d83) x27 0x00002940 mem 0x00108182
core   0: 0x001009f0 (0xfce15d03) lhu     s10, -50(sp)
core   0: 3 0x001009f0 (0xfce15d03) x26 0x000029cb mem 0x0010817e
core   0: 0x001009f4 (0x41c85733) sra     a4, a6, t3
core   0: 3 0x001009f4 (0x41c85733) x14 0xffffffff
core   0: 0x001009f8 (0x67b10da3) sb      s11, 1659(sp)
core   0: 3 0x001009f8 (0x67b10da3) mem 0x0010882b 0x40
core   0: 0x001009fc (0xff9e7893) andi    a7, t3, -7
core   0: 3 0x001009fc (0xff9e7893) x17 0x00000071
core   0: 0x00100a00 (0x00a00f93) li      t6, 10
core   0: 3 0x00100a00 (0x00a00f93) x31 0x0000000a
core   0: >>>>  i000000008d
core   0: 0x00100a04 (0x00d38cb3) add     s9, t2, a3
core   0: 3 0x00100a04 (0x00d38cb3) x25 0x4bbe3c1d
core   0: >>>>  i000000008e
core   0: 0x00100a08 (0x3a812603) lw      a2, 936(sp)
core   0: 3 0x00100a08 (0x3a812603) x12 0x54727eb9 mem 0x00108558
core   0: >>>>  i000000008f
core   0: 0x00100a0c (0x38a11f03) lh      t5, 906(sp)
core   0: 3 0x00100a0c (0x38a11f03) x30 0x00006a61 mem 0x0010853a
core   0: >>>>  i0000000090
core   0: 0x00100a10 (0x0ab14f03) lbu     t5, 171(sp)
core   0: 3 0x00100a10 (0x0ab14f03) x30 0x000000cb mem 0x0010825b
core   0: >>>>  i0000000091
core   0: 0x00100a14 (0x363c0f13) addi    t5, s8, 867
core   0: 3 0x00100a14 (0x363c0f13) x30 0x0000036f
core   0: >>>>  i0000000092
core   0: 0x00100a18 (0x82012f03) lw      t5, -2016(sp)
core   0: 3 0x00100a18 (0x82012f03) x30 0x0b636ea7 mem 0x001079d0
core   0: >>>>  i0000000093
core   0: 0x00100a1c (0x41065633) sra     a2, a2, a6
core   0: 3 0x00100a1c (0x41065633) x12 0x00000002
core   0: >>>>  i0000000094
core   0: 0x00100a20 (0xb0e67613) andi    a2, a2, -1266
core   0: 3 0x00100a20 (0xb0e67613) x12 0x00000002
core   0: >>>>  i0000000095
core   0: 0x00100a24 (0x60615803) lhu     a6, 1542(sp)
core   0: 3 0x00100a24 (0x60615803) x16 0x0000726d mem 0x001087b6
core   0: >>>>  i0000000096
core   0: 0x00100a28 (0xc9012e23) sw      a6, -868(sp)
core   0: 3 0x00100a28 (0xc9012e23) mem 0x00107e4c 0x0000726d
core   0: >>>>  i0000000097
core   0: 0x00100a2c (0x007414b3) sll     s1, s0, t2
core   0: 3 0x00100a2c (0x007414b3) x9  0x20000000
core   0: >>>>  i0000000098
core   0: 0x00100a30 (0xa9012f03) lw      t5, -1392(sp)
core   0: 3 0x00100a30 (0xa9012f03) x30 0x5f1ad224 mem 0x00107c40
core   0: >>>>  i0000000099
core   0: 0x00100a34 (0x66415f03) lhu     t5, 1636(sp)
core   0: 3 0x00100a34 (0x66415f03) x30 0x000036e1 mem 0x00108814
core   0: 0x00100a38 (0x00003117) auipc   sp, 0x3
core   0: 3 0x00100a38 (0x00003117) x2  0x00103a38
core   0: 0x00100a3c (0x8b810113) addi    sp, sp, -1864
core   0: 3 0x00100a3c (0x8b810113) x2  0x001032f0
core   0: 0x00100a40 (0x00009337) lui     t1, 0x9
core   0: 3 0x00100a40 (0x00009337) x6  0x00009000
core   0: 0x00100a44 (0x67030313) addi    t1, t1, 1648
core   0: 3 0x00100a44 (0x67030313) x6  0x00009670
core   0: 0x00100a48 (0x00610133) add     sp, sp, t1
core   0: 3 0x00100a48 (0x00610133) x2  0x0010c960
core   0: >>>>  i000000009a
core   0: 0x00100a4c (0x78911f23) sh      s1, 1950(sp)
core   0: 3 0x00100a4c (0x78911f23) mem 0x0010d0fe 0x0000
core   0: >>>>  i000000009b
core   0: 0x00100a50 (0xda412a03) lw      s4, -604(sp)
core   0: 3 0x00100a50 (0xda412a03) x20 0x36a123ba mem 0x0010c704
core   0: >>>>  i000000009c
core   0: 0x00100a54 (0x01ef6833) or      a6, t5, t5
core   0: 3 0x00100a54 (0x01ef6833) x16 0x000036e1
core   0: >>>>  i000000009d
core   0: 0x00100a58 (0xf6815803) lhu     a6, -152(sp)
core   0: 3 0x00100a58 (0xf6815803) x16 0x0000fcb3 mem 0x0010c8c8
core   0: >>>>  i000000009e
core   0: 0x00100a5c (0x00f8d633) srl     a2, a7, a5
core   0: 3 0x00100a5c (0x00f8d633) x12 0x00000000
core   0: >>>>  i000000009f
core   0: 0x00100a60 (0x00c80bb3) add     s7, a6, a2
core   0: 3 0x00100a60 (0x00c80bb3) x23 0x0000fcb3
core   0: >>>>  i00000000a0
core   0: 0x00100a64 (0x41080cb3) sub     s9, a6, a6
core   0: 3 0x00100a64 (0x41080cb3) x25 0x00000000
core   0: 0x00100a68 (0x00900b93) li      s7, 9
core   0: 3 0x00100a68 (0x00900b93) x23 0x00000009
core   0: 0x00100a6c (0x00003117) auipc   sp, 0x3
core   0: 3 0x00100a6c (0x00003117) x2  0x00103a6c
core   0: 0x00100a70 (0x88410113) addi    sp, sp, -1916
core   0: 3 0x00100a70 (0x88410113) x2  0x001032f0
core   0: 0x00100a74 (0x0000a337) lui     t1, 0xa
core   0: 3 0x00100a74 (0x0000a337) x6  0x0000a000
core   0: 0x00100a78 (0x70030313) addi    t1, t1, 1792
core   0: 3 0x00100a78 (0x70030313) x6  0x0000a700
core   0: 0x00100a7c (0x00610133) add     sp, sp, t1
core   0: 3 0x00100a7c (0x00610133) x2  0x0010d9f0
core   0: 0x00100a80 (0x0dc11423) sh      t3, 200(sp)
core   0: 3 0x00100a80 (0x0dc11423) mem 0x0010dab8 0x0075
core   0: 0x00100a84 (0xdea27c13) andi    s8, tp, -534
core   0: 3 0x00100a84 (0xdea27c13) x24 0x0000004a
core   0: 0x00100a88 (0x41da0eb3) sub     t4, s4, t4
core   0: 3 0x00100a88 (0x41da0eb3) x29 0x36a0e7ce
core   0: 0x00100a8c (0x01ce1833) sll     a6, t3, t3
core   0: 3 0x00100a8c (0x01ce1833) x16 0x0ea00000
core   0: 0x00100a90 (0x01083b33) sltu    s6, a6, a6
core   0: 3 0x00100a90 (0x01083b33) x22 0x00000000
core   0: 0x00100a94 (0x94c12383) lw      t2, -1716(sp)
core   0: 3 0x00100a94 (0x94c12383) x7  0x2321910d mem 0x0010d33c
core   0: 0x00100a98 (0x49411803) lh      a6, 1172(sp)
core   0: 3 0x00100a98 (0x49411803) x16 0x00004f78 mem 0x0010de84
core   0: >>>>  b00000000a1
core   0: 0x00100a9c (0x00000033) add     zero, zero, zero
core   0: 3 0x00100a9c (0x00000033)
core   0: 0x00100aa0 (0xf9fbd6e3) bge     s7, t6, pc - 116
core   0: 3 0x00100aa0 (0xf9fbd6e3)
core   0: 0x00100aa4 (0x00000033) add     zero, zero, zero
core   0: 3 0x00100aa4 (0x00000033)
core   0: 0x00100aa8 (0x000aaab3) slt     s5, s5, zero
core   0: 3 0x00100aa8 (0x000aaab3) x21 0x00000000
core   0: 0x00100aac (0x00022933) slt     s2, tp, zero
core   0: 3 0x00100aac (0x00022933) x18 0x00000000
core   0: 0x00100ab0 (0x8de11e03) lh      t3, -1826(sp)
core   0: 3 0x00100ab0 (0x8de11e03) x28 0x00007907 mem 0x0010d2ce
core   0: 0x00100ab4 (0x410e0e33) sub     t3, t3, a6
core   0: 3 0x00100ab4 (0x410e0e33) x28 0x0000298f
core   0: 0x00100ab8 (0xe2514c03) lbu     s8, -475(sp)
core   0: 3 0x00100ab8 (0xe2514c03) x24 0x00000050 mem 0x0010d815
core   0: 0x00100abc (0x05812803) lw      a6, 88(sp)
core   0: 3 0x00100abc (0x05812803) x16 0x564e1b15 mem 0x0010da48
core   0: 0x00100ac0 (0xd0d3ca93) xori    s5, t2, -755
core   0: 3 0x00100ac0 (0xd0d3ca93) x21 0xdcde6c00
core   0: 0x00100ac4 (0x00a00f93) li      t6, 10
core   0: 3 0x00100ac4 (0x00a00f93) x31 0x0000000a
core   0: >>>>  i00000000a1
core   0: 0x00100ac8 (0x5af14f03) lbu     t5, 1455(sp)
core   0: 3 0x00100ac8 (0x5af14f03) x30 0x00000071 mem 0x0010df9f
core   0: 0x00100acc (0x00003117) auipc   sp, 0x3
core   0: 3 0x00100acc (0x00003117) x2  0x00103acc
core   0: 0x00100ad0 (0x82410113) addi    sp, sp, -2012
core   0: 3 0x00100ad0 (0x82410113) x2  0x001032f0
core   0: 0x00100ad4 (0x0000a337) lui     t1, 0xa
core   0: 3 0x00100ad4 (0x0000a337) x6  0x0000a000
core   0: 0x00100ad8 (0x3e030313) addi    t1, t1, 992
core   0: 3 0x00100ad8 (0x3e030313) x6  0x0000a3e0
core   0: 0x00100adc (0x00610133) add     sp, sp, t1
core   0: 3 0x00100adc (0x00610133) x2  0x0010d6d0
core   0: >>>>  i00000000a2
core   0: 0x00100ae0 (0xa5c10603) lb      a2, -1444(sp)
core   0: 3 0x00100ae0 (0xa5c10603) x12 0xffffff96 mem 0x0010d12c
core   0: >>>>  i00000000a3
core   0: 0x00100ae4 (0x008d9233) sll     tp, s11, s0
core   0: 3 0x00100ae4 (0x008d9233) x4  0x00005280
core   0: >>>>  i00000000a4
core   0: 0x00100ae8 (0x04280493) addi    s1, a6, 66
core   0: 3 0x00100ae8 (0x04280493) x9  0x564e1b57
core   0: >>>>  i00000000a5
core   0: 0x00100aec (0x01451f13) slli    t5, a0, 20
core   0: 3 0x00100aec (0x01451f13) x30 0x90800000
core   0: >>>>  i00000000a6
core   0: 0x00100af0 (0x41085f33) sra     t5, a6, a6
core   0: 3 0x00100af0 (0x41085f33) x30 0x000002b2
core   0: >>>>  i00000000a7
core   0: 0x00100af4 (0x0058e833) or      a6, a7, t0
core   0: 3 0x00100af4 (0x0058e833) x16 0xfffffffb
core   0: >>>>  i00000000a8
core   0: 0x00100af8 (0x40e10203) lb      tp, 1038(sp)
core   0: 3 0x00100af8 (0x40e10203) x4  0x0000006e mem 0x0010dade
core   0: >>>>  i00000000a9
core   0: 0x00100afc (0x010f5533) srl     a0, t5, a6
core   0: 3 0x00100afc (0x010f5533) x10 0x00000000
core   0: >>>>  i00000000aa
core   0: 0x00100b00 (0x57710803) lb      a6, 1399(sp)
core   0: 3 0x00100b00 (0x57710803) x16 0x00000031 mem 0x0010dc47
core   0: >>>>  i00000000ab
core   0: 0x00100b04 (0x16812603) lw      a2, 360(sp)
core   0: 3 0x00100b04 (0x16812603) x12 0xe50f519f mem 0x0010d838
core   0: 0x00100b08 (0x00002117) auipc   sp, 0x2
core   0: 3 0x00100b08 (0x00002117) x2  0x00102b08
core   0: 0x00100b0c (0x7e810113) addi    sp, sp, 2024
core   0: 3 0x00100b0c (0x7e810113) x2  0x001032f0
core   0: 0x00100b10 (0x00002337) lui     t1, 0x2
core   0: 3 0x00100b10 (0x00002337) x6  0x00002000
core   0: 0x00100b14 (0x58830313) addi    t1, t1, 1416
core   0: 3 0x00100b14 (0x58830313) x6  0x00002588
core   0: 0x00100b18 (0x00610133) add     sp, sp, t1
core   0: 3 0x00100b18 (0x00610133) x2  0x00105878
core   0: >>>>  i00000000ac
core   0: 0x00100b1c (0xf6411523) sh      tp, -150(sp)
core   0: 3 0x00100b1c (0xf6411523) mem 0x001057e2 0x006e
core   0: >>>>  i00000000ad
core   0: 0x00100b20 (0x9e35ae93) slti    t4, a1, -1565
core   0: 3 0x00100b20 (0x9e35ae93) x29 0x00000000
core   0: >>>>  i00000000ae
core   0: 0x00100b24 (0xa6e86613) ori     a2, a6, -1426
core   0: 3 0x00100b24 (0xa6e86613) x12 0xfffffa7f
core   0: >>>>  i00000000af
core   0: 0x00100b28 (0x3fe10523) sb      t5, 1002(sp)
core   0: 3 0x00100b28 (0x3fe10523) mem 0x00105c62 0xb2
core   0: >>>>  i00000000b0
core   0: 0x00100b2c (0x01082f33) slt     t5, a6, a6
core   0: 3 0x00100b2c (0x01082f33) x30 0x00000000
core   0: >>>>  i00000000b1
core   0: 0x00100b30 (0x2e815883) lhu     a7, 744(sp)
core   0: 3 0x00100b30 (0x2e815883) x17 0x00006c93 mem 0x00105b60
core   0: >>>>  i00000000b2
core   0: 0x00100b34 (0x45012803) lw      a6, 1104(sp)
core   0: 3 0x00100b34 (0x45012803) x16 0xf9aa1f4c mem 0x00105cc8
core   0: >>>>  i00000000b3
core   0: 0x00100b38 (0x85d12423) sw      t4, -1976(sp)
core   0: 3 0x00100b38 (0x85d12423) mem 0x001050c0 0x00000000
core   0: >>>>  i00000000b4
core   0: 0x00100b3c (0x19611203) lh      tp, 406(sp)
core   0: 3 0x00100b3c (0x19611203) x4  0x00004e60 mem 0x00105a0e
core   0: 0x00100b40 (0x00900a13) li      s4, 9
core   0: 3 0x00100b40 (0x00900a13) x20 0x00000009
core   0: 0x00100b44 (0x00002117) auipc   sp, 0x2
core   0: 3 0x00100b44 (0x00002117) x2  0x00102b44
core   0: 0x00100b48 (0x7ac10113) addi    sp, sp, 1964
core   0: 3 0x00100b48 (0x7ac10113) x2  0x001032f0
core   0: 0x00100b4c (0x00002337) lui     t1, 0x2
core   0: 3 0x00100b4c (0x00002337) x6  0x00002000
core   0: 0x00100b50 (0x04830313) addi    t1, t1, 72
core   0: 3 0x00100b50 (0x04830313) x6  0x00002048
core   0: 0x00100b54 (0x00610133) add     sp, sp, t1
core   0: 3 0x00100b54 (0x00610133) x2  0x00105338
core   0: 0x00100b58 (0x00002117) auipc   sp, 0x2
core   0: 3 0x00100b58 (0x00002117) x2  0x00102b58
core   0: 0x00100b5c (0x79810113) addi    sp, sp, 1944
core   0: 3 0x00100b5c (0x79810113) x2  0x001032f0
core   0: 0x00100b60 (0x00004337) lui     t1, 0x4
core   0: 3 0x00100b60 (0x00004337) x6  0x00004000
core   0: 0x00100b64 (0xd3030313) addi    t1, t1, -720
core   0: 3 0x00100b64 (0xd3030313) x6  0x00003d30
core   0: 0x00100b68 (0x00610133) add     sp, sp, t1
core   0: 3 0x00100b68 (0x00610133) x2  0x00107020
core   0: 0x00100b6c (0xa9310c83) lb      s9, -1389(sp)
core   0: 3 0x00100b6c (0xa9310c83) x25 0x0000000b mem 0x00106ab3
core   0: 0x00100b70 (0x30314403) lbu     s0, 771(sp)
core   0: 3 0x00100b70 (0x30314403) x8  0x0000000b mem 0x00107323
core   0: 0x00100b74 (0xf6510b03) lb      s6, -155(sp)
core   0: 3 0x00100b74 (0xf6510b03) x22 0xffffffd6 mem 0x00106f85
core   0: 0x00100b78 (0xd7812783) lw      a5, -648(sp)
core   0: 3 0x00100b78 (0xd7812783) x15 0x851cbe87 mem 0x00106d98
core   0: 0x00100b7c (0x01c85c93) srli    s9, a6, 28
core   0: 3 0x00100b7c (0x01c85c93) x25 0x0000000f
core   0: 0x00100b80 (0xf1611623) sh      s6, -244(sp)
core   0: 3 0x00100b80 (0xf1611623) mem 0x00106f2c 0xffd6
core   0: 0x00100b84 (0x75015703) lhu     a4, 1872(sp)
core   0: 3 0x00100b84 (0x75015703) x14 0x000044e0 mem 0x00107770
core   0: >>>>  b00000000b5
core   0: 0x00100b88 (0x00000033) add     zero, zero, zero
core   0: 3 0x00100b88 (0x00000033)
core   0: 0x00100b8c (0xf9fa58e3) bge     s4, t6, pc - 112
core   0: 3 0x00100b8c (0xf9fa58e3)
core   0: 0x00100b90 (0x00000033) add     zero, zero, zero
core   0: 3 0x00100b90 (0x00000033)
core   0: 0x00100b94 (0x2fd12023) sw      t4, 736(sp)
core   0: 3 0x00100b94 (0x2fd12023) mem 0x00107300 0x00000000
core   0: 0x00100b98 (0xb0d8b413) sltiu   s0, a7, -1267
core   0: 3 0x00100b98 (0xb0d8b413) x8  0x00000001
core   0: 0x00100b9c (0x00948eb3) add     t4, s1, s1
core   0: 3 0x00100b9c (0x00948eb3) x29 0xac9c36ae
core   0: 0x00100ba0 (0x007c7833) and     a6, s8, t2
core   0: 3 0x00100ba0 (0x007c7833) x16 0x00000000
core   0: 0x00100ba4 (0xc1812803) lw      a6, -1000(sp)
core   0: 3 0x00100ba4 (0xc1812803) x16 0x3484b748 mem 0x00106c38
core   0: 0x00100ba8 (0x0c592c13) slti    s8, s2, 197
core   0: 3 0x00100ba8 (0x0c592c13) x24 0x00000001
core   0: 0x00100bac (0x4168deb3) sra     t4, a7, s6
core   0: 3 0x00100bac (0x4168deb3) x29 0x00000000
core   0: 0x00100bb0 (0x00a00f93) li      t6, 10
core   0: 3 0x00100bb0 (0x00a00f93) x31 0x0000000a
core   0: >>>>  i00000000b5
core   0: 0x00100bb4 (0x010f0f33) add     t5, t5, a6
core   0: 3 0x00100bb4 (0x010f0f33) x30 0x3484b748
core   0: 0x00100bb8 (0x00002117) auipc   sp, 0x2
core   0: 3 0x00100bb8 (0x00002117) x2  0x00102bb8
core   0: 0x00100bbc (0x73810113) addi    sp, sp, 1848
core   0: 3 0x00100bbc (0x73810113) x2  0x001032f0
core   0: 0x00100bc0 (0x00008337) lui     t1, 0x8
core   0: 3 0x00100bc0 (0x00008337) x6  0x00008000
core   0: 0x00100bc4 (0xf0030313) addi    t1, t1, -256
core   0: 3 0x00100bc4 (0xf0030313) x6  0x00007f00
core   0: 0x00100bc8 (0x00610133) add     sp, sp, t1
core   0: 3 0x00100bc8 (0x00610133) x2  0x0010b1f0
core   0: >>>>  i00000000b6
core   0: 0x00100bcc (0x24b14983) lbu     s3, 587(sp)
core   0: 3 0x00100bcc (0x24b14983) x19 0x000000b9 mem 0x0010b43b
core   0: 0x00100bd0 (0x00002117) auipc   sp, 0x2
core   0: 3 0x00100bd0 (0x00002117) x2  0x00102bd0
core   0: 0x00100bd4 (0x72010113) addi    sp, sp, 1824
core   0: 3 0x00100bd4 (0x72010113) x2  0x001032f0
core   0: 0x00100bd8 (0x0000b337) lui     t1, 0xb
core   0: 3 0x00100bd8 (0x0000b337) x6  0x0000b000
core   0: 0x00100bdc (0x89830313) addi    t1, t1, -1896
core   0: 3 0x00100bdc (0x89830313) x6  0x0000a898
core   0: 0x00100be0 (0x00610133) add     sp, sp, t1
core   0: 3 0x00100be0 (0x00610133) x2  0x0010db88
core   0: >>>>  i00000000b7
core   0: 0x00100be4 (0x06c11c23) sh      a2, 120(sp)
core   0: 3 0x00100be4 (0x06c11c23) mem 0x0010dc00 0xfa7f
core   0: >>>>  i00000000b8
core   0: 0x00100be8 (0xad911123) sh      s9, -1342(sp)
core   0: 3 0x00100be8 (0xad911123) mem 0x0010d64a 0x000f
core   0: >>>>  i00000000b9
core   0: 0x00100bec (0xf3c10f03) lb      t5, -196(sp)
core   0: 3 0x00100bec (0xf3c10f03) x30 0x00000061 mem 0x0010dac4
core   0: 0x00100bf0 (0x00002117) auipc   sp, 0x2
core   0: 3 0x00100bf0 (0x00002117) x2  0x00102bf0
core   0: 0x00100bf4 (0x70010113) addi    sp, sp, 1792
core   0: 3 0x00100bf4 (0x70010113) x2  0x001032f0
core   0: 0x00100bf8 (0x00006337) lui     t1, 0x6
core   0: 3 0x00100bf8 (0x00006337) x6  0x00006000
core   0: 0x00100bfc (0x21830313) addi    t1, t1, 536
core   0: 3 0x00100bfc (0x21830313) x6  0x00006218
core   0: 0x00100c00 (0x00610133) add     sp, sp, t1
core   0: 3 0x00100c00 (0x00610133) x2  0x00109508
core   0: >>>>  i00000000ba
core   0: 0x00100c04 (0xd9c15303) lhu     t1, -612(sp)
core   0: 3 0x00100c04 (0xd9c15303) x6  0x000069ad mem 0x001092a4
core   0: >>>>  i00000000bb
core   0: 0x00100c08 (0x65015603) lhu     a2, 1616(sp)
core   0: 3 0x00100c08 (0x65015603) x12 0x0000bea6 mem 0x00109b58
core   0: >>>>  i00000000bc
core   0: 0x00100c0c (0x407a82b3) sub     t0, s5, t2
core   0: 3 0x00100c0c (0x407a82b3) x5  0xb9bcdaf3
core   0: >>>>  i00000000bd
core   0: 0x00100c10 (0x31f59637) lui     a2, 0x31f59
core   0: 3 0x00100c10 (0x31f59637) x12 0x31f59000
core   0: >>>>  i00000000be
core   0: 0x00100c14 (0xdcc11d23) sh      a2, -550(sp)
core   0: 3 0x00100c14 (0xdcc11d23) mem 0x001092e2 0x9000
core   0: >>>>  i00000000bf
core   0: 0x00100c18 (0xa2810803) lb      a6, -1496(sp)
core   0: 3 0x00100c18 (0xa2810803) x16 0xffffff8b mem 0x00108f30
core   0: 0x00100c1c (0x00002117) auipc   sp, 0x2
core   0: 3 0x00100c1c (0x00002117) x2  0x00102c1c
core   0: 0x00100c20 (0x6d410113) addi    sp, sp, 1748
core   0: 3 0x00100c20 (0x6d410113) x2  0x001032f0
core   0: 0x00100c24 (0x00015337) lui     t1, 0x15
core   0: 3 0x00100c24 (0x00015337) x6  0x00015000
core   0: 0x00100c28 (0x53030313) addi    t1, t1, 1328
core   0: 3 0x00100c28 (0x53030313) x6  0x00015530
core   0: 0x00100c2c (0x00610133) add     sp, sp, t1
core   0: 3 0x00100c2c (0x00610133) x2  0x00118820
core   0: >>>>  i00000000c0
core   0: 0x00100c30 (0xef714803) lbu     a6, -265(sp)
core   0: 3 0x00100c30 (0xef714803) x16 0x0000006a mem 0x00118717
core   0: >>>>  i00000000c1
core   0: 0x00100c34 (0xd6f14f03) lbu     t5, -657(sp)
core   0: 3 0x00100c34 (0xd6f14f03) x30 0x0000002e mem 0x0011858f
core   0: >>>>  i00000000c2
core   0: 0x00100c38 (0xafdf3713) sltiu   a4, t5, -1283
core   0: 3 0x00100c38 (0xafdf3713) x14 0x00000001
core   0: >>>>  i00000000c3
core   0: 0x00100c3c (0x00b4c033) xor     zero, s1, a1
core   0: 3 0x00100c3c (0x00b4c033)
core   0: >>>>  i00000000c4
core   0: 0x00100c40 (0x6ce7deb7) lui     t4, 0x6ce7d
core   0: 3 0x00100c40 (0x6ce7deb7) x29 0x6ce7d000
core   0: 0x00100c44 (0x00002117) auipc   sp, 0x2
core   0: 3 0x00100c44 (0x00002117) x2  0x00102c44
core   0: 0x00100c48 (0x6ac10113) addi    sp, sp, 1708
core   0: 3 0x00100c48 (0x6ac10113) x2  0x001032f0
core   0: 0x00100c4c (0x0000a337) lui     t1, 0xa
core   0: 3 0x00100c4c (0x0000a337) x6  0x0000a000
core   0: 0x00100c50 (0x8d030313) addi    t1, t1, -1840
core   0: 3 0x00100c50 (0x8d030313) x6  0x000098d0
core   0: 0x00100c54 (0x00610133) add     sp, sp, t1
core   0: 3 0x00100c54 (0x00610133) x2  0x0010cbc0
core   0: >>>>  i00000000c5
core   0: 0x00100c58 (0x46412e83) lw      t4, 1124(sp)
core   0: 3 0x00100c58 (0x46412e83) x29 0x1014a1b4 mem 0x0010d024
core   0: >>>>  i00000000c6
core   0: 0x00100c5c (0x40c856b3) sra     a3, a6, a2
core   0: 3 0x00100c5c (0x40c856b3) x13 0x0000006a
core   0: >>>>  i00000000c7
core   0: 0x00100c60 (0xecd10b03) lb      s6, -307(sp)
core   0: 3 0x00100c60 (0xecd10b03) x22 0xffffff8b mem 0x0010ca8d
core   0: >>>>  i00000000c8
core   0: 0x00100c64 (0x3b811403) lh      s0, 952(sp)
core   0: 3 0x00100c64 (0x3b811403) x8  0xffffb10f mem 0x0010cf78
core   0: 0x00100c68 (0x00a00e13) li      t3, 10
core   0: 3 0x00100c68 (0x00a00e13) x28 0x0000000a
core   0: 0x00100c6c (0x00a00f93) li      t6, 10
core   0: 3 0x00100c6c (0x00a00f93) x31 0x0000000a
core   0: 0x00100c70 (0x00002117) auipc   sp, 0x2
core   0: 3 0x00100c70 (0x00002117) x2  0x00102c70
core   0: 0x00100c74 (0x68010113) addi    sp, sp, 1664
core   0: 3 0x00100c74 (0x68010113) x2  0x001032f0
core   0: 0x00100c78 (0x00014337) lui     t1, 0x14
core   0: 3 0x00100c78 (0x00014337) x6  0x00014000
core   0: 0x00100c7c (0x55030313) addi    t1, t1, 1360
core   0: 3 0x00100c7c (0x55030313) x6  0x00014550
core   0: 0x00100c80 (0x00610133) add     sp, sp, t1
core   0: 3 0x00100c80 (0x00610133) x2  0x00117840
core   0: 0x00100c84 (0x00002117) auipc   sp, 0x2
core   0: 3 0x00100c84 (0x00002117) x2  0x00102c84
core   0: 0x00100c88 (0x66c10113) addi    sp, sp, 1644
core   0: 3 0x00100c88 (0x66c10113) x2  0x001032f0
core   0: 0x00100c8c (0x00017337) lui     t1, 0x17
core   0: 3 0x00100c8c (0x00017337) x6  0x00017000
core   0: 0x00100c90 (0xe1030313) addi    t1, t1, -496
core   0: 3 0x00100c90 (0xe1030313) x6  0x00016e10
core   0: 0x00100c94 (0x00610133) add     sp, sp, t1
core   0: 3 0x00100c94 (0x00610133) x2  0x0011a100
core   0: 0x00100c98 (0x003da933) slt     s2, s11, gp
core   0: 3 0x00100c98 (0x003da933) x18 0x00000000
core   0: 0x00100c9c (0x4171c737) lui     a4, 0x4171c
core   0: 3 0x00100c9c (0x4171c737) x14 0x4171c000
core   0: 0x00100ca0 (0x01d4f933) and     s2, s1, t4
core   0: 3 0x00100ca0 (0x01d4f933) x18 0x10040114
core   0: 0x00100ca4 (0x010e8b33) add     s6, t4, a6
core   0: 3 0x00100ca4 (0x010e8b33) x22 0x1014a21e
core   0: 0x00100ca8 (0x0104f3b3) and     t2, s1, a6
core   0: 3 0x00100ca8 (0x0104f3b3) x7  0x00000042
core   0: 0x00100cac (0x76811203) lh      tp, 1896(sp)
core   0: 3 0x00100cac (0x76811203) x4  0xffffdc60 mem 0x0011a868
core   0: 0x00100cb0 (0x07f14003) lbu     zero, 127(sp)
core   0: 3 0x00100cb0 (0x07f14003) mem 0x0011a17f
core   0: >>>>  b00000000c9
core   0: 0x00100cb4 (0x00000033) add     zero, zero, zero
core   0: 3 0x00100cb4 (0x00000033)
core   0: 0x00100cb8 (0x05cf9863) bne     t6, t3, pc + 80
core   0: 3 0x00100cb8 (0x05cf9863)
core   0: 0x00100cbc (0x00000033) add     zero, zero, zero
core   0: 3 0x00100cbc (0x00000033)
core   0: 0x00100cc0 (0xef976c13) ori     s8, a4, -263
core   0: 3 0x00100cc0 (0xef976c13) x24 0xfffffef9
core   0: 0x00100cc4 (0x13012c23) sw      a6, 312(sp)
core   0: 3 0x00100cc4 (0x13012c23) mem 0x0011a238 0x0000006a
core   0: 0x00100cc8 (0xe3411b23) sh      s4, -458(sp)
core   0: 3 0x00100cc8 (0xe3411b23) mem 0x00119f36 0x0009
core   0: 0x00100ccc (0x014c6bb3) or      s7, s8, s4
core   0: 3 0x00100ccc (0x014c6bb3) x23 0xfffffef9
core   0: 0x00100cd0 (0xc3512223) sw      s5, -988(sp)
core   0: 3 0x00100cd0 (0xc3512223) mem 0x00119d24 0xdcde6c00
core   0: 0x00100cd4 (0x018961b3) or      gp, s2, s8
core   0: 3 0x00100cd4 (0x018961b3) x3  0xfffffffd
core   0: 0x00100cd8 (0x00be9993) slli    s3, t4, 11
core   0: 3 0x00100cd8 (0x00be9993) x19 0xa50da000
core   0: 0x00100cdc (0x00a00f93) li      t6, 10
core   0: 3 0x00100cdc (0x00a00f93) x31 0x0000000a
core   0: >>>>  i00000000c9
core   0: 0x00100ce0 (0x77015b83) lhu     s7, 1904(sp)
core   0: 3 0x00100ce0 (0x77015b83) x23 0x000013c7 mem 0x0011a870
core   0: >>>>  i00000000ca
core   0: 0x00100ce4 (0x015cdb33) srl     s6, s9, s5
core   0: 3 0x00100ce4 (0x015cdb33) x22 0x0000000f
core   0: >>>>  i00000000cb
core   0: 0x00100ce8 (0x1ca82d93) slti    s11, a6, 458
core   0: 3 0x00100ce8 (0x1ca82d93) x27 0x00000001
core   0: >>>>  i00000000cc
core   0: 0x00100cec (0x00865293) srli    t0, a2, 8
core   0: 3 0x00100cec (0x00865293) x5  0x0031f590
core   0: >>>>  i00000000cd
core   0: 0x00100cf0 (0x01064633) xor     a2, a2, a6
core   0: 3 0x00100cf0 (0x01064633) x12 0x31f5906a
core   0: >>>>  i00000000ce
core   0: 0x00100cf4 (0x0069b833) sltu    a6, s3, t1
core   0: 3 0x00100cf4 (0x0069b833) x16 0x00000000
core   0: >>>>  i00000000cf
core   0: 0x00100cf8 (0x9bc15783) lhu     a5, -1604(sp)
core   0: 3 0x00100cf8 (0x9bc15783) x15 0x000045ee mem 0x00119abc
core   0: >>>>  i00000000d0
core   0: 0x00100cfc (0x009e1593) slli    a1, t3, 9
core   0: 3 0x00100cfc (0x009e1593) x11 0x00001400
core   0: >>>>  i00000000d1
core   0: 0x00100d00 (0x40538a33) sub     s4, t2, t0
core   0: 3 0x00100d00 (0x40538a33) x20 0xffce0ab2
core   0: >>>>  i00000000d2
core   0: 0x00100d04 (0x60567813) andi    a6, a2, 1541
core   0: 3 0x00100d04 (0x60567813) x16 0x00000000
core   0: >>>>  i00000000d3
core   0: 0x00100d08 (0x01cb2833) slt     a6, s6, t3
core   0: 3 0x00100d08 (0x01cb2833) x16 0x00000000
core   0: >>>>  i00000000d4
core   0: 0x00100d0c (0x00c82733) slt     a4, a6, a2
core   0: 3 0x00100d0c (0x00c82733) x14 0x00000001
core   0: >>>>  i00000000d5
core   0: 0x00100d10 (0x41c7d813) srai    a6, a5, 28
core   0: 3 0x00100d10 (0x41c7d813) x16 0x00000000
core   0: 0x00100d14 (0x00002117) auipc   sp, 0x2
core   0: 3 0x00100d14 (0x00002117) x2  0x00102d14
core   0: 0x00100d18 (0x5dc10113) addi    sp, sp, 1500
core   0: 3 0x00100d18 (0x5dc10113) x2  0x001032f0
core   0: 0x00100d1c (0x0000e337) lui     t1, 0xe
core   0: 3 0x00100d1c (0x0000e337) x6  0x0000e000
core   0: 0x00100d20 (0x15030313) addi    t1, t1, 336
core   0: 3 0x00100d20 (0x15030313) x6  0x0000e150
core   0: 0x00100d24 (0x00610133) add     sp, sp, t1
core   0: 3 0x00100d24 (0x00610133) x2  0x00111440
core   0: >>>>  i00000000d6
core   0: 0x00100d28 (0x09611d23) sh      s6, 154(sp)
core   0: 3 0x00100d28 (0x09611d23) mem 0x001114da 0x000f
core   0: >>>>  i00000000d7
core   0: 0x00100d2c (0x7ae15e03) lhu     t3, 1966(sp)
core   0: 3 0x00100d2c (0x7ae15e03) x28 0x00007b05 mem 0x00111bee
core   0: >>>>  i00000000d8
core   0: 0x00100d30 (0x4590bf17) auipc   t5, 0x4590b
core   0: 3 0x00100d30 (0x4590bf17) x30 0x45a0bd30
core   0: >>>>  i00000000d9
core   0: 0x00100d34 (0xcf3109a3) sb      s3, -781(sp)
core   0: 3 0x00100d34 (0xcf3109a3) mem 0x00111133 0x00
core   0: >>>>  i00000000da
core   0: 0x00100d38 (0x849f3613) sltiu   a2, t5, -1975
core   0: 3 0x00100d38 (0x849f3613) x12 0x00000001
core   0: >>>>  i00000000db
core   0: 0x00100d3c (0x7f85f613) andi    a2, a1, 2040
core   0: 3 0x00100d3c (0x7f85f613) x12 0x00000400
core   0: >>>>  i00000000dc
core   0: 0x00100d40 (0xe9611e03) lh      t3, -362(sp)
core   0: 3 0x00100d40 (0xe9611e03) x28 0x00000431 mem 0x001112d6
core   0: 0x00100d44 (0x00900813) li      a6, 9
core   0: 3 0x00100d44 (0x00900813) x16 0x00000009
core   0: 0x00100d48 (0x00a00f93) li      t6, 10
core   0: 3 0x00100d48 (0x00a00f93) x31 0x0000000a
core   0: 0x00100d4c (0x00002117) auipc   sp, 0x2
core   0: 3 0x00100d4c (0x00002117) x2  0x00102d4c
core   0: 0x00100d50 (0x5a410113) addi    sp, sp, 1444
core   0: 3 0x00100d50 (0x5a410113) x2  0x001032f0
core   0: 0x00100d54 (0x00009337) lui     t1, 0x9
core   0: 3 0x00100d54 (0x00009337) x6  0x00009000
core   0: 0x00100d58 (0x81030313) addi    t1, t1, -2032
core   0: 3 0x00100d58 (0x81030313) x6  0x00008810
core   0: 0x00100d5c (0x00610133) add     sp, sp, t1
core   0: 3 0x00100d5c (0x00610133) x2  0x0010bb00
core   0: 0x00100d60 (0x85703393) sltiu   t2, zero, -1961
core   0: 3 0x00100d60 (0x85703393) x7  0x00000001
core   0: 0x00100d64 (0xb6911323) sh      s1, -1178(sp)
core   0: 3 0x00100d64 (0xb6911323) mem 0x0010b666 0x1b57
core   0: 0x00100d68 (0x54f22e97) auipc   t4, 0x54f22
core   0: 3 0x00100d68 (0x54f22e97) x29 0x55022d68
core   0: 0x00100d6c (0x26010a23) sb      zero, 628(sp)
core   0: 3 0x00100d6c (0x26010a23) mem 0x0010bd74 0x00
core   0: 0x00100d70 (0xf2514483) lbu     s1, -219(sp)
core   0: 3 0x00100d70 (0xf2514483) x9  0x000000e4 mem 0x0010ba25
core   0: 0x00100d74 (0xd7215483) lhu     s1, -654(sp)
core   0: 3 0x00100d74 (0xd7215483) x9  0x000035d7 mem 0x0010b872
core   0: 0x00100d78 (0x009eceb3) xor     t4, t4, s1
core   0: 3 0x00100d78 (0x009eceb3) x29 0x550218bf
core   0: >>>>  b00000000dd
core   0: 0x00100d7c (0x00000033) add     zero, zero, zero
core   0: 3 0x00100d7c (0x00000033)
core   0: 0x00100d80 (0x05f85c63) bge     a6, t6, pc + 88
core   0: 3 0x00100d80 (0x05f85c63)
core   0: 0x00100d84 (0x00000033) add     zero, zero, zero
core   0: 3 0x00100d84 (0x00000033)
core   0: 0x00100d88 (0x043ea913) slti    s2, t4, 67
core   0: 3 0x00100d88 (0x043ea913) x18 0x00000000
core   0: 0x00100d8c (0x0169bb33) sltu    s6, s3, s6
core   0: 3 0x00100d8c (0x0169bb33) x22 0x00000000
core   0: 0x00100d90 (0x00771ab3) sll     s5, a4, t2
core   0: 3 0x00100d90 (0x00771ab3) x21 0x00000002
core   0: 0x00100d94 (0xcfad6a93) ori     s5, s10, -774
core   0: 3 0x00100d94 (0xcfad6a93) x21 0xfffffdfb
core   0: 0x00100d98 (0x7dd11b23) sh      t4, 2006(sp)
core   0: 3 0x00100d98 (0x7dd11b23) mem 0x0010c2d6 0x18bf
core   0: 0x00100d9c (0x00a71d13) slli    s10, a4, 10
core   0: 3 0x00100d9c (0x00a71d13) x26 0x00000400
core   0: 0x00100da0 (0x00eb2d33) slt     s10, s6, a4
core   0: 3 0x00100da0 (0x00eb2d33) x26 0x00000001
core   0: 0x00100da4 (0x00a00f93) li      t6, 10
core   0: 3 0x00100da4 (0x00a00f93) x31 0x0000000a
core   0: >>>>  i00000000dd
core   0: 0x00100da8 (0x00c85633) srl     a2, a6, a2
core   0: 3 0x00100da8 (0x00c85633) x12 0x00000009
core   0: >>>>  i00000000de
core   0: 0x00100dac (0xfb966e13) ori     t3, a2, -71
core   0: 3 0x00100dac (0xfb966e13) x28 0xffffffb9
core   0: >>>>  i00000000df
core   0: 0x00100db0 (0x72c11923) sh      a2, 1842(sp)
core   0: 3 0x00100db0 (0x72c11923) mem 0x0010c232 0x0009
core   0: 0x00100db4 (0x00002117) auipc   sp, 0x2
core   0: 3 0x00100db4 (0x00002117) x2  0x00102db4
core   0: 0x00100db8 (0x53c10113) addi    sp, sp, 1340
core   0: 3 0x00100db8 (0x53c10113) x2  0x001032f0
core   0: 0x00100dbc (0x00011337) lui     t1, 0x11
core   0: 3 0x00100dbc (0x00011337) x6  0x00011000
core   0: 0x00100dc0 (0x24830313) addi    t1, t1, 584
core   0: 3 0x00100dc0 (0x24830313) x6  0x00011248
core   0: 0x00100dc4 (0x00610133) add     sp, sp, t1
core   0: 3 0x00100dc4 (0x00610133) x2  0x00114538
core   0: >>>>  i00000000e0
core   0: 0x00100dc8 (0x3b014803) lbu     a6, 944(sp)
core   0: 3 0x00100dc8 (0x3b014803) x16 0x00000098 mem 0x001148e8
core   0: >>>>  i00000000e1
core   0: 0x00100dcc (0x41aadd13) srai    s10, s5, 26
core   0: 3 0x00100dcc (0x41aadd13) x26 0xffffffff
core   0: >>>>  i00000000e2
core   0: 0x00100dd0 (0x00e6a833) slt     a6, a3, a4
core   0: 3 0x00100dd0 (0x00e6a833) x16 0x00000000
core   0: >>>>  i00000000e3
core   0: 0x00100dd4 (0x75810503) lb      a0, 1880(sp)
core   0: 3 0x00100dd4 (0x75810503) x10 0x00000043 mem 0x00114c90
core   0: >>>>  i00000000e4
core   0: 0x00100dd8 (0x00c80833) add     a6, a6, a2
core   0: 3 0x00100dd8 (0x00c80833) x16 0x00000009
core   0: >>>>  i00000000e5
core   0: 0x00100ddc (0x01426633) or      a2, tp, s4
core   0: 3 0x00100ddc (0x01426633) x12 0xffffdef2
core   0: >>>>  i00000000e6
core   0: 0x00100de0 (0x8ac11c83) lh      s9, -1876(sp)
core   0: 3 0x00100de0 (0x8ac11c83) x25 0xffff8d53 mem 0x00113de4
core   0: >>>>  i00000000e7
core   0: 0x00100de4 (0x00451f33) sll     t5, a0, tp
core   0: 3 0x00100de4 (0x00451f33) x30 0x00000043
core   0: >>>>  i00000000e8
core   0: 0x00100de8 (0x0119e833) or      a6, s3, a7
core   0: 3 0x00100de8 (0x0119e833) x16 0xa50dec93
core   0: >>>>  i00000000e9
core   0: 0x00100dec (0xef562b93) slti    s7, a2, -267
core   0: 3 0x00100dec (0xef562b93) x23 0x00000001
core   0: 0x00100df0 (0x00002117) auipc   sp, 0x2
core   0: 3 0x00100df0 (0x00002117) x2  0x00102df0
core   0: 0x00100df4 (0x50010113) addi    sp, sp, 1280
core   0: 3 0x00100df4 (0x50010113) x2  0x001032f0
core   0: 0x00100df8 (0x00017337) lui     t1, 0x17
core   0: 3 0x00100df8 (0x00017337) x6  0x00017000
core   0: 0x00100dfc (0xdb830313) addi    t1, t1, -584
core   0: 3 0x00100dfc (0xdb830313) x6  0x00016db8
core   0: 0x00100e00 (0x00610133) add     sp, sp, t1
core   0: 3 0x00100e00 (0x00610133) x2  0x0011a0a8
core   0: >>>>  i00000000ea
core   0: 0x00100e04 (0x44c15c03) lhu     s8, 1100(sp)
core   0: 3 0x00100e04 (0x44c15c03) x24 0x00009044 mem 0x0011a4f4
core   0: >>>>  i00000000eb
core   0: 0x00100e08 (0x8ec12b03) lw      s6, -1812(sp)
core   0: 3 0x00100e08 (0x8ec12b03) x22 0x2929fc9e mem 0x00119994
core   0: >>>>  i00000000ec
core   0: 0x00100e0c (0x42c14803) lbu     a6, 1068(sp)
core   0: 3 0x00100e0c (0x42c14803) x16 0x00000047 mem 0x0011a4d4
core   0: >>>>  i00000000ed
core   0: 0x00100e10 (0x41080033) sub     zero, a6, a6
core   0: 3 0x00100e10 (0x41080033)
core   0: >>>>  i00000000ee
core   0: 0x00100e14 (0xf7814803) lbu     a6, -136(sp)
core   0: 3 0x00100e14 (0xf7814803) x16 0x0000006d mem 0x0011a020
core   0: >>>>  i00000000ef
core   0: 0x00100e18 (0x0d211f03) lh      t5, 210(sp)
core   0: 3 0x00100e18 (0x0d211f03) x30 0xffffb64d mem 0x0011a17a
core   0: >>>>  i00000000f0
core   0: 0x00100e1c (0xe0a10283) lb      t0, -502(sp)
core   0: 3 0x00100e1c (0xe0a10283) x5  0x00000014 mem 0x00119eb2
core   0: 0x00100e20 (0x00c00d13) li      s10, 12
core   0: 3 0x00100e20 (0x00c00d13) x26 0x0000000c
core   0: 0x00100e24 (0x00a00f93) li      t6, 10
core   0: 3 0x00100e24 (0x00a00f93) x31 0x0000000a
core   0: 0x00100e28 (0x00002117) auipc   sp, 0x2
core   0: 3 0x00100e28 (0x00002117) x2  0x00102e28
core   0: 0x00100e2c (0x4c810113) addi    sp, sp, 1224
core   0: 3 0x00100e2c (0x4c810113) x2  0x001032f0
core   0: 0x00100e30 (0x00015337) lui     t1, 0x15
core   0: 3 0x00100e30 (0x00015337) x6  0x00015000
core   0: 0x00100e34 (0x12030313) addi    t1, t1, 288
core   0: 3 0x00100e34 (0x12030313) x6  0x00015120
core   0: 0x00100e38 (0x00610133) add     sp, sp, t1
core   0: 3 0x00100e38 (0x00610133) x2  0x00118410
core   0: 0x00100e3c (0x00002117) auipc   sp, 0x2
core   0: 3 0x00100e3c (0x00002117) x2  0x00102e3c
core   0: 0x00100e40 (0x4b410113) addi    sp, sp, 1204
core   0: 3 0x00100e40 (0x4b410113) x2  0x001032f0
core   0: 0x00100e44 (0x00006337) lui     t1, 0x6
core   0: 3 0x00100e44 (0x00006337) x6  0x00006000
core   0: 0x00100e48 (0xac830313) addi    t1, t1, -1336
core   0: 3 0x00100e48 (0xac830313) x6  0x00005ac8
core   0: 0x00100e4c (0x00610133) add     sp, sp, t1
core   0: 3 0x00100e4c (0x00610133) x2  0x00108db8
core   0: 0x00100e50 (0x88c11c83) lh      s9, -1908(sp)
core   0: 3 0x00100e50 (0x88c11c83) x25 0x0000782a mem 0x00108644
core   0: 0x00100e54 (0x1f611e83) lh      t4, 502(sp)
core   0: 3 0x00100e54 (0x1f611e83) x29 0x00006ed9 mem 0x00108fae
core   0: 0x00100e58 (0x3d812183) lw      gp, 984(sp)
core   0: 3 0x00100e58 (0x3d812183) x3  0x5a164757 mem 0x00109190
core   0: 0x00100e5c (0x010e2e33) slt     t3, t3, a6
core   0: 3 0x00100e5c (0x010e2e33) x28 0x00000001
core   0: 0x00100e60 (0x20f7a9b7) lui     s3, 0x20f7a
core   0: 3 0x00100e60 (0x20f7a9b7) x19 0x20f7a000
core   0: 0x00100e64 (0x01cebb33) sltu    s6, t4, t3
core   0: 3 0x00100e64 (0x01cebb33) x22 0x00000000
core   0: 0x00100e68 (0x016be833) or      a6, s7, s6
core   0: 3 0x00100e68 (0x016be833) x16 0x00000001
core   0: >>>>  b00000000f1
core   0: 0x00100e6c (0x00000033) add     zero, zero, zero
core   0: 3 0x00100e6c (0x00000033)
core   0: 0x00100e70 (0x05afcc63) blt     t6, s10, pc + 88
core   0: 3 0x00100e70 (0x05afcc63)
core   0: >>>>  i00000000fd
core   0: 0x00100ec8 (0x01989f13) slli    t5, a7, 25
core   0: 3 0x00100ec8 (0x01989f13) x30 0x26000000
core   0: >>>>  i00000000fe
core   0: 0x00100ecc (0x013cef33) or      t5, s9, s3
core   0: 3 0x00100ecc (0x013cef33) x30 0x20f7f82a
core   0: 0x00100ed0 (0x00002117) auipc   sp, 0x2
core   0: 3 0x00100ed0 (0x00002117) x2  0x00102ed0
core   0: 0x00100ed4 (0x42010113) addi    sp, sp, 1056
core   0: 3 0x00100ed4 (0x42010113) x2  0x001032f0
core   0: 0x00100ed8 (0x0001b337) lui     t1, 0x1b
core   0: 3 0x00100ed8 (0x0001b337) x6  0x0001b000
core   0: 0x00100edc (0xa9830313) addi    t1, t1, -1384
core   0: 3 0x00100edc (0xa9830313) x6  0x0001aa98
core   0: 0x00100ee0 (0x00610133) add     sp, sp, t1
core   0: 3 0x00100ee0 (0x00610133) x2  0x0011dd88
core   0: >>>>  i00000000ff
core   0: 0x00100ee4 (0x78012803) lw      a6, 1920(sp)
core   0: 3 0x00100ee4 (0x78012803) x16 0x4ffa536e mem 0x0011e508
core   0: >>>>  i0000000100
core   0: 0x00100ee8 (0x009aff33) and     t5, s5, s1
core   0: 3 0x00100ee8 (0x009aff33) x30 0x000035d3
core   0: >>>>  i0000000101
core   0: 0x00100eec (0xbf410603) lb      a2, -1036(sp)
core   0: 3 0x00100eec (0xbf410603) x12 0x00000035 mem 0x0011d97c
core   0: >>>>  i0000000102
core   0: 0x00100ef0 (0x3ca35837) lui     a6, 0x3ca35
core   0: 3 0x00100ef0 (0x3ca35837) x16 0x3ca35000
core   0: >>>>  i0000000103
core   0: 0x00100ef4 (0x41ef5bb3) sra     s7, t5, t5
core   0: 3 0x00100ef4 (0x41ef5bb3) x23 0x00000000
core   0: >>>>  i0000000104
core   0: 0x00100ef8 (0xde411583) lh      a1, -540(sp)
core   0: 3 0x00100ef8 (0xde411583) x11 0xffff9678 mem 0x0011db6c
core   0: 0x00100efc (0x00a00e13) li      t3, 10
core   0: 3 0x00100efc (0x00a00e13) x28 0x0000000a
core   0: 0x00100f00 (0x00002117) auipc   sp, 0x2
core   0: 3 0x00100f00 (0x00002117) x2  0x00102f00
core   0: 0x00100f04 (0x3f010113) addi    sp, sp, 1008
core   0: 3 0x00100f04 (0x3f010113) x2  0x001032f0
core   0: 0x00100f08 (0x0000e337) lui     t1, 0xe
core   0: 3 0x00100f08 (0x0000e337) x6  0x0000e000
core   0: 0x00100f0c (0xbc030313) addi    t1, t1, -1088
core   0: 3 0x00100f0c (0xbc030313) x6  0x0000dbc0
core   0: 0x00100f10 (0x00610133) add     sp, sp, t1
core   0: 3 0x00100f10 (0x00610133) x2  0x00110eb0
core   0: 0x00100f14 (0x01d14c03) lbu     s8, 29(sp)
core   0: 3 0x00100f14 (0x01d14c03) x24 0x00000014 mem 0x00110ecd
core   0: 0x00100f18 (0x011edc13) srli    s8, t4, 17
core   0: 3 0x00100f18 (0x011edc13) x24 0x00000000
core   0: 0x00100f1c (0x01b448b3) xor     a7, s0, s11
core   0: 3 0x00100f1c (0x01b448b3) x17 0xffffb10e
core   0: 0x00100f20 (0x6f114403) lbu     s0, 1777(sp)
core   0: 3 0x00100f20 (0x6f114403) x8  0x0000004a mem 0x001115a1
core   0: 0x00100f24 (0x01deaa33) slt     s4, t4, t4
core   0: 3 0x00100f24 (0x01deaa33) x20 0x00000000
core   0: 0x00100f28 (0xda214783) lbu     a5, -606(sp)
core   0: 3 0x00100f28 (0xda214783) x15 0x00000003 mem 0x00110c52
core   0: 0x00100f2c (0x01d4a9b3) slt     s3, s1, t4
core   0: 3 0x00100f2c (0x01d4a9b3) x19 0x00000001
core   0: >>>>  b0000000105
core   0: 0x00100f30 (0x01cf8863) beq     t6, t3, pc + 16
core   0: 3 0x00100f30 (0x01cf8863)
core   0: 0x00100f40 (0x00a00f93) li      t6, 10
core   0: 3 0x00100f40 (0x00a00f93) x31 0x0000000a
core   0: 0x00100f44 (0xf8910323) sb      s1, -122(sp)
core   0: 3 0x00100f44 (0xf8910323) mem 0x00110e36 0xd7
core   0: 0x00100f48 (0xcf010023) sb      a6, -800(sp)
core   0: 3 0x00100f48 (0xcf010023) mem 0x00110b90 0x00
core   0: 0x00100f4c (0xc5611183) lh      gp, -938(sp)
core   0: 3 0x00100f4c (0xc5611183) x3  0x00005164 mem 0x00110b06
core   0: 0x00100f50 (0x41178c33) sub     s8, a5, a7
core   0: 3 0x00100f50 (0x41178c33) x24 0x00004ef5
core   0: 0x00100f54 (0x32386813) ori     a6, a6, 803
core   0: 3 0x00100f54 (0x32386813) x16 0x3ca35323
core   0: 0x00100f58 (0x89415b03) lhu     s6, -1900(sp)
core   0: 3 0x00100f58 (0x89415b03) x22 0x0000ea1d mem 0x00110744
core   0: 0x00100f5c (0x01527d33) and     s10, tp, s5
core   0: 3 0x00100f5c (0x01527d33) x26 0xffffdc60
core   0: >>>>  i0000000105
core   0: 0x00100f60 (0x7a526637) lui     a2, 0x7a526
core   0: 3 0x00100f60 (0x7a526637) x12 0x7a526000
core   0: >>>>  i0000000106
core   0: 0x00100f64 (0x34ed4813) xori    a6, s10, 846
core   0: 3 0x00100f64 (0x34ed4813) x16 0xffffdf2e
core   0: >>>>  i0000000107
core   0: 0x00100f68 (0x1cb10f03) lb      t5, 459(sp)
core   0: 3 0x00100f68 (0x1cb10f03) x30 0xffffff94 mem 0x0011107b
core   0: >>>>  i0000000108
core   0: 0x00100f6c (0x22011f03) lh      t5, 544(sp)
core   0: 3 0x00100f6c (0x22011f03) x30 0x00001457 mem 0x001110d0
core   0: >>>>  i0000000109
core   0: 0x00100f70 (0xc7d10da3) sb      t4, -901(sp)
core   0: 3 0x00100f70 (0xc7d10da3) mem 0x00110b2b 0xd9
core   0: >>>>  i000000010a
core   0: 0x00100f74 (0x01ef5733) srl     a4, t5, t5
core   0: 3 0x00100f74 (0x01ef5733) x14 0x00000000
core   0: >>>>  i000000010b
core   0: 0x00100f78 (0x2a4c2637) lui     a2, 0x2a4c2
core   0: 3 0x00100f78 (0x2a4c2637) x12 0x2a4c2000
core   0: 0x00100f7c (0x00002117) auipc   sp, 0x2
core   0: 3 0x00100f7c (0x00002117) x2  0x00102f7c
core   0: 0x00100f80 (0x37410113) addi    sp, sp, 884
core   0: 3 0x00100f80 (0x37410113) x2  0x001032f0
core   0: 0x00100f84 (0x00008337) lui     t1, 0x8
core   0: 3 0x00100f84 (0x00008337) x6  0x00008000
core   0: 0x00100f88 (0xef830313) addi    t1, t1, -264
core   0: 3 0x00100f88 (0xef830313) x6  0x00007ef8
core   0: 0x00100f8c (0x00610133) add     sp, sp, t1
core   0: 3 0x00100f8c (0x00610133) x2  0x0010b1e8
core   0: >>>>  i000000010c
core   0: 0x00100f90 (0x0f911323) sh      s9, 230(sp)
core   0: 3 0x00100f90 (0x0f911323) mem 0x0010b2ce 0x782a
core   0: >>>>  i000000010d
core   0: 0x00100f94 (0x008e9f33) sll     t5, t4, s0
core   0: 3 0x00100f94 (0x008e9f33) x30 0x01bb6400
core   0: >>>>  i000000010e
core   0: 0x00100f98 (0x29415d83) lhu     s11, 660(sp)
core   0: 3 0x00100f98 (0x29415d83) x27 0x0000aa37 mem 0x0010b47c
core   0: >>>>  i000000010f
core   0: 0x00100f9c (0x6fc15d03) lhu     s10, 1788(sp)
core   0: 3 0x00100f9c (0x6fc15d03) x26 0x00003a94 mem 0x0010b8e4
core   0: 0x00100fa0 (0x00002117) auipc   sp, 0x2
core   0: 3 0x00100fa0 (0x00002117) x2  0x00102fa0
core   0: 0x00100fa4 (0x35010113) addi    sp, sp, 848
core   0: 3 0x00100fa4 (0x35010113) x2  0x001032f0
core   0: 0x00100fa8 (0x00017337) lui     t1, 0x17
core   0: 3 0x00100fa8 (0x00017337) x6  0x00017000
core   0: 0x00100fac (0x7b030313) addi    t1, t1, 1968
core   0: 3 0x00100fac (0x7b030313) x6  0x000177b0
core   0: 0x00100fb0 (0x00610133) add     sp, sp, t1
core   0: 3 0x00100fb0 (0x00610133) x2  0x0011aaa0
core   0: >>>>  i0000000110
core   0: 0x00100fb4 (0xe1e10803) lb      a6, -482(sp)
core   0: 3 0x00100fb4 (0xe1e10803) x16 0x00000056 mem 0x0011a8be
core   0: >>>>  i0000000111
core   0: 0x00100fb8 (0x010f4f33) xor     t5, t5, a6
core   0: 3 0x00100fb8 (0x010f4f33) x30 0x01bb6456
core   0: >>>>  i0000000112
core   0: 0x00100fbc (0x008b8833) add     a6, s7, s0
core   0: 3 0x00100fbc (0x008b8833) x16 0x0000004a
core   0: >>>>  i0000000113
core   0: 0x00100fc0 (0x4ec3f617) auipc   a2, 0x4ec3f
core   0: 3 0x00100fc0 (0x4ec3f617) x12 0x4ed3ffc0
core   0: >>>>  i0000000114
core   0: 0x00100fc4 (0x5d9f2337) lui     t1, 0x5d9f2
core   0: 3 0x00100fc4 (0x5d9f2337) x6  0x5d9f2000
core   0: >>>>  i0000000115
core   0: 0x00100fc8 (0x47655617) auipc   a2, 0x47655
core   0: 3 0x00100fc8 (0x47655617) x12 0x47755fc8
core   0: >>>>  i0000000116
core   0: 0x00100fcc (0x76611e83) lh      t4, 1894(sp)
core   0: 3 0x00100fcc (0x76611e83) x29 0x00001316 mem 0x0011b206
core   0: >>>>  i0000000117
core   0: 0x00100fd0 (0x0c615603) lhu     a2, 198(sp)
core   0: 3 0x00100fd0 (0x0c615603) x12 0x00007d13 mem 0x0011ab66
core   0: >>>>  i0000000118
core   0: 0x00100fd4 (0x9cc12423) sw      a2, -1592(sp)
core   0: 3 0x00100fd4 (0x9cc12423) mem 0x0011a468 0x00007d13
core   0: 0x00100fd8 (0x00b00b13) li      s6, 11
core   0: 3 0x00100fd8 (0x00b00b13) x22 0x0000000b
core   0: 0x00100fdc (0x00a00f93) li      t6, 10
core   0: 3 0x00100fdc (0x00a00f93) x31 0x0000000a
core   0: 0x00100fe0 (0x00002117) auipc   sp, 0x2
core   0: 3 0x00100fe0 (0x00002117) x2  0x00102fe0
core   0: 0x00100fe4 (0x31010113) addi    sp, sp, 784
core   0: 3 0x00100fe4 (0x31010113) x2  0x001032f0
core   0: 0x00100fe8 (0x00004337) lui     t1, 0x4
core   0: 3 0x00100fe8 (0x00004337) x6  0x00004000
core   0: 0x00100fec (0x59830313) addi    t1, t1, 1432
core   0: 3 0x00100fec (0x59830313) x6  0x00004598
core   0: 0x00100ff0 (0x00610133) add     sp, sp, t1
core   0: 3 0x00100ff0 (0x00610133) x2  0x00107888
core   0: 0x00100ff4 (0xa2f92893) slti    a7, s2, -1489
core   0: 3 0x00100ff4 (0xa2f92893) x17 0x00000000
core   0: 0x00100ff8 (0x010838b3) sltu    a7, a6, a6
core   0: 3 0x00100ff8 (0x010838b3) x17 0x00000000
core   0: 0x00100ffc (0x01ce8433) add     s0, t4, t3
core   0: 3 0x00100ffc (0x01ce8433) x8  0x00001320
core   0: 0x00101000 (0x4f9e2893) slti    a7, t3, 1273
core   0: 3 0x00101000 (0x4f9e2893) x17 0x00000001
core   0: 0x00101004 (0x05410023) sb      s4, 64(sp)
core   0: 3 0x00101004 (0x05410023) mem 0x001078c8 0x00
core   0: 0x00101008 (0x0d010e03) lb      t3, 208(sp)
core   0: 3 0x00101008 (0x0d010e03) x28 0xffffff91 mem 0x00107958
core   0: 0x0010100c (0x010e2d33) slt     s10, t3, a6
core   0: 3 0x0010100c (0x010e2d33) x26 0x00000001
core   0: >>>>  b0000000119
core   0: 0x00101010 (0x00000033) add     zero, zero, zero
core   0: 3 0x00101010 (0x00000033)
core   0: 0x00101014 (0x056f9863) bne     t6, s6, pc + 80
core   0: 3 0x00101014 (0x056f9863)
core   0: >>>>  i000000011e
core   0: 0x00101064 (0x01953933) sltu    s2, a0, s9
core   0: 3 0x00101064 (0x01953933) x18 0x00000001
core   0: >>>>  i000000011f
core   0: 0x00101068 (0x01d03cb3) snez    s9, t4
core   0: 3 0x00101068 (0x01d03cb3) x25 0x00000001
core   0: >>>>  i0000000120
core   0: 0x0010106c (0x92f80e13) addi    t3, a6, -1745
core   0: 3 0x0010106c (0x92f80e13) x28 0xfffff979
core   0: 0x00101070 (0x00002117) auipc   sp, 0x2
core   0: 3 0x00101070 (0x00002117) x2  0x00103070
core   0: 0x00101074 (0x28010113) addi    sp, sp, 640
core   0: 3 0x00101074 (0x28010113) x2  0x001032f0
core   0: 0x00101078 (0x00017337) lui     t1, 0x17
core   0: 3 0x00101078 (0x00017337) x6  0x00017000
core   0: 0x0010107c (0x9c030313) addi    t1, t1, -1600
core   0: 3 0x0010107c (0x9c030313) x6  0x000169c0
core   0: 0x00101080 (0x00610133) add     sp, sp, t1
core   0: 3 0x00101080 (0x00610133) x2  0x00119cb0
core   0: >>>>  i0000000121
core   0: 0x00101084 (0x16210b83) lb      s7, 354(sp)
core   0: 3 0x00101084 (0x16210b83) x23 0xffffffe4 mem 0x00119e12
core   0: >>>>  i0000000122
core   0: 0x00101088 (0x75c10f03) lb      t5, 1884(sp)
core   0: 3 0x00101088 (0x75c10f03) x30 0xffffff82 mem 0x0011a40c
core   0: >>>>  i0000000123
core   0: 0x0010108c (0x41ef0633) sub     a2, t5, t5
core   0: 3 0x0010108c (0x41ef0633) x12 0x00000000
core   0: 0x00101090 (0x00002117) auipc   sp, 0x2
core   0: 3 0x00101090 (0x00002117) x2  0x00103090
core   0: 0x00101094 (0x26010113) addi    sp, sp, 608
core   0: 3 0x00101094 (0x26010113) x2  0x001032f0
core   0: 0x00101098 (0x00007337) lui     t1, 0x7
core   0: 3 0x00101098 (0x00007337) x6  0x00007000
core   0: 0x0010109c (0xb3030313) addi    t1, t1, -1232
core   0: 3 0x0010109c (0xb3030313) x6  0x00006b30
core   0: 0x001010a0 (0x00610133) add     sp, sp, t1
core   0: 3 0x001010a0 (0x00610133) x2  0x00109e20
core   0: >>>>  i0000000124
core   0: 0x001010a4 (0xbb812823) sw      s8, -1104(sp)
core   0: 3 0x001010a4 (0xbb812823) mem 0x001099d0 0x00004ef5
core   0: >>>>  i0000000125
core   0: 0x001010a8 (0x00ed6833) or      a6, s10, a4
core   0: 3 0x001010a8 (0x00ed6833) x16 0x00000001
core   0: >>>>  i0000000126
core   0: 0x001010ac (0x4083d813) srai    a6, t2, 8
core   0: 3 0x001010ac (0x4083d813) x16 0x00000000
core   0: >>>>  i0000000127
core   0: 0x001010b0 (0x395bed37) lui     s10, 0x395be
core   0: 3 0x001010b0 (0x395bed37) x26 0x395be000
core   0: >>>>  i0000000128
core   0: 0x001010b4 (0x38b14a03) lbu     s4, 907(sp)
core   0: 3 0x001010b4 (0x38b14a03) x20 0x000000bf mem 0x0010a1ab
core   0: >>>>  i0000000129
core   0: 0x001010b8 (0x766c61b7) lui     gp, 0x766c6
core   0: 3 0x001010b8 (0x766c61b7) x3  0x766c6000
core   0: >>>>  i000000012a
core   0: 0x001010bc (0x00a52833) slt     a6, a0, a0
core   0: 3 0x001010bc (0x00a52833) x16 0x00000000
core   0: >>>>  i000000012b
core   0: 0x001010c0 (0x4035d833) sra     a6, a1, gp
core   0: 3 0x001010c0 (0x4035d833) x16 0xffff9678
core   0: >>>>  i000000012c
core   0: 0x001010c4 (0x01ef1f33) sll     t5, t5, t5
core   0: 3 0x001010c4 (0x01ef1f33) x30 0xfffffe08
core   0: 0x001010c8 (0x00c00b93) li      s7, 12
core   0: 3 0x001010c8 (0x00c00b93) x23 0x0000000c
core   0: 0x001010cc (0x001f8f93) addi    t6, t6, 1
core   0: 3 0x001010cc (0x001f8f93) x31 0x0000000b
core   0: 0x001010d0 (0x00002117) auipc   sp, 0x2
core   0: 3 0x001010d0 (0x00002117) x2  0x001030d0
core   0: 0x001010d4 (0x22010113) addi    sp, sp, 544
core   0: 3 0x001010d4 (0x22010113) x2  0x001032f0
core   0: 0x001010d8 (0x0001f337) lui     t1, 0x1f
core   0: 3 0x001010d8 (0x0001f337) x6  0x0001f000
core   0: 0x001010dc (0x20030313) addi    t1, t1, 512
core   0: 3 0x001010dc (0x20030313) x6  0x0001f200
core   0: 0x001010e0 (0x00610133) add     sp, sp, t1
core   0: 3 0x001010e0 (0x00610133) x2  0x001224f0
core   0: 0x001010e4 (0x0009c4b3) xor     s1, s3, zero
core   0: 3 0x001010e4 (0x0009c4b3) x9  0x00000001
core   0: 0x001010e8 (0x03012b03) lw      s6, 48(sp)
core   0: 3 0x001010e8 (0x03012b03) x22 0xdb6ea455 mem 0x00122520
core   0: 0x001010ec (0xc1112023) sw      a7, -1024(sp)
core   0: 3 0x001010ec (0xc1112023) mem 0x001220f0 0x00000001
core   0: 0x001010f0 (0xe0a15403) lhu     s0, -502(sp)
core   0: 3 0x001010f0 (0xe0a15403) x8  0x0000bf90 mem 0x001222fa
core   0: 0x001010f4 (0x9b011f23) sh      a6, -1602(sp)
core   0: 3 0x001010f4 (0x9b011f23) mem 0x00121eae 0x9678
core   0: 0x001010f8 (0x003b2433) slt     s0, s6, gp
core   0: 3 0x001010f8 (0x003b2433) x8  0x00000001
core   0: 0x001010fc (0x40cb5d13) srai    s10, s6, 12
core   0: 3 0x001010fc (0x40cb5d13) x26 0xfffdb6ea
core   0: >>>>  b000000012d
core   0: 0x00101100 (0x00000033) add     zero, zero, zero
core   0: 3 0x00101100 (0x00000033)
core   0: 0x00101104 (0xf77fc4e3) blt     t6, s7, pc - 152
core   0: 3 0x00101104 (0xf77fc4e3)
core   0: >>>>  i0000000120
core   0: 0x0010106c (0x92f80e13) addi    t3, a6, -1745
core   0: 3 0x0010106c (0x92f80e13) x28 0xffff8fa7
core   0: 0x00101070 (0x00002117) auipc   sp, 0x2
core   0: 3 0x00101070 (0x00002117) x2  0x00103070
core   0: 0x00101074 (0x28010113) addi    sp, sp, 640
core   0: 3 0x00101074 (0x28010113) x2  0x001032f0
core   0: 0x00101078 (0x00017337) lui     t1, 0x17
core   0: 3 0x00101078 (0x00017337) x6  0x00017000
core   0: 0x0010107c (0x9c030313) addi    t1, t1, -1600
core   0: 3 0x0010107c (0x9c030313) x6  0x000169c0
core   0: 0x00101080 (0x00610133) add     sp, sp, t1
core   0: 3 0x00101080 (0x00610133) x2  0x00119cb0
core   0: >>>>  i0000000121
core   0: 0x00101084 (0x16210b83) lb      s7, 354(sp)
core   0: 3 0x00101084 (0x16210b83) x23 0xffffffe4 mem 0x00119e12
core   0: >>>>  i0000000122
core   0: 0x00101088 (0x75c10f03) lb      t5, 1884(sp)
core   0: 3 0x00101088 (0x75c10f03) x30 0xffffff82 mem 0x0011a40c
core   0: >>>>  i0000000123
core   0: 0x0010108c (0x41ef0633) sub     a2, t5, t5
core   0: 3 0x0010108c (0x41ef0633) x12 0x00000000
core   0: 0x00101090 (0x00002117) auipc   sp, 0x2
core   0: 3 0x00101090 (0x00002117) x2  0x00103090
core   0: 0x00101094 (0x26010113) addi    sp, sp, 608
core   0: 3 0x00101094 (0x26010113) x2  0x001032f0
core   0: 0x00101098 (0x00007337) lui     t1, 0x7
core   0: 3 0x00101098 (0x00007337) x6  0x00007000
core   0: 0x0010109c (0xb3030313) addi    t1, t1, -1232
core   0: 3 0x0010109c (0xb3030313) x6  0x00006b30
core   0: 0x001010a0 (0x00610133) add     sp, sp, t1
core   0: 3 0x001010a0 (0x00610133) x2  0x00109e20
core   0: >>>>  i0000000124
core   0: 0x001010a4 (0xbb812823) sw      s8, -1104(sp)
core   0: 3 0x001010a4 (0xbb812823) mem 0x001099d0 0x00004ef5
core   0: >>>>  i0000000125
core   0: 0x001010a8 (0x00ed6833) or      a6, s10, a4
core   0: 3 0x001010a8 (0x00ed6833) x16 0xfffdb6ea
core   0: >>>>  i0000000126
core   0: 0x001010ac (0x4083d813) srai    a6, t2, 8
core   0: 3 0x001010ac (0x4083d813) x16 0x00000000
core   0: >>>>  i0000000127
core   0: 0x001010b0 (0x395bed37) lui     s10, 0x395be
core   0: 3 0x001010b0 (0x395bed37) x26 0x395be000
core   0: >>>>  i0000000128
core   0: 0x001010b4 (0x38b14a03) lbu     s4, 907(sp)
core   0: 3 0x001010b4 (0x38b14a03) x20 0x000000bf mem 0x0010a1ab
core   0: >>>>  i0000000129
core   0: 0x001010b8 (0x766c61b7) lui     gp, 0x766c6
core   0: 3 0x001010b8 (0x766c61b7) x3  0x766c6000
core   0: >>>>  i000000012a
core   0: 0x001010bc (0x00a52833) slt     a6, a0, a0
core   0: 3 0x001010bc (0x00a52833) x16 0x00000000
core   0: >>>>  i000000012b
core   0: 0x001010c0 (0x4035d833) sra     a6, a1, gp
core   0: 3 0x001010c0 (0x4035d833) x16 0xffff9678
core   0: >>>>  i000000012c
core   0: 0x001010c4 (0x01ef1f33) sll     t5, t5, t5
core   0: 3 0x001010c4 (0x01ef1f33) x30 0xfffffe08
core   0: 0x001010c8 (0x00c00b93) li      s7, 12
core   0: 3 0x001010c8 (0x00c00b93) x23 0x0000000c
core   0: 0x001010cc (0x001f8f93) addi    t6, t6, 1
core   0: 3 0x001010cc (0x001f8f93) x31 0x0000000c
core   0: 0x001010d0 (0x00002117) auipc   sp, 0x2
core   0: 3 0x001010d0 (0x00002117) x2  0x001030d0
core   0: 0x001010d4 (0x22010113) addi    sp, sp, 544
core   0: 3 0x001010d4 (0x22010113) x2  0x001032f0
core   0: 0x001010d8 (0x0001f337) lui     t1, 0x1f
core   0: 3 0x001010d8 (0x0001f337) x6  0x0001f000
core   0: 0x001010dc (0x20030313) addi    t1, t1, 512
core   0: 3 0x001010dc (0x20030313) x6  0x0001f200
core   0: 0x001010e0 (0x00610133) add     sp, sp, t1
core   0: 3 0x001010e0 (0x00610133) x2  0x001224f0
core   0: 0x001010e4 (0x0009c4b3) xor     s1, s3, zero
core   0: 3 0x001010e4 (0x0009c4b3) x9  0x00000001
core   0: 0x001010e8 (0x03012b03) lw      s6, 48(sp)
core   0: 3 0x001010e8 (0x03012b03) x22 0xdb6ea455 mem 0x00122520
core   0: 0x001010ec (0xc1112023) sw      a7, -1024(sp)
core   0: 3 0x001010ec (0xc1112023) mem 0x001220f0 0x00000001
core   0: 0x001010f0 (0xe0a15403) lhu     s0, -502(sp)
core   0: 3 0x001010f0 (0xe0a15403) x8  0x0000bf90 mem 0x001222fa
core   0: 0x001010f4 (0x9b011f23) sh      a6, -1602(sp)
core   0: 3 0x001010f4 (0x9b011f23) mem 0x00121eae 0x9678
core   0: 0x001010f8 (0x003b2433) slt     s0, s6, gp
core   0: 3 0x001010f8 (0x003b2433) x8  0x00000001
core   0: 0x001010fc (0x40cb5d13) srai    s10, s6, 12
core   0: 3 0x001010fc (0x40cb5d13) x26 0xfffdb6ea
core   0: >>>>  b000000012d
core   0: 0x00101100 (0x00000033) add     zero, zero, zero
core   0: 3 0x00101100 (0x00000033)
core   0: 0x00101104 (0xf77fc4e3) blt     t6, s7, pc - 152
core   0: 3 0x00101104 (0xf77fc4e3)
core   0: 0x00101108 (0x00000033) add     zero, zero, zero
core   0: 3 0x00101108 (0x00000033)
core   0: 0x0010110c (0xf7010a23) sb      a6, -140(sp)
core   0: 3 0x0010110c (0xf7010a23) mem 0x00122464 0x78
core   0: 0x00101110 (0x3eee6c13) ori     s8, t3, 1006
core   0: 3 0x00101110 (0x3eee6c13) x24 0xffff8fef
core   0: 0x00101114 (0x0004dc93) srli    s9, s1, 0
core   0: 3 0x00101114 (0x0004dc93) x25 0x00000001
core   0: 0x00101118 (0x018018b3) sll     a7, zero, s8
core   0: 3 0x00101118 (0x018018b3) x17 0x00000000
core   0: 0x0010111c (0x04812903) lw      s2, 72(sp)
core   0: 3 0x0010111c (0x04812903) x18 0x4f308cf1 mem 0x00122538
core   0: 0x00101120 (0x53011483) lh      s1, 1328(sp)
core   0: 3 0x00101120 (0x53011483) x9  0xffffacf0 mem 0x00122a20
core   0: 0x00101124 (0x01f4d493) srli    s1, s1, 31
core   0: 3 0x00101124 (0x01f4d493) x9  0x00000001
core   0: 0x00101128 (0x00a00f93) li      t6, 10
core   0: 3 0x00101128 (0x00a00f93) x31 0x0000000a
core   0: >>>>  i000000012d
core   0: 0x0010112c (0x187aa817) auipc   a6, 0x187aa
core   0: 3 0x0010112c (0x187aa817) x16 0x188ab12c
core   0: >>>>  i000000012e
core   0: 0x00101130 (0x003aef33) or      t5, s5, gp
core   0: 3 0x00101130 (0x003aef33) x30 0xfffffdfb
core   0: >>>>  i000000012f
core   0: 0x00101134 (0x400d5d33) sra     s10, s10, zero
core   0: 3 0x00101134 (0x400d5d33) x26 0xfffdb6ea
core   0: 0x00101138 (0x00002117) auipc   sp, 0x2
core   0: 3 0x00101138 (0x00002117) x2  0x00103138
core   0: 0x0010113c (0x1b810113) addi    sp, sp, 440
core   0: 3 0x0010113c (0x1b810113) x2  0x001032f0
core   0: 0x00101140 (0x0001f337) lui     t1, 0x1f
core   0: 3 0x00101140 (0x0001f337) x6  0x0001f000
core   0: 0x00101144 (0xb7030313) addi    t1, t1, -1168
core   0: 3 0x00101144 (0xb7030313) x6  0x0001eb70
core   0: 0x00101148 (0x00610133) add     sp, sp, t1
core   0: 3 0x00101148 (0x00610133) x2  0x00121e60
core   0: >>>>  i0000000130
core   0: 0x0010114c (0x06a12223) sw      a0, 100(sp)
core   0: 3 0x0010114c (0x06a12223) mem 0x00121ec4 0x00000043
core   0: >>>>  i0000000131
core   0: 0x00101150 (0x1b811183) lh      gp, 440(sp)
core   0: 3 0x00101150 (0x1b811183) x3  0x00002c5a mem 0x00122018
core   0: >>>>  i0000000132
core   0: 0x00101154 (0x41435633) sra     a2, t1, s4
core   0: 3 0x00101154 (0x41435633) x12 0x00000000
core   0: >>>>  i0000000133
core   0: 0x00101158 (0x43411a83) lh      s5, 1076(sp)
core   0: 3 0x00101158 (0x43411a83) x21 0xffffa8af mem 0x00122294
core   0: 0x0010115c (0x00002117) auipc   sp, 0x2
core   0: 3 0x0010115c (0x00002117) x2  0x0010315c
core   0: 0x00101160 (0x19410113) addi    sp, sp, 404
core   0: 3 0x00101160 (0x19410113) x2  0x001032f0
core   0: 0x00101164 (0x00016337) lui     t1, 0x16
core   0: 3 0x00101164 (0x00016337) x6  0x00016000
core   0: 0x00101168 (0xab030313) addi    t1, t1, -1360
core   0: 3 0x00101168 (0xab030313) x6  0x00015ab0
core   0: 0x0010116c (0x00610133) add     sp, sp, t1
core   0: 3 0x0010116c (0x00610133) x2  0x00118da0
core   0: >>>>  i0000000134
core   0: 0x00101170 (0x3fd10283) lb      t0, 1021(sp)
core   0: 3 0x00101170 (0x3fd10283) x5  0xffffffce mem 0x0011919d
core   0: >>>>  i0000000135
core   0: 0x00101174 (0xd9562a13) slti    s4, a2, -619
core   0: 3 0x00101174 (0xd9562a13) x20 0x00000000
core   0: >>>>  i0000000136
core   0: 0x00101178 (0xb3011a23) sh      a6, -1228(sp)
core   0: 3 0x00101178 (0xb3011a23) mem 0x001188d4 0xb12c
core   0: >>>>  i0000000137
core   0: 0x0010117c (0xe3d12e23) sw      t4, -452(sp)
core   0: 3 0x0010117c (0xe3d12e23) mem 0x00118bdc 0x00001316
core   0: >>>>  i0000000138
core   0: 0x00101180 (0xd6f03613) sltiu   a2, zero, -657
core   0: 3 0x00101180 (0xd6f03613) x12 0x00000001
core   0: >>>>  i0000000139
core   0: 0x00101184 (0x014c6833) or      a6, s8, s4
core   0: 3 0x00101184 (0x014c6833) x16 0xffff8fef
core   0: >>>>  i000000013a
core   0: 0x00101188 (0x009f5c93) srli    s9, t5, 9
core   0: 3 0x00101188 (0x009f5c93) x25 0x007ffffe
core   0: >>>>  i000000013b
core   0: 0x0010118c (0x2f011f23) sh      a6, 766(sp)
core   0: 3 0x0010118c (0x2f011f23) mem 0x0011909e 0x8fef
core   0: >>>>  i000000013c
core   0: 0x00101190 (0x50c10ca3) sb      a2, 1305(sp)
core   0: 3 0x00101190 (0x50c10ca3) mem 0x001192b9 0x01
core   0: >>>>  i000000013d
core   0: 0x00101194 (0x01e65bb3) srl     s7, a2, t5
core   0: 3 0x00101194 (0x01e65bb3) x23 0x00000000
core   0: >>>>  i000000013e
core   0: 0x00101198 (0x0183e8b3) or      a7, t2, s8
core   0: 3 0x00101198 (0x0183e8b3) x17 0xffff8fef
core   0: >>>>  i000000013f
core   0: 0x0010119c (0x7e45a513) slti    a0, a1, 2020
core   0: 3 0x0010119c (0x7e45a513) x10 0x00000001
core   0: >>>>  i0000000140
core   0: 0x001011a0 (0x01e878b3) and     a7, a6, t5
core   0: 3 0x001011a0 (0x01e878b3) x17 0xffff8deb
core   0: 0x001011a4 (0x00900d13) li      s10, 9
core   0: 3 0x001011a4 (0x00900d13) x26 0x00000009
core   0: 0x001011a8 (0x00a00f93) li      t6, 10
core   0: 3 0x001011a8 (0x00a00f93) x31 0x0000000a
core   0: 0x001011ac (0x00002117) auipc   sp, 0x2
core   0: 3 0x001011ac (0x00002117) x2  0x001031ac
core   0: 0x001011b0 (0x14410113) addi    sp, sp, 324
core   0: 3 0x001011b0 (0x14410113) x2  0x001032f0
core   0: 0x001011b4 (0x00013337) lui     t1, 0x13
core   0: 3 0x001011b4 (0x00013337) x6  0x00013000
core   0: 0x001011b8 (0x6d830313) addi    t1, t1, 1752
core   0: 3 0x001011b8 (0x6d830313) x6  0x000136d8
core   0: 0x001011bc (0x00610133) add     sp, sp, t1
core   0: 3 0x001011bc (0x00610133) x2  0x001169c8
core   0: 0x001011c0 (0x00002117) auipc   sp, 0x2
core   0: 3 0x001011c0 (0x00002117) x2  0x001031c0
core   0: 0x001011c4 (0x13010113) addi    sp, sp, 304
core   0: 3 0x001011c4 (0x13010113) x2  0x001032f0
core   0: 0x001011c8 (0x00008337) lui     t1, 0x8
core   0: 3 0x001011c8 (0x00008337) x6  0x00008000
core   0: 0x001011cc (0x40030313) addi    t1, t1, 1024
core   0: 3 0x001011cc (0x40030313) x6  0x00008400
core   0: 0x001011d0 (0x00610133) add     sp, sp, t1
core   0: 3 0x001011d0 (0x00610133) x2  0x0010b6f0
core   0: 0x001011d4 (0x89210ca3) sb      s2, -1895(sp)
core   0: 3 0x001011d4 (0x89210ca3) mem 0x0010af89 0xf1
core   0: 0x001011d8 (0xaa411403) lh      s0, -1372(sp)
core   0: 3 0x001011d8 (0xaa411403) x8  0xffffbd7a mem 0x0010b194
core   0: 0x001011dc (0x0bd10c03) lb      s8, 189(sp)
core   0: 3 0x001011dc (0x0bd10c03) x24 0xffffff82 mem 0x0010b7ad
core   0: 0x001011e0 (0x00983833) sltu    a6, a6, s1
core   0: 3 0x001011e0 (0x00983833) x16 0x00000000
core   0: 0x001011e4 (0x010e29b3) slt     s3, t3, a6
core   0: 3 0x001011e4 (0x010e29b3) x19 0x00000001
core   0: 0x001011e8 (0x27a2fc17) auipc   s8, 0x27a2f
core   0: 3 0x001011e8 (0x27a2fc17) x24 0x27b301e8
core   0: 0x001011ec (0xd7e11883) lh      a7, -642(sp)
core   0: 3 0x001011ec (0xd7e11883) x17 0x00005799 mem 0x0010b46e
core   0: >>>>  b0000000141
core   0: 0x001011f0 (0x00000033) add     zero, zero, zero
core   0: 3 0x001011f0 (0x00000033)
core   0: 0x001011f4 (0x05fd5863) bge     s10, t6, pc + 80
core   0: 3 0x001011f4 (0x05fd5863)
core   0: 0x001011f8 (0x00000033) add     zero, zero, zero
core   0: 3 0x001011f8 (0x00000033)
core   0: 0x001011fc (0xe23c0a13) addi    s4, s8, -477
core   0: 3 0x001011fc (0xe23c0a13) x20 0x27b3000b
core   0: 0x00101200 (0x468103a3) sb      s0, 1127(sp)
core   0: 3 0x00101200 (0x468103a3) mem 0x0010bb57 0x7a
core   0: 0x00101204 (0xcd011623) sh      a6, -820(sp)
core   0: 3 0x00101204 (0xcd011623) mem 0x0010b3bc 0x0000
core   0: 0x00101208 (0x1ee11c23) sh      a4, 504(sp)
core   0: 3 0x00101208 (0x1ee11c23) mem 0x0010b8e8 0x0000
core   0: 0x0010120c (0x9c53cc13) xori    s8, t2, -1595
core   0: 3 0x0010120c (0x9c53cc13) x24 0xfffff9c4
core   0: 0x00101210 (0x018b6433) or      s0, s6, s8
core   0: 3 0x00101210 (0x018b6433) x8  0xfffffdd5
core   0: 0x00101214 (0xf8a11703) lh      a4, -118(sp)
core   0: 3 0x00101214 (0xf8a11703) x14 0xffffcf7d mem 0x0010b67a
core   0: 0x00101218 (0x00a00f93) li      t6, 10
core   0: 3 0x00101218 (0x00a00f93) x31 0x0000000a
core   0: 0x0010121c (0x00002117) auipc   sp, 0x2
core   0: 3 0x0010121c (0x00002117) x2  0x0010321c
core   0: 0x00101220 (0x0d410113) addi    sp, sp, 212
core   0: 3 0x00101220 (0x0d410113) x2  0x001032f0
core   0: 0x00101224 (0x0000e337) lui     t1, 0xe
core   0: 3 0x00101224 (0x0000e337) x6  0x0000e000
core   0: 0x00101228 (0xea830313) addi    t1, t1, -344
core   0: 3 0x00101228 (0xea830313) x6  0x0000dea8
core   0: 0x0010122c (0x00610133) add     sp, sp, t1
core   0: 3 0x0010122c (0x00610133) x2  0x00111198
core   0: >>>>  i0000000141
core   0: 0x00101230 (0x47e11923) sh      t5, 1138(sp)
core   0: 3 0x00101230 (0x47e11923) mem 0x0011160a 0xfdfb
core   0: >>>>  i0000000142
core   0: 0x00101234 (0x09214f03) lbu     t5, 146(sp)
core   0: 3 0x00101234 (0x09214f03) x30 0x00000068 mem 0x0011122a
core   0: >>>>  i0000000143
core   0: 0x00101238 (0x84a11803) lh      a6, -1974(sp)
core   0: 3 0x00101238 (0x84a11803) x16 0xffffe176 mem 0x001109e2
core   0: >>>>  i0000000144
core   0: 0x0010123c (0x010f6933) or      s2, t5, a6
core   0: 3 0x0010123c (0x010f6933) x18 0xffffe17e
core   0: >>>>  i0000000145
core   0: 0x00101240 (0x4ba4e817) auipc   a6, 0x4ba4e
core   0: 3 0x00101240 (0x4ba4e817) x16 0x4bb4f240
core   0: >>>>  i0000000146
core   0: 0x00101244 (0xb57c6613) ori     a2, s8, -1193
core   0: 3 0x00101244 (0xb57c6613) x12 0xfffffbd7
core   0: >>>>  i0000000147
core   0: 0x00101248 (0x9ea14603) lbu     a2, -1558(sp)
core   0: 3 0x00101248 (0x9ea14603) x12 0x00000043 mem 0x00110b82
core   0: >>>>  i0000000148
core   0: 0x0010124c (0x0045c633) xor     a2, a1, tp
core   0: 3 0x0010124c (0x0045c633) x12 0x00004a18
core   0: >>>>  i0000000149
core   0: 0x00101250 (0x08486493) ori     s1, a6, 132
core   0: 3 0x00101250 (0x08486493) x9  0x4bb4f2c4
core   0: >>>>  i000000014a
core   0: 0x00101254 (0xa1910023) sb      s9, -1536(sp)
core   0: 3 0x00101254 (0xa1910023) mem 0x00110b98 0xfe
core   0: >>>>  i000000014b
core   0: 0x00101258 (0x01ef5633) srl     a2, t5, t5
core   0: 3 0x00101258 (0x01ef5633) x12 0x00000000
core   0: >>>>  i000000014c
core   0: 0x0010125c (0xae314803) lbu     a6, -1309(sp)
core   0: 3 0x0010125c (0xae314803) x16 0x000000bb mem 0x00110c7b
core   0: >>>>  i000000014d
core   0: 0x00101260 (0x009cd4b3) srl     s1, s9, s1
core   0: 3 0x00101260 (0x009cd4b3) x9  0x0007ffff
core   0: >>>>  i000000014e
core   0: 0x00101264 (0xa4b10fa3) sb      a1, -1441(sp)
core   0: 3 0x00101264 (0xa4b10fa3) mem 0x00110bf7 0x78
core   0: 0x00101268 (0x00002117) auipc   sp, 0x2
core   0: 3 0x00101268 (0x00002117) x2  0x00103268
core   0: 0x0010126c (0x08810113) addi    sp, sp, 136
core   0: 3 0x0010126c (0x08810113) x2  0x001032f0
core   0: 0x00101270 (0x0000f337) lui     t1, 0xf
core   0: 3 0x00101270 (0x0000f337) x6  0x0000f000
core   0: 0x00101274 (0x25830313) addi    t1, t1, 600
core   0: 3 0x00101274 (0x25830313) x6  0x0000f258
core   0: 0x00101278 (0x00610133) add     sp, sp, t1
core   0: 3 0x00101278 (0x00610133) x2  0x00112548
core   0: >>>>  i000000014f
core   0: 0x0010127c (0x5c611923) sh      t1, 1490(sp)
core   0: 3 0x0010127c (0x5c611923) mem 0x00112b1a 0xf258
core   0: >>>>  i0000000150
core   0: 0x00101280 (0x40c85633) sra     a2, a6, a2
core   0: 3 0x00101280 (0x40c85633) x12 0x000000bb
core   0: >>>>  i0000000151
core   0: 0x00101284 (0x93964b13) xori    s6, a2, -1735
core   0: 3 0x00101284 (0x93964b13) x22 0xfffff982
core   0: >>>>  i0000000152
core   0: 0x00101288 (0x010f38b3) sltu    a7, t5, a6
core   0: 3 0x00101288 (0x010f38b3) x17 0x00000001
core   0: >>>>  i0000000153
core   0: 0x0010128c (0xa1f66c93) ori     s9, a2, -1505
core   0: 3 0x0010128c (0xa1f66c93) x25 0xfffffabf
core   0: >>>>  i0000000154
core   0: 0x00101290 (0x00cf4a33) xor     s4, t5, a2
core   0: 3 0x00101290 (0x00cf4a33) x20 0x000000d3
core   0: 0x00101294 (0x00b00b13) li      s6, 11
core   0: 3 0x00101294 (0x00b00b13) x22 0x0000000b
core   0: 0x00101298 (0x00a00f93) li      t6, 10
core   0: 3 0x00101298 (0x00a00f93) x31 0x0000000a
core   0: 0x0010129c (0x00002117) auipc   sp, 0x2
core   0: 3 0x0010129c (0x00002117) x2  0x0010329c
core   0: 0x001012a0 (0x05410113) addi    sp, sp, 84
core   0: 3 0x001012a0 (0x05410113) x2  0x001032f0
core   0: 0x001012a4 (0x0001a337) lui     t1, 0x1a
core   0: 3 0x001012a4 (0x0001a337) x6  0x0001a000
core   0: 0x001012a8 (0xa8830313) addi    t1, t1, -1400
core   0: 3 0x001012a8 (0xa8830313) x6  0x00019a88
core   0: 0x001012ac (0x00610133) add     sp, sp, t1
core   0: 3 0x001012ac (0x00610133) x2  0x0011cd78
core   0: 0x001012b0 (0x0147eeb3) or      t4, a5, s4
core   0: 3 0x001012b0 (0x0147eeb3) x29 0x000000d3
core   0: 0x001012b4 (0x403e5913) srai    s2, t3, 3
core   0: 3 0x001012b4 (0x403e5913) x18 0xfffff1f4
core   0: 0x001012b8 (0xe4815d03) lhu     s10, -440(sp)
core   0: 3 0x001012b8 (0xe4815d03) x26 0x0000d81d mem 0x0011cbc0
core   0: 0x001012bc (0x35215b83) lhu     s7, 850(sp)
core   0: 3 0x001012bc (0x35215b83) x23 0x00005414 mem 0x0011d0ca
core   0: 0x001012c0 (0x01e15803) lhu     a6, 30(sp)
core   0: 3 0x001012c0 (0x01e15803) x16 0x000045c7 mem 0x0011cd96
core   0: 0x001012c4 (0x1f214c03) lbu     s8, 498(sp)
core   0: 3 0x001012c4 (0x1f214c03) x24 0x000000be mem 0x0011cf6a
core   0: 0x001012c8 (0x0094fd33) and     s10, s1, s1
core   0: 3 0x001012c8 (0x0094fd33) x26 0x0007ffff
core   0: >>>>  b0000000155
core   0: 0x001012cc (0x00000033) add     zero, zero, zero
core   0: 3 0x001012cc (0x00000033)
core   0: 0x001012d0 (0x07fb5463) bge     s6, t6, pc + 104
core   0: 3 0x001012d0 (0x07fb5463)
core   0: >>>>  i0000000160
core   0: 0x00101338 (0x03512823) sw      s5, 48(sp)
core   0: 3 0x00101338 (0x03512823) mem 0x0011cda8 0xffffa8af
core   0: >>>>  i0000000161
core   0: 0x0010133c (0xeba87493) andi    s1, a6, -326
core   0: 3 0x0010133c (0xeba87493) x9  0x00004482
core   0: >>>>  i0000000162
core   0: 0x00101340 (0x015c8eb3) add     t4, s9, s5
core   0: 3 0x00101340 (0x015c8eb3) x29 0xffffa36e
core   0: >>>>  i0000000163
core   0: 0x00101344 (0x01b79f13) slli    t5, a5, 27
core   0: 3 0x00101344 (0x01b79f13) x30 0x18000000
core   0: 0x00101348 (0x00002117) auipc   sp, 0x2
core   0: 3 0x00101348 (0x00002117) x2  0x00103348
core   0: 0x0010134c (0xfa810113) addi    sp, sp, -88
core   0: 3 0x0010134c (0xfa810113) x2  0x001032f0
core   0: 0x00101350 (0x0000b337) lui     t1, 0xb
core   0: 3 0x00101350 (0x0000b337) x6  0x0000b000
core   0: 0x00101354 (0x32030313) addi    t1, t1, 800
core   0: 3 0x00101354 (0x32030313) x6  0x0000b320
core   0: 0x00101358 (0x00610133) add     sp, sp, t1
core   0: 3 0x00101358 (0x00610133) x2  0x0010e610
core   0: >>>>  i0000000164
core   0: 0x0010135c (0x9c215183) lhu     gp, -1598(sp)
core   0: 3 0x0010135c (0x9c215183) x3  0x00000eaa mem 0x0010dfd2
core   0: >>>>  i0000000165
core   0: 0x00101360 (0x40c85833) sra     a6, a6, a2
core   0: 3 0x00101360 (0x40c85833) x16 0x00000000
core   0: >>>>  i0000000166
core   0: 0x00101364 (0xcf212c23) sw      s2, -776(sp)
core   0: 3 0x00101364 (0xcf212c23) mem 0x0010e308 0xfffff1f4
core   0: 0x00101368 (0x00002117) auipc   sp, 0x2
core   0: 3 0x00101368 (0x00002117) x2  0x00103368
core   0: 0x0010136c (0xf8810113) addi    sp, sp, -120
core   0: 3 0x0010136c (0xf8810113) x2  0x001032f0
core   0: 0x00101370 (0x00002337) lui     t1, 0x2
core   0: 3 0x00101370 (0x00002337) x6  0x00002000
core   0: 0x00101374 (0x83830313) addi    t1, t1, -1992
core   0: 3 0x00101374 (0x83830313) x6  0x00001838
core   0: 0x00101378 (0x00610133) add     sp, sp, t1
core   0: 3 0x00101378 (0x00610133) x2  0x00104b28
core   0: >>>>  i0000000167
core   0: 0x0010137c (0xcaa15f03) lhu     t5, -854(sp)
core   0: 3 0x0010137c (0xcaa15f03) x30 0x0000a7f5 mem 0x001047d2
core   0: >>>>  i0000000168
core   0: 0x00101380 (0xc9e12c23) sw      t5, -872(sp)
core   0: 3 0x00101380 (0xc9e12c23) mem 0x001047c0 0x0000a7f5
core   0: 0x00101384 (0x00900993) li      s3, 9
core   0: 3 0x00101384 (0x00900993) x19 0x00000009
core   0: 0x00101388 (0x00002117) auipc   sp, 0x2
core   0: 3 0x00101388 (0x00002117) x2  0x00103388
core   0: 0x0010138c (0xf6810113) addi    sp, sp, -152
core   0: 3 0x0010138c (0xf6810113) x2  0x001032f0
core   0: 0x00101390 (0x00008337) lui     t1, 0x8
core   0: 3 0x00101390 (0x00008337) x6  0x00008000
core   0: 0x00101394 (0x8d030313) addi    t1, t1, -1840
core   0: 3 0x00101394 (0x8d030313) x6  0x000078d0
core   0: 0x00101398 (0x00610133) add     sp, sp, t1
core   0: 3 0x00101398 (0x00610133) x2  0x0010abc0
core   0: 0x0010139c (0x2a811c83) lh      s9, 680(sp)
core   0: 3 0x0010139c (0x2a811c83) x25 0x0000709a mem 0x0010ae68
core   0: 0x001013a0 (0x0094f833) and     a6, s1, s1
core   0: 3 0x001013a0 (0x0094f833) x16 0x00004482
core   0: 0x001013a4 (0x49211c03) lh      s8, 1170(sp)
core   0: 3 0x001013a4 (0x49211c03) x24 0xffffab26 mem 0x0010b052
core   0: 0x001013a8 (0x01048933) add     s2, s1, a6
core   0: 3 0x001013a8 (0x01048933) x18 0x00008904
core   0: 0x001013ac (0x7ae15703) lhu     a4, 1966(sp)
core   0: 3 0x001013ac (0x7ae15703) x14 0x000025b9 mem 0x0010b36e
core   0: 0x001013b0 (0x36c12b83) lw      s7, 876(sp)
core   0: 3 0x001013b0 (0x36c12b83) x23 0x4d97e336 mem 0x0010af2c
core   0: 0x001013b4 (0x5d614d03) lbu     s10, 1494(sp)
core   0: 3 0x001013b4 (0x5d614d03) x26 0x0000000b mem 0x0010b196
core   0: >>>>  b0000000169
core   0: 0x001013b8 (0x00000033) add     zero, zero, zero
core   0: 3 0x001013b8 (0x00000033)
core   0: 0x001013bc (0xf93fc4e3) blt     t6, s3, pc - 120
core   0: 3 0x001013bc (0xf93fc4e3)
core   0: 0x001013c0 (0x00000033) add     zero, zero, zero
core   0: 3 0x001013c0 (0x00000033)
core   0: 0x001013c4 (0x41e85813) srai    a6, a6, 30
core   0: 3 0x001013c4 (0x41e85813) x16 0x00000000
core   0: 0x001013c8 (0x014a5a93) srli    s5, s4, 20
core   0: 3 0x001013c8 (0x014a5a93) x21 0x00000000
core   0: 0x001013cc (0x45011123) sh      a6, 1090(sp)
core   0: 3 0x001013cc (0x45011123) mem 0x0010b002 0x0000
core   0: 0x001013d0 (0x00ee1e13) slli    t3, t3, 14
core   0: 3 0x001013d0 (0x00ee1e13) x28 0xe3e9c000
core   0: 0x001013d4 (0x000d14b3) sll     s1, s10, zero
core   0: 3 0x001013d4 (0x000d14b3) x9  0x0000000b
core   0: 0x001013d8 (0x189106a3) sb      s1, 397(sp)
core   0: 3 0x001013d8 (0x189106a3) mem 0x0010ad4d 0x0b
core   0: 0x001013dc (0x138bc813) xori    a6, s7, 312
core   0: 3 0x001013dc (0x138bc813) x16 0x4d97e20e
core   0: 0x001013e0 (0x00a00f93) li      t6, 10
core   0: 3 0x001013e0 (0x00a00f93) x31 0x0000000a
core   0: >>>>  i0000000169
core   0: 0x001013e4 (0x25a10ea3) sb      s10, 605(sp)
core   0: 3 0x001013e4 (0x25a10ea3) mem 0x0010ae1d 0x0b
core   0: >>>>  i000000016a
core   0: 0x001013e8 (0x009ba5b3) slt     a1, s7, s1
core   0: 3 0x001013e8 (0x009ba5b3) x11 0x00000000
core   0: >>>>  i000000016b
core   0: 0x001013ec (0x05415603) lhu     a2, 84(sp)
core   0: 3 0x001013ec (0x05415603) x12 0x0000d55f mem 0x0010ac14
core   0: >>>>  i000000016c
core   0: 0x001013f0 (0x01c039b3) snez    s3, t3
core   0: 3 0x001013f0 (0x01c039b3) x19 0x00000001
core   0: >>>>  i000000016d
core   0: 0x001013f4 (0x68514503) lbu     a0, 1669(sp)
core   0: 3 0x001013f4 (0x68514503) x10 0x00000088 mem 0x0010b245
core   0: >>>>  i000000016e
core   0: 0x001013f8 (0x00c86eb3) or      t4, a6, a2
core   0: 3 0x001013f8 (0x00c86eb3) x29 0x4d97f75f
core   0: >>>>  i000000016f
core   0: 0x001013fc (0xf7410ba3) sb      s4, -137(sp)
core   0: 3 0x001013fc (0xf7410ba3) mem 0x0010ab37 0xd3
core   0: >>>>  i0000000170
core   0: 0x00101400 (0x22812583) lw      a1, 552(sp)
core   0: 3 0x00101400 (0x22812583) x11 0x1e38e4fd mem 0x0010ade8
core   0: >>>>  i0000000171
core   0: 0x00101404 (0x1c011a23) sh      zero, 468(sp)
core   0: 3 0x00101404 (0x1c011a23) mem 0x0010ad94 0x0000
core   0: 0x00101408 (0x00002117) auipc   sp, 0x2
core   0: 3 0x00101408 (0x00002117) x2  0x00103408
core   0: 0x0010140c (0xee810113) addi    sp, sp, -280
core   0: 3 0x0010140c (0xee810113) x2  0x001032f0
core   0: 0x00101410 (0x00015337) lui     t1, 0x15
core   0: 3 0x00101410 (0x00015337) x6  0x00015000
core   0: 0x00101414 (0x8a830313) addi    t1, t1, -1880
core   0: 3 0x00101414 (0x8a830313) x6  0x000148a8
core   0: 0x00101418 (0x00610133) add     sp, sp, t1
core   0: 3 0x00101418 (0x00610133) x2  0x00117b98
core   0: >>>>  i0000000172
core   0: 0x0010141c (0x4a514483) lbu     s1, 1189(sp)
core   0: 3 0x0010141c (0x4a514483) x9  0x0000001d mem 0x0011803d
core   0: >>>>  i0000000173
core   0: 0x00101420 (0x04c11e23) sh      a2, 92(sp)
core   0: 3 0x00101420 (0x04c11e23) mem 0x00117bf4 0xd55f
core   0: 0x00101424 (0x00002117) auipc   sp, 0x2
core   0: 3 0x00101424 (0x00002117) x2  0x00103424
core   0: 0x00101428 (0xecc10113) addi    sp, sp, -308
core   0: 3 0x00101428 (0xecc10113) x2  0x001032f0
core   0: 0x0010142c (0x0001b337) lui     t1, 0x1b
core   0: 3 0x0010142c (0x0001b337) x6  0x0001b000
core   0: 0x00101430 (0xe8030313) addi    t1, t1, -384
core   0: 3 0x00101430 (0xe8030313) x6  0x0001ae80
core   0: 0x00101434 (0x00610133) add     sp, sp, t1
core   0: 3 0x00101434 (0x00610133) x2  0x0011e170
core   0: >>>>  i0000000174
core   0: 0x00101438 (0xaa412e03) lw      t3, -1372(sp)
core   0: 3 0x00101438 (0xaa412e03) x28 0x42720ffa mem 0x0011dc14
core   0: >>>>  i0000000175
core   0: 0x0010143c (0xa8210f03) lb      t5, -1406(sp)
core   0: 3 0x0010143c (0xa8210f03) x30 0x00000053 mem 0x0011dbf2
core   0: >>>>  i0000000176
core   0: 0x00101440 (0x00bdd533) srl     a0, s11, a1
core   0: 3 0x00101440 (0x00bdd533) x10 0x00000000
core   0: >>>>  i0000000177
core   0: 0x00101444 (0x41ba8ab3) sub     s5, s5, s11
core   0: 3 0x00101444 (0x41ba8ab3) x21 0xffff55c9
core   0: >>>>  i0000000178
core   0: 0x00101448 (0x0a0eb613) sltiu   a2, t4, 160
core   0: 3 0x00101448 (0x0a0eb613) x12 0x00000000
core   0: 0x0010144c (0x00002117) auipc   sp, 0x2
core   0: 3 0x0010144c (0x00002117) x2  0x0010344c
core   0: 0x00101450 (0xea410113) addi    sp, sp, -348
core   0: 3 0x00101450 (0xea410113) x2  0x001032f0
core   0: 0x00101454 (0x00015337) lui     t1, 0x15
core   0: 3 0x00101454 (0x00015337) x6  0x00015000
core   0: 0x00101458 (0x1f030313) addi    t1, t1, 496
core   0: 3 0x00101458 (0x1f030313) x6  0x000151f0
core   0: 0x0010145c (0x00610133) add     sp, sp, t1
core   0: 3 0x0010145c (0x00610133) x2  0x001184e0
core   0: >>>>  i0000000179
core   0: 0x00101460 (0x69812f03) lw      t5, 1688(sp)
core   0: 3 0x00101460 (0x69812f03) x30 0xe9c6167f mem 0x00118b78
core   0: >>>>  i000000017a
core   0: 0x00101464 (0xd1010f23) sb      a6, -738(sp)
core   0: 3 0x00101464 (0xd1010f23) mem 0x001181fe 0x0e
core   0: >>>>  i000000017b
core   0: 0x00101468 (0x49c07637) lui     a2, 0x49c07
core   0: 3 0x00101468 (0x49c07637) x12 0x49c07000
core   0: >>>>  i000000017c
core   0: 0x0010146c (0x00a7cf33) xor     t5, a5, a0
core   0: 3 0x0010146c (0x00a7cf33) x30 0x00000003
core   0: 0x00101470 (0x00a00e13) li      t3, 10
core   0: 3 0x00101470 (0x00a00e13) x28 0x0000000a
core   0: 0x00101474 (0x00a00f93) li      t6, 10
core   0: 3 0x00101474 (0x00a00f93) x31 0x0000000a
core   0: 0x00101478 (0x00002117) auipc   sp, 0x2
core   0: 3 0x00101478 (0x00002117) x2  0x00103478
core   0: 0x0010147c (0xe7810113) addi    sp, sp, -392
core   0: 3 0x0010147c (0xe7810113) x2  0x001032f0
core   0: 0x00101480 (0x00002337) lui     t1, 0x2
core   0: 3 0x00101480 (0x00002337) x6  0x00002000
core   0: 0x00101484 (0x39030313) addi    t1, t1, 912
core   0: 3 0x00101484 (0x39030313) x6  0x00002390
core   0: 0x00101488 (0x00610133) add     sp, sp, t1
core   0: 3 0x00101488 (0x00610133) x2  0x00105680
core   0: 0x0010148c (0x00002117) auipc   sp, 0x2
core   0: 3 0x0010148c (0x00002117) x2  0x0010348c
core   0: 0x00101490 (0xe6410113) addi    sp, sp, -412
core   0: 3 0x00101490 (0xe6410113) x2  0x001032f0
core   0: 0x00101494 (0x0000b337) lui     t1, 0xb
core   0: 3 0x00101494 (0x0000b337) x6  0x0000b000
core   0: 0x00101498 (0x4d030313) addi    t1, t1, 1232
core   0: 3 0x00101498 (0x4d030313) x6  0x0000b4d0
core   0: 0x0010149c (0x00610133) add     sp, sp, t1
core   0: 3 0x0010149c (0x00610133) x2  0x0010e7c0
core   0: 0x001014a0 (0x009e81b3) add     gp, t4, s1
core   0: 3 0x001014a0 (0x009e81b3) x3  0x4d97f77c
core   0: 0x001014a4 (0x404b0833) sub     a6, s6, tp
core   0: 3 0x001014a4 (0x404b0833) x16 0x000023ab
core   0: 0x001014a8 (0x490101a3) sb      a6, 1155(sp)
core   0: 3 0x001014a8 (0x490101a3) mem 0x0010ec43 0xab
core   0: 0x001014ac (0x01d4f9b3) and     s3, s1, t4
core   0: 3 0x001014ac (0x01d4f9b3) x19 0x0000001d
core   0: 0x001014b0 (0x07812883) lw      a7, 120(sp)
core   0: 3 0x001014b0 (0x07812883) x17 0x1392d846 mem 0x0010e838
core   0: 0x001014b4 (0x012d5493) srli    s1, s10, 18
core   0: 3 0x001014b4 (0x012d5493) x9  0x00000000
core   0: 0x001014b8 (0x52d10183) lb      gp, 1325(sp)
core   0: 3 0x001014b8 (0x52d10183) x3  0xffffff9d mem 0x0010eced
core   0: >>>>  b000000017d
core   0: 0x001014bc (0x00000033) add     zero, zero, zero
core   0: 3 0x001014bc (0x00000033)
core   0: 0x001014c0 (0x05cf9063) bne     t6, t3, pc + 64
core   0: 3 0x001014c0 (0x05cf9063)
core   0: 0x001014c4 (0x00000033) add     zero, zero, zero
core   0: 3 0x001014c4 (0x00000033)
core   0: 0x001014c8 (0x01811383) lh      t2, 24(sp)
core   0: 3 0x001014c8 (0x01811383) x7  0x00002e71 mem 0x0010e7d8
core   0: 0x001014cc (0x98714483) lbu     s1, -1657(sp)
core   0: 3 0x001014cc (0x98714483) x9  0x00000025 mem 0x0010e147
core   0: 0x001014d0 (0x41bedc13) srai    s8, t4, 27
core   0: 3 0x001014d0 (0x41bedc13) x24 0x00000009
core   0: 0x001014d4 (0x010ebbb3) sltu    s7, t4, a6
core   0: 3 0x001014d4 (0x010ebbb3) x23 0x00000000
core   0: 0x001014d8 (0x73511823) sh      s5, 1840(sp)
core   0: 3 0x001014d8 (0x73511823) mem 0x0010eef0 0x55c9
core   0: 0x001014dc (0xc8eb0993) addi    s3, s6, -882
core   0: 3 0x001014dc (0xc8eb0993) x19 0xfffffc99
core   0: 0x001014e0 (0x002e9c13) slli    s8, t4, 2
core   0: 3 0x001014e0 (0x002e9c13) x24 0x365fdd7c
core   0: 0x001014e4 (0x00a00f93) li      t6, 10
core   0: 3 0x001014e4 (0x00a00f93) x31 0x0000000a
core   0: >>>>  i000000017d
core   0: 0x001014e8 (0x9be12623) sw      t5, -1620(sp)
core   0: 3 0x001014e8 (0x9be12623) mem 0x0010e16c 0x00000003
core   0: >>>>  i000000017e
core   0: 0x001014ec (0x2c610483) lb      s1, 710(sp)
core   0: 3 0x001014ec (0x2c610483) x9  0xffffffa4 mem 0x0010ea86
core   0: >>>>  i000000017f
core   0: 0x001014f0 (0x00d35613) srli    a2, t1, 13
core   0: 3 0x001014f0 (0x00d35613) x12 0x00000005
core   0: >>>>  i0000000180
core   0: 0x001014f4 (0x31e11223) sh      t5, 772(sp)
core   0: 3 0x001014f4 (0x31e11223) mem 0x0010eac4 0x0003
core   0: >>>>  i0000000181
core   0: 0x001014f8 (0x01cacf33) xor     t5, s5, t3
core   0: 3 0x001014f8 (0x01cacf33) x30 0xffff55c3
core   0: >>>>  i0000000182
core   0: 0x001014fc (0x00deff33) and     t5, t4, a3
core   0: 3 0x001014fc (0x00deff33) x30 0x0000004a
core   0: >>>>  i0000000183
core   0: 0x00101500 (0x00c86333) or      t1, a6, a2
core   0: 3 0x00101500 (0x00c86333) x6  0x000023af
core   0: >>>>  i0000000184
core   0: 0x00101504 (0x07011b23) sh      a6, 118(sp)
core   0: 3 0x00101504 (0x07011b23) mem 0x0010e836 0x23ab
core   0: >>>>  i0000000185
core   0: 0x00101508 (0x01095213) srli    tp, s2, 16
core   0: 3 0x00101508 (0x01095213) x4  0x00000000
core   0: >>>>  i0000000186
core   0: 0x0010150c (0x13815b03) lhu     s6, 312(sp)
core   0: 3 0x0010150c (0x13815b03) x22 0x0000a110 mem 0x0010e8f8
core   0: >>>>  i0000000187
core   0: 0x00101510 (0x2c4106a3) sb      tp, 717(sp)
core   0: 3 0x00101510 (0x2c4106a3) mem 0x0010ea8d 0x00
core   0: >>>>  i0000000188
core   0: 0x00101514 (0x560d7f37) lui     t5, 0x560d7
core   0: 3 0x00101514 (0x560d7f37) x30 0x560d7000
core   0: >>>>  i0000000189
core   0: 0x00101518 (0x59abcc17) auipc   s8, 0x59abc
core   0: 3 0x00101518 (0x59abcc17) x24 0x59bbd518
core   0: >>>>  i000000018a
core   0: 0x0010151c (0x50983a13) sltiu   s4, a6, 1289
core   0: 3 0x0010151c (0x50983a13) x20 0x00000000
core   0: >>>>  i000000018b
core   0: 0x00101520 (0x010f5db3) srl     s11, t5, a6
core   0: 3 0x00101520 (0x010f5db3) x27 0x000ac1ae
core   0: >>>>  i000000018c
core   0: 0x00101524 (0x017c57b3) srl     a5, s8, s7
core   0: 3 0x00101524 (0x017c57b3) x15 0x59bbd518
core   0: >>>>  i000000018d
core   0: 0x00101528 (0x01b95833) srl     a6, s2, s11
core   0: 3 0x00101528 (0x01b95833) x16 0x00000002
core   0: >>>>  i000000018e
core   0: 0x0010152c (0x41485f13) srai    t5, a6, 20
core   0: 3 0x0010152c (0x41485f13) x30 0x00000000
core   0: >>>>  i000000018f
core   0: 0x00101530 (0x00da5613) srli    a2, s4, 13
core   0: 3 0x00101530 (0x00da5613) x12 0x00000000
core   0: >>>>  i0000000190
core   0: 0x00101534 (0x1d42ef13) ori     t5, t0, 468
core   0: 3 0x00101534 (0x1d42ef13) x30 0xffffffde
core   0: 0x00101538 (0x00a00a13) li      s4, 10
core   0: 3 0x00101538 (0x00a00a13) x20 0x0000000a
core   0: 0x0010153c (0x00002117) auipc   sp, 0x2
core   0: 3 0x0010153c (0x00002117) x2  0x0010353c
core   0: 0x00101540 (0xdb410113) addi    sp, sp, -588
core   0: 3 0x00101540 (0xdb410113) x2  0x001032f0
core   0: 0x00101544 (0x0000c337) lui     t1, 0xc
core   0: 3 0x00101544 (0x0000c337) x6  0x0000c000
core   0: 0x00101548 (0xde030313) addi    t1, t1, -544
core   0: 3 0x00101548 (0xde030313) x6  0x0000bde0
core   0: 0x0010154c (0x00610133) add     sp, sp, t1
core   0: 3 0x0010154c (0x00610133) x2  0x0010f0d0
core   0: 0x00101550 (0x009e41b3) xor     gp, t3, s1
core   0: 3 0x00101550 (0x009e41b3) x3  0xffffffae
core   0: 0x00101554 (0xde912423) sw      s1, -536(sp)
core   0: 3 0x00101554 (0xde912423) mem 0x0010eeb8 0xffffffa4
core   0: 0x00101558 (0x01c4e3b3) or      t2, s1, t3
core   0: 3 0x00101558 (0x01c4e3b3) x7  0xffffffae
core   0: 0x0010155c (0x01ce48b3) xor     a7, t3, t3
core   0: 3 0x0010155c (0x01ce48b3) x17 0x00000000
core   0: 0x00101560 (0x52b9d8b7) lui     a7, 0x52b9d
core   0: 3 0x00101560 (0x52b9d8b7) x17 0x52b9d000
core   0: 0x00101564 (0x78615803) lhu     a6, 1926(sp)
core   0: 3 0x00101564 (0x78615803) x16 0x0000132f mem 0x0010f856
core   0: 0x00101568 (0xc1812d03) lw      s10, -1000(sp)
core   0: 3 0x00101568 (0xc1812d03) x26 0x2a6ec97e mem 0x0010ece8
core   0: >>>>  b0000000191
core   0: 0x0010156c (0x014f8863) beq     t6, s4, pc + 16
core   0: 3 0x0010156c (0x014f8863)
core   0: 0x0010157c (0x00a00f93) li      t6, 10
core   0: 3 0x0010157c (0x00a00f93) x31 0x0000000a
core   0: 0x00101580 (0x77f10983) lb      s3, 1919(sp)
core   0: 3 0x00101580 (0x77f10983) x19 0x00000000 mem 0x0010f84f
core   0: 0x00101584 (0x96e15803) lhu     a6, -1682(sp)
core   0: 3 0x00101584 (0x96e15803) x16 0x00004080 mem 0x0010ea3e
core   0: 0x00101588 (0x00fa84b3) add     s1, s5, a5
core   0: 3 0x00101588 (0x00fa84b3) x9  0x59bb2ae1
core   0: 0x0010158c (0x35011e23) sh      a6, 860(sp)
core   0: 3 0x0010158c (0x35011e23) mem 0x0010f42c 0x4080
core   0: 0x00101590 (0xcda48913) addi    s2, s1, -806
core   0: 3 0x00101590 (0xcda48913) x18 0x59bb27bb
core   0: 0x00101594 (0x40885d93) srai    s11, a6, 8
core   0: 3 0x00101594 (0x40885d93) x27 0x00000040
core   0: 0x00101598 (0x1c114783) lbu     a5, 449(sp)
core   0: 3 0x00101598 (0x1c114783) x15 0x000000de mem 0x0010f291
core   0: >>>>  i0000000191
core   0: 0x0010159c (0x406f5813) srai    a6, t5, 6
core   0: 3 0x0010159c (0x406f5813) x16 0xffffffff
core   0: >>>>  i0000000192
core   0: 0x001015a0 (0x40c65633) sra     a2, a2, a2
core   0: 3 0x001015a0 (0x40c65633) x12 0x00000000
core   0: >>>>  i0000000193
core   0: 0x001015a4 (0x45684a93) xori    s5, a6, 1110
core   0: 3 0x001015a4 (0x45684a93) x21 0xfffffba9
core   0: >>>>  i0000000194
core   0: 0x001015a8 (0xb1fe6813) ori     a6, t3, -1249
core   0: 3 0x001015a8 (0xb1fe6813) x16 0xfffffb1f
core   0: >>>>  i0000000195
core   0: 0x001015ac (0x49ec0b97) auipc   s7, 0x49ec0
core   0: 3 0x001015ac (0x49ec0b97) x23 0x49fc15ac
core   0: >>>>  i0000000196
core   0: 0x001015b0 (0xe9011f23) sh      a6, -354(sp)
core   0: 3 0x001015b0 (0xe9011f23) mem 0x0010ef6e 0xfb1f
core   0: >>>>  i0000000197
core   0: 0x001015b4 (0x41785813) srai    a6, a6, 23
core   0: 3 0x001015b4 (0x41785813) x16 0xffffffff
core   0: >>>>  i0000000198
core   0: 0x001015b8 (0x41e851b3) sra     gp, a6, t5
core   0: 3 0x001015b8 (0x41e851b3) x3  0xffffffff
core   0: >>>>  i0000000199
core   0: 0x001015bc (0x16c8a037) lui     zero, 0x16c8a
core   0: 3 0x001015bc (0x16c8a037)
core   0: 0x001015c0 (0x00002117) auipc   sp, 0x2
core   0: 3 0x001015c0 (0x00002117) x2  0x001035c0
core   0: 0x001015c4 (0xd3010113) addi    sp, sp, -720
core   0: 3 0x001015c4 (0xd3010113) x2  0x001032f0
core   0: 0x001015c8 (0x0001d337) lui     t1, 0x1d
core   0: 3 0x001015c8 (0x0001d337) x6  0x0001d000
core   0: 0x001015cc (0xa5830313) addi    t1, t1, -1448
core   0: 3 0x001015cc (0xa5830313) x6  0x0001ca58
core   0: 0x001015d0 (0x00610133) add     sp, sp, t1
core   0: 3 0x001015d0 (0x00610133) x2  0x0011fd48
core   0: >>>>  i000000019a
core   0: 0x001015d4 (0x8fa11603) lh      a2, -1798(sp)
core   0: 3 0x001015d4 (0x8fa11603) x12 0x00001b75 mem 0x0011f642
core   0: >>>>  i000000019b
core   0: 0x001015d8 (0x52c14803) lbu     a6, 1324(sp)
core   0: 3 0x001015d8 (0x52c14803) x16 0x00000054 mem 0x00120274
core   0: 0x001015dc (0x00002117) auipc   sp, 0x2
core   0: 3 0x001015dc (0x00002117) x2  0x001035dc
core   0: 0x001015e0 (0xd1410113) addi    sp, sp, -748
core   0: 3 0x001015e0 (0xd1410113) x2  0x001032f0
core   0: 0x001015e4 (0x00013337) lui     t1, 0x13
core   0: 3 0x001015e4 (0x00013337) x6  0x00013000
core   0: 0x001015e8 (0x32030313) addi    t1, t1, 800
core   0: 3 0x001015e8 (0x32030313) x6  0x00013320
core   0: 0x001015ec (0x00610133) add     sp, sp, t1
core   0: 3 0x001015ec (0x00610133) x2  0x00116610
core   0: >>>>  i000000019c
core   0: 0x001015f0 (0x62c12c23) sw      a2, 1592(sp)
core   0: 3 0x001015f0 (0x62c12c23) mem 0x00116c48 0x00001b75
core   0: >>>>  i000000019d
core   0: 0x001015f4 (0x01031813) slli    a6, t1, 16
core   0: 3 0x001015f4 (0x01031813) x16 0x33200000
core   0: >>>>  i000000019e
core   0: 0x001015f8 (0x19410ba3) sb      s4, 407(sp)
core   0: 3 0x001015f8 (0x19410ba3) mem 0x001167a7 0x0a
core   0: >>>>  i000000019f
core   0: 0x001015fc (0x9bb12823) sw      s11, -1616(sp)
core   0: 3 0x001015fc (0x9bb12823) mem 0x00115fc0 0x00000040
core   0: >>>>  i00000001a0
core   0: 0x00101600 (0x419d8833) sub     a6, s11, s9
core   0: 3 0x00101600 (0x419d8833) x16 0xffff8fa6
core   0: >>>>  i00000001a1
core   0: 0x00101604 (0x01844933) xor     s2, s0, s8
core   0: 3 0x00101604 (0x01844933) x18 0xa64428cd
core   0: >>>>  i00000001a2
core   0: 0x00101608 (0x19c11d03) lh      s10, 412(sp)
core   0: 3 0x00101608 (0x19c11d03) x26 0x000035de mem 0x001167ac
core   0: >>>>  i00000001a3
core   0: 0x0010160c (0xd7210803) lb      a6, -654(sp)
core   0: 3 0x0010160c (0xd7210803) x16 0xffffffdd mem 0x00116382
core   0: 0x00101610 (0x00002117) auipc   sp, 0x2
core   0: 3 0x00101610 (0x00002117) x2  0x00103610
core   0: 0x00101614 (0xce010113) addi    sp, sp, -800
core   0: 3 0x00101614 (0xce010113) x2  0x001032f0
core   0: 0x00101618 (0x0001a337) lui     t1, 0x1a
core   0: 3 0x00101618 (0x0001a337) x6  0x0001a000
core   0: 0x0010161c (0xe8030313) addi    t1, t1, -384
core   0: 3 0x0010161c (0xe8030313) x6  0x00019e80
core   0: 0x00101620 (0x00610133) add     sp, sp, t1
core   0: 3 0x00101620 (0x00610133) x2  0x0011d170
core   0: >>>>  i00000001a4
core   0: 0x00101624 (0xb5215583) lhu     a1, -1198(sp)
core   0: 3 0x00101624 (0xb5215583) x11 0x00007fd3 mem 0x0011ccc2
core   0: 0x00101628 (0x00000a13) li      s4, 0
core   0: 3 0x00101628 (0x00000a13) x20 0x00000000
core   0: 0x0010162c (0x00002117) auipc   sp, 0x2
core   0: 3 0x0010162c (0x00002117) x2  0x0010362c
core   0: 0x00101630 (0xcc410113) addi    sp, sp, -828
core   0: 3 0x00101630 (0xcc410113) x2  0x001032f0
core   0: 0x00101634 (0x00004337) lui     t1, 0x4
core   0: 3 0x00101634 (0x00004337) x6  0x00004000
core   0: 0x00101638 (0x04830313) addi    t1, t1, 72
core   0: 3 0x00101638 (0x04830313) x6  0x00004048
core   0: 0x0010163c (0x00610133) add     sp, sp, t1
core   0: 3 0x0010163c (0x00610133) x2  0x00107338
core   0: 0x00101640 (0x50411923) sh      tp, 1298(sp)
core   0: 3 0x00101640 (0x50411923) mem 0x0010784a 0x0000
core   0: 0x00101644 (0xbd812803) lw      a6, -1064(sp)
core   0: 3 0x00101644 (0xbd812803) x16 0xa2577316 mem 0x00106f10
core   0: 0x00101648 (0xeac12803) lw      a6, -340(sp)
core   0: 3 0x00101648 (0xeac12803) x16 0x5a8a88c9 mem 0x001071e4
core   0: 0x0010164c (0xc47d2a93) slti    s5, s10, -953
core   0: 3 0x0010164c (0xc47d2a93) x21 0x00000000
core   0: 0x00101650 (0x01d41c13) slli    s8, s0, 29
core   0: 3 0x00101650 (0x01d41c13) x24 0xa0000000
core   0: 0x00101654 (0x930102a3) sb      a6, -1755(sp)
core   0: 3 0x00101654 (0x930102a3) mem 0x00106c5d 0xc9
core   0: 0x00101658 (0x00385213) srli    tp, a6, 3
core   0: 3 0x00101658 (0x00385213) x4  0x0b515119
core   0: >>>>  b00000001a5
core   0: 0x0010165c (0x00000033) add     zero, zero, zero
core   0: 3 0x0010165c (0x00000033)
core   0: 0x00101660 (0xf54f8ce3) beq     t6, s4, pc - 168
core   0: 3 0x00101660 (0xf54f8ce3)
core   0: 0x00101664 (0x00000033) add     zero, zero, zero
core   0: 3 0x00101664 (0x00000033)
core   0: 0x00101668 (0x35812803) lw      a6, 856(sp)
core   0: 3 0x00101668 (0x35812803) x16 0xf279b3b2 mem 0x00107690
core   0: 0x0010166c (0xcf114a83) lbu     s5, -783(sp)
core   0: 3 0x0010166c (0xcf114a83) x21 0x00000063 mem 0x00107029
core   0: 0x00101670 (0x40be5813) srai    a6, t3, 11
core   0: 3 0x00101670 (0x40be5813) x16 0x00000000
core   0: 0x00101674 (0x01c4eab3) or      s5, s1, t3
core   0: 3 0x00101674 (0x01c4eab3) x21 0x59bb2aeb
core   0: 0x00101678 (0x4fc9f413) andi    s0, s3, 1276
core   0: 3 0x00101678 (0x4fc9f413) x8  0x00000000
core   0: 0x0010167c (0x009e3433) sltu    s0, t3, s1
core   0: 3 0x0010167c (0x009e3433) x8  0x00000001
core   0: 0x00101680 (0x01788833) add     a6, a7, s7
core   0: 3 0x00101680 (0x01788833) x16 0x9cb5e5ac
core   0: 0x00101684 (0x00a00f93) li      t6, 10
core   0: 3 0x00101684 (0x00a00f93) x31 0x0000000a
core   0: >>>>  i00000001a5
core   0: 0x00101688 (0x00795f13) srli    t5, s2, 7
core   0: 3 0x00101688 (0x00795f13) x30 0x014c8851
core   0: >>>>  i00000001a6
core   0: 0x0010168c (0xb6114f03) lbu     t5, -1183(sp)
core   0: 3 0x0010168c (0xb6114f03) x30 0x00000020 mem 0x00106e99
core   0: >>>>  i00000001a7
core   0: 0x00101690 (0xdc1bbe93) sltiu   t4, s7, -575
core   0: 3 0x00101690 (0xdc1bbe93) x29 0x00000001
core   0: >>>>  i00000001a8
core   0: 0x00101694 (0x5bc02e93) slti    t4, zero, 1468
core   0: 3 0x00101694 (0x5bc02e93) x29 0x00000001
core   0: >>>>  i00000001a9
core   0: 0x00101698 (0x00626633) or      a2, tp, t1
core   0: 3 0x00101698 (0x00626633) x12 0x0b515159
core   0: >>>>  i00000001aa
core   0: 0x0010169c (0x75e14f03) lbu     t5, 1886(sp)
core   0: 3 0x0010169c (0x75e14f03) x30 0x000000e3 mem 0x00107a96
core   0: >>>>  i00000001ab
core   0: 0x001016a0 (0xf4c12623) sw      a2, -180(sp)
core   0: 3 0x001016a0 (0xf4c12623) mem 0x00107284 0x0b515159
core   0: 0x001016a4 (0x00002117) auipc   sp, 0x2
core   0: 3 0x001016a4 (0x00002117) x2  0x001036a4
core   0: 0x001016a8 (0xc4c10113) addi    sp, sp, -948
core   0: 3 0x001016a8 (0xc4c10113) x2  0x001032f0
core   0: 0x001016ac (0x00002337) lui     t1, 0x2
core   0: 3 0x001016ac (0x00002337) x6  0x00002000
core   0: 0x001016b0 (0x61030313) addi    t1, t1, 1552
core   0: 3 0x001016b0 (0x61030313) x6  0x00002610
core   0: 0x001016b4 (0x00610133) add     sp, sp, t1
core   0: 3 0x001016b4 (0x00610133) x2  0x00105900
core   0: >>>>  i00000001ac
core   0: 0x001016b8 (0xb8114703) lbu     a4, -1151(sp)
core   0: 3 0x001016b8 (0xb8114703) x14 0x000000f0 mem 0x00105481
core   0: >>>>  i00000001ad
core   0: 0x001016bc (0x01b85813) srli    a6, a6, 27
core   0: 3 0x001016bc (0x01b85813) x16 0x00000013
core   0: >>>>  i00000001ae
core   0: 0x001016c0 (0xea615c83) lhu     s9, -346(sp)
core   0: 3 0x001016c0 (0xea615c83) x25 0x000007a2 mem 0x001057a6
core   0: >>>>  i00000001af
core   0: 0x001016c4 (0x59412683) lw      a3, 1428(sp)
core   0: 3 0x001016c4 (0x59412683) x13 0x3e60bc46 mem 0x00105e94
core   0: >>>>  i00000001b0
core   0: 0x001016c8 (0x41755d93) srai    s11, a0, 23
core   0: 3 0x001016c8 (0x41755d93) x27 0x00000000
core   0: >>>>  i00000001b1
core   0: 0x001016cc (0xec647b93) andi    s7, s0, -314
core   0: 3 0x001016cc (0xec647b93) x23 0x00000000
core   0: >>>>  i00000001b2
core   0: 0x001016d0 (0xfc015f03) lhu     t5, -64(sp)
core   0: 3 0x001016d0 (0xfc015f03) x30 0x0000b725 mem 0x001058c0
core   0: >>>>  i00000001b3
core   0: 0x001016d4 (0x525baf37) lui     t5, 0x525ba
core   0: 3 0x001016d4 (0x525baf37) x30 0x525ba000
core   0: >>>>  i00000001b4
core   0: 0x001016d8 (0xbc3c4413) xori    s0, s8, -1085
core   0: 3 0x001016d8 (0xbc3c4413) x8  0x5ffffbc3
core   0: 0x001016dc (0x00002117) auipc   sp, 0x2
core   0: 3 0x001016dc (0x00002117) x2  0x001036dc
core   0: 0x001016e0 (0xc1410113) addi    sp, sp, -1004
core   0: 3 0x001016e0 (0xc1410113) x2  0x001032f0
core   0: 0x001016e4 (0x00013337) lui     t1, 0x13
core   0: 3 0x001016e4 (0x00013337) x6  0x00013000
core   0: 0x001016e8 (0x2f830313) addi    t1, t1, 760
core   0: 3 0x001016e8 (0x2f830313) x6  0x000132f8
core   0: 0x001016ec (0x00610133) add     sp, sp, t1
core   0: 3 0x001016ec (0x00610133) x2  0x001165e8
core   0: >>>>  i00000001b5
core   0: 0x001016f0 (0x32e15e03) lhu     t3, 814(sp)
core   0: 3 0x001016f0 (0x32e15e03) x28 0x00007c4d mem 0x00116916
core   0: >>>>  i00000001b6
core   0: 0x001016f4 (0xe1011523) sh      a6, -502(sp)
core   0: 3 0x001016f4 (0xe1011523) mem 0x001163f2 0x0013
core   0: 0x001016f8 (0x00002117) auipc   sp, 0x2
core   0: 3 0x001016f8 (0x00002117) x2  0x001036f8
core   0: 0x001016fc (0xbf810113) addi    sp, sp, -1032
core   0: 3 0x001016fc (0xbf810113) x2  0x001032f0
core   0: 0x00101700 (0x0000d337) lui     t1, 0xd
core   0: 3 0x00101700 (0x0000d337) x6  0x0000d000
core   0: 0x00101704 (0x82030313) addi    t1, t1, -2016
core   0: 3 0x00101704 (0x82030313) x6  0x0000c820
core   0: 0x00101708 (0x00610133) add     sp, sp, t1
core   0: 3 0x00101708 (0x00610133) x2  0x0010fb10
core   0: >>>>  i00000001b7
core   0: 0x0010170c (0x3e812a23) sw      s0, 1012(sp)
core   0: 3 0x0010170c (0x3e812a23) mem 0x0010ff04 0x5ffffbc3
core   0: 0x00101710 (0x00002117) auipc   sp, 0x2
core   0: 3 0x00101710 (0x00002117) x2  0x00103710
core   0: 0x00101714 (0xbe010113) addi    sp, sp, -1056
core   0: 3 0x00101714 (0xbe010113) x2  0x001032f0
core   0: 0x00101718 (0x00017337) lui     t1, 0x17
core   0: 3 0x00101718 (0x00017337) x6  0x00017000
core   0: 0x0010171c (0xf8030313) addi    t1, t1, -128
core   0: 3 0x0010171c (0xf8030313) x6  0x00016f80
core   0: 0x00101720 (0x00610133) add     sp, sp, t1
core   0: 3 0x00101720 (0x00610133) x2  0x0011a270
core   0: >>>>  i00000001b8
core   0: 0x00101724 (0xe9015983) lhu     s3, -368(sp)
core   0: 3 0x00101724 (0xe9015983) x19 0x00002a17 mem 0x0011a100
core   0: 0x00101728 (0x00900c13) li      s8, 9
core   0: 3 0x00101728 (0x00900c13) x24 0x00000009
core   0: 0x0010172c (0x00a00f93) li      t6, 10
core   0: 3 0x0010172c (0x00a00f93) x31 0x0000000a
core   0: 0x00101730 (0x490e6813) ori     a6, t3, 1168
core   0: 3 0x00101730 (0x490e6813) x16 0x00007cdd
core   0: 0x00101734 (0x93412403) lw      s0, -1740(sp)
core   0: 3 0x00101734 (0x93412403) x8  0x4c115ed7 mem 0x00119ba4
core   0: 0x00101738 (0x2c7e6413) ori     s0, t3, 711
core   0: 3 0x00101738 (0x2c7e6413) x8  0x00007ecf
core   0: 0x0010173c (0x41c48433) sub     s0, s1, t3
core   0: 3 0x0010173c (0x41c48433) x8  0x59baae94
core   0: 0x00101740 (0xe554ce13) xori    t3, s1, -427
core   0: 3 0x00101740 (0xe554ce13) x28 0xa644d4b4
core   0: 0x00101744 (0xa6012c23) sw      zero, -1416(sp)
core   0: 3 0x00101744 (0xa6012c23) mem 0x00119ce8 0x00000000
core   0: 0x00101748 (0x0104b833) sltu    a6, s1, a6
core   0: 3 0x00101748 (0x0104b833) x16 0x00000000
core   0: >>>>  b00000001b9
core   0: 0x0010174c (0x00000033) add     zero, zero, zero
core   0: 3 0x0010174c (0x00000033)
core   0: 0x00101750 (0x09fc5c63) bge     s8, t6, pc + 152
core   0: 3 0x00101750 (0x09fc5c63)
core   0: 0x00101754 (0x00000033) add     zero, zero, zero
core   0: 3 0x00101754 (0x00000033)
core   0: 0x00101758 (0xb2615b83) lhu     s7, -1242(sp)
core   0: 3 0x00101758 (0xb2615b83) x23 0x00006fdc mem 0x00119d96
core   0: 0x0010175c (0x01ce5ab3) srl     s5, t3, t3
core   0: 3 0x0010175c (0x01ce5ab3) x21 0x00000a64
core   0: 0x00101760 (0x293e6c93) ori     s9, t3, 659
core   0: 3 0x00101760 (0x293e6c93) x25 0xa644d6b7
core   0: 0x00101764 (0x58910123) sb      s1, 1410(sp)
core   0: 3 0x00101764 (0x58910123) mem 0x0011a7f2 0xe1
core   0: 0x00101768 (0xa694fd93) andi    s11, s1, -1431
core   0: 3 0x00101768 (0xa694fd93) x27 0x59bb2a61
core   0: 0x0010176c (0x01ce5813) srli    a6, t3, 28
core   0: 3 0x0010176c (0x01ce5813) x16 0x0000000a
core   0: 0x00101770 (0x695a3497) auipc   s1, 0x695a3
core   0: 3 0x00101770 (0x695a3497) x9  0x696a4770
core   0: 0x00101774 (0x00a00f93) li      t6, 10
core   0: 3 0x00101774 (0x00a00f93) x31 0x0000000a
core   0: >>>>  i00000001b9
core   0: 0x00101778 (0x8e415683) lhu     a3, -1820(sp)
core   0: 3 0x00101778 (0x8e415683) x13 0x0000391e mem 0x00119b54
core   0: >>>>  i00000001ba
core   0: 0x0010177c (0xdbb66e93) ori     t4, a2, -581
core   0: 3 0x0010177c (0xdbb66e93) x29 0xfffffdfb
core   0: 0x00101780 (0x00002117) auipc   sp, 0x2
core   0: 3 0x00101780 (0x00002117) x2  0x00103780
core   0: 0x00101784 (0xb7010113) addi    sp, sp, -1168
core   0: 3 0x00101784 (0xb7010113) x2  0x001032f0
core   0: 0x00101788 (0x0001c337) lui     t1, 0x1c
core   0: 3 0x00101788 (0x0001c337) x6  0x0001c000
core   0: 0x0010178c (0x7d830313) addi    t1, t1, 2008
core   0: 3 0x0010178c (0x7d830313) x6  0x0001c7d8
core   0: 0x00101790 (0x00610133) add     sp, sp, t1
core   0: 3 0x00101790 (0x00610133) x2  0x0011fac8
core   0: >>>>  i00000001bb
core   0: 0x00101794 (0x3ac15b83) lhu     s7, 940(sp)
core   0: 3 0x00101794 (0x3ac15b83) x23 0x00003c3e mem 0x0011fe74
core   0: >>>>  i00000001bc
core   0: 0x00101798 (0x01082833) slt     a6, a6, a6
core   0: 3 0x00101798 (0x01082833) x16 0x00000000
core   0: 0x0010179c (0x00002117) auipc   sp, 0x2
core   0: 3 0x0010179c (0x00002117) x2  0x0010379c
core   0: 0x001017a0 (0xb5410113) addi    sp, sp, -1196
core   0: 3 0x001017a0 (0xb5410113) x2  0x001032f0
core   0: 0x001017a4 (0x00019337) lui     t1, 0x19
core   0: 3 0x001017a4 (0x00019337) x6  0x00019000
core   0: 0x001017a8 (0xff030313) addi    t1, t1, -16
core   0: 3 0x001017a8 (0xff030313) x6  0x00018ff0
core   0: 0x001017ac (0x00610133) add     sp, sp, t1
core   0: 3 0x001017ac (0x00610133) x2  0x0011c2e0
core   0: >>>>  i00000001bd
core   0: 0x001017b0 (0x6ed10803) lb      a6, 1773(sp)
core   0: 3 0x001017b0 (0x6ed10803) x16 0x00000038 mem 0x0011c9cd
core   0: >>>>  i00000001be
core   0: 0x001017b4 (0x09410023) sb      s4, 128(sp)
core   0: 3 0x001017b4 (0x09410023) mem 0x0011c360 0x00
core   0: >>>>  i00000001bf
core   0: 0x001017b8 (0x00c63c33) sltu    s8, a2, a2
core   0: 3 0x001017b8 (0x00c63c33) x24 0x00000000
core   0: 0x001017bc (0x00002117) auipc   sp, 0x2
core   0: 3 0x001017bc (0x00002117) x2  0x001037bc
core   0: 0x001017c0 (0xb3410113) addi    sp, sp, -1228
core   0: 3 0x001017c0 (0xb3410113) x2  0x001032f0
core   0: 0x001017c4 (0x00005337) lui     t1, 0x5
core   0: 3 0x001017c4 (0x00005337) x6  0x00005000
core   0: 0x001017c8 (0x77030313) addi    t1, t1, 1904
core   0: 3 0x001017c8 (0x77030313) x6  0x00005770
core   0: 0x001017cc (0x00610133) add     sp, sp, t1
core   0: 3 0x001017cc (0x00610133) x2  0x00108a60
core   0: >>>>  i00000001c0
core   0: 0x001017d0 (0xa7015903) lhu     s2, -1424(sp)
core   0: 3 0x001017d0 (0xa7015903) x18 0x0000ca05 mem 0x001084d0
core   0: >>>>  i00000001c1
core   0: 0x001017d4 (0x38910f03) lb      t5, 905(sp)
core   0: 3 0x001017d4 (0x38910f03) x30 0x00000055 mem 0x00108de9
core   0: >>>>  i00000001c2
core   0: 0x001017d8 (0x010632b3) sltu    t0, a2, a6
core   0: 3 0x001017d8 (0x010632b3) x5  0x00000000
core   0: >>>>  i00000001c3
core   0: 0x001017dc (0x62c10603) lb      a2, 1580(sp)
core   0: 3 0x001017dc (0x62c10603) x12 0xffffff89 mem 0x0010908c
core   0: >>>>  i00000001c4
core   0: 0x001017e0 (0xe3415803) lhu     a6, -460(sp)
core   0: 3 0x001017e0 (0xe3415803) x16 0x00001edf mem 0x00108894
core   0: >>>>  i00000001c5
core   0: 0x001017e4 (0x6adbd7b7) lui     a5, 0x6adbd
core   0: 3 0x001017e4 (0x6adbd7b7) x15 0x6adbd000
core   0: >>>>  i00000001c6
core   0: 0x001017e8 (0x0116b633) sltu    a2, a3, a7
core   0: 3 0x001017e8 (0x0116b633) x12 0x00000001
core   0: >>>>  i00000001c7
core   0: 0x001017ec (0x01ef7c33) and     s8, t5, t5
core   0: 3 0x001017ec (0x01ef7c33) x24 0x00000055
core   0: >>>>  i00000001c8
core   0: 0x001017f0 (0x77831637) lui     a2, 0x77831
core   0: 3 0x001017f0 (0x77831637) x12 0x77831000
core   0: >>>>  i00000001c9
core   0: 0x001017f4 (0x195bb817) auipc   a6, 0x195bb
core   0: 3 0x001017f4 (0x195bb817) x16 0x196bc7f4
core   0: >>>>  i00000001ca
core   0: 0x001017f8 (0x15f72f17) auipc   t5, 0x15f72
core   0: 3 0x001017f8 (0x15f72f17) x30 0x160737f8
core   0: >>>>  i00000001cb
core   0: 0x001017fc (0x16ccef13) ori     t5, s9, 364
core   0: 3 0x001017fc (0x16ccef13) x30 0xa644d7ff
core   0: >>>>  i00000001cc
core   0: 0x00101800 (0xdec12603) lw      a2, -532(sp)
core   0: 3 0x00101800 (0xdec12603) x12 0x1e4ac949 mem 0x0010884c
core   0: 0x00101804 (0x00b00a13) li      s4, 11
core   0: 3 0x00101804 (0x00b00a13) x20 0x0000000b
core   0: 0x00101808 (0x001f8f93) addi    t6, t6, 1
core   0: 3 0x00101808 (0x001f8f93) x31 0x0000000b
core   0: 0x0010180c (0x00002117) auipc   sp, 0x2
core   0: 3 0x0010180c (0x00002117) x2  0x0010380c
core   0: 0x00101810 (0xae410113) addi    sp, sp, -1308
core   0: 3 0x00101810 (0xae410113) x2  0x001032f0
core   0: 0x00101814 (0x0001e337) lui     t1, 0x1e
core   0: 3 0x00101814 (0x0001e337) x6  0x0001e000
core   0: 0x00101818 (0xf0830313) addi    t1, t1, -248
core   0: 3 0x00101818 (0xf0830313) x6  0x0001df08
core   0: 0x0010181c (0x00610133) add     sp, sp, t1
core   0: 3 0x0010181c (0x00610133) x2  0x001211f8
core   0: 0x00101820 (0x00002117) auipc   sp, 0x2
core   0: 3 0x00101820 (0x00002117) x2  0x00103820
core   0: 0x00101824 (0xad010113) addi    sp, sp, -1328
core   0: 3 0x00101824 (0xad010113) x2  0x001032f0
core   0: 0x00101828 (0x0000a337) lui     t1, 0xa
core   0: 3 0x00101828 (0x0000a337) x6  0x0000a000
core   0: 0x0010182c (0x73830313) addi    t1, t1, 1848
core   0: 3 0x0010182c (0x73830313) x6  0x0000a738
core   0: 0x00101830 (0x00610133) add     sp, sp, t1
core   0: 3 0x00101830 (0x00610133) x2  0x0010da28
core   0: 0x00101834 (0x68a14483) lbu     s1, 1674(sp)
core   0: 3 0x00101834 (0x68a14483) x9  0x0000000b mem 0x0010e0b2
core   0: 0x00101838 (0x40aed813) srai    a6, t4, 10
core   0: 3 0x00101838 (0x40aed813) x16 0xffffffff
core   0: 0x0010183c (0x0009f833) and     a6, s3, zero
core   0: 3 0x0010183c (0x0009f833) x16 0x00000000
core   0: 0x00101840 (0x7877cc17) auipc   s8, 0x7877c
core   0: 3 0x00101840 (0x7877cc17) x24 0x7887d840
core   0: 0x00101844 (0xe9012223) sw      a6, -380(sp)
core   0: 3 0x00101844 (0xe9012223) mem 0x0010d8ac 0x00000000
core   0: 0x00101848 (0x492f5817) auipc   a6, 0x492f5
core   0: 3 0x00101848 (0x492f5817) x16 0x493f6848
core   0: 0x0010184c (0xffa11723) sh      s10, -18(sp)
core   0: 3 0x0010184c (0xffa11723) mem 0x0010da16 0x35de
core   0: >>>>  b00000001cd
core   0: 0x00101850 (0x00000033) add     zero, zero, zero
core   0: 3 0x00101850 (0x00000033)
core   0: 0x00101854 (0xf94f88e3) beq     t6, s4, pc - 112
core   0: 3 0x00101854 (0xf94f88e3)
core   0: >>>>  i00000001c5
core   0: 0x001017e4 (0x6adbd7b7) lui     a5, 0x6adbd
core   0: 3 0x001017e4 (0x6adbd7b7) x15 0x6adbd000
core   0: >>>>  i00000001c6
core   0: 0x001017e8 (0x0116b633) sltu    a2, a3, a7
core   0: 3 0x001017e8 (0x0116b633) x12 0x00000001
core   0: >>>>  i00000001c7
core   0: 0x001017ec (0x01ef7c33) and     s8, t5, t5
core   0: 3 0x001017ec (0x01ef7c33) x24 0xa644d7ff
core   0: >>>>  i00000001c8
core   0: 0x001017f0 (0x77831637) lui     a2, 0x77831
core   0: 3 0x001017f0 (0x77831637) x12 0x77831000
core   0: >>>>  i00000001c9
core   0: 0x001017f4 (0x195bb817) auipc   a6, 0x195bb
core   0: 3 0x001017f4 (0x195bb817) x16 0x196bc7f4
core   0: >>>>  i00000001ca
core   0: 0x001017f8 (0x15f72f17) auipc   t5, 0x15f72
core   0: 3 0x001017f8 (0x15f72f17) x30 0x160737f8
core   0: >>>>  i00000001cb
core   0: 0x001017fc (0x16ccef13) ori     t5, s9, 364
core   0: 3 0x001017fc (0x16ccef13) x30 0xa644d7ff
core   0: >>>>  i00000001cc
core   0: 0x00101800 (0xdec12603) lw      a2, -532(sp)
core   0: 3 0x00101800 (0xdec12603) x12 0x3c2f5011 mem 0x0010d814
core   0: 0x00101804 (0x00b00a13) li      s4, 11
core   0: 3 0x00101804 (0x00b00a13) x20 0x0000000b
core   0: 0x00101808 (0x001f8f93) addi    t6, t6, 1
core   0: 3 0x00101808 (0x001f8f93) x31 0x0000000c
core   0: 0x0010180c (0x00002117) auipc   sp, 0x2
core   0: 3 0x0010180c (0x00002117) x2  0x0010380c
core   0: 0x00101810 (0xae410113) addi    sp, sp, -1308
core   0: 3 0x00101810 (0xae410113) x2  0x001032f0
core   0: 0x00101814 (0x0001e337) lui     t1, 0x1e
core   0: 3 0x00101814 (0x0001e337) x6  0x0001e000
core   0: 0x00101818 (0xf0830313) addi    t1, t1, -248
core   0: 3 0x00101818 (0xf0830313) x6  0x0001df08
core   0: 0x0010181c (0x00610133) add     sp, sp, t1
core   0: 3 0x0010181c (0x00610133) x2  0x001211f8
core   0: 0x00101820 (0x00002117) auipc   sp, 0x2
core   0: 3 0x00101820 (0x00002117) x2  0x00103820
core   0: 0x00101824 (0xad010113) addi    sp, sp, -1328
core   0: 3 0x00101824 (0xad010113) x2  0x001032f0
core   0: 0x00101828 (0x0000a337) lui     t1, 0xa
core   0: 3 0x00101828 (0x0000a337) x6  0x0000a000
core   0: 0x0010182c (0x73830313) addi    t1, t1, 1848
core   0: 3 0x0010182c (0x73830313) x6  0x0000a738
core   0: 0x00101830 (0x00610133) add     sp, sp, t1
core   0: 3 0x00101830 (0x00610133) x2  0x0010da28
core   0: 0x00101834 (0x68a14483) lbu     s1, 1674(sp)
core   0: 3 0x00101834 (0x68a14483) x9  0x0000000b mem 0x0010e0b2
core   0: 0x00101838 (0x40aed813) srai    a6, t4, 10
core   0: 3 0x00101838 (0x40aed813) x16 0xffffffff
core   0: 0x0010183c (0x0009f833) and     a6, s3, zero
core   0: 3 0x0010183c (0x0009f833) x16 0x00000000
core   0: 0x00101840 (0x7877cc17) auipc   s8, 0x7877c
core   0: 3 0x00101840 (0x7877cc17) x24 0x7887d840
core   0: 0x00101844 (0xe9012223) sw      a6, -380(sp)
core   0: 3 0x00101844 (0xe9012223) mem 0x0010d8ac 0x00000000
core   0: 0x00101848 (0x492f5817) auipc   a6, 0x492f5
core   0: 3 0x00101848 (0x492f5817) x16 0x493f6848
core   0: 0x0010184c (0xffa11723) sh      s10, -18(sp)
core   0: 3 0x0010184c (0xffa11723) mem 0x0010da16 0x35de
core   0: >>>>  b00000001cd
core   0: 0x00101850 (0x00000033) add     zero, zero, zero
core   0: 3 0x00101850 (0x00000033)
core   0: 0x00101854 (0xf94f88e3) beq     t6, s4, pc - 112
core   0: 3 0x00101854 (0xf94f88e3)
core   0: 0x00101858 (0x00000033) add     zero, zero, zero
core   0: 3 0x00101858 (0x00000033)
core   0: 0x0010185c (0x010e7db3) and     s11, t3, a6
core   0: 3 0x0010185c (0x010e7db3) x27 0x00044000
core   0: 0x00101860 (0x5de4ae93) slti    t4, s1, 1502
core   0: 3 0x00101860 (0x5de4ae93) x29 0x00000001
core   0: 0x00101864 (0x12c47c97) auipc   s9, 0x12c47
core   0: 3 0x00101864 (0x12c47c97) x25 0x12d48864
core   0: 0x00101868 (0x0a93f813) andi    a6, t2, 169
core   0: 3 0x00101868 (0x0a93f813) x16 0x000000a8
core   0: 0x0010186c (0x01087c33) and     s8, a6, a6
core   0: 3 0x0010186c (0x01087c33) x24 0x000000a8
core   0: 0x00101870 (0x01803833) snez    a6, s8
core   0: 3 0x00101870 (0x01803833) x16 0x00000001
core   0: 0x00101874 (0x25e14403) lbu     s0, 606(sp)
core   0: 3 0x00101874 (0x25e14403) x8  0x000000bb mem 0x0010dc86
core   0: 0x00101878 (0x00a00f93) li      t6, 10
core   0: 3 0x00101878 (0x00a00f93) x31 0x0000000a
core   0: >>>>  i00000001cd
core   0: 0x0010187c (0x39910a83) lb      s5, 921(sp)
core   0: 3 0x0010187c (0x39910a83) x21 0xffffffb3 mem 0x0010ddc1
core   0: >>>>  i00000001ce
core   0: 0x00101880 (0x01b61f13) slli    t5, a2, 27
core   0: 3 0x00101880 (0x01b61f13) x30 0x88000000
core   0: >>>>  i00000001cf
core   0: 0x00101884 (0x0137dc13) srli    s8, a5, 19
core   0: 3 0x00101884 (0x0137dc13) x24 0x00000d5b
core   0: >>>>  i00000001d0
core   0: 0x00101888 (0x9afb7f13) andi    t5, s6, -1617
core   0: 3 0x00101888 (0x9afb7f13) x30 0x0000a100
core   0: >>>>  i00000001d1
core   0: 0x0010188c (0x01064eb3) xor     t4, a2, a6
core   0: 3 0x0010188c (0x01064eb3) x29 0x3c2f5010
core   0: >>>>  i00000001d2
core   0: 0x00101890 (0xb1412e03) lw      t3, -1260(sp)
core   0: 3 0x00101890 (0xb1412e03) x28 0x249fa5b9 mem 0x0010d53c
core   0: >>>>  i00000001d3
core   0: 0x00101894 (0x15a11f03) lh      t5, 346(sp)
core   0: 3 0x00101894 (0x15a11f03) x30 0xffffa838 mem 0x0010db82
core   0: >>>>  i00000001d4
core   0: 0x00101898 (0xbc811223) sh      s0, -1084(sp)
core   0: 3 0x00101898 (0xbc811223) mem 0x0010d5ec 0x00bb
core   0: >>>>  i00000001d5
core   0: 0x0010189c (0x19510ea3) sb      s5, 413(sp)
core   0: 3 0x0010189c (0x19510ea3) mem 0x0010dbc5 0xb3
core   0: >>>>  i00000001d6
core   0: 0x001018a0 (0x85810f03) lb      t5, -1960(sp)
core   0: 3 0x001018a0 (0x85810f03) x30 0xffffffca mem 0x0010d280
core   0: >>>>  i00000001d7
core   0: 0x001018a4 (0x5d812483) lw      s1, 1496(sp)
core   0: 3 0x001018a4 (0x5d812483) x9  0xb2ac8937 mem 0x0010e000
core   0: >>>>  i00000001d8
core   0: 0x001018a8 (0x7a015403) lhu     s0, 1952(sp)
core   0: 3 0x001018a8 (0x7a015403) x8  0x00002d0f mem 0x0010e1c8
core   0: >>>>  i00000001d9
core   0: 0x001018ac (0x76570613) addi    a2, a4, 1893
core   0: 3 0x001018ac (0x76570613) x12 0x00000855
core   0: >>>>  i00000001da
core   0: 0x001018b0 (0xf6c11e83) lh      t4, -148(sp)
core   0: 3 0x001018b0 (0xf6c11e83) x29 0xfffff9a7 mem 0x0010d994
core   0: >>>>  i00000001db
core   0: 0x001018b4 (0x68414c03) lbu     s8, 1668(sp)
core   0: 3 0x001018b4 (0x68414c03) x24 0x000000e7 mem 0x0010e0ac
core   0: >>>>  i00000001dc
core   0: 0x001018b8 (0x010816b3) sll     a3, a6, a6
core   0: 3 0x001018b8 (0x010816b3) x13 0x00000002
core   0: >>>>  i00000001dd
core   0: 0x001018bc (0x01d73633) sltu    a2, a4, t4
core   0: 3 0x001018bc (0x01d73633) x12 0x00000001
core   0: >>>>  i00000001de
core   0: 0x001018c0 (0x017c6f33) or      t5, s8, s7
core   0: 3 0x001018c0 (0x017c6f33) x30 0x00003cff
core   0: >>>>  i00000001df
core   0: 0x001018c4 (0x10b102a3) sb      a1, 261(sp)
core   0: 3 0x001018c4 (0x10b102a3) mem 0x0010db2d 0xd3
core   0: 0x001018c8 (0x00002117) auipc   sp, 0x2
core   0: 3 0x001018c8 (0x00002117) x2  0x001038c8
core   0: 0x001018cc (0xa2810113) addi    sp, sp, -1496
core   0: 3 0x001018cc (0xa2810113) x2  0x001032f0
core   0: 0x001018d0 (0x0000c337) lui     t1, 0xc
core   0: 3 0x001018d0 (0x0000c337) x6  0x0000c000
core   0: 0x001018d4 (0x7a030313) addi    t1, t1, 1952
core   0: 3 0x001018d4 (0x7a030313) x6  0x0000c7a0
core   0: 0x001018d8 (0x00610133) add     sp, sp, t1
core   0: 3 0x001018d8 (0x00610133) x2  0x0010fa90
core   0: >>>>  i00000001e0
core   0: 0x001018dc (0x2d112c23) sw      a7, 728(sp)
core   0: 3 0x001018dc (0x2d112c23) mem 0x0010fd68 0x52b9d000
core   0: 0x001018e0 (0x00900b13) li      s6, 9
core   0: 3 0x001018e0 (0x00900b13) x22 0x00000009
core   0: 0x001018e4 (0x00a00f93) li      t6, 10
core   0: 3 0x001018e4 (0x00a00f93) x31 0x0000000a
core   0: 0x001018e8 (0x00002117) auipc   sp, 0x2
core   0: 3 0x001018e8 (0x00002117) x2  0x001038e8
core   0: 0x001018ec (0xa0810113) addi    sp, sp, -1528
core   0: 3 0x001018ec (0xa0810113) x2  0x001032f0
core   0: 0x001018f0 (0x00014337) lui     t1, 0x14
core   0: 3 0x001018f0 (0x00014337) x6  0x00014000
core   0: 0x001018f4 (0x8a030313) addi    t1, t1, -1888
core   0: 3 0x001018f4 (0x8a030313) x6  0x000138a0
core   0: 0x001018f8 (0x00610133) add     sp, sp, t1
core   0: 3 0x001018f8 (0x00610133) x2  0x00116b90
core   0: 0x001018fc (0x00002117) auipc   sp, 0x2
core   0: 3 0x001018fc (0x00002117) x2  0x001038fc
core   0: 0x00101900 (0x9f410113) addi    sp, sp, -1548
core   0: 3 0x00101900 (0x9f410113) x2  0x001032f0
core   0: 0x00101904 (0x0000c337) lui     t1, 0xc
core   0: 3 0x00101904 (0x0000c337) x6  0x0000c000
core   0: 0x00101908 (0x0d830313) addi    t1, t1, 216
core   0: 3 0x00101908 (0x0d830313) x6  0x0000c0d8
core   0: 0x0010190c (0x00610133) add     sp, sp, t1
core   0: 3 0x0010190c (0x00610133) x2  0x0010f3c8
core   0: 0x00101910 (0x3ea15c03) lhu     s8, 1002(sp)
core   0: 3 0x00101910 (0x3ea15c03) x24 0x0000100e mem 0x0010f7b2
core   0: 0x00101914 (0x70714803) lbu     a6, 1799(sp)
core   0: 3 0x00101914 (0x70714803) x16 0x0000003f mem 0x0010facf
core   0: 0x00101918 (0xf7611983) lh      s3, -138(sp)
core   0: 3 0x00101918 (0xf7611983) x19 0x00005126 mem 0x0010f33e
core   0: 0x0010191c (0x01a23c33) sltu    s8, tp, s10
core   0: 3 0x0010191c (0x01a23c33) x24 0x00000000
core   0: 0x00101920 (0x3b812983) lw      s3, 952(sp)
core   0: 3 0x00101920 (0x3b812983) x19 0x9e407f62 mem 0x0010f780
core   0: 0x00101924 (0x00fe5213) srli    tp, t3, 15
core   0: 3 0x00101924 (0x00fe5213) x4  0x0000493f
core   0: 0x00101928 (0xc6f10403) lb      s0, -913(sp)
core   0: 3 0x00101928 (0xc6f10403) x8  0x0000006b mem 0x0010f037
core   0: >>>>  b00000001e1
core   0: 0x0010192c (0x00000033) add     zero, zero, zero
core   0: 3 0x0010192c (0x00000033)
core   0: 0x00101930 (0x076fc663) blt     t6, s6, pc + 108
core   0: 3 0x00101930 (0x076fc663)
core   0: 0x00101934 (0x00000033) add     zero, zero, zero
core   0: 3 0x00101934 (0x00000033)
core   0: 0x00101938 (0xbf211e83) lh      t4, -1038(sp)
core   0: 3 0x00101938 (0xbf211e83) x29 0xfffff3d6 mem 0x0010efba
core   0: 0x0010193c (0x4077d413) srai    s0, a5, 7
core   0: 3 0x0010193c (0x4077d413) x8  0x00d5b7a0
core   0: 0x00101940 (0x30052837) lui     a6, 0x30052
core   0: 3 0x00101940 (0x30052837) x16 0x30052000
core   0: 0x00101944 (0x1fc109a3) sb      t3, 499(sp)
core   0: 3 0x00101944 (0x1fc109a3) mem 0x0010f5bb 0xb9
core   0: 0x00101948 (0x5d604713) xori    a4, zero, 1494
core   0: 3 0x00101948 (0x5d604713) x14 0x000005d6
core   0: 0x0010194c (0x40ecd7b3) sra     a5, s9, a4
core   0: 3 0x0010194c (0x40ecd7b3) x15 0x0000004b
core   0: 0x00101950 (0xa478f193) andi    gp, a7, -1465
core   0: 3 0x00101950 (0xa478f193) x3  0x52b9d000
core   0: 0x00101954 (0x00a00f93) li      t6, 10
core   0: 3 0x00101954 (0x00a00f93) x31 0x0000000a
core   0: >>>>  i00000001e1
core   0: 0x00101958 (0xe8812603) lw      a2, -376(sp)
core   0: 3 0x00101958 (0xe8812603) x12 0xce4b162a mem 0x0010f250
core   0: 0x0010195c (0x00002117) auipc   sp, 0x2
core   0: 3 0x0010195c (0x00002117) x2  0x0010395c
core   0: 0x00101960 (0x99410113) addi    sp, sp, -1644
core   0: 3 0x00101960 (0x99410113) x2  0x001032f0
core   0: 0x00101964 (0x0000b337) lui     t1, 0xb
core   0: 3 0x00101964 (0x0000b337) x6  0x0000b000
core   0: 0x00101968 (0x5e830313) addi    t1, t1, 1512
core   0: 3 0x00101968 (0x5e830313) x6  0x0000b5e8
core   0: 0x0010196c (0x00610133) add     sp, sp, t1
core   0: 3 0x0010196c (0x00610133) x2  0x0010e8d8
core   0: >>>>  i00000001e2
core   0: 0x00101970 (0x7c010803) lb      a6, 1984(sp)
core   0: 3 0x00101970 (0x7c010803) x16 0x0000002c mem 0x0010f098
core   0: >>>>  i00000001e3
core   0: 0x00101974 (0xd2412983) lw      s3, -732(sp)
core   0: 3 0x00101974 (0xd2412983) x19 0x7262774b mem 0x0010e5fc
core   0: >>>>  i00000001e4
core   0: 0x00101978 (0x005b33b3) sltu    t2, s6, t0
core   0: 3 0x00101978 (0x005b33b3) x7  0x00000000
core   0: 0x0010197c (0x00002117) auipc   sp, 0x2
core   0: 3 0x0010197c (0x00002117) x2  0x0010397c
core   0: 0x00101980 (0x97410113) addi    sp, sp, -1676
core   0: 3 0x00101980 (0x97410113) x2  0x001032f0
core   0: 0x00101984 (0x00002337) lui     t1, 0x2
core   0: 3 0x00101984 (0x00002337) x6  0x00002000
core   0: 0x00101988 (0x88830313) addi    t1, t1, -1912
core   0: 3 0x00101988 (0x88830313) x6  0x00001888
core   0: 0x0010198c (0x00610133) add     sp, sp, t1
core   0: 3 0x0010198c (0x00610133) x2  0x00104b78
core   0: >>>>  i00000001e5
core   0: 0x00101990 (0x31e12823) sw      t5, 784(sp)
core   0: 3 0x00101990 (0x31e12823) mem 0x00104e88 0x00003cff
core   0: >>>>  i00000001e6
core   0: 0x00101994 (0x50215403) lhu     s0, 1282(sp)
core   0: 3 0x00101994 (0x50215403) x8  0x000072c4 mem 0x0010507a
core   0: >>>>  i00000001e7
core   0: 0x00101998 (0x96e15d03) lhu     s10, -1682(sp)
core   0: 3 0x00101998 (0x96e15d03) x26 0x000039c6 mem 0x001044e6
core   0: >>>>  i00000001e8
core   0: 0x0010199c (0xb3902713) slti    a4, zero, -1223
core   0: 3 0x0010199c (0xb3902713) x14 0x00000000
core   0: >>>>  i00000001e9
core   0: 0x001019a0 (0x00a81f13) slli    t5, a6, 10
core   0: 3 0x001019a0 (0x00a81f13) x30 0x0000b000
core   0: >>>>  i00000001ea
core   0: 0x001019a4 (0x010656b3) srl     a3, a2, a6
core   0: 3 0x001019a4 (0x010656b3) x13 0x000ce4b1
core   0: >>>>  i00000001eb
core   0: 0x001019a8 (0xc7812483) lw      s1, -904(sp)
core   0: 3 0x001019a8 (0xc7812483) x9  0x798faf9f mem 0x001047f0
core   0: >>>>  i00000001ec
core   0: 0x001019ac (0x7b59ef37) lui     t5, 0x7b59e
core   0: 3 0x001019ac (0x7b59ef37) x30 0x7b59e000
core   0: >>>>  i00000001ed
core   0: 0x001019b0 (0x81614883) lbu     a7, -2026(sp)
core   0: 3 0x001019b0 (0x81614883) x17 0x00000020 mem 0x0010438e
core   0: >>>>  i00000001ee
core   0: 0x001019b4 (0x45126613) ori     a2, tp, 1105
core   0: 3 0x001019b4 (0x45126613) x12 0x00004d7f
core   0: >>>>  i00000001ef
core   0: 0x001019b8 (0xbb011223) sh      a6, -1116(sp)
core   0: 3 0x001019b8 (0xbb011223) mem 0x0010471c 0x002c
core   0: >>>>  i00000001f0
core   0: 0x001019bc (0x00fc6633) or      a2, s8, a5
core   0: 3 0x001019bc (0x00fc6633) x12 0x0000004b
core   0: >>>>  i00000001f1
core   0: 0x001019c0 (0x00647633) and     a2, s0, t1
core   0: 3 0x001019c0 (0x00647633) x12 0x00001080
core   0: >>>>  i00000001f2
core   0: 0x001019c4 (0x41c3d233) sra     tp, t2, t3
core   0: 3 0x001019c4 (0x41c3d233) x4  0x00000000
core   0: >>>>  i00000001f3
core   0: 0x001019c8 (0x0151f2b3) and     t0, gp, s5
core   0: 3 0x001019c8 (0x0151f2b3) x5  0x52b9d000
core   0: >>>>  i00000001f4
core   0: 0x001019cc (0xc4a14603) lbu     a2, -950(sp)
core   0: 3 0x001019cc (0xc4a14603) x12 0x00000000 mem 0x001047c2
core   0: 0x001019d0 (0x00002117) auipc   sp, 0x2
core   0: 3 0x001019d0 (0x00002117) x2  0x001039d0
core   0: 0x001019d4 (0x92010113) addi    sp, sp, -1760
core   0: 3 0x001019d4 (0x92010113) x2  0x001032f0
core   0: 0x001019d8 (0x0001e337) lui     t1, 0x1e
core   0: 3 0x001019d8 (0x0001e337) x6  0x0001e000
core   0: 0x001019dc (0xe0830313) addi    t1, t1, -504
core   0: 3 0x001019dc (0xe0830313) x6  0x0001de08
core   0: 0x001019e0 (0x00610133) add     sp, sp, t1
core   0: 3 0x001019e0 (0x00610133) x2  0x001210f8
core   0: 0x001019e4 (0x00002117) auipc   sp, 0x2
core   0: 3 0x001019e4 (0x00002117) x2  0x001039e4
core   0: 0x001019e8 (0x90c10113) addi    sp, sp, -1780
core   0: 3 0x001019e8 (0x90c10113) x2  0x001032f0
core   0: 0x001019ec (0x00008337) lui     t1, 0x8
core   0: 3 0x001019ec (0x00008337) x6  0x00008000
core   0: 0x001019f0 (0xbb030313) addi    t1, t1, -1104
core   0: 3 0x001019f0 (0xbb030313) x6  0x00007bb0
core   0: 0x001019f4 (0x00610133) add     sp, sp, t1
core   0: 3 0x001019f4 (0x00610133) x2  0x0010aea0
core   0: 0x001019f8 (0xb5410a83) lb      s5, -1196(sp)
core   0: 3 0x001019f8 (0xb5410a83) x21 0xffffffff mem 0x0010a9f4
core   0: 0x001019fc (0x01eeaa93) slti    s5, t4, 30
core   0: 3 0x001019fc (0x01eeaa93) x21 0x00000001
core   0: 0x00101a00 (0xe6815783) lhu     a5, -408(sp)
core   0: 3 0x00101a00 (0xe6815783) x15 0x0000cee3 mem 0x0010ad08
core   0: 0x00101a04 (0xe8c12c03) lw      s8, -372(sp)
core   0: 3 0x00101a04 (0xe8c12c03) x24 0x009797b8 mem 0x0010ad2c
core   0: 0x00101a08 (0x41c4db33) sra     s6, s1, t3
core   0: 3 0x00101a08 (0x41c4db33) x22 0x0000003c
core   0: 0x00101a0c (0x01e95713) srli    a4, s2, 30
core   0: 3 0x00101a0c (0x01e95713) x14 0x00000000
core   0: 0x00101a10 (0x83211b83) lh      s7, -1998(sp)
core   0: 3 0x00101a10 (0x83211b83) x23 0xfffff955 mem 0x0010a6d2
core   0: >>>>  b00000001f5
core   0: 0x00101a14 (0x0740056f) jal     a0, pc + 0x74
core   0: 3 0x00101a14 (0x0740056f) x10 0x00101a18
core   0: >>>>  i0000000200
core   0: 0x00101a88 (0x4067d9b3) sra     s3, a5, t1
core   0: 3 0x00101a88 (0x4067d9b3) x19 0x00000000
core   0: 0x00101a8c (0x00002117) auipc   sp, 0x2
core   0: 3 0x00101a8c (0x00002117) x2  0x00103a8c
core   0: 0x00101a90 (0x86410113) addi    sp, sp, -1948
core   0: 3 0x00101a90 (0x86410113) x2  0x001032f0
core   0: 0x00101a94 (0x0000b337) lui     t1, 0xb
core   0: 3 0x00101a94 (0x0000b337) x6  0x0000b000
core   0: 0x00101a98 (0xe2830313) addi    t1, t1, -472
core   0: 3 0x00101a98 (0xe2830313) x6  0x0000ae28
core   0: 0x00101a9c (0x00610133) add     sp, sp, t1
core   0: 3 0x00101a9c (0x00610133) x2  0x0010e118
core   0: >>>>  i0000000201
core   0: 0x00101aa0 (0x51012e23) sw      a6, 1308(sp)
core   0: 3 0x00101aa0 (0x51012e23) mem 0x0010e634 0x0000002c
core   0: >>>>  i0000000202
core   0: 0x00101aa4 (0x79412e83) lw      t4, 1940(sp)
core   0: 3 0x00101aa4 (0x79412e83) x29 0x3ec2862a mem 0x0010e8ac
core   0: >>>>  i0000000203
core   0: 0x00101aa8 (0x00cf6d33) or      s10, t5, a2
core   0: 3 0x00101aa8 (0x00cf6d33) x26 0x7b59e000
core   0: >>>>  i0000000204
core   0: 0x00101aac (0x01889e33) sll     t3, a7, s8
core   0: 3 0x00101aac (0x01889e33) x28 0x20000000
core   0: 0x00101ab0 (0x00002117) auipc   sp, 0x2
core   0: 3 0x00101ab0 (0x00002117) x2  0x00103ab0
core   0: 0x00101ab4 (0x84010113) addi    sp, sp, -1984
core   0: 3 0x00101ab4 (0x84010113) x2  0x001032f0
core   0: 0x00101ab8 (0x00008337) lui     t1, 0x8
core   0: 3 0x00101ab8 (0x00008337) x6  0x00008000
core   0: 0x00101abc (0xdd830313) addi    t1, t1, -552
core   0: 3 0x00101abc (0xdd830313) x6  0x00007dd8
core   0: 0x00101ac0 (0x00610133) add     sp, sp, t1
core   0: 3 0x00101ac0 (0x00610133) x2  0x0010b0c8
core   0: >>>>  i0000000205
core   0: 0x00101ac4 (0x7d412f03) lw      t5, 2004(sp)
core   0: 3 0x00101ac4 (0x7d412f03) x30 0x5c91729a mem 0x0010b89c
core   0: >>>>  i0000000206
core   0: 0x00101ac8 (0x74810603) lb      a2, 1864(sp)
core   0: 3 0x00101ac8 (0x74810603) x12 0xffffff8d mem 0x0010b810
core   0: >>>>  i0000000207
core   0: 0x00101acc (0x4098d433) sra     s0, a7, s1
core   0: 3 0x00101acc (0x4098d433) x8  0x00000000
core   0: >>>>  i0000000208
core   0: 0x00101ad0 (0x25212a23) sw      s2, 596(sp)
core   0: 3 0x00101ad0 (0x25212a23) mem 0x0010b31c 0x0000ca05
core   0: 0x00101ad4 (0x00002117) auipc   sp, 0x2
core   0: 3 0x00101ad4 (0x00002117) x2  0x00103ad4
core   0: 0x00101ad8 (0x81c10113) addi    sp, sp, -2020
core   0: 3 0x00101ad8 (0x81c10113) x2  0x001032f0
core   0: 0x00101adc (0x0000e337) lui     t1, 0xe
core   0: 3 0x00101adc (0x0000e337) x6  0x0000e000
core   0: 0x00101ae0 (0x6f830313) addi    t1, t1, 1784
core   0: 3 0x00101ae0 (0x6f830313) x6  0x0000e6f8
core   0: 0x00101ae4 (0x00610133) add     sp, sp, t1
core   0: 3 0x00101ae4 (0x00610133) x2  0x001119e8
core   0: 0x00101ae8 (0x00002117) auipc   sp, 0x2
core   0: 3 0x00101ae8 (0x00002117) x2  0x00103ae8
core   0: 0x00101aec (0x80810113) addi    sp, sp, -2040
core   0: 3 0x00101aec (0x80810113) x2  0x001032f0
core   0: 0x00101af0 (0x00008337) lui     t1, 0x8
core   0: 3 0x00101af0 (0x00008337) x6  0x00008000
core   0: 0x00101af4 (0x7d830313) addi    t1, t1, 2008
core   0: 3 0x00101af4 (0x7d830313) x6  0x000087d8
core   0: 0x00101af8 (0x00610133) add     sp, sp, t1
core   0: 3 0x00101af8 (0x00610133) x2  0x0010bac8
core   0: 0x00101afc (0xd3a11d03) lh      s10, -710(sp)
core   0: 3 0x00101afc (0xd3a11d03) x26 0x00001d82 mem 0x0010b802
core   0: 0x00101b00 (0x32615d03) lhu     s10, 806(sp)
core   0: 3 0x00101b00 (0x32615d03) x26 0x00003530 mem 0x0010bdee
core   0: 0x00101b04 (0xebc14c03) lbu     s8, -324(sp)
core   0: 3 0x00101b04 (0xebc14c03) x24 0x000000f2 mem 0x0010b984
core   0: 0x00101b08 (0x1b611823) sh      s6, 432(sp)
core   0: 3 0x00101b08 (0x1b611823) mem 0x0010bc78 0x003c
core   0: 0x00101b0c (0x6dd14703) lbu     a4, 1757(sp)
core   0: 3 0x00101b0c (0x6dd14703) x14 0x00000080 mem 0x0010c1a5
core   0: 0x00101b10 (0x87d11f23) sh      t4, -1922(sp)
core   0: 3 0x00101b10 (0x87d11f23) mem 0x0010b346 0x862a
core   0: 0x00101b14 (0xf0015b03) lhu     s6, -256(sp)
core   0: 3 0x00101b14 (0xf0015b03) x22 0x0000b4d7 mem 0x0010b9c8
core   0: >>>>  b0000000209
core   0: 0x00101b18 (0x00000a17) auipc   s4, 0x0
core   0: 3 0x00101b18 (0x00000a17) x20 0x00101b18
core   0: 0x00101b1c (0x068a0a13) addi    s4, s4, 104
core   0: 3 0x00101b1c (0x068a0a13) x20 0x00101b80
core   0: 0x00101b20 (0x000a0567) jalr    a0, s4, 0
core   0: 3 0x00101b20 (0x000a0567) x10 0x00101b24
core   0: >>>>  i0000000214
core   0: 0x00101b80 (0x7b811903) lh      s2, 1976(sp)
core   0: 3 0x00101b80 (0x7b811903) x18 0xffffe0cc mem 0x0010c280
core   0: 0x00101b84 (0x00001117) auipc   sp, 0x1
core   0: 3 0x00101b84 (0x00001117) x2  0x00102b84
core   0: 0x00101b88 (0x76c10113) addi    sp, sp, 1900
core   0: 3 0x00101b88 (0x76c10113) x2  0x001032f0
core   0: 0x00101b8c (0x00019337) lui     t1, 0x19
core   0: 3 0x00101b8c (0x00019337) x6  0x00019000
core   0: 0x00101b90 (0xc6030313) addi    t1, t1, -928
core   0: 3 0x00101b90 (0xc6030313) x6  0x00018c60
core   0: 0x00101b94 (0x00610133) add     sp, sp, t1
core   0: 3 0x00101b94 (0x00610133) x2  0x0011bf50
core   0: >>>>  i0000000215
core   0: 0x00101b98 (0xe8811803) lh      a6, -376(sp)
core   0: 3 0x00101b98 (0xe8811803) x16 0x00003817 mem 0x0011bdd8
core   0: >>>>  i0000000216
core   0: 0x00101b9c (0xe1211c23) sh      s2, -488(sp)
core   0: 3 0x00101b9c (0xe1211c23) mem 0x0011bd68 0xe0cc
core   0: >>>>  i0000000217
core   0: 0x00101ba0 (0x85015803) lhu     a6, -1968(sp)
core   0: 3 0x00101ba0 (0x85015803) x16 0x0000a7cc mem 0x0011b7a0
core   0: >>>>  i0000000218
core   0: 0x00101ba4 (0x408a5633) sra     a2, s4, s0
core   0: 3 0x00101ba4 (0x408a5633) x12 0x00101b80
core   0: >>>>  i0000000219
core   0: 0x00101ba8 (0x005cc5b3) xor     a1, s9, t0
core   0: 3 0x00101ba8 (0x005cc5b3) x11 0x406d5864
core   0: >>>>  i000000021a
core   0: 0x00101bac (0x49114683) lbu     a3, 1169(sp)
core   0: 3 0x00101bac (0x49114683) x13 0x0000000b mem 0x0011c3e1
core   0: >>>>  i000000021b
core   0: 0x00101bb0 (0x26810ca3) sb      s0, 633(sp)
core   0: 3 0x00101bb0 (0x26810ca3) mem 0x0011c1c9 0x00
core   0: >>>>  i000000021c
core   0: 0x00101bb4 (0x78f12423) sw      a5, 1928(sp)
core   0: 3 0x00101bb4 (0x78f12423) mem 0x0011c6d8 0x0000cee3
core   0: 0x00101bb8 (0x00900d93) li      s11, 9
core   0: 3 0x00101bb8 (0x00900d93) x27 0x00000009
core   0: 0x00101bbc (0x01081433) sll     s0, a6, a6
core   0: 3 0x00101bbc (0x01081433) x8  0x0a7cc000
core   0: 0x00101bc0 (0x41c10ea3) sb      t3, 1053(sp)
core   0: 3 0x00101bc0 (0x41c10ea3) mem 0x0011c36d 0x00
core   0: 0x00101bc4 (0xc3611403) lh      s0, -970(sp)
core   0: 3 0x00101bc4 (0xc3611403) x8  0x000050d9 mem 0x0011bb86
core   0: 0x00101bc8 (0x31373e13) sltiu   t3, a4, 787
core   0: 3 0x00101bc8 (0x31373e13) x28 0x00000001
core   0: 0x00101bcc (0x01ce4b33) xor     s6, t3, t3
core   0: 3 0x00101bcc (0x01ce4b33) x22 0x00000000
core   0: 0x00101bd0 (0x00801213) slli    tp, zero, 8
core   0: 3 0x00101bd0 (0x00801213) x4  0x00000000
core   0: 0x00101bd4 (0x67387393) andi    t2, a6, 1651
core   0: 3 0x00101bd4 (0x67387393) x7  0x00000640
core   0: >>>>  b000000021d
core   0: 0x00101bd8 (0x00000033) add     zero, zero, zero
core   0: 3 0x00101bd8 (0x00000033)
core   0: 0x00101bdc (0xfbfdd0e3) bge     s11, t6, pc - 96
core   0: 3 0x00101bdc (0xfbfdd0e3)
core   0: 0x00101be0 (0x00000033) add     zero, zero, zero
core   0: 3 0x00101be0 (0x00000033)
core   0: 0x00101be4 (0x010e9c33) sll     s8, t4, a6
core   0: 3 0x00101be4 (0x010e9c33) x24 0x2862a000
core   0: 0x00101be8 (0xc3f10183) lb      gp, -961(sp)
core   0: 3 0x00101be8 (0xc3f10183) x3  0x0000002f mem 0x0011bb8f
core   0: 0x00101bec (0x018c1433) sll     s0, s8, s8
core   0: 3 0x00101bec (0x018c1433) x8  0x2862a000
core   0: 0x00101bf0 (0x413b5433) sra     s0, s6, s3
core   0: 3 0x00101bf0 (0x413b5433) x8  0x00000000
core   0: 0x00101bf4 (0x01cea933) slt     s2, t4, t3
core   0: 3 0x00101bf4 (0x01cea933) x18 0x00000000
core   0: 0x00101bf8 (0x80011203) lh      tp, -2048(sp)
core   0: 3 0x00101bf8 (0x80011203) x4  0xffffed9e mem 0x0011b750
core   0: 0x00101bfc (0x40ec5813) srai    a6, s8, 14
core   0: 3 0x00101bfc (0x40ec5813) x16 0x0000a18a
core   0: 0x00101c00 (0x00a00f93) li      t6, 10
core   0: 3 0x00101c00 (0x00a00f93) x31 0x0000000a
core   0: >>>>  i000000021d
core   0: 0x00101c04 (0x007577b3) and     a5, a0, t2
core   0: 3 0x00101c04 (0x007577b3) x15 0x00000200
core   0: >>>>  i000000021e
core   0: 0x00101c08 (0x41e60a33) sub     s4, a2, t5
core   0: 3 0x00101c08 (0x41e60a33) x20 0xa37ea8e6
core   0: >>>>  i000000021f
core   0: 0x00101c0c (0x260d8613) addi    a2, s11, 608
core   0: 3 0x00101c0c (0x260d8613) x12 0x00000269
core   0: >>>>  i0000000220
core   0: 0x00101c10 (0x40645013) srai    zero, s0, 6
core   0: 3 0x00101c10 (0x40645013)
core   0: >>>>  i0000000221
core   0: 0x00101c14 (0x26fd8817) auipc   a6, 0x26fd8
core   0: 3 0x00101c14 (0x26fd8817) x16 0x270d9c14
core   0: >>>>  i0000000222
core   0: 0x00101c18 (0xe6314983) lbu     s3, -413(sp)
core   0: 3 0x00101c18 (0xe6314983) x19 0x0000007a mem 0x0011bdb3
core   0: >>>>  i0000000223
core   0: 0x00101c1c (0x414ad633) sra     a2, s5, s4
core   0: 3 0x00101c1c (0x414ad633) x12 0x00000000
core   0: >>>>  i0000000224
core   0: 0x00101c20 (0xc6def813) andi    a6, t4, -915
core   0: 3 0x00101c20 (0xc6def813) x16 0x3ec28428
core   0: >>>>  i0000000225
core   0: 0x00101c24 (0xc0ba4813) xori    a6, s4, -1013
core   0: 3 0x00101c24 (0xc0ba4813) x16 0x5c8154ed
core   0: >>>>  i0000000226
core   0: 0x00101c28 (0x01ef12b3) sll     t0, t5, t5
core   0: 3 0x00101c28 (0x01ef12b3) x5  0x68000000
core   0: >>>>  i0000000227
core   0: 0x00101c2c (0xb6b103a3) sb      a1, -1177(sp)
core   0: 3 0x00101c2c (0xb6b103a3) mem 0x0011bab7 0x64
core   0: >>>>  i0000000228
core   0: 0x00101c30 (0xd4415383) lhu     t2, -700(sp)
core   0: 3 0x00101c30 (0xd4415383) x7  0x00006c4f mem 0x0011bc94
core   0: >>>>  i0000000229
core   0: 0x00101c34 (0xe6c60813) addi    a6, a2, -404
core   0: 3 0x00101c34 (0xe6c60813) x16 0xfffffe6c
core   0: >>>>  i000000022a
core   0: 0x00101c38 (0x9e811d03) lh      s10, -1560(sp)
core   0: 3 0x00101c38 (0x9e811d03) x26 0xffff9b2f mem 0x0011b938
core   0: >>>>  i000000022b
core   0: 0x00101c3c (0x39812803) lw      a6, 920(sp)
core   0: 3 0x00101c3c (0x39812803) x16 0x2b10f1d4 mem 0x0011c2e8
core   0: >>>>  i000000022c
core   0: 0x00101c40 (0x01ef1233) sll     tp, t5, t5
core   0: 3 0x00101c40 (0x01ef1233) x4  0x68000000
core   0: >>>>  i000000022d
core   0: 0x00101c44 (0xe7711823) sh      s7, -400(sp)
core   0: 3 0x00101c44 (0xe7711823) mem 0x0011bdc0 0xf955
core   0: >>>>  i000000022e
core   0: 0x00101c48 (0x55310303) lb      t1, 1363(sp)
core   0: 3 0x00101c48 (0x55310303) x6  0x00000004 mem 0x0011c4a3
core   0: >>>>  i000000022f
core   0: 0x00101c4c (0x00c83f33) sltu    t5, a6, a2
core   0: 3 0x00101c4c (0x00c83f33) x30 0x00000000
core   0: >>>>  i0000000230
core   0: 0x00101c50 (0x02e14d03) lbu     s10, 46(sp)
core   0: 3 0x00101c50 (0x02e14d03) x26 0x0000002c mem 0x0011bf7e
core   0: 0x00101c54 (0x00900b93) li      s7, 9
core   0: 3 0x00101c54 (0x00900b93) x23 0x00000009
core   0: 0x00101c58 (0x00001117) auipc   sp, 0x1
core   0: 3 0x00101c58 (0x00001117) x2  0x00102c58
core   0: 0x00101c5c (0x69810113) addi    sp, sp, 1688
core   0: 3 0x00101c5c (0x69810113) x2  0x001032f0
core   0: 0x00101c60 (0x00005337) lui     t1, 0x5
core   0: 3 0x00101c60 (0x00005337) x6  0x00005000
core   0: 0x00101c64 (0xd3830313) addi    t1, t1, -712
core   0: 3 0x00101c64 (0xd3830313) x6  0x00004d38
core   0: 0x00101c68 (0x00610133) add     sp, sp, t1
core   0: 3 0x00101c68 (0x00610133) x2  0x00108028
core   0: 0x00101c6c (0x00001117) auipc   sp, 0x1
core   0: 3 0x00101c6c (0x00001117) x2  0x00102c6c
core   0: 0x00101c70 (0x68410113) addi    sp, sp, 1668
core   0: 3 0x00101c70 (0x68410113) x2  0x001032f0
core   0: 0x00101c74 (0x00017337) lui     t1, 0x17
core   0: 3 0x00101c74 (0x00017337) x6  0x00017000
core   0: 0x00101c78 (0xd7830313) addi    t1, t1, -648
core   0: 3 0x00101c78 (0xd7830313) x6  0x00016d78
core   0: 0x00101c7c (0x00610133) add     sp, sp, t1
core   0: 3 0x00101c7c (0x00610133) x2  0x0011a068
core   0: 0x00101c80 (0xd6911c23) sh      s1, -648(sp)
core   0: 3 0x00101c80 (0xd6911c23) mem 0x00119de0 0xaf9f
core   0: 0x00101c84 (0x87215403) lhu     s0, -1934(sp)
core   0: 3 0x00101c84 (0x87215403) x8  0x0000f878 mem 0x001198da
core   0: 0x00101c88 (0xed410da3) sb      s4, -293(sp)
core   0: 3 0x00101c88 (0xed410da3) mem 0x00119f43 0xe6
core   0: 0x00101c8c (0x2d7e2e93) slti    t4, t3, 727
core   0: 3 0x00101c8c (0x2d7e2e93) x29 0x00000001
core   0: 0x00101c90 (0x23014a03) lbu     s4, 560(sp)
core   0: 3 0x00101c90 (0x23014a03) x20 0x00000003 mem 0x0011a298
core   0: 0x00101c94 (0xa2911023) sh      s1, -1504(sp)
core   0: 3 0x00101c94 (0xa2911023) mem 0x00119a88 0xaf9f
core   0: 0x00101c98 (0x50b24497) auipc   s1, 0x50b24
core   0: 3 0x00101c98 (0x50b24497) x9  0x50c25c98
core   0: >>>>  b0000000231
core   0: 0x00101c9c (0x00000033) add     zero, zero, zero
core   0: 3 0x00101c9c (0x00000033)
core   0: 0x00101ca0 (0xf97fc4e3) blt     t6, s7, pc - 120
core   0: 3 0x00101ca0 (0xf97fc4e3)
core   0: 0x00101ca4 (0x00000033) add     zero, zero, zero
core   0: 3 0x00101ca4 (0x00000033)
core   0: 0x00101ca8 (0x00b85793) srli    a5, a6, 11
core   0: 3 0x00101ca8 (0x00b85793) x15 0x0005621e
core   0: 0x00101cac (0x0094da33) srl     s4, s1, s1
core   0: 3 0x00101cac (0x0094da33) x20 0x00000050
core   0: 0x00101cb0 (0xa4410f23) sb      tp, -1442(sp)
core   0: 3 0x00101cb0 (0xa4410f23) mem 0x00119ac6 0x00
core   0: 0x00101cb4 (0xf54d0c13) addi    s8, s10, -172
core   0: 3 0x00101cb4 (0xf54d0c13) x24 0xffffff80
core   0: 0x00101cb8 (0xce410a83) lb      s5, -796(sp)
core   0: 3 0x00101cb8 (0xce410a83) x21 0x0000003e mem 0x00119d4c
core   0: 0x00101cbc (0x72211883) lh      a7, 1826(sp)
core   0: 3 0x00101cbc (0x72211883) x17 0xffffeec6 mem 0x0011a78a
core   0: 0x00101cc0 (0xd1c10d83) lb      s11, -740(sp)
core   0: 3 0x00101cc0 (0xd1c10d83) x27 0x00000046 mem 0x00119d84
core   0: 0x00101cc4 (0x00a00f93) li      t6, 10
core   0: 3 0x00101cc4 (0x00a00f93) x31 0x0000000a
core   0: >>>>  i0000000231
core   0: 0x00101cc8 (0xed215603) lhu     a2, -302(sp)
core   0: 3 0x00101cc8 (0xed215603) x12 0x0000dce6 mem 0x00119f3a
core   0: >>>>  i0000000232
core   0: 0x00101ccc (0x010f5eb3) srl     t4, t5, a6
core   0: 3 0x00101ccc (0x010f5eb3) x29 0x00000000
core   0: >>>>  i0000000233
core   0: 0x00101cd0 (0xb3012423) sw      a6, -1240(sp)
core   0: 3 0x00101cd0 (0xb3012423) mem 0x00119b90 0x2b10f1d4
core   0: 0x00101cd4 (0x00001117) auipc   sp, 0x1
core   0: 3 0x00101cd4 (0x00001117) x2  0x00102cd4
core   0: 0x00101cd8 (0x61c10113) addi    sp, sp, 1564
core   0: 3 0x00101cd8 (0x61c10113) x2  0x001032f0
core   0: 0x00101cdc (0x0001b337) lui     t1, 0x1b
core   0: 3 0x00101cdc (0x0001b337) x6  0x0001b000
core   0: 0x00101ce0 (0x4d830313) addi    t1, t1, 1240
core   0: 3 0x00101ce0 (0x4d830313) x6  0x0001b4d8
core   0: 0x00101ce4 (0x00610133) add     sp, sp, t1
core   0: 3 0x00101ce4 (0x00610133) x2  0x0011e7c8
core   0: >>>>  i0000000234
core   0: 0x00101ce8 (0xa9712a23) sw      s7, -1388(sp)
core   0: 3 0x00101ce8 (0xa9712a23) mem 0x0011e25c 0x00000009
core   0: >>>>  i0000000235
core   0: 0x00101cec (0x56215c83) lhu     s9, 1378(sp)
core   0: 3 0x00101cec (0x56215c83) x25 0x00002e23 mem 0x0011ed2a
core   0: >>>>  i0000000236
core   0: 0x00101cf0 (0x50607637) lui     a2, 0x50607
core   0: 3 0x00101cf0 (0x50607637) x12 0x50607000
core   0: >>>>  i0000000237
core   0: 0x00101cf4 (0xa3215903) lhu     s2, -1486(sp)
core   0: 3 0x00101cf4 (0xa3215903) x18 0x00001e1b mem 0x0011e1fa
core   0: >>>>  i0000000238
core   0: 0x00101cf8 (0xf2010603) lb      a2, -224(sp)
core   0: 3 0x00101cf8 (0xf2010603) x12 0x0000004d mem 0x0011e6e8
core   0: >>>>  i0000000239
core   0: 0x00101cfc (0x2828f613) andi    a2, a7, 642
core   0: 3 0x00101cfc (0x2828f613) x12 0x00000282
core   0: >>>>  i000000023a
core   0: 0x00101d00 (0x01571f33) sll     t5, a4, s5
core   0: 3 0x00101d00 (0x01571f33) x30 0x00000000
core   0: 0x00101d04 (0x00001117) auipc   sp, 0x1
core   0: 3 0x00101d04 (0x00001117) x2  0x00102d04
core   0: 0x00101d08 (0x5ec10113) addi    sp, sp, 1516
core   0: 3 0x00101d08 (0x5ec10113) x2  0x001032f0
core   0: 0x00101d0c (0x0001f337) lui     t1, 0x1f
core   0: 3 0x00101d0c (0x0001f337) x6  0x0001f000
core   0: 0x00101d10 (0x58030313) addi    t1, t1, 1408
core   0: 3 0x00101d10 (0x58030313) x6  0x0001f580
core   0: 0x00101d14 (0x00610133) add     sp, sp, t1
core   0: 3 0x00101d14 (0x00610133) x2  0x00122870
core   0: >>>>  i000000023b
core   0: 0x00101d18 (0x1e210c03) lb      s8, 482(sp)
core   0: 3 0x00101d18 (0x1e210c03) x24 0x00000065 mem 0x00122a52
core   0: >>>>  i000000023c
core   0: 0x00101d1c (0x00fe1533) sll     a0, t3, a5
core   0: 3 0x00101d1c (0x00fe1533) x10 0x40000000
core   0: >>>>  i000000023d
core   0: 0x00101d20 (0x01b79293) slli    t0, a5, 27
core   0: 3 0x00101d20 (0x01b79293) x5  0xf0000000
core   0: >>>>  i000000023e
core   0: 0x00101d24 (0x951c7f13) andi    t5, s8, -1711
core   0: 3 0x00101d24 (0x951c7f13) x30 0x00000041
core   0: >>>>  i000000023f
core   0: 0x00101d28 (0x00597d93) andi    s11, s2, 5
core   0: 3 0x00101d28 (0x00597d93) x27 0x00000001
core   0: >>>>  i0000000240
core   0: 0x00101d2c (0x01085f33) srl     t5, a6, a6
core   0: 3 0x00101d2c (0x01085f33) x30 0x000002b1
core   0: >>>>  i0000000241
core   0: 0x00101d30 (0x4b014583) lbu     a1, 1200(sp)
core   0: 3 0x00101d30 (0x4b014583) x11 0x00000036 mem 0x00122d20
core   0: >>>>  i0000000242
core   0: 0x00101d34 (0x86e10023) sb      a4, -1952(sp)
core   0: 3 0x00101d34 (0x86e10023) mem 0x001220d0 0x80
core   0: >>>>  i0000000243
core   0: 0x00101d38 (0x37e10623) sb      t5, 876(sp)
core   0: 3 0x00101d38 (0x37e10623) mem 0x00122bdc 0xb1
core   0: >>>>  i0000000244
core   0: 0x00101d3c (0x01ca65b3) or      a1, s4, t3
core   0: 3 0x00101d3c (0x01ca65b3) x11 0x00000051
core   0: 0x00101d40 (0x00a00813) li      a6, 10
core   0: 3 0x00101d40 (0x00a00813) x16 0x0000000a
core   0: 0x00101d44 (0x59d10da3) sb      t4, 1435(sp)
core   0: 3 0x00101d44 (0x59d10da3) mem 0x00122e0b 0x00
core   0: 0x00101d48 (0x003c6c33) or      s8, s8, gp
core   0: 3 0x00101d48 (0x003c6c33) x24 0x0000006f
core   0: 0x00101d4c (0x80e11c03) lh      s8, -2034(sp)
core   0: 3 0x00101d4c (0x80e11c03) x24 0x00003d8e mem 0x0012207e
core   0: 0x00101d50 (0xd3e11d83) lh      s11, -706(sp)
core   0: 3 0x00101d50 (0xd3e11d83) x27 0x000004aa mem 0x001225ae
core   0: 0x00101d54 (0x297d3c37) lui     s8, 0x297d3
core   0: 3 0x00101d54 (0x297d3c37) x24 0x297d3000
core   0: 0x00101d58 (0x007bfc33) and     s8, s7, t2
core   0: 3 0x00101d58 (0x007bfc33) x24 0x00000009
core   0: 0x00101d5c (0x01d4aa33) slt     s4, s1, t4
core   0: 3 0x00101d5c (0x01d4aa33) x20 0x00000000
core   0: >>>>  b0000000245
core   0: 0x00101d60 (0x00000033) add     zero, zero, zero
core   0: 3 0x00101d60 (0x00000033)
core   0: 0x00101d64 (0x030f8e63) beq     t6, a6, pc + 60
core   0: 3 0x00101d64 (0x030f8e63)
core   0: >>>>  i000000024a
core   0: 0x00101da0 (0x7b587313) andi    t1, a6, 1973
core   0: 3 0x00101da0 (0x7b587313) x6  0x00000000
core   0: >>>>  i000000024b
core   0: 0x00101da4 (0x005a7bb3) and     s7, s4, t0
core   0: 3 0x00101da4 (0x005a7bb3) x23 0x00000000
core   0: >>>>  i000000024c
core   0: 0x00101da8 (0xe0c10c23) sb      a2, -488(sp)
core   0: 3 0x00101da8 (0xe0c10c23) mem 0x00122688 0x82
core   0: >>>>  i000000024d
core   0: 0x00101dac (0x57e12223) sw      t5, 1380(sp)
core   0: 3 0x00101dac (0x57e12223) mem 0x00122dd4 0x000002b1
core   0: >>>>  i000000024e
core   0: 0x00101db0 (0x19012783) lw      a5, 400(sp)
core   0: 3 0x00101db0 (0x19012783) x15 0xa9eb1a81 mem 0x00122a00
core   0: >>>>  i000000024f
core   0: 0x00101db4 (0xfc0108a3) sb      zero, -47(sp)
core   0: 3 0x00101db4 (0xfc0108a3) mem 0x00122841 0x00
core   0: >>>>  i0000000250
core   0: 0x00101db8 (0x4146d3b3) sra     t2, a3, s4
core   0: 3 0x00101db8 (0x4146d3b3) x7  0x0000000b
core   0: >>>>  i0000000251
core   0: 0x00101dbc (0x0e502d17) auipc   s10, 0xe502
core   0: 3 0x00101dbc (0x0e502d17) x26 0x0e603dbc
core   0: >>>>  i0000000252
core   0: 0x00101dc0 (0x01e87433) and     s0, a6, t5
core   0: 3 0x00101dc0 (0x01e87433) x8  0x00000000
core   0: 0x00101dc4 (0x00001117) auipc   sp, 0x1
core   0: 3 0x00101dc4 (0x00001117) x2  0x00102dc4
core   0: 0x00101dc8 (0x52c10113) addi    sp, sp, 1324
core   0: 3 0x00101dc8 (0x52c10113) x2  0x001032f0
core   0: 0x00101dcc (0x00018337) lui     t1, 0x18
core   0: 3 0x00101dcc (0x00018337) x6  0x00018000
core   0: 0x00101dd0 (0x3e830313) addi    t1, t1, 1000
core   0: 3 0x00101dd0 (0x3e830313) x6  0x000183e8
core   0: 0x00101dd4 (0x00610133) add     sp, sp, t1
core   0: 3 0x00101dd4 (0x00610133) x2  0x0011b6d8
core   0: >>>>  i0000000253
core   0: 0x00101dd8 (0x4e811f03) lh      t5, 1256(sp)
core   0: 3 0x00101dd8 (0x4e811f03) x30 0xffffe32d mem 0x0011bbc0
core   0: >>>>  i0000000254
core   0: 0x00101ddc (0xb3cecf13) xori    t5, t4, -1220
core   0: 3 0x00101ddc (0xb3cecf13) x30 0xfffffb3c
core   0: 0x00101de0 (0x00001117) auipc   sp, 0x1
core   0: 3 0x00101de0 (0x00001117) x2  0x00102de0
core   0: 0x00101de4 (0x51010113) addi    sp, sp, 1296
core   0: 3 0x00101de4 (0x51010113) x2  0x001032f0
core   0: 0x00101de8 (0x00010337) lui     t1, 0x10
core   0: 3 0x00101de8 (0x00010337) x6  0x00010000
core   0: 0x00101dec (0x5e030313) addi    t1, t1, 1504
core   0: 3 0x00101dec (0x5e030313) x6  0x000105e0
core   0: 0x00101df0 (0x00610133) add     sp, sp, t1
core   0: 3 0x00101df0 (0x00610133) x2  0x001138d0
core   0: >>>>  i0000000255
core   0: 0x00101df4 (0x89b14f03) lbu     t5, -1893(sp)
core   0: 3 0x00101df4 (0x89b14f03) x30 0x000000d8 mem 0x0011316b
core   0: >>>>  i0000000256
core   0: 0x00101df8 (0xa1527493) andi    s1, tp, -1515
core   0: 3 0x00101df8 (0xa1527493) x9  0x68000000
core   0: >>>>  i0000000257
core   0: 0x00101dfc (0x019caf33) slt     t5, s9, s9
core   0: 3 0x00101dfc (0x019caf33) x30 0x00000000
core   0: >>>>  i0000000258
core   0: 0x00101e00 (0x64c12223) sw      a2, 1604(sp)
core   0: 3 0x00101e00 (0x64c12223) mem 0x00113f14 0x00000282
core   0: 0x00101e04 (0x00b00813) li      a6, 11
core   0: 3 0x00101e04 (0x00b00813) x16 0x0000000b
core   0: 0x00101e08 (0x001f8f93) addi    t6, t6, 1
core   0: 3 0x00101e08 (0x001f8f93) x31 0x0000000b
core   0: 0x00101e0c (0x00001117) auipc   sp, 0x1
core   0: 3 0x00101e0c (0x00001117) x2  0x00102e0c
core   0: 0x00101e10 (0x4e410113) addi    sp, sp, 1252
core   0: 3 0x00101e10 (0x4e410113) x2  0x001032f0
core   0: 0x00101e14 (0x00003337) lui     t1, 0x3
core   0: 3 0x00101e14 (0x00003337) x6  0x00003000
core   0: 0x00101e18 (0xa2030313) addi    t1, t1, -1504
core   0: 3 0x00101e18 (0xa2030313) x6  0x00002a20
core   0: 0x00101e1c (0x00610133) add     sp, sp, t1
core   0: 3 0x00101e1c (0x00610133) x2  0x00105d10
core   0: 0x00101e20 (0x00001117) auipc   sp, 0x1
core   0: 3 0x00101e20 (0x00001117) x2  0x00102e20
core   0: 0x00101e24 (0x4d010113) addi    sp, sp, 1232
core   0: 3 0x00101e24 (0x4d010113) x2  0x001032f0
core   0: 0x00101e28 (0x00010337) lui     t1, 0x10
core   0: 3 0x00101e28 (0x00010337) x6  0x00010000
core   0: 0x00101e2c (0xfd030313) addi    t1, t1, -48
core   0: 3 0x00101e2c (0xfd030313) x6  0x0000ffd0
core   0: 0x00101e30 (0x00610133) add     sp, sp, t1
core   0: 3 0x00101e30 (0x00610133) x2  0x001132c0
core   0: 0x00101e34 (0x00001117) auipc   sp, 0x1
core   0: 3 0x00101e34 (0x00001117) x2  0x00102e34
core   0: 0x00101e38 (0x4bc10113) addi    sp, sp, 1212
core   0: 3 0x00101e38 (0x4bc10113) x2  0x001032f0
core   0: 0x00101e3c (0x0001c337) lui     t1, 0x1c
core   0: 3 0x00101e3c (0x0001c337) x6  0x0001c000
core   0: 0x00101e40 (0xf1830313) addi    t1, t1, -232
core   0: 3 0x00101e40 (0xf1830313) x6  0x0001bf18
core   0: 0x00101e44 (0x00610133) add     sp, sp, t1
core   0: 3 0x00101e44 (0x00610133) x2  0x0011f208
core   0: 0x00101e48 (0x0dc14a83) lbu     s5, 220(sp)
core   0: 3 0x00101e48 (0x0dc14a83) x21 0x0000006d mem 0x0011f2e4
core   0: 0x00101e4c (0x62411c03) lh      s8, 1572(sp)
core   0: 3 0x00101e4c (0x62411c03) x24 0xfffff6b5 mem 0x0011f82c
core   0: 0x00101e50 (0x1a411a83) lh      s5, 420(sp)
core   0: 3 0x00101e50 (0x1a411a83) x21 0x000041ba mem 0x0011f3ac
core   0: 0x00101e54 (0x01ceac33) slt     s8, t4, t3
core   0: 3 0x00101e54 (0x01ceac33) x24 0x00000001
core   0: 0x00101e58 (0x00411c03) lh      s8, 4(sp)
core   0: 3 0x00101e58 (0x00411c03) x24 0x0000666b mem 0x0011f20c
core   0: 0x00101e5c (0xa9d10823) sb      t4, -1392(sp)
core   0: 3 0x00101e5c (0xa9d10823) mem 0x0011ec98 0x00
core   0: 0x00101e60 (0xff6efa93) andi    s5, t4, -10
core   0: 3 0x00101e60 (0xff6efa93) x21 0x00000000
core   0: >>>>  b0000000259
core   0: 0x00101e64 (0x00000033) add     zero, zero, zero
core   0: 3 0x00101e64 (0x00000033)
core   0: 0x00101e68 (0xf70f8ae3) beq     t6, a6, pc - 140
core   0: 3 0x00101e68 (0xf70f8ae3)
core   0: >>>>  i0000000254
core   0: 0x00101ddc (0xb3cecf13) xori    t5, t4, -1220
core   0: 3 0x00101ddc (0xb3cecf13) x30 0xfffffb3c
core   0: 0x00101de0 (0x00001117) auipc   sp, 0x1
core   0: 3 0x00101de0 (0x00001117) x2  0x00102de0
core   0: 0x00101de4 (0x51010113) addi    sp, sp, 1296
core   0: 3 0x00101de4 (0x51010113) x2  0x001032f0
core   0: 0x00101de8 (0x00010337) lui     t1, 0x10
core   0: 3 0x00101de8 (0x00010337) x6  0x00010000
core   0: 0x00101dec (0x5e030313) addi    t1, t1, 1504
core   0: 3 0x00101dec (0x5e030313) x6  0x000105e0
core   0: 0x00101df0 (0x00610133) add     sp, sp, t1
core   0: 3 0x00101df0 (0x00610133) x2  0x001138d0
core   0: >>>>  i0000000255
core   0: 0x00101df4 (0x89b14f03) lbu     t5, -1893(sp)
core   0: 3 0x00101df4 (0x89b14f03) x30 0x000000d8 mem 0x0011316b
core   0: >>>>  i0000000256
core   0: 0x00101df8 (0xa1527493) andi    s1, tp, -1515
core   0: 3 0x00101df8 (0xa1527493) x9  0x68000000
core   0: >>>>  i0000000257
core   0: 0x00101dfc (0x019caf33) slt     t5, s9, s9
core   0: 3 0x00101dfc (0x019caf33) x30 0x00000000
core   0: >>>>  i0000000258
core   0: 0x00101e00 (0x64c12223) sw      a2, 1604(sp)
core   0: 3 0x00101e00 (0x64c12223) mem 0x00113f14 0x00000282
core   0: 0x00101e04 (0x00b00813) li      a6, 11
core   0: 3 0x00101e04 (0x00b00813) x16 0x0000000b
core   0: 0x00101e08 (0x001f8f93) addi    t6, t6, 1
core   0: 3 0x00101e08 (0x001f8f93) x31 0x0000000c
core   0: 0x00101e0c (0x00001117) auipc   sp, 0x1
core   0: 3 0x00101e0c (0x00001117) x2  0x00102e0c
core   0: 0x00101e10 (0x4e410113) addi    sp, sp, 1252
core   0: 3 0x00101e10 (0x4e410113) x2  0x001032f0
core   0: 0x00101e14 (0x00003337) lui     t1, 0x3
core   0: 3 0x00101e14 (0x00003337) x6  0x00003000
core   0: 0x00101e18 (0xa2030313) addi    t1, t1, -1504
core   0: 3 0x00101e18 (0xa2030313) x6  0x00002a20
core   0: 0x00101e1c (0x00610133) add     sp, sp, t1
core   0: 3 0x00101e1c (0x00610133) x2  0x00105d10
core   0: 0x00101e20 (0x00001117) auipc   sp, 0x1
core   0: 3 0x00101e20 (0x00001117) x2  0x00102e20
core   0: 0x00101e24 (0x4d010113) addi    sp, sp, 1232
core   0: 3 0x00101e24 (0x4d010113) x2  0x001032f0
core   0: 0x00101e28 (0x00010337) lui     t1, 0x10
core   0: 3 0x00101e28 (0x00010337) x6  0x00010000
core   0: 0x00101e2c (0xfd030313) addi    t1, t1, -48
core   0: 3 0x00101e2c (0xfd030313) x6  0x0000ffd0
core   0: 0x00101e30 (0x00610133) add     sp, sp, t1
core   0: 3 0x00101e30 (0x00610133) x2  0x001132c0
core   0: 0x00101e34 (0x00001117) auipc   sp, 0x1
core   0: 3 0x00101e34 (0x00001117) x2  0x00102e34
core   0: 0x00101e38 (0x4bc10113) addi    sp, sp, 1212
core   0: 3 0x00101e38 (0x4bc10113) x2  0x001032f0
core   0: 0x00101e3c (0x0001c337) lui     t1, 0x1c
core   0: 3 0x00101e3c (0x0001c337) x6  0x0001c000
core   0: 0x00101e40 (0xf1830313) addi    t1, t1, -232
core   0: 3 0x00101e40 (0xf1830313) x6  0x0001bf18
core   0: 0x00101e44 (0x00610133) add     sp, sp, t1
core   0: 3 0x00101e44 (0x00610133) x2  0x0011f208
core   0: 0x00101e48 (0x0dc14a83) lbu     s5, 220(sp)
core   0: 3 0x00101e48 (0x0dc14a83) x21 0x0000006d mem 0x0011f2e4
core   0: 0x00101e4c (0x62411c03) lh      s8, 1572(sp)
core   0: 3 0x00101e4c (0x62411c03) x24 0xfffff6b5 mem 0x0011f82c
core   0: 0x00101e50 (0x1a411a83) lh      s5, 420(sp)
core   0: 3 0x00101e50 (0x1a411a83) x21 0x000041ba mem 0x0011f3ac
core   0: 0x00101e54 (0x01ceac33) slt     s8, t4, t3
core   0: 3 0x00101e54 (0x01ceac33) x24 0x00000001
core   0: 0x00101e58 (0x00411c03) lh      s8, 4(sp)
core   0: 3 0x00101e58 (0x00411c03) x24 0x0000666b mem 0x0011f20c
core   0: 0x00101e5c (0xa9d10823) sb      t4, -1392(sp)
core   0: 3 0x00101e5c (0xa9d10823) mem 0x0011ec98 0x00
core   0: 0x00101e60 (0xff6efa93) andi    s5, t4, -10
core   0: 3 0x00101e60 (0xff6efa93) x21 0x00000000
core   0: >>>>  b0000000259
core   0: 0x00101e64 (0x00000033) add     zero, zero, zero
core   0: 3 0x00101e64 (0x00000033)
core   0: 0x00101e68 (0xf70f8ae3) beq     t6, a6, pc - 140
core   0: 3 0x00101e68 (0xf70f8ae3)
core   0: 0x00101e6c (0x00000033) add     zero, zero, zero
core   0: 3 0x00101e6c (0x00000033)
core   0: 0x00101e70 (0xd8815403) lhu     s0, -632(sp)
core   0: 3 0x00101e70 (0xd8815403) x8  0x0000c5e8 mem 0x0011ef90
core   0: 0x00101e74 (0x8d215e03) lhu     t3, -1838(sp)
core   0: 3 0x00101e74 (0x8d215e03) x28 0x0000d160 mem 0x0011eada
core   0: 0x00101e78 (0x016bbc33) sltu    s8, s7, s6
core   0: 3 0x00101e78 (0x016bbc33) x24 0x00000000
core   0: 0x00101e7c (0xeec12383) lw      t2, -276(sp)
core   0: 3 0x00101e7c (0xeec12383) x7  0x5351331c mem 0x0011f0f4
core   0: 0x00101e80 (0xf8d4ee93) ori     t4, s1, -115
core   0: 3 0x00101e80 (0xf8d4ee93) x29 0xffffff8d
core   0: 0x00101e84 (0x40f25ab3) sra     s5, tp, a5
core   0: 3 0x00101e84 (0x40f25ab3) x21 0x34000000
core   0: 0x00101e88 (0x417a8ab3) sub     s5, s5, s7
core   0: 3 0x00101e88 (0x417a8ab3) x21 0x34000000
core   0: 0x00101e8c (0x00a00f93) li      t6, 10
core   0: 3 0x00101e8c (0x00a00f93) x31 0x0000000a
core   0: >>>>  i0000000259
core   0: 0x00101e90 (0x00c65cb3) srl     s9, a2, a2
core   0: 3 0x00101e90 (0x00c65cb3) x25 0x000000a0
core   0: >>>>  i000000025a
core   0: 0x00101e94 (0xa0c15403) lhu     s0, -1524(sp)
core   0: 3 0x00101e94 (0xa0c15403) x8  0x0000e91e mem 0x0011ec14
core   0: >>>>  i000000025b
core   0: 0x00101e98 (0x609f6f13) ori     t5, t5, 1545
core   0: 3 0x00101e98 (0x609f6f13) x30 0x00000609
core   0: >>>>  i000000025c
core   0: 0x00101e9c (0xb3810203) lb      tp, -1224(sp)
core   0: 3 0x00101e9c (0xb3810203) x4  0xffffff9b mem 0x0011ed40
core   0: >>>>  i000000025d
core   0: 0x00101ea0 (0x5f0aed93) ori     s11, s5, 1520
core   0: 3 0x00101ea0 (0x5f0aed93) x27 0x340005f0
core   0: >>>>  i000000025e
core   0: 0x00101ea4 (0x40a908b3) sub     a7, s2, a0
core   0: 3 0x00101ea4 (0x40a908b3) x17 0xc0001e1b
core   0: >>>>  i000000025f
core   0: 0x00101ea8 (0x01ef2833) slt     a6, t5, t5
core   0: 3 0x00101ea8 (0x01ef2833) x16 0x00000000
core   0: 0x00101eac (0x00001117) auipc   sp, 0x1
core   0: 3 0x00101eac (0x00001117) x2  0x00102eac
core   0: 0x00101eb0 (0x44410113) addi    sp, sp, 1092
core   0: 3 0x00101eb0 (0x44410113) x2  0x001032f0
core   0: 0x00101eb4 (0x0001b337) lui     t1, 0x1b
core   0: 3 0x00101eb4 (0x0001b337) x6  0x0001b000
core   0: 0x00101eb8 (0xac830313) addi    t1, t1, -1336
core   0: 3 0x00101eb8 (0xac830313) x6  0x0001aac8
core   0: 0x00101ebc (0x00610133) add     sp, sp, t1
core   0: 3 0x00101ebc (0x00610133) x2  0x0011ddb8
core   0: >>>>  i0000000260
core   0: 0x00101ec0 (0xbde106a3) sb      t5, -1075(sp)
core   0: 3 0x00101ec0 (0xbde106a3) mem 0x0011d985 0x09
core   0: 0x00101ec4 (0x00001117) auipc   sp, 0x1
core   0: 3 0x00101ec4 (0x00001117) x2  0x00102ec4
core   0: 0x00101ec8 (0x42c10113) addi    sp, sp, 1068
core   0: 3 0x00101ec8 (0x42c10113) x2  0x001032f0
core   0: 0x00101ecc (0x00007337) lui     t1, 0x7
core   0: 3 0x00101ecc (0x00007337) x6  0x00007000
core   0: 0x00101ed0 (0xdb830313) addi    t1, t1, -584
core   0: 3 0x00101ed0 (0xdb830313) x6  0x00006db8
core   0: 0x00101ed4 (0x00610133) add     sp, sp, t1
core   0: 3 0x00101ed4 (0x00610133) x2  0x0010a0a8
core   0: >>>>  i0000000261
core   0: 0x00101ed8 (0xeec11c23) sh      a2, -264(sp)
core   0: 3 0x00101ed8 (0xeec11c23) mem 0x00109fa0 0x0282
core   0: >>>>  i0000000262
core   0: 0x00101edc (0x00c84033) xor     zero, a6, a2
core   0: 3 0x00101edc (0x00c84033)
core   0: >>>>  i0000000263
core   0: 0x00101ee0 (0x00d45f13) srli    t5, s0, 13
core   0: 3 0x00101ee0 (0x00d45f13) x30 0x00000007
core   0: >>>>  i0000000264
core   0: 0x00101ee4 (0xb2610803) lb      a6, -1242(sp)
core   0: 3 0x00101ee4 (0xb2610803) x16 0x0000007c mem 0x00109bce
core   0: >>>>  i0000000265
core   0: 0x00101ee8 (0x01e828b3) slt     a7, a6, t5
core   0: 3 0x00101ee8 (0x01e828b3) x17 0x00000000
core   0: >>>>  i0000000266
core   0: 0x00101eec (0x01067db3) and     s11, a2, a6
core   0: 3 0x00101eec (0x01067db3) x27 0x00000000
core   0: >>>>  i0000000267
core   0: 0x00101ef0 (0x00944633) xor     a2, s0, s1
core   0: 3 0x00101ef0 (0x00944633) x12 0x6800e91e
core   0: >>>>  i0000000268
core   0: 0x00101ef4 (0x41085833) sra     a6, a6, a6
core   0: 3 0x00101ef4 (0x41085833) x16 0x00000000
core   0: >>>>  i0000000269
core   0: 0x00101ef8 (0x004e2f33) slt     t5, t3, tp
core   0: 3 0x00101ef8 (0x004e2f33) x30 0x00000000
core   0: >>>>  i000000026a
core   0: 0x00101efc (0xdb812303) lw      t1, -584(sp)
core   0: 3 0x00101efc (0xdb812303) x6  0xe5f04809 mem 0x00109e60
core   0: >>>>  i000000026b
core   0: 0x00101f00 (0x59880813) addi    a6, a6, 1432
core   0: 3 0x00101f00 (0x59880813) x16 0x00000598
core   0: >>>>  i000000026c
core   0: 0x00101f04 (0x2ea15383) lhu     t2, 746(sp)
core   0: 3 0x00101f04 (0x2ea15383) x7  0x000052a0 mem 0x0010a392
core   0: 0x00101f08 (0x00b00a93) li      s5, 11
core   0: 3 0x00101f08 (0x00b00a93) x21 0x0000000b
core   0: 0x00101f0c (0x001f8f93) addi    t6, t6, 1
core   0: 3 0x00101f0c (0x001f8f93) x31 0x0000000b
core   0: 0x00101f10 (0x00001117) auipc   sp, 0x1
core   0: 3 0x00101f10 (0x00001117) x2  0x00102f10
core   0: 0x00101f14 (0x3e010113) addi    sp, sp, 992
core   0: 3 0x00101f14 (0x3e010113) x2  0x001032f0
core   0: 0x00101f18 (0x00010337) lui     t1, 0x10
core   0: 3 0x00101f18 (0x00010337) x6  0x00010000
core   0: 0x00101f1c (0xeb030313) addi    t1, t1, -336
core   0: 3 0x00101f1c (0xeb030313) x6  0x0000feb0
core   0: 0x00101f20 (0x00610133) add     sp, sp, t1
core   0: 3 0x00101f20 (0x00610133) x2  0x001131a0
core   0: 0x00101f24 (0x9b0c8c93) addi    s9, s9, -1616
core   0: 3 0x00101f24 (0x9b0c8c93) x25 0xfffffa50
core   0: 0x00101f28 (0x07e11803) lh      a6, 126(sp)
core   0: 3 0x00101f28 (0x07e11803) x16 0x00006cf5 mem 0x0011321e
core   0: 0x00101f2c (0x4ad10883) lb      a7, 1197(sp)
core   0: 3 0x00101f2c (0x4ad10883) x17 0xffffffcd mem 0x0011364d
core   0: 0x00101f30 (0x1f712823) sw      s7, 496(sp)
core   0: 3 0x00101f30 (0x1f712823) mem 0x00113390 0x00000000
core   0: 0x00101f34 (0x7c211d83) lh      s11, 1986(sp)
core   0: 3 0x00101f34 (0x7c211d83) x27 0x00003490 mem 0x00113962
core   0: 0x00101f38 (0x8f811b23) sh      s8, -1802(sp)
core   0: 3 0x00101f38 (0x8f811b23) mem 0x00112a96 0x0000
core   0: 0x00101f3c (0x29015403) lhu     s0, 656(sp)
core   0: 3 0x00101f3c (0x29015403) x8  0x00003bb5 mem 0x00113430
core   0: >>>>  b000000026d
core   0: 0x00101f40 (0x00000033) add     zero, zero, zero
core   0: 3 0x00101f40 (0x00000033)
core   0: 0x00101f44 (0xf75f80e3) beq     t6, s5, pc - 160
core   0: 3 0x00101f44 (0xf75f80e3)
core   0: >>>>  i000000025e
core   0: 0x00101ea4 (0x40a908b3) sub     a7, s2, a0
core   0: 3 0x00101ea4 (0x40a908b3) x17 0xc0001e1b
core   0: >>>>  i000000025f
core   0: 0x00101ea8 (0x01ef2833) slt     a6, t5, t5
core   0: 3 0x00101ea8 (0x01ef2833) x16 0x00000000
core   0: 0x00101eac (0x00001117) auipc   sp, 0x1
core   0: 3 0x00101eac (0x00001117) x2  0x00102eac
core   0: 0x00101eb0 (0x44410113) addi    sp, sp, 1092
core   0: 3 0x00101eb0 (0x44410113) x2  0x001032f0
core   0: 0x00101eb4 (0x0001b337) lui     t1, 0x1b
core   0: 3 0x00101eb4 (0x0001b337) x6  0x0001b000
core   0: 0x00101eb8 (0xac830313) addi    t1, t1, -1336
core   0: 3 0x00101eb8 (0xac830313) x6  0x0001aac8
core   0: 0x00101ebc (0x00610133) add     sp, sp, t1
core   0: 3 0x00101ebc (0x00610133) x2  0x0011ddb8
core   0: >>>>  i0000000260
core   0: 0x00101ec0 (0xbde106a3) sb      t5, -1075(sp)
core   0: 3 0x00101ec0 (0xbde106a3) mem 0x0011d985 0x00
core   0: 0x00101ec4 (0x00001117) auipc   sp, 0x1
core   0: 3 0x00101ec4 (0x00001117) x2  0x00102ec4
core   0: 0x00101ec8 (0x42c10113) addi    sp, sp, 1068
core   0: 3 0x00101ec8 (0x42c10113) x2  0x001032f0
core   0: 0x00101ecc (0x00007337) lui     t1, 0x7
core   0: 3 0x00101ecc (0x00007337) x6  0x00007000
core   0: 0x00101ed0 (0xdb830313) addi    t1, t1, -584
core   0: 3 0x00101ed0 (0xdb830313) x6  0x00006db8
core   0: 0x00101ed4 (0x00610133) add     sp, sp, t1
core   0: 3 0x00101ed4 (0x00610133) x2  0x0010a0a8
core   0: >>>>  i0000000261
core   0: 0x00101ed8 (0xeec11c23) sh      a2, -264(sp)
core   0: 3 0x00101ed8 (0xeec11c23) mem 0x00109fa0 0xe91e
core   0: >>>>  i0000000262
core   0: 0x00101edc (0x00c84033) xor     zero, a6, a2
core   0: 3 0x00101edc (0x00c84033)
core   0: >>>>  i0000000263
core   0: 0x00101ee0 (0x00d45f13) srli    t5, s0, 13
core   0: 3 0x00101ee0 (0x00d45f13) x30 0x00000001
core   0: >>>>  i0000000264
core   0: 0x00101ee4 (0xb2610803) lb      a6, -1242(sp)
core   0: 3 0x00101ee4 (0xb2610803) x16 0x0000007c mem 0x00109bce
core   0: >>>>  i0000000265
core   0: 0x00101ee8 (0x01e828b3) slt     a7, a6, t5
core   0: 3 0x00101ee8 (0x01e828b3) x17 0x00000000
core   0: >>>>  i0000000266
core   0: 0x00101eec (0x01067db3) and     s11, a2, a6
core   0: 3 0x00101eec (0x01067db3) x27 0x0000001c
core   0: >>>>  i0000000267
core   0: 0x00101ef0 (0x00944633) xor     a2, s0, s1
core   0: 3 0x00101ef0 (0x00944633) x12 0x68003bb5
core   0: >>>>  i0000000268
core   0: 0x00101ef4 (0x41085833) sra     a6, a6, a6
core   0: 3 0x00101ef4 (0x41085833) x16 0x00000000
core   0: >>>>  i0000000269
core   0: 0x00101ef8 (0x004e2f33) slt     t5, t3, tp
core   0: 3 0x00101ef8 (0x004e2f33) x30 0x00000000
core   0: >>>>  i000000026a
core   0: 0x00101efc (0xdb812303) lw      t1, -584(sp)
core   0: 3 0x00101efc (0xdb812303) x6  0xe5f04809 mem 0x00109e60
core   0: >>>>  i000000026b
core   0: 0x00101f00 (0x59880813) addi    a6, a6, 1432
core   0: 3 0x00101f00 (0x59880813) x16 0x00000598
core   0: >>>>  i000000026c
core   0: 0x00101f04 (0x2ea15383) lhu     t2, 746(sp)
core   0: 3 0x00101f04 (0x2ea15383) x7  0x000052a0 mem 0x0010a392
core   0: 0x00101f08 (0x00b00a93) li      s5, 11
core   0: 3 0x00101f08 (0x00b00a93) x21 0x0000000b
core   0: 0x00101f0c (0x001f8f93) addi    t6, t6, 1
core   0: 3 0x00101f0c (0x001f8f93) x31 0x0000000c
core   0: 0x00101f10 (0x00001117) auipc   sp, 0x1
core   0: 3 0x00101f10 (0x00001117) x2  0x00102f10
core   0: 0x00101f14 (0x3e010113) addi    sp, sp, 992
core   0: 3 0x00101f14 (0x3e010113) x2  0x001032f0
core   0: 0x00101f18 (0x00010337) lui     t1, 0x10
core   0: 3 0x00101f18 (0x00010337) x6  0x00010000
core   0: 0x00101f1c (0xeb030313) addi    t1, t1, -336
core   0: 3 0x00101f1c (0xeb030313) x6  0x0000feb0
core   0: 0x00101f20 (0x00610133) add     sp, sp, t1
core   0: 3 0x00101f20 (0x00610133) x2  0x001131a0
core   0: 0x00101f24 (0x9b0c8c93) addi    s9, s9, -1616
core   0: 3 0x00101f24 (0x9b0c8c93) x25 0xfffff400
core   0: 0x00101f28 (0x07e11803) lh      a6, 126(sp)
core   0: 3 0x00101f28 (0x07e11803) x16 0x00006cf5 mem 0x0011321e
core   0: 0x00101f2c (0x4ad10883) lb      a7, 1197(sp)
core   0: 3 0x00101f2c (0x4ad10883) x17 0xffffffcd mem 0x0011364d
core   0: 0x00101f30 (0x1f712823) sw      s7, 496(sp)
core   0: 3 0x00101f30 (0x1f712823) mem 0x00113390 0x00000000
core   0: 0x00101f34 (0x7c211d83) lh      s11, 1986(sp)
core   0: 3 0x00101f34 (0x7c211d83) x27 0x00003490 mem 0x00113962
core   0: 0x00101f38 (0x8f811b23) sh      s8, -1802(sp)
core   0: 3 0x00101f38 (0x8f811b23) mem 0x00112a96 0x0000
core   0: 0x00101f3c (0x29015403) lhu     s0, 656(sp)
core   0: 3 0x00101f3c (0x29015403) x8  0x00003bb5 mem 0x00113430
core   0: >>>>  b000000026d
core   0: 0x00101f40 (0x00000033) add     zero, zero, zero
core   0: 3 0x00101f40 (0x00000033)
core   0: 0x00101f44 (0xf75f80e3) beq     t6, s5, pc - 160
core   0: 3 0x00101f44 (0xf75f80e3)
core   0: 0x00101f48 (0x00000033) add     zero, zero, zero
core   0: 3 0x00101f48 (0x00000033)
core   0: 0x00101f4c (0x010e9413) slli    s0, t4, 16
core   0: 3 0x00101f4c (0x010e9413) x8  0xff8d0000
core   0: 0x00101f50 (0x82912c23) sw      s1, -1992(sp)
core   0: 3 0x00101f50 (0x82912c23) mem 0x001129d8 0x68000000
core   0: 0x00101f54 (0x0104d9b3) srl     s3, s1, a6
core   0: 3 0x00101f54 (0x0104d9b3) x19 0x00000340
core   0: 0x00101f58 (0xfca15983) lhu     s3, -54(sp)
core   0: 3 0x00101f58 (0xfca15983) x19 0x0000d805 mem 0x0011316a
core   0: 0x00101f5c (0xe4114e03) lbu     t3, -447(sp)
core   0: 3 0x00101f5c (0xe4114e03) x28 0x00000032 mem 0x00112fe1
core   0: 0x00101f60 (0x01c4b7b3) sltu    a5, s1, t3
core   0: 3 0x00101f60 (0x01c4b7b3) x15 0x00000000
core   0: 0x00101f64 (0x016d9c33) sll     s8, s11, s6
core   0: 3 0x00101f64 (0x016d9c33) x24 0x00003490
core   0: 0x00101f68 (0x00a00f93) li      t6, 10
core   0: 3 0x00101f68 (0x00a00f93) x31 0x0000000a
core   0: >>>>  i000000026d
core   0: 0x00101f6c (0x79043993) sltiu   s3, s0, 1936
core   0: 3 0x00101f6c (0x79043993) x19 0x00000000
core   0: >>>>  i000000026e
core   0: 0x00101f70 (0xfd815803) lhu     a6, -40(sp)
core   0: 3 0x00101f70 (0xfd815803) x16 0x0000b273 mem 0x00113178
core   0: >>>>  i000000026f
core   0: 0x00101f74 (0x008daf33) slt     t5, s11, s0
core   0: 3 0x00101f74 (0x008daf33) x30 0x00000000
core   0: 0x00101f78 (0x00001117) auipc   sp, 0x1
core   0: 3 0x00101f78 (0x00001117) x2  0x00102f78
core   0: 0x00101f7c (0x37810113) addi    sp, sp, 888
core   0: 3 0x00101f7c (0x37810113) x2  0x001032f0
core   0: 0x00101f80 (0x00015337) lui     t1, 0x15
core   0: 3 0x00101f80 (0x00015337) x6  0x00015000
core   0: 0x00101f84 (0x5b030313) addi    t1, t1, 1456
core   0: 3 0x00101f84 (0x5b030313) x6  0x000155b0
core   0: 0x00101f88 (0x00610133) add     sp, sp, t1
core   0: 3 0x00101f88 (0x00610133) x2  0x001188a0
core   0: >>>>  i0000000270
core   0: 0x00101f8c (0xb7e15003) lhu     zero, -1154(sp)
core   0: 3 0x00101f8c (0xb7e15003) mem 0x0011841e
core   0: >>>>  i0000000271
core   0: 0x00101f90 (0x26114803) lbu     a6, 609(sp)
core   0: 3 0x00101f90 (0x26114803) x16 0x000000fc mem 0x00118b01
core   0: >>>>  i0000000272
core   0: 0x00101f94 (0x49e105a3) sb      t5, 1163(sp)
core   0: 3 0x00101f94 (0x49e105a3) mem 0x00118d2b 0x00
core   0: >>>>  i0000000273
core   0: 0x00101f98 (0x11012423) sw      a6, 264(sp)
core   0: 3 0x00101f98 (0x11012423) mem 0x001189a8 0x000000fc
core   0: >>>>  i0000000274
core   0: 0x00101f9c (0x41060f33) sub     t5, a2, a6
core   0: 3 0x00101f9c (0x41060f33) x30 0x68003ab9
core   0: >>>>  i0000000275
core   0: 0x00101fa0 (0x01e81833) sll     a6, a6, t5
core   0: 3 0x00101fa0 (0x01e81833) x16 0xf8000000
core   0: >>>>  i0000000276
core   0: 0x00101fa4 (0xa6f22593) slti    a1, tp, -1425
core   0: 3 0x00101fa4 (0xa6f22593) x11 0x00000000
core   0: >>>>  i0000000277
core   0: 0x00101fa8 (0x7a8a6437) lui     s0, 0x7a8a6
core   0: 3 0x00101fa8 (0x7a8a6437) x8  0x7a8a6000
core   0: >>>>  i0000000278
core   0: 0x00101fac (0x00710603) lb      a2, 7(sp)
core   0: 3 0x00101fac (0x00710603) x12 0x0000002a mem 0x001188a7
core   0: >>>>  i0000000279
core   0: 0x00101fb0 (0x4092dd33) sra     s10, t0, s1
core   0: 3 0x00101fb0 (0x4092dd33) x26 0xf0000000
core   0: >>>>  i000000027a
core   0: 0x00101fb4 (0xfe194613) xori    a2, s2, -31
core   0: 3 0x00101fb4 (0xfe194613) x12 0xffffe1fa
core   0: >>>>  i000000027b
core   0: 0x00101fb8 (0x56558f13) addi    t5, a1, 1381
core   0: 3 0x00101fb8 (0x56558f13) x30 0x00000565
core   0: >>>>  i000000027c
core   0: 0x00101fbc (0x5dc11b03) lh      s6, 1500(sp)
core   0: 3 0x00101fbc (0x5dc11b03) x22 0xffffafe3 mem 0x00118e7c
core   0: >>>>  i000000027d
core   0: 0x00101fc0 (0x010f42b3) xor     t0, t5, a6
core   0: 3 0x00101fc0 (0x010f42b3) x5  0xf8000565
core   0: 0x00101fc4 (0x00001117) auipc   sp, 0x1
core   0: 3 0x00101fc4 (0x00001117) x2  0x00102fc4
core   0: 0x00101fc8 (0x32c10113) addi    sp, sp, 812
core   0: 3 0x00101fc8 (0x32c10113) x2  0x001032f0
core   0: 0x00101fcc (0x00003337) lui     t1, 0x3
core   0: 3 0x00101fcc (0x00003337) x6  0x00003000
core   0: 0x00101fd0 (0x8b830313) addi    t1, t1, -1864
core   0: 3 0x00101fd0 (0x8b830313) x6  0x000028b8
core   0: 0x00101fd4 (0x00610133) add     sp, sp, t1
core   0: 3 0x00101fd4 (0x00610133) x2  0x00105ba8
core   0: >>>>  i000000027e
core   0: 0x00101fd8 (0xf4711623) sh      t2, -180(sp)
core   0: 3 0x00101fd8 (0xf4711623) mem 0x00105af4 0x52a0
core   0: >>>>  i000000027f
core   0: 0x00101fdc (0x41ef0833) sub     a6, t5, t5
core   0: 3 0x00101fdc (0x41ef0833) x16 0x00000000
core   0: >>>>  i0000000280
core   0: 0x00101fe0 (0x01ef7db3) and     s11, t5, t5
core   0: 3 0x00101fe0 (0x01ef7db3) x27 0x00000565
core   0: 0x00101fe4 (0x00001117) auipc   sp, 0x1
core   0: 3 0x00101fe4 (0x00001117) x2  0x00102fe4
core   0: 0x00101fe8 (0x30c10113) addi    sp, sp, 780
core   0: 3 0x00101fe8 (0x30c10113) x2  0x001032f0
core   0: 0x00101fec (0x00009337) lui     t1, 0x9
core   0: 3 0x00101fec (0x00009337) x6  0x00009000
core   0: 0x00101ff0 (0x7f830313) addi    t1, t1, 2040
core   0: 3 0x00101ff0 (0x7f830313) x6  0x000097f8
core   0: 0x00101ff4 (0x00610133) add     sp, sp, t1
core   0: 3 0x00101ff4 (0x00610133) x2  0x0010cae8
core   0: 0x00101ff8 (0x018d6b33) or      s6, s10, s8
core   0: 3 0x00101ff8 (0x018d6b33) x22 0xf0003490
core   0: 0x00101ffc (0x5b510823) sb      s5, 1456(sp)
core   0: 3 0x00101ffc (0x5b510823) mem 0x0010d098 0x0b
core   0: 0x00102000 (0x0099dc13) srli    s8, s3, 9
core   0: 3 0x00102000 (0x0099dc13) x24 0x00000000
core   0: 0x00102004 (0x41d4d813) srai    a6, s1, 29
core   0: 3 0x00102004 (0x41d4d813) x16 0x00000003
core   0: 0x00102008 (0x00b4d813) srli    a6, s1, 11
core   0: 3 0x00102008 (0x00b4d813) x16 0x000d0000
core   0: 0x0010200c (0x01449893) slli    a7, s1, 20
core   0: 3 0x0010200c (0x01449893) x17 0x00000000
core   0: 0x00102010 (0x41d48e33) sub     t3, s1, t4
core   0: 3 0x00102010 (0x41d48e33) x28 0x68000073
core   0: >>>>  b0000000281
core   0: 0x00102014 (0x0800056f) jal     a0, pc + 0x80
core   0: 3 0x00102014 (0x0800056f) x10 0x00102018
core   0: >>>>  i000000028f
core   0: 0x00102094 (0x41865613) srai    a2, a2, 24
core   0: 3 0x00102094 (0x41865613) x12 0xffffffff
core   0: >>>>  i0000000290
core   0: 0x00102098 (0xa4911423) sh      s1, -1464(sp)
core   0: 3 0x00102098 (0xa4911423) mem 0x0010c530 0x0000
core   0: >>>>  i0000000291
core   0: 0x0010209c (0xc4011c03) lh      s8, -960(sp)
core   0: 3 0x0010209c (0xc4011c03) x24 0x00004a48 mem 0x0010c728
core   0: >>>>  i0000000292
core   0: 0x001020a0 (0x00eaccb7) lui     s9, 0xeac
core   0: 3 0x001020a0 (0x00eaccb7) x25 0x00eac000
core   0: >>>>  i0000000293
core   0: 0x001020a4 (0xa4c10803) lb      a6, -1460(sp)
core   0: 3 0x001020a4 (0xa4c10803) x16 0x00000043 mem 0x0010c534
core   0: >>>>  i0000000294
core   0: 0x001020a8 (0xf5a11683) lh      a3, -166(sp)
core   0: 3 0x001020a8 (0xf5a11683) x13 0x00005bd0 mem 0x0010ca42
core   0: 0x001020ac (0x00900c13) li      s8, 9
core   0: 3 0x001020ac (0x00900c13) x24 0x00000009
core   0: 0x001020b0 (0x00a00f93) li      t6, 10
core   0: 3 0x001020b0 (0x00a00f93) x31 0x0000000a
core   0: 0x001020b4 (0x00001117) auipc   sp, 0x1
core   0: 3 0x001020b4 (0x00001117) x2  0x001030b4
core   0: 0x001020b8 (0x23c10113) addi    sp, sp, 572
core   0: 3 0x001020b8 (0x23c10113) x2  0x001032f0
core   0: 0x001020bc (0x0001a337) lui     t1, 0x1a
core   0: 3 0x001020bc (0x0001a337) x6  0x0001a000
core   0: 0x001020c0 (0xeb030313) addi    t1, t1, -336
core   0: 3 0x001020c0 (0xeb030313) x6  0x00019eb0
core   0: 0x001020c4 (0x00610133) add     sp, sp, t1
core   0: 3 0x001020c4 (0x00610133) x2  0x0011d1a0
core   0: 0x001020c8 (0x00001117) auipc   sp, 0x1
core   0: 3 0x001020c8 (0x00001117) x2  0x001030c8
core   0: 0x001020cc (0x22810113) addi    sp, sp, 552
core   0: 3 0x001020cc (0x22810113) x2  0x001032f0
core   0: 0x001020d0 (0x0000a337) lui     t1, 0xa
core   0: 3 0x001020d0 (0x0000a337) x6  0x0000a000
core   0: 0x001020d4 (0x80830313) addi    t1, t1, -2040
core   0: 3 0x001020d4 (0x80830313) x6  0x00009808
core   0: 0x001020d8 (0x00610133) add     sp, sp, t1
core   0: 3 0x001020d8 (0x00610133) x2  0x0010caf8
core   0: 0x001020dc (0x00001117) auipc   sp, 0x1
core   0: 3 0x001020dc (0x00001117) x2  0x001030dc
core   0: 0x001020e0 (0x21410113) addi    sp, sp, 532
core   0: 3 0x001020e0 (0x21410113) x2  0x001032f0
core   0: 0x001020e4 (0x0000d337) lui     t1, 0xd
core   0: 3 0x001020e4 (0x0000d337) x6  0x0000d000
core   0: 0x001020e8 (0xf9030313) addi    t1, t1, -112
core   0: 3 0x001020e8 (0xf9030313) x6  0x0000cf90
core   0: 0x001020ec (0x00610133) add     sp, sp, t1
core   0: 3 0x001020ec (0x00610133) x2  0x00110280
core   0: 0x001020f0 (0x39a104a3) sb      s10, 905(sp)
core   0: 3 0x001020f0 (0x39a104a3) mem 0x00110609 0x00
core   0: 0x001020f4 (0x0119ed33) or      s10, s3, a7
core   0: 3 0x001020f4 (0x0119ed33) x26 0x00000000
core   0: 0x001020f8 (0x01c95793) srli    a5, s2, 28
core   0: 3 0x001020f8 (0x01c95793) x15 0x00000000
core   0: 0x001020fc (0x00411b03) lh      s6, 4(sp)
core   0: 3 0x001020fc (0x00411b03) x22 0x000021a9 mem 0x00110284
core   0: 0x00102100 (0x01d4ab33) slt     s6, s1, t4
core   0: 3 0x00102100 (0x01d4ab33) x22 0x00000000
core   0: 0x00102104 (0x291b8a93) addi    s5, s7, 657
core   0: 3 0x00102104 (0x291b8a93) x21 0x00000291
core   0: 0x00102108 (0xa5514a83) lbu     s5, -1451(sp)
core   0: 3 0x00102108 (0xa5514a83) x21 0x000000c9 mem 0x0010fcd5
core   0: >>>>  b0000000295
core   0: 0x0010210c (0x00000033) add     zero, zero, zero
core   0: 3 0x0010210c (0x00000033)
core   0: 0x00102110 (0x038fce63) blt     t6, s8, pc + 60
core   0: 3 0x00102110 (0x038fce63)
core   0: 0x00102114 (0x00000033) add     zero, zero, zero
core   0: 3 0x00102114 (0x00000033)
core   0: 0x00102118 (0xc8b10e83) lb      t4, -885(sp)
core   0: 3 0x00102118 (0xc8b10e83) x29 0xffffff8d mem 0x0010ff0b
core   0: 0x0010211c (0x16d03817) auipc   a6, 0x16d03
core   0: 3 0x0010211c (0x16d03817) x16 0x16e0511c
core   0: 0x00102120 (0x1ea10403) lb      s0, 490(sp)
core   0: 3 0x00102120 (0x1ea10403) x8  0x00000014 mem 0x0011046a
core   0: 0x00102124 (0x2ec15e83) lhu     t4, 748(sp)
core   0: 3 0x00102124 (0x2ec15e83) x29 0x00009aaa mem 0x0011056c
core   0: 0x00102128 (0x61710403) lb      s0, 1559(sp)
core   0: 3 0x00102128 (0x61710403) x8  0x00000052 mem 0x00110897
core   0: 0x0010212c (0xb5deea93) ori     s5, t4, -1187
core   0: 3 0x0010212c (0xb5deea93) x21 0xfffffbff
core   0: 0x00102130 (0xe3b11a23) sh      s11, -460(sp)
core   0: 3 0x00102130 (0xe3b11a23) mem 0x001100b4 0x0565
core   0: 0x00102134 (0x00a00f93) li      t6, 10
core   0: 3 0x00102134 (0x00a00f93) x31 0x0000000a
core   0: >>>>  i0000000295
core   0: 0x00102138 (0x5b412483) lw      s1, 1460(sp)
core   0: 3 0x00102138 (0x5b412483) x9  0x2c92b0ae mem 0x00110834
core   0: >>>>  i0000000296
core   0: 0x0010213c (0x155df493) andi    s1, s11, 341
core   0: 3 0x0010213c (0x155df493) x9  0x00000145
core   0: >>>>  i0000000297
core   0: 0x00102140 (0xb3134613) xori    a2, t1, -1231
core   0: 3 0x00102140 (0xb3134613) x12 0xffff34a1
core   0: >>>>  i0000000298
core   0: 0x00102144 (0x30f10283) lb      t0, 783(sp)
core   0: 3 0x00102144 (0x30f10283) x5  0x00000059 mem 0x0011058f
core   0: >>>>  i0000000299
core   0: 0x00102148 (0xabf14603) lbu     a2, -1345(sp)
core   0: 3 0x00102148 (0xabf14603) x12 0x00000020 mem 0x0010fd3f
core   0: >>>>  i000000029a
core   0: 0x0010214c (0x01083f33) sltu    t5, a6, a6
core   0: 3 0x0010214c (0x01083f33) x30 0x00000000
core   0: >>>>  i000000029b
core   0: 0x00102150 (0x9bfd4f13) xori    t5, s10, -1601
core   0: 3 0x00102150 (0x9bfd4f13) x30 0xfffff9bf
core   0: >>>>  i000000029c
core   0: 0x00102154 (0x410f0db3) sub     s11, t5, a6
core   0: 3 0x00102154 (0x410f0db3) x27 0xe91fa8a3
core   0: >>>>  i000000029d
core   0: 0x00102158 (0xb0514983) lbu     s3, -1275(sp)
core   0: 3 0x00102158 (0xb0514983) x19 0x00000045 mem 0x0010fd85
core   0: >>>>  i000000029e
core   0: 0x0010215c (0x13e12023) sw      t5, 288(sp)
core   0: 3 0x0010215c (0x13e12023) mem 0x001103a0 0xfffff9bf
core   0: >>>>  i000000029f
core   0: 0x00102160 (0x00537633) and     a2, t1, t0
core   0: 3 0x00102160 (0x00537633) x12 0x00000010
core   0: >>>>  i00000002a0
core   0: 0x00102164 (0x010f2f33) slt     t5, t5, a6
core   0: 3 0x00102164 (0x010f2f33) x30 0x00000001
core   0: >>>>  i00000002a1
core   0: 0x00102168 (0x00990f33) add     t5, s2, s1
core   0: 3 0x00102168 (0x00990f33) x30 0x00001f60
core   0: >>>>  i00000002a2
core   0: 0x0010216c (0x00f391b3) sll     gp, t2, a5
core   0: 3 0x0010216c (0x00f391b3) x3  0x000052a0
core   0: >>>>  i00000002a3
core   0: 0x00102170 (0xbbd10b03) lb      s6, -1091(sp)
core   0: 3 0x00102170 (0xbbd10b03) x22 0x0000000a mem 0x0010fe3d
core   0: >>>>  i00000002a4
core   0: 0x00102174 (0x41e65913) srai    s2, a2, 30
core   0: 3 0x00102174 (0x41e65913) x18 0x00000000
core   0: >>>>  i00000002a5
core   0: 0x00102178 (0x00599f33) sll     t5, s3, t0
core   0: 3 0x00102178 (0x00599f33) x30 0x8a000000
core   0: >>>>  i00000002a6
core   0: 0x0010217c (0xafe10b23) sb      t5, -1290(sp)
core   0: 3 0x0010217c (0xafe10b23) mem 0x0010fd76 0x00
core   0: >>>>  i00000002a7
core   0: 0x00102180 (0xe8812603) lw      a2, -376(sp)
core   0: 3 0x00102180 (0xe8812603) x12 0x49ac57c7 mem 0x00110108
core   0: >>>>  i00000002a8
core   0: 0x00102184 (0x54211603) lh      a2, 1346(sp)
core   0: 3 0x00102184 (0x54211603) x12 0x000054d0 mem 0x001107c2
core   0: 0x00102188 (0x00a00e93) li      t4, 10
core   0: 3 0x00102188 (0x00a00e93) x29 0x0000000a
core   0: 0x0010218c (0x00001117) auipc   sp, 0x1
core   0: 3 0x0010218c (0x00001117) x2  0x0010318c
core   0: 0x00102190 (0x16410113) addi    sp, sp, 356
core   0: 3 0x00102190 (0x16410113) x2  0x001032f0
core   0: 0x00102194 (0x0000d337) lui     t1, 0xd
core   0: 3 0x00102194 (0x0000d337) x6  0x0000d000
core   0: 0x00102198 (0xcd030313) addi    t1, t1, -816
core   0: 3 0x00102198 (0xcd030313) x6  0x0000ccd0
core   0: 0x0010219c (0x00610133) add     sp, sp, t1
core   0: 3 0x0010219c (0x00610133) x2  0x0010ffc0
core   0: 0x001021a0 (0x00001117) auipc   sp, 0x1
core   0: 3 0x001021a0 (0x00001117) x2  0x001031a0
core   0: 0x001021a4 (0x15010113) addi    sp, sp, 336
core   0: 3 0x001021a4 (0x15010113) x2  0x001032f0
core   0: 0x001021a8 (0x0001f337) lui     t1, 0x1f
core   0: 3 0x001021a8 (0x0001f337) x6  0x0001f000
core   0: 0x001021ac (0x62030313) addi    t1, t1, 1568
core   0: 3 0x001021ac (0x62030313) x6  0x0001f620
core   0: 0x001021b0 (0x00610133) add     sp, sp, t1
core   0: 3 0x001021b0 (0x00610133) x2  0x00122910
core   0: 0x001021b4 (0xeac15483) lhu     s1, -340(sp)
core   0: 3 0x001021b4 (0xeac15483) x9  0x0000a7b6 mem 0x001227bc
core   0: 0x001021b8 (0x00c01b93) slli    s7, zero, 12
core   0: 3 0x001021b8 (0x00c01b93) x23 0x00000000
core   0: 0x001021bc (0x48712823) sw      t2, 1168(sp)
core   0: 3 0x001021bc (0x48712823) mem 0x00122da0 0x000052a0
core   0: 0x001021c0 (0x41905493) srai    s1, zero, 25
core   0: 3 0x001021c0 (0x41905493) x9  0x00000000
core   0: 0x001021c4 (0x00984d33) xor     s10, a6, s1
core   0: 3 0x001021c4 (0x00984d33) x26 0x16e0511c
core   0: 0x001021c8 (0xadd10883) lb      a7, -1315(sp)
core   0: 3 0x001021c8 (0xadd10883) x17 0x0000004e mem 0x001223ed
core   0: 0x001021cc (0x4de15b83) lhu     s7, 1246(sp)
core   0: 3 0x001021cc (0x4de15b83) x23 0x00003ad5 mem 0x00122dee
core   0: >>>>  b00000002a9
core   0: 0x001021d0 (0x00000033) add     zero, zero, zero
core   0: 3 0x001021d0 (0x00000033)
core   0: 0x001021d4 (0xf9df9ce3) bne     t6, t4, pc - 104
core   0: 3 0x001021d4 (0xf9df9ce3)
core   0: 0x001021d8 (0x00000033) add     zero, zero, zero
core   0: 3 0x001021d8 (0x00000033)
core   0: 0x001021dc (0x76412803) lw      a6, 1892(sp)
core   0: 3 0x001021dc (0x76412803) x16 0x5c736a35 mem 0x00123074
core   0: 0x001021e0 (0x00402c33) slt     s8, zero, tp
core   0: 3 0x001021e0 (0x00402c33) x24 0x00000000
core   0: 0x001021e4 (0xc8710203) lb      tp, -889(sp)
core   0: 3 0x001021e4 (0xc8710203) x4  0x00000060 mem 0x00122597
core   0: 0x001021e8 (0x41ad5813) srai    a6, s10, 26
core   0: 3 0x001021e8 (0x41ad5813) x16 0x00000005
core   0: 0x001021ec (0xfc710a23) sb      t2, -44(sp)
core   0: 3 0x001021ec (0xfc710a23) mem 0x001228e4 0xa0
core   0: 0x001021f0 (0x46811e03) lh      t3, 1128(sp)
core   0: 3 0x001021f0 (0x46811e03) x28 0x000004be mem 0x00122d78
core   0: 0x001021f4 (0x01c87233) and     tp, a6, t3
core   0: 3 0x001021f4 (0x01c87233) x4  0x00000004
core   0: 0x001021f8 (0x00a00f93) li      t6, 10
core   0: 3 0x001021f8 (0x00a00f93) x31 0x0000000a
core   0: >>>>  i00000002a9
core   0: 0x001021fc (0x00c67833) and     a6, a2, a2
core   0: 3 0x001021fc (0x00c67833) x16 0x000054d0
core   0: >>>>  i00000002aa
core   0: 0x00102200 (0xcd6106a3) sb      s6, -819(sp)
core   0: 3 0x00102200 (0xcd6106a3) mem 0x001225dd 0x0a
core   0: >>>>  i00000002ab
core   0: 0x00102204 (0xc4012683) lw      a3, -960(sp)
core   0: 3 0x00102204 (0xc4012683) x13 0xa5ff53bc mem 0x00122550
core   0: >>>>  i00000002ac
core   0: 0x00102208 (0x49012a23) sw      a6, 1172(sp)
core   0: 3 0x00102208 (0x49012a23) mem 0x00122da4 0x000054d0
core   0: >>>>  i00000002ad
core   0: 0x0010220c (0x58c11683) lh      a3, 1420(sp)
core   0: 3 0x0010220c (0x58c11683) x13 0xffffc1c4 mem 0x00122e9c
core   0: >>>>  i00000002ae
core   0: 0x00102210 (0x00f191b3) sll     gp, gp, a5
core   0: 3 0x00102210 (0x00f191b3) x3  0x000052a0
core   0: >>>>  i00000002af
core   0: 0x00102214 (0xf9011b23) sh      a6, -106(sp)
core   0: 3 0x00102214 (0xf9011b23) mem 0x001228a6 0x54d0
core   0: >>>>  i00000002b0
core   0: 0x00102218 (0xc0910e83) lb      t4, -1015(sp)
core   0: 3 0x00102218 (0xc0910e83) x29 0x0000001c mem 0x00122519
core   0: >>>>  i00000002b1
core   0: 0x0010221c (0xa1410603) lb      a2, -1516(sp)
core   0: 3 0x0010221c (0xa1410603) x12 0xffffffbc mem 0x00122324
core   0: >>>>  i00000002b2
core   0: 0x00102220 (0x21011723) sh      a6, 526(sp)
core   0: 3 0x00102220 (0x21011723) mem 0x00122b1e 0x54d0
core   0: >>>>  i00000002b3
core   0: 0x00102224 (0x57015603) lhu     a2, 1392(sp)
core   0: 3 0x00102224 (0x57015603) x12 0x0000de3b mem 0x00122e80
core   0: >>>>  i00000002b4
core   0: 0x00102228 (0x1bc00d93) li      s11, 444
core   0: 3 0x00102228 (0x1bc00d93) x27 0x000001bc
core   0: >>>>  i00000002b5
core   0: 0x0010222c (0x5b011823) sh      a6, 1456(sp)
core   0: 3 0x0010222c (0x5b011823) mem 0x00122ec0 0x54d0
core   0: >>>>  i00000002b6
core   0: 0x00102230 (0x010f3733) sltu    a4, t5, a6
core   0: 3 0x00102230 (0x010f3733) x14 0x00000000
core   0: >>>>  i00000002b7
core   0: 0x00102234 (0xaaa15803) lhu     a6, -1366(sp)
core   0: 3 0x00102234 (0xaaa15803) x16 0x00001373 mem 0x001223ba
core   0: >>>>  i00000002b8
core   0: 0x00102238 (0x86480613) addi    a2, a6, -1948
core   0: 3 0x00102238 (0x86480613) x12 0x00000bd7
core   0: >>>>  i00000002b9
core   0: 0x0010223c (0x00506ab3) or      s5, zero, t0
core   0: 3 0x0010223c (0x00506ab3) x21 0x00000059
core   0: >>>>  i00000002ba
core   0: 0x00102240 (0xf10f3393) sltiu   t2, t5, -240
core   0: 3 0x00102240 (0xf10f3393) x7  0x00000001
core   0: 0x00102244 (0x00001117) auipc   sp, 0x1
core   0: 3 0x00102244 (0x00001117) x2  0x00103244
core   0: 0x00102248 (0x0ac10113) addi    sp, sp, 172
core   0: 3 0x00102248 (0x0ac10113) x2  0x001032f0
core   0: 0x0010224c (0x0001a337) lui     t1, 0x1a
core   0: 3 0x0010224c (0x0001a337) x6  0x0001a000
core   0: 0x00102250 (0xe4030313) addi    t1, t1, -448
core   0: 3 0x00102250 (0xe4030313) x6  0x00019e40
core   0: 0x00102254 (0x00610133) add     sp, sp, t1
core   0: 3 0x00102254 (0x00610133) x2  0x0011d130
core   0: >>>>  i00000002bb
core   0: 0x00102258 (0xd8215b03) lhu     s6, -638(sp)
core   0: 3 0x00102258 (0xd8215b03) x22 0x00001f58 mem 0x0011ceb2
core   0: >>>>  i00000002bc
core   0: 0x0010225c (0xa55f0813) addi    a6, t5, -1451
core   0: 3 0x0010225c (0xa55f0813) x16 0x89fffa55
core   0: 0x00102260 (0x00a00e13) li      t3, 10
core   0: 3 0x00102260 (0x00a00e13) x28 0x0000000a
core   0: 0x00102264 (0x1fb94c37) lui     s8, 0x1fb94
core   0: 3 0x00102264 (0x1fb94c37) x24 0x1fb94000
core   0: 0x00102268 (0xbd514c03) lbu     s8, -1067(sp)
core   0: 3 0x00102268 (0xbd514c03) x24 0x00000021 mem 0x0011cd05
core   0: 0x0010226c (0x013c5c33) srl     s8, s8, s3
core   0: 3 0x0010226c (0x013c5c33) x24 0x00000001
core   0: 0x00102270 (0xf5c14c83) lbu     s9, -164(sp)
core   0: 3 0x00102270 (0xf5c14c83) x25 0x0000006a mem 0x0011d08c
core   0: 0x00102274 (0xb30efc93) andi    s9, t4, -1232
core   0: 3 0x00102274 (0xb30efc93) x25 0x00000010
core   0: 0x00102278 (0x61810383) lb      t2, 1560(sp)
core   0: 3 0x00102278 (0x61810383) x7  0x00000045 mem 0x0011d748
core   0: 0x0010227c (0x007edd93) srli    s11, t4, 7
core   0: 3 0x0010227c (0x007edd93) x27 0x00000000
core   0: >>>>  b00000002bd
core   0: 0x00102280 (0x00000033) add     zero, zero, zero
core   0: 3 0x00102280 (0x00000033)
core   0: 0x00102284 (0x09cf8063) beq     t6, t3, pc + 128
core   0: 3 0x00102284 (0x09cf8063)
core   0: >>>>  i00000002c9
core   0: 0x00102304 (0xd1410403) lb      s0, -748(sp)
core   0: 3 0x00102304 (0xd1410403) x8  0x00000000 mem 0x0011ce44
core   0: >>>>  i00000002ca
core   0: 0x00102308 (0x97314603) lbu     a2, -1677(sp)
core   0: 3 0x00102308 (0x97314603) x12 0x00000094 mem 0x0011caa3
core   0: >>>>  i00000002cb
core   0: 0x0010230c (0x07082313) slti    t1, a6, 112
core   0: 3 0x0010230c (0x07082313) x6  0x00000001
core   0: >>>>  i00000002cc
core   0: 0x00102310 (0x1dc14783) lbu     a5, 476(sp)
core   0: 3 0x00102310 (0x1dc14783) x15 0x00000041 mem 0x0011d30c
core   0: >>>>  i00000002cd
core   0: 0x00102314 (0x92c14583) lbu     a1, -1748(sp)
core   0: 3 0x00102314 (0x92c14583) x11 0x000000f4 mem 0x0011ca5c
core   0: >>>>  i00000002ce
core   0: 0x00102318 (0xab512023) sw      s5, -1376(sp)
core   0: 3 0x00102318 (0xab512023) mem 0x0011cbd0 0x00000059
core   0: >>>>  i00000002cf
core   0: 0x0010231c (0x0bda3617) auipc   a2, 0xbda3
core   0: 3 0x0010231c (0x0bda3617) x12 0x0bea531c
core   0: >>>>  i00000002d0
core   0: 0x00102320 (0xfd011223) sh      a6, -60(sp)
core   0: 3 0x00102320 (0xfd011223) mem 0x0011d0f4 0xfa55
core   0: 0x00102324 (0x00c00b93) li      s7, 12
core   0: 3 0x00102324 (0x00c00b93) x23 0x0000000c
core   0: 0x00102328 (0x001f8f93) addi    t6, t6, 1
core   0: 3 0x00102328 (0x001f8f93) x31 0x0000000b
core   0: 0x0010232c (0x00001117) auipc   sp, 0x1
core   0: 3 0x0010232c (0x00001117) x2  0x0010332c
core   0: 0x00102330 (0xfc410113) addi    sp, sp, -60
core   0: 3 0x00102330 (0xfc410113) x2  0x001032f0
core   0: 0x00102334 (0x00011337) lui     t1, 0x11
core   0: 3 0x00102334 (0x00011337) x6  0x00011000
core   0: 0x00102338 (0x54030313) addi    t1, t1, 1344
core   0: 3 0x00102338 (0x54030313) x6  0x00011540
core   0: 0x0010233c (0x00610133) add     sp, sp, t1
core   0: 3 0x0010233c (0x00610133) x2  0x00114830
core   0: 0x00102340 (0x00001117) auipc   sp, 0x1
core   0: 3 0x00102340 (0x00001117) x2  0x00103340
core   0: 0x00102344 (0xfb010113) addi    sp, sp, -80
core   0: 3 0x00102344 (0xfb010113) x2  0x001032f0
core   0: 0x00102348 (0x00003337) lui     t1, 0x3
core   0: 3 0x00102348 (0x00003337) x6  0x00003000
core   0: 0x0010234c (0xa0030313) addi    t1, t1, -1536
core   0: 3 0x0010234c (0xa0030313) x6  0x00002a00
core   0: 0x00102350 (0x00610133) add     sp, sp, t1
core   0: 3 0x00102350 (0x00610133) x2  0x00105cf0
core   0: 0x00102354 (0x00001117) auipc   sp, 0x1
core   0: 3 0x00102354 (0x00001117) x2  0x00103354
core   0: 0x00102358 (0xf9c10113) addi    sp, sp, -100
core   0: 3 0x00102358 (0xf9c10113) x2  0x001032f0
core   0: 0x0010235c (0x00003337) lui     t1, 0x3
core   0: 3 0x0010235c (0x00003337) x6  0x00003000
core   0: 0x00102360 (0x7d830313) addi    t1, t1, 2008
core   0: 3 0x00102360 (0x7d830313) x6  0x000037d8
core   0: 0x00102364 (0x00610133) add     sp, sp, t1
core   0: 3 0x00102364 (0x00610133) x2  0x00106ac8
core   0: 0x00102368 (0x49812383) lw      t2, 1176(sp)
core   0: 3 0x00102368 (0x49812383) x7  0xe7cb39a2 mem 0x00106f60
core   0: 0x0010236c (0xd49107a3) sb      s1, -689(sp)
core   0: 3 0x0010236c (0xd49107a3) mem 0x00106817 0x00
core   0: 0x00102370 (0x05e14b03) lbu     s6, 94(sp)
core   0: 3 0x00102370 (0x05e14b03) x22 0x000000b8 mem 0x00106b26
core   0: 0x00102374 (0x2a010383) lb      t2, 672(sp)
core   0: 3 0x00102374 (0x2a010383) x7  0x0000007a mem 0x00106d68
core   0: 0x00102378 (0x0168a433) slt     s0, a7, s6
core   0: 3 0x00102378 (0x0168a433) x8  0x00000001
core   0: 0x0010237c (0x4a084d13) xori    s10, a6, 1184
core   0: 3 0x0010237c (0x4a084d13) x26 0x89fffef5
core   0: 0x00102380 (0x83514403) lbu     s0, -1995(sp)
core   0: 3 0x00102380 (0x83514403) x8  0x0000009f mem 0x001062fd
core   0: >>>>  b00000002d1
core   0: 0x00102384 (0x00000033) add     zero, zero, zero
core   0: 3 0x00102384 (0x00000033)
core   0: 0x00102388 (0xf57f96e3) bne     t6, s7, pc - 180
core   0: 3 0x00102388 (0xf57f96e3)
core   0: >>>>  i00000002c2
core   0: 0x001022d4 (0x93614c03) lbu     s8, -1738(sp)
core   0: 3 0x001022d4 (0x93614c03) x24 0x00000029 mem 0x001063fe
core   0: >>>>  i00000002c3
core   0: 0x001022d8 (0x6ec104a3) sb      a2, 1769(sp)
core   0: 3 0x001022d8 (0x6ec104a3) mem 0x001071b1 0x1c
core   0: >>>>  i00000002c4
core   0: 0x001022dc (0x40c65f33) sra     t5, a2, a2
core   0: 3 0x001022dc (0x40c65f33) x30 0x00000000
core   0: >>>>  i00000002c5
core   0: 0x001022e0 (0x00c61433) sll     s0, a2, a2
core   0: 3 0x001022e0 (0x00c61433) x8  0xc0000000
core   0: >>>>  i00000002c6
core   0: 0x001022e4 (0x47dab813) sltiu   a6, s5, 1149
core   0: 3 0x001022e4 (0x47dab813) x16 0x00000001
core   0: 0x001022e8 (0x00001117) auipc   sp, 0x1
core   0: 3 0x001022e8 (0x00001117) x2  0x001032e8
core   0: 0x001022ec (0x00810113) addi    sp, sp, 8
core   0: 3 0x001022ec (0x00810113) x2  0x001032f0
core   0: 0x001022f0 (0x00006337) lui     t1, 0x6
core   0: 3 0x001022f0 (0x00006337) x6  0x00006000
core   0: 0x001022f4 (0x13830313) addi    t1, t1, 312
core   0: 3 0x001022f4 (0x13830313) x6  0x00006138
core   0: 0x001022f8 (0x00610133) add     sp, sp, t1
core   0: 3 0x001022f8 (0x00610133) x2  0x00109428
core   0: >>>>  i00000002c7
core   0: 0x001022fc (0xc5615f03) lhu     t5, -938(sp)
core   0: 3 0x001022fc (0xc5615f03) x30 0x00000635 mem 0x0010907e
core   0: >>>>  i00000002c8
core   0: 0x00102300 (0x00c65a33) srl     s4, a2, a2
core   0: 3 0x00102300 (0x00c65a33) x20 0x00000000
core   0: >>>>  i00000002c9
core   0: 0x00102304 (0xd1410403) lb      s0, -748(sp)
core   0: 3 0x00102304 (0xd1410403) x8  0xffffffec mem 0x0010913c
core   0: >>>>  i00000002ca
core   0: 0x00102308 (0x97314603) lbu     a2, -1677(sp)
core   0: 3 0x00102308 (0x97314603) x12 0x00000078 mem 0x00108d9b
core   0: >>>>  i00000002cb
core   0: 0x0010230c (0x07082313) slti    t1, a6, 112
core   0: 3 0x0010230c (0x07082313) x6  0x00000001
core   0: >>>>  i00000002cc
core   0: 0x00102310 (0x1dc14783) lbu     a5, 476(sp)
core   0: 3 0x00102310 (0x1dc14783) x15 0x0000009c mem 0x00109604
core   0: >>>>  i00000002cd
core   0: 0x00102314 (0x92c14583) lbu     a1, -1748(sp)
core   0: 3 0x00102314 (0x92c14583) x11 0x0000007f mem 0x00108d54
core   0: >>>>  i00000002ce
core   0: 0x00102318 (0xab512023) sw      s5, -1376(sp)
core   0: 3 0x00102318 (0xab512023) mem 0x00108ec8 0x00000059
core   0: >>>>  i00000002cf
core   0: 0x0010231c (0x0bda3617) auipc   a2, 0xbda3
core   0: 3 0x0010231c (0x0bda3617) x12 0x0bea531c
core   0: >>>>  i00000002d0
core   0: 0x00102320 (0xfd011223) sh      a6, -60(sp)
core   0: 3 0x00102320 (0xfd011223) mem 0x001093ec 0x0001
core   0: 0x00102324 (0x00c00b93) li      s7, 12
core   0: 3 0x00102324 (0x00c00b93) x23 0x0000000c
core   0: 0x00102328 (0x001f8f93) addi    t6, t6, 1
core   0: 3 0x00102328 (0x001f8f93) x31 0x0000000c
core   0: 0x0010232c (0x00001117) auipc   sp, 0x1
core   0: 3 0x0010232c (0x00001117) x2  0x0010332c
core   0: 0x00102330 (0xfc410113) addi    sp, sp, -60
core   0: 3 0x00102330 (0xfc410113) x2  0x001032f0
core   0: 0x00102334 (0x00011337) lui     t1, 0x11
core   0: 3 0x00102334 (0x00011337) x6  0x00011000
core   0: 0x00102338 (0x54030313) addi    t1, t1, 1344
core   0: 3 0x00102338 (0x54030313) x6  0x00011540
core   0: 0x0010233c (0x00610133) add     sp, sp, t1
core   0: 3 0x0010233c (0x00610133) x2  0x00114830
core   0: 0x00102340 (0x00001117) auipc   sp, 0x1
core   0: 3 0x00102340 (0x00001117) x2  0x00103340
core   0: 0x00102344 (0xfb010113) addi    sp, sp, -80
core   0: 3 0x00102344 (0xfb010113) x2  0x001032f0
core   0: 0x00102348 (0x00003337) lui     t1, 0x3
core   0: 3 0x00102348 (0x00003337) x6  0x00003000
core   0: 0x0010234c (0xa0030313) addi    t1, t1, -1536
core   0: 3 0x0010234c (0xa0030313) x6  0x00002a00
core   0: 0x00102350 (0x00610133) add     sp, sp, t1
core   0: 3 0x00102350 (0x00610133) x2  0x00105cf0
core   0: 0x00102354 (0x00001117) auipc   sp, 0x1
core   0: 3 0x00102354 (0x00001117) x2  0x00103354
core   0: 0x00102358 (0xf9c10113) addi    sp, sp, -100
core   0: 3 0x00102358 (0xf9c10113) x2  0x001032f0
core   0: 0x0010235c (0x00003337) lui     t1, 0x3
core   0: 3 0x0010235c (0x00003337) x6  0x00003000
core   0: 0x00102360 (0x7d830313) addi    t1, t1, 2008
core   0: 3 0x00102360 (0x7d830313) x6  0x000037d8
core   0: 0x00102364 (0x00610133) add     sp, sp, t1
core   0: 3 0x00102364 (0x00610133) x2  0x00106ac8
core   0: 0x00102368 (0x49812383) lw      t2, 1176(sp)
core   0: 3 0x00102368 (0x49812383) x7  0xe7cb39a2 mem 0x00106f60
core   0: 0x0010236c (0xd49107a3) sb      s1, -689(sp)
core   0: 3 0x0010236c (0xd49107a3) mem 0x00106817 0x00
core   0: 0x00102370 (0x05e14b03) lbu     s6, 94(sp)
core   0: 3 0x00102370 (0x05e14b03) x22 0x000000b8 mem 0x00106b26
core   0: 0x00102374 (0x2a010383) lb      t2, 672(sp)
core   0: 3 0x00102374 (0x2a010383) x7  0x0000007a mem 0x00106d68
core   0: 0x00102378 (0x0168a433) slt     s0, a7, s6
core   0: 3 0x00102378 (0x0168a433) x8  0x00000001
core   0: 0x0010237c (0x4a084d13) xori    s10, a6, 1184
core   0: 3 0x0010237c (0x4a084d13) x26 0x000004a1
core   0: 0x00102380 (0x83514403) lbu     s0, -1995(sp)
core   0: 3 0x00102380 (0x83514403) x8  0x0000009f mem 0x001062fd
core   0: >>>>  b00000002d1
core   0: 0x00102384 (0x00000033) add     zero, zero, zero
core   0: 3 0x00102384 (0x00000033)
core   0: 0x00102388 (0xf57f96e3) bne     t6, s7, pc - 180
core   0: 3 0x00102388 (0xf57f96e3)
core   0: 0x0010238c (0x00000033) add     zero, zero, zero
core   0: 3 0x0010238c (0x00000033)
core   0: 0x00102390 (0x01087433) and     s0, a6, a6
core   0: 3 0x00102390 (0x01087433) x8  0x00000001
core   0: 0x00102394 (0xad94cd93) xori    s11, s1, -1319
core   0: 3 0x00102394 (0xad94cd93) x27 0xfffffad9
core   0: 0x00102398 (0xf8215e83) lhu     t4, -126(sp)
core   0: 3 0x00102398 (0xf8215e83) x29 0x0000cc53 mem 0x00106a4a
core   0: 0x0010239c (0x18415803) lhu     a6, 388(sp)
core   0: 3 0x0010239c (0x18415803) x16 0x0000db6c mem 0x00106c4c
core   0: 0x001023a0 (0x52210d83) lb      s11, 1314(sp)
core   0: 3 0x001023a0 (0x52210d83) x27 0xffffff95 mem 0x00106fea
core   0: 0x001023a4 (0x00345cb3) srl     s9, s0, gp
core   0: 3 0x001023a4 (0x00345cb3) x25 0x00000001
core   0: 0x001023a8 (0x11410803) lb      a6, 276(sp)
core   0: 3 0x001023a8 (0x11410803) x16 0x00000001 mem 0x00106bdc
core   0: 0x001023ac (0x00a00f93) li      t6, 10
core   0: 3 0x001023ac (0x00a00f93) x31 0x0000000a
core   0: >>>>  i00000002d1
core   0: 0x001023b0 (0x00f7e633) or      a2, a5, a5
core   0: 3 0x001023b0 (0x00f7e633) x12 0x0000009c
core   0: >>>>  i00000002d2
core   0: 0x001023b4 (0x43e10fa3) sb      t5, 1087(sp)
core   0: 3 0x001023b4 (0x43e10fa3) mem 0x00106f07 0x35
core   0: 0x001023b8 (0x00001117) auipc   sp, 0x1
core   0: 3 0x001023b8 (0x00001117) x2  0x001033b8
core   0: 0x001023bc (0xf3810113) addi    sp, sp, -200
core   0: 3 0x001023bc (0xf3810113) x2  0x001032f0
core   0: 0x001023c0 (0x00014337) lui     t1, 0x14
core   0: 3 0x001023c0 (0x00014337) x6  0x00014000
core   0: 0x001023c4 (0x2f830313) addi    t1, t1, 760
core   0: 3 0x001023c4 (0x2f830313) x6  0x000142f8
core   0: 0x001023c8 (0x00610133) add     sp, sp, t1
core   0: 3 0x001023c8 (0x00610133) x2  0x001175e8
core   0: >>>>  i00000002d3
core   0: 0x001023cc (0x53215803) lhu     a6, 1330(sp)
core   0: 3 0x001023cc (0x53215803) x16 0x000029c7 mem 0x00117b1a
core   0: >>>>  i00000002d4
core   0: 0x001023d0 (0x01ef54b3) srl     s1, t5, t5
core   0: 3 0x001023d0 (0x01ef54b3) x9  0x00000000
core   0: 0x001023d4 (0x00001117) auipc   sp, 0x1
core   0: 3 0x001023d4 (0x00001117) x2  0x001033d4
core   0: 0x001023d8 (0xf1c10113) addi    sp, sp, -228
core   0: 3 0x001023d8 (0xf1c10113) x2  0x001032f0
core   0: 0x001023dc (0x00003337) lui     t1, 0x3
core   0: 3 0x001023dc (0x00003337) x6  0x00003000
core   0: 0x001023e0 (0x3a030313) addi    t1, t1, 928
core   0: 3 0x001023e0 (0x3a030313) x6  0x000033a0
core   0: 0x001023e4 (0x00610133) add     sp, sp, t1
core   0: 3 0x001023e4 (0x00610133) x2  0x00106690
core   0: >>>>  i00000002d5
core   0: 0x001023e8 (0xc1012023) sw      a6, -1024(sp)
core   0: 3 0x001023e8 (0xc1012023) mem 0x00106290 0x000029c7
core   0: >>>>  i00000002d6
core   0: 0x001023ec (0x61f14603) lbu     a2, 1567(sp)
core   0: 3 0x001023ec (0x61f14603) x12 0x00000045 mem 0x00106caf
core   0: >>>>  i00000002d7
core   0: 0x001023f0 (0xfdb10a83) lb      s5, -37(sp)
core   0: 3 0x001023f0 (0xfdb10a83) x21 0x00000032 mem 0x0010666b
core   0: >>>>  i00000002d8
core   0: 0x001023f4 (0x97e11423) sh      t5, -1688(sp)
core   0: 3 0x001023f4 (0x97e11423) mem 0x00105ff8 0x0635
core   0: >>>>  i00000002d9
core   0: 0x001023f8 (0xaee14b83) lbu     s7, -1298(sp)
core   0: 3 0x001023f8 (0xaee14b83) x23 0x00000072 mem 0x0010617e
core   0: >>>>  i00000002da
core   0: 0x001023fc (0x01ab3c33) sltu    s8, s6, s10
core   0: 3 0x001023fc (0x01ab3c33) x24 0x00000001
core   0: >>>>  i00000002db
core   0: 0x00102400 (0xfbc12703) lw      a4, -68(sp)
core   0: 3 0x00102400 (0xfbc12703) x14 0x7fa8e794 mem 0x0010664c
core   0: >>>>  i00000002dc
core   0: 0x00102404 (0x01630833) add     a6, t1, s6
core   0: 3 0x00102404 (0x01630833) x16 0x00003458
core   0: >>>>  i00000002dd
core   0: 0x00102408 (0x7f410f03) lb      t5, 2036(sp)
core   0: 3 0x00102408 (0x7f410f03) x30 0x00000029 mem 0x00106e84
core   0: >>>>  i00000002de
core   0: 0x0010240c (0x00c62833) slt     a6, a2, a2
core   0: 3 0x0010240c (0x00c62833) x16 0x00000000
core   0: >>>>  i00000002df
core   0: 0x00102410 (0x0a515837) lui     a6, 0xa515
core   0: 3 0x00102410 (0x0a515837) x16 0x0a515000
core   0: >>>>  i00000002e0
core   0: 0x00102414 (0x00877cb3) and     s9, a4, s0
core   0: 3 0x00102414 (0x00877cb3) x25 0x00000000
core   0: >>>>  i00000002e1
core   0: 0x00102418 (0x41065db3) sra     s11, a2, a6
core   0: 3 0x00102418 (0x41065db3) x27 0x00000045
core   0: >>>>  i00000002e2
core   0: 0x0010241c (0x01e64233) xor     tp, a2, t5
core   0: 3 0x0010241c (0x01e64233) x4  0x0000006c
core   0: >>>>  i00000002e3
core   0: 0x00102420 (0x89611183) lh      gp, -1898(sp)
core   0: 3 0x00102420 (0x89611183) x3  0x00004b86 mem 0x00105f26
core   0: >>>>  i00000002e4
core   0: 0x00102424 (0x01e87833) and     a6, a6, t5
core   0: 3 0x00102424 (0x01e87833) x16 0x00000000
core   0: 0x00102428 (0x00c00993) li      s3, 12
core   0: 3 0x00102428 (0x00c00993) x19 0x0000000c
core   0: 0x0010242c (0x001f8f93) addi    t6, t6, 1
core   0: 3 0x0010242c (0x001f8f93) x31 0x0000000b
core   0: 0x00102430 (0x00001117) auipc   sp, 0x1
core   0: 3 0x00102430 (0x00001117) x2  0x00103430
core   0: 0x00102434 (0xec010113) addi    sp, sp, -320
core   0: 3 0x00102434 (0xec010113) x2  0x001032f0
core   0: 0x00102438 (0x00007337) lui     t1, 0x7
core   0: 3 0x00102438 (0x00007337) x6  0x00007000
core   0: 0x0010243c (0x80830313) addi    t1, t1, -2040
core   0: 3 0x0010243c (0x80830313) x6  0x00006808
core   0: 0x00102440 (0x00610133) add     sp, sp, t1
core   0: 3 0x00102440 (0x00610133) x2  0x00109af8
core   0: 0x00102444 (0x00001117) auipc   sp, 0x1
core   0: 3 0x00102444 (0x00001117) x2  0x00103444
core   0: 0x00102448 (0xeac10113) addi    sp, sp, -340
core   0: 3 0x00102448 (0xeac10113) x2  0x001032f0
core   0: 0x0010244c (0x00010337) lui     t1, 0x10
core   0: 3 0x0010244c (0x00010337) x6  0x00010000
core   0: 0x00102450 (0xd8830313) addi    t1, t1, -632
core   0: 3 0x00102450 (0xd8830313) x6  0x0000fd88
core   0: 0x00102454 (0x00610133) add     sp, sp, t1
core   0: 3 0x00102454 (0x00610133) x2  0x00113078
core   0: 0x00102458 (0xc63aeb93) ori     s7, s5, -925
core   0: 3 0x00102458 (0xc63aeb93) x23 0xfffffc73
core   0: 0x0010245c (0x04314403) lbu     s0, 67(sp)
core   0: 3 0x0010245c (0x04314403) x8  0x000000b2 mem 0x001130bb
core   0: 0x00102460 (0xfaf14a83) lbu     s5, -81(sp)
core   0: 3 0x00102460 (0xfaf14a83) x21 0x00000025 mem 0x00113027
core   0: 0x00102464 (0x01083233) sltu    tp, a6, a6
core   0: 3 0x00102464 (0x01083233) x4  0x00000000
core   0: 0x00102468 (0x0047d213) srli    tp, a5, 4
core   0: 3 0x00102468 (0x0047d213) x4  0x00000009
core   0: 0x0010246c (0xd4114803) lbu     a6, -703(sp)
core   0: 3 0x0010246c (0xd4114803) x16 0x0000007c mem 0x00112db9
core   0: 0x00102470 (0x78580713) addi    a4, a6, 1925
core   0: 3 0x00102470 (0x78580713) x14 0x00000801
core   0: >>>>  b00000002e5
core   0: 0x00102474 (0x00000033) add     zero, zero, zero
core   0: 3 0x00102474 (0x00000033)
core   0: 0x00102478 (0xf93fc8e3) blt     t6, s3, pc - 112
core   0: 3 0x00102478 (0xf93fc8e3)
core   0: >>>>  i00000002dd
core   0: 0x00102408 (0x7f410f03) lb      t5, 2036(sp)
core   0: 3 0x00102408 (0x7f410f03) x30 0xffffffbf mem 0x0011386c
core   0: >>>>  i00000002de
core   0: 0x0010240c (0x00c62833) slt     a6, a2, a2
core   0: 3 0x0010240c (0x00c62833) x16 0x00000000
core   0: >>>>  i00000002df
core   0: 0x00102410 (0x0a515837) lui     a6, 0xa515
core   0: 3 0x00102410 (0x0a515837) x16 0x0a515000
core   0: >>>>  i00000002e0
core   0: 0x00102414 (0x00877cb3) and     s9, a4, s0
core   0: 3 0x00102414 (0x00877cb3) x25 0x00000000
core   0: >>>>  i00000002e1
core   0: 0x00102418 (0x41065db3) sra     s11, a2, a6
core   0: 3 0x00102418 (0x41065db3) x27 0x00000045
core   0: >>>>  i00000002e2
core   0: 0x0010241c (0x01e64233) xor     tp, a2, t5
core   0: 3 0x0010241c (0x01e64233) x4  0xfffffffa
core   0: >>>>  i00000002e3
core   0: 0x00102420 (0x89611183) lh      gp, -1898(sp)
core   0: 3 0x00102420 (0x89611183) x3  0x00005173 mem 0x0011290e
core   0: >>>>  i00000002e4
core   0: 0x00102424 (0x01e87833) and     a6, a6, t5
core   0: 3 0x00102424 (0x01e87833) x16 0x0a515000
core   0: 0x00102428 (0x00c00993) li      s3, 12
core   0: 3 0x00102428 (0x00c00993) x19 0x0000000c
core   0: 0x0010242c (0x001f8f93) addi    t6, t6, 1
core   0: 3 0x0010242c (0x001f8f93) x31 0x0000000c
core   0: 0x00102430 (0x00001117) auipc   sp, 0x1
core   0: 3 0x00102430 (0x00001117) x2  0x00103430
core   0: 0x00102434 (0xec010113) addi    sp, sp, -320
core   0: 3 0x00102434 (0xec010113) x2  0x001032f0
core   0: 0x00102438 (0x00007337) lui     t1, 0x7
core   0: 3 0x00102438 (0x00007337) x6  0x00007000
core   0: 0x0010243c (0x80830313) addi    t1, t1, -2040
core   0: 3 0x0010243c (0x80830313) x6  0x00006808
core   0: 0x00102440 (0x00610133) add     sp, sp, t1
core   0: 3 0x00102440 (0x00610133) x2  0x00109af8
core   0: 0x00102444 (0x00001117) auipc   sp, 0x1
core   0: 3 0x00102444 (0x00001117) x2  0x00103444
core   0: 0x00102448 (0xeac10113) addi    sp, sp, -340
core   0: 3 0x00102448 (0xeac10113) x2  0x001032f0
core   0: 0x0010244c (0x00010337) lui     t1, 0x10
core   0: 3 0x0010244c (0x00010337) x6  0x00010000
core   0: 0x00102450 (0xd8830313) addi    t1, t1, -632
core   0: 3 0x00102450 (0xd8830313) x6  0x0000fd88
core   0: 0x00102454 (0x00610133) add     sp, sp, t1
core   0: 3 0x00102454 (0x00610133) x2  0x00113078
core   0: 0x00102458 (0xc63aeb93) ori     s7, s5, -925
core   0: 3 0x00102458 (0xc63aeb93) x23 0xfffffc67
core   0: 0x0010245c (0x04314403) lbu     s0, 67(sp)
core   0: 3 0x0010245c (0x04314403) x8  0x000000b2 mem 0x001130bb
core   0: 0x00102460 (0xfaf14a83) lbu     s5, -81(sp)
core   0: 3 0x00102460 (0xfaf14a83) x21 0x00000025 mem 0x00113027
core   0: 0x00102464 (0x01083233) sltu    tp, a6, a6
core   0: 3 0x00102464 (0x01083233) x4  0x00000000
core   0: 0x00102468 (0x0047d213) srli    tp, a5, 4
core   0: 3 0x00102468 (0x0047d213) x4  0x00000009
core   0: 0x0010246c (0xd4114803) lbu     a6, -703(sp)
core   0: 3 0x0010246c (0xd4114803) x16 0x0000007c mem 0x00112db9
core   0: 0x00102470 (0x78580713) addi    a4, a6, 1925
core   0: 3 0x00102470 (0x78580713) x14 0x00000801
core   0: >>>>  b00000002e5
core   0: 0x00102474 (0x00000033) add     zero, zero, zero
core   0: 3 0x00102474 (0x00000033)
core   0: 0x00102478 (0xf93fc8e3) blt     t6, s3, pc - 112
core   0: 3 0x00102478 (0xf93fc8e3)
core   0: 0x0010247c (0x00000033) add     zero, zero, zero
core   0: 3 0x0010247c (0x00000033)
core   0: 0x00102480 (0x6c011723) sh      zero, 1742(sp)
core   0: 3 0x00102480 (0x6c011723) mem 0x00113746 0x0000
core   0: 0x00102484 (0x05926a97) auipc   s5, 0x5926
core   0: 3 0x00102484 (0x05926a97) x21 0x05a28484
core   0: 0x00102488 (0x01945ab3) srl     s5, s0, s9
core   0: 3 0x00102488 (0x01945ab3) x21 0x000000b2
core   0: 0x0010248c (0x3d012403) lw      s0, 976(sp)
core   0: 3 0x0010248c (0x3d012403) x8  0x10d32ea6 mem 0x00113448
core   0: 0x00102490 (0xb1611a03) lh      s4, -1258(sp)
core   0: 3 0x00102490 (0xb1611a03) x20 0x0000073e mem 0x00112b8e
core   0: 0x00102494 (0x24712223) sw      t2, 580(sp)
core   0: 3 0x00102494 (0x24712223) mem 0x001132bc 0x0000007a
core   0: 0x00102498 (0x01181813) slli    a6, a6, 17
core   0: 3 0x00102498 (0x01181813) x16 0x00f80000
core   0: 0x0010249c (0x00a00f93) li      t6, 10
core   0: 3 0x0010249c (0x00a00f93) x31 0x0000000a
core   0: >>>>  i00000002e5
core   0: 0x001024a0 (0x21c12f03) lw      t5, 540(sp)
core   0: 3 0x001024a0 (0x21c12f03) x30 0x1143fc6c mem 0x00113294
core   0: 0x001024a4 (0x00001117) auipc   sp, 0x1
core   0: 3 0x001024a4 (0x00001117) x2  0x001034a4
core   0: 0x001024a8 (0xe4c10113) addi    sp, sp, -436
core   0: 3 0x001024a8 (0xe4c10113) x2  0x001032f0
core   0: 0x001024ac (0x00007337) lui     t1, 0x7
core   0: 3 0x001024ac (0x00007337) x6  0x00007000
core   0: 0x001024b0 (0xcd030313) addi    t1, t1, -816
core   0: 3 0x001024b0 (0xcd030313) x6  0x00006cd0
core   0: 0x001024b4 (0x00610133) add     sp, sp, t1
core   0: 3 0x001024b4 (0x00610133) x2  0x00109fc0
core   0: >>>>  i00000002e6
core   0: 0x001024b8 (0xbde10123) sb      t5, -1086(sp)
core   0: 3 0x001024b8 (0xbde10123) mem 0x00109b82 0x6c
core   0: >>>>  i00000002e7
core   0: 0x001024bc (0xb5b11e23) sh      s11, -1188(sp)
core   0: 3 0x001024bc (0xb5b11e23) mem 0x00109b1c 0x0045
core   0: >>>>  i00000002e8
core   0: 0x001024c0 (0x010f4833) xor     a6, t5, a6
core   0: 3 0x001024c0 (0x010f4833) x16 0x11bbfc6c
core   0: >>>>  i00000002e9
core   0: 0x001024c4 (0x008e9b33) sll     s6, t4, s0
core   0: 3 0x001024c4 (0x008e9b33) x22 0x003314c0
core   0: >>>>  i00000002ea
core   0: 0x001024c8 (0x58267f13) andi    t5, a2, 1410
core   0: 3 0x001024c8 (0x58267f13) x30 0x00000000
core   0: 0x001024cc (0x00001117) auipc   sp, 0x1
core   0: 3 0x001024cc (0x00001117) x2  0x001034cc
core   0: 0x001024d0 (0xe2410113) addi    sp, sp, -476
core   0: 3 0x001024d0 (0xe2410113) x2  0x001032f0
core   0: 0x001024d4 (0x00006337) lui     t1, 0x6
core   0: 3 0x001024d4 (0x00006337) x6  0x00006000
core   0: 0x001024d8 (0x33830313) addi    t1, t1, 824
core   0: 3 0x001024d8 (0x33830313) x6  0x00006338
core   0: 0x001024dc (0x00610133) add     sp, sp, t1
core   0: 3 0x001024dc (0x00610133) x2  0x00109628
core   0: >>>>  i00000002eb
core   0: 0x001024e0 (0x52e11a83) lh      s5, 1326(sp)
core   0: 3 0x001024e0 (0x52e11a83) x21 0x0000660f mem 0x00109b56
core   0: >>>>  i00000002ec
core   0: 0x001024e4 (0x01ef4633) xor     a2, t5, t5
core   0: 3 0x001024e4 (0x01ef4633) x12 0x00000000
core   0: >>>>  i00000002ed
core   0: 0x001024e8 (0x41e85633) sra     a2, a6, t5
core   0: 3 0x001024e8 (0x41e85633) x12 0x11bbfc6c
core   0: >>>>  i00000002ee
core   0: 0x001024ec (0x0b814803) lbu     a6, 184(sp)
core   0: 3 0x001024ec (0x0b814803) x16 0x000000ed mem 0x001096e0
core   0: >>>>  i00000002ef
core   0: 0x001024f0 (0x95812003) lw      zero, -1704(sp)
core   0: 3 0x001024f0 (0x95812003) mem 0x00108f80
core   0: >>>>  i00000002f0
core   0: 0x001024f4 (0xbd4f4e93) xori    t4, t5, -1068
core   0: 3 0x001024f4 (0xbd4f4e93) x29 0xfffffbd4
core   0: >>>>  i00000002f1
core   0: 0x001024f8 (0xa4e10803) lb      a6, -1458(sp)
core   0: 3 0x001024f8 (0xa4e10803) x16 0xffffffaa mem 0x00109076
core   0: >>>>  i00000002f2
core   0: 0x001024fc (0x1646af17) auipc   t5, 0x1646a
core   0: 3 0x001024fc (0x1646af17) x30 0x1656c4fc
core   0: >>>>  i00000002f3
core   0: 0x00102500 (0x01e67633) and     a2, a2, t5
core   0: 3 0x00102500 (0x01e67633) x12 0x1012c46c
core   0: >>>>  i00000002f4
core   0: 0x00102504 (0x0068b833) sltu    a6, a7, t1
core   0: 3 0x00102504 (0x0068b833) x16 0x00000001
core   0: >>>>  i00000002f5
core   0: 0x00102508 (0x3ec2d737) lui     a4, 0x3ec2d
core   0: 3 0x00102508 (0x3ec2d737) x14 0x3ec2d000
core   0: >>>>  i00000002f6
core   0: 0x0010250c (0x3aef2f13) slti    t5, t5, 942
core   0: 3 0x0010250c (0x3aef2f13) x30 0x00000000
core   0: >>>>  i00000002f7
core   0: 0x00102510 (0xcaa15983) lhu     s3, -854(sp)
core   0: 3 0x00102510 (0xcaa15983) x19 0x000044c6 mem 0x001092d2
core   0: >>>>  i00000002f8
core   0: 0x00102514 (0xedf14603) lbu     a2, -289(sp)
core   0: 3 0x00102514 (0xedf14603) x12 0x0000003f mem 0x00109507
core   0: 0x00102518 (0x00000d13) li      s10, 0
core   0: 3 0x00102518 (0x00000d13) x26 0x00000000
core   0: 0x0010251c (0x00001117) auipc   sp, 0x1
core   0: 3 0x0010251c (0x00001117) x2  0x0010351c
core   0: 0x00102520 (0xdd410113) addi    sp, sp, -556
core   0: 3 0x00102520 (0xdd410113) x2  0x001032f0
core   0: 0x00102524 (0x00012337) lui     t1, 0x12
core   0: 3 0x00102524 (0x00012337) x6  0x00012000
core   0: 0x00102528 (0x64830313) addi    t1, t1, 1608
core   0: 3 0x00102528 (0x64830313) x6  0x00012648
core   0: 0x0010252c (0x00610133) add     sp, sp, t1
core   0: 3 0x0010252c (0x00610133) x2  0x00115938
core   0: 0x00102530 (0x6fd12a23) sw      t4, 1780(sp)
core   0: 3 0x00102530 (0x6fd12a23) mem 0x0011602c 0xfffffbd4
core   0: 0x00102534 (0x74814e83) lbu     t4, 1864(sp)
core   0: 3 0x00102534 (0x74814e83) x29 0x000000af mem 0x00116080
core   0: 0x00102538 (0x90e11e03) lh      t3, -1778(sp)
core   0: 3 0x00102538 (0x90e11e03) x28 0x00005256 mem 0x00115246
core   0: 0x0010253c (0x0e010a83) lb      s5, 224(sp)
core   0: 3 0x0010253c (0x0e010a83) x21 0x00000022 mem 0x00115a18
core   0: 0x00102540 (0x009821b3) slt     gp, a6, s1
core   0: 3 0x00102540 (0x009821b3) x3  0x00000000
core   0: 0x00102544 (0x1dd38a93) addi    s5, t2, 477
core   0: 3 0x00102544 (0x1dd38a93) x21 0x00000257
core   0: 0x00102548 (0x017e9b93) slli    s7, t4, 23
core   0: 3 0x00102548 (0x017e9b93) x23 0x57800000
core   0: >>>>  b00000002f9
core   0: 0x0010254c (0x00000033) add     zero, zero, zero
core   0: 3 0x0010254c (0x00000033)
core   0: 0x00102550 (0xfbaf86e3) beq     t6, s10, pc - 84
core   0: 3 0x00102550 (0xfbaf86e3)
core   0: 0x00102554 (0x00000033) add     zero, zero, zero
core   0: 3 0x00102554 (0x00000033)
core   0: 0x00102558 (0x89c11403) lh      s0, -1892(sp)
core   0: 3 0x00102558 (0x89c11403) x8  0xffff86d8 mem 0x001151d4
core   0: 0x0010255c (0xb74efc93) andi    s9, t4, -1164
core   0: 3 0x0010255c (0xb74efc93) x25 0x00000024
core   0: 0x00102560 (0x01502833) slt     a6, zero, s5
core   0: 3 0x00102560 (0x01502833) x16 0x00000001
core   0: 0x00102564 (0x656b3437) lui     s0, 0x656b3
core   0: 3 0x00102564 (0x656b3437) x8  0x656b3000
core   0: 0x00102568 (0x409809b3) sub     s3, a6, s1
core   0: 3 0x00102568 (0x409809b3) x19 0x00000001
core   0: 0x0010256c (0x01d80ab3) add     s5, a6, t4
core   0: 3 0x0010256c (0x01d80ab3) x21 0x000000b0
core   0: 0x00102570 (0x2f0108a3) sb      a6, 753(sp)
core   0: 3 0x00102570 (0x2f0108a3) mem 0x00115c29 0x01
core   0: 0x00102574 (0x00a00f93) li      t6, 10
core   0: 3 0x00102574 (0x00a00f93) x31 0x0000000a
core   0: >>>>  i00000002f9
core   0: 0x00102578 (0xa5462f13) slti    t5, a2, -1452
core   0: 3 0x00102578 (0xa5462f13) x30 0x00000000
core   0: >>>>  i00000002fa
core   0: 0x0010257c (0xc1a14803) lbu     a6, -998(sp)
core   0: 3 0x0010257c (0xc1a14803) x16 0x0000002c mem 0x00115552
core   0: >>>>  i00000002fb
core   0: 0x00102580 (0x7cc50613) addi    a2, a0, 1996
core   0: 3 0x00102580 (0x7cc50613) x12 0x001027e4
core   0: >>>>  i00000002fc
core   0: 0x00102584 (0x010f6f33) or      t5, t5, a6
core   0: 3 0x00102584 (0x010f6f33) x30 0x0000002c
core   0: >>>>  i00000002fd
core   0: 0x00102588 (0x00425f13) srli    t5, tp, 4
core   0: 3 0x00102588 (0x00425f13) x30 0x00000000
core   0: >>>>  i00000002fe
core   0: 0x0010258c (0x180acc13) xori    s8, s5, 384
core   0: 3 0x0010258c (0x180acc13) x24 0x00000130
core   0: >>>>  i00000002ff
core   0: 0x00102590 (0x39510d03) lb      s10, 917(sp)
core   0: 3 0x00102590 (0x39510d03) x26 0x00000071 mem 0x00115ccd
core   0: >>>>  i0000000300
core   0: 0x00102594 (0x00ac5033) srl     zero, s8, a0
core   0: 3 0x00102594 (0x00ac5033)
core   0: >>>>  i0000000301
core   0: 0x00102598 (0x4177df33) sra     t5, a5, s7
core   0: 3 0x00102598 (0x4177df33) x30 0x0000009c
core   0: >>>>  i0000000302
core   0: 0x0010259c (0x30012603) lw      a2, 768(sp)
core   0: 3 0x0010259c (0x30012603) x12 0xbe9cbcfa mem 0x00115c38
core   0: >>>>  i0000000303
core   0: 0x001025a0 (0xeb411a03) lh      s4, -332(sp)
core   0: 3 0x001025a0 (0xeb411a03) x20 0x00005c4d mem 0x001157ec
core   0: >>>>  i0000000304
core   0: 0x001025a4 (0x61f271b7) lui     gp, 0x61f27
core   0: 3 0x001025a4 (0x61f271b7) x3  0x61f27000
core   0: >>>>  i0000000305
core   0: 0x001025a8 (0x41ef5833) sra     a6, t5, t5
core   0: 3 0x001025a8 (0x41ef5833) x16 0x00000000
core   0: >>>>  i0000000306
core   0: 0x001025ac (0xfa412503) lw      a0, -92(sp)
core   0: 3 0x001025ac (0xfa412503) x10 0x0ed15ebb mem 0x001158dc
core   0: >>>>  i0000000307
core   0: 0x001025b0 (0x00cf5f13) srli    t5, t5, 12
core   0: 3 0x001025b0 (0x00cf5f13) x30 0x00000000
core   0: >>>>  i0000000308
core   0: 0x001025b4 (0x010f7533) and     a0, t5, a6
core   0: 3 0x001025b4 (0x010f7533) x10 0x00000000
core   0: >>>>  i0000000309
core   0: 0x001025b8 (0x01632e33) slt     t3, t1, s6
core   0: 3 0x001025b8 (0x01632e33) x28 0x00000001
core   0: >>>>  i000000030a
core   0: 0x001025bc (0x01e85f33) srl     t5, a6, t5
core   0: 3 0x001025bc (0x01e85f33) x30 0x00000000
core   0: >>>>  i000000030b
core   0: 0x001025c0 (0xf0d12223) sw      a3, -252(sp)
core   0: 3 0x001025c0 (0xf0d12223) mem 0x0011583c 0xffffc1c4
core   0: >>>>  i000000030c
core   0: 0x001025c4 (0xe7a12423) sw      s10, -408(sp)
core   0: 3 0x001025c4 (0xe7a12423) mem 0x001157a0 0x00000071
core   0: 0x001025c8 (0x00b00c93) li      s9, 11
core   0: 3 0x001025c8 (0x00b00c93) x25 0x0000000b
core   0: 0x001025cc (0x00a00f93) li      t6, 10
core   0: 3 0x001025cc (0x00a00f93) x31 0x0000000a
core   0: 0x001025d0 (0x00001117) auipc   sp, 0x1
core   0: 3 0x001025d0 (0x00001117) x2  0x001035d0
core   0: 0x001025d4 (0xd2010113) addi    sp, sp, -736
core   0: 3 0x001025d4 (0xd2010113) x2  0x001032f0
core   0: 0x001025d8 (0x0001f337) lui     t1, 0x1f
core   0: 3 0x001025d8 (0x0001f337) x6  0x0001f000
core   0: 0x001025dc (0xae830313) addi    t1, t1, -1304
core   0: 3 0x001025dc (0xae830313) x6  0x0001eae8
core   0: 0x001025e0 (0x00610133) add     sp, sp, t1
core   0: 3 0x001025e0 (0x00610133) x2  0x00121dd8
core   0: 0x001025e4 (0x00001117) auipc   sp, 0x1
core   0: 3 0x001025e4 (0x00001117) x2  0x001035e4
core   0: 0x001025e8 (0xd0c10113) addi    sp, sp, -756
core   0: 3 0x001025e8 (0xd0c10113) x2  0x001032f0
core   0: 0x001025ec (0x00002337) lui     t1, 0x2
core   0: 3 0x001025ec (0x00002337) x6  0x00002000
core   0: 0x001025f0 (0x0b830313) addi    t1, t1, 184
core   0: 3 0x001025f0 (0x0b830313) x6  0x000020b8
core   0: 0x001025f4 (0x00610133) add     sp, sp, t1
core   0: 3 0x001025f4 (0x00610133) x2  0x001053a8
core   0: 0x001025f8 (0x01decab3) xor     s5, t4, t4
core   0: 3 0x001025f8 (0x01decab3) x21 0x00000000
core   0: 0x001025fc (0x1cbaed13) ori     s10, s5, 459
core   0: 3 0x001025fc (0x1cbaed13) x26 0x000001cb
core   0: 0x00102600 (0x0e74c413) xori    s0, s1, 231
core   0: 3 0x00102600 (0x0e74c413) x8  0x000000e7
core   0: 0x00102604 (0x989107a3) sb      s1, -1649(sp)
core   0: 3 0x00102604 (0x989107a3) mem 0x00104d37 0x00
core   0: 0x00102608 (0x000e9b13) slli    s6, t4, 0
core   0: 3 0x00102608 (0x000e9b13) x22 0x000000af
core   0: 0x0010260c (0x92f48a93) addi    s5, s1, -1745
core   0: 3 0x0010260c (0x92f48a93) x21 0xfffff92f
core   0: 0x00102610 (0x0161d3b3) srl     t2, gp, s6
core   0: 3 0x00102610 (0x0161d3b3) x7  0x0000c3e4
core   0: >>>>  b000000030d
core   0: 0x00102614 (0x00000033) add     zero, zero, zero
core   0: 3 0x00102614 (0x00000033)
core   0: 0x00102618 (0x09fcde63) bge     s9, t6, pc + 156
core   0: 3 0x00102618 (0x09fcde63)
core   0: >>>>  i000000031b
core   0: 0x001026b4 (0x013a6f33) or      t5, s4, s3
core   0: 3 0x001026b4 (0x013a6f33) x30 0x00005c4d
core   0: >>>>  i000000031c
core   0: 0x001026b8 (0x00c65833) srl     a6, a2, a2
core   0: 3 0x001026b8 (0x00c65833) x16 0x0000002f
core   0: >>>>  i000000031d
core   0: 0x001026bc (0xd8311b23) sh      gp, -618(sp)
core   0: 3 0x001026bc (0xd8311b23) mem 0x0010513e 0x7000
core   0: >>>>  i000000031e
core   0: 0x001026c0 (0x410f0f33) sub     t5, t5, a6
core   0: 3 0x001026c0 (0x410f0f33) x30 0x00005c1e
core   0: >>>>  i000000031f
core   0: 0x001026c4 (0x11012223) sw      a6, 260(sp)
core   0: 3 0x001026c4 (0x11012223) mem 0x001054ac 0x0000002f
core   0: >>>>  i0000000320
core   0: 0x001026c8 (0x744101a3) sb      tp, 1859(sp)
core   0: 3 0x001026c8 (0x744101a3) mem 0x00105aeb 0x09
core   0: 0x001026cc (0x00900b13) li      s6, 9
core   0: 3 0x001026cc (0x00900b13) x22 0x00000009
core   0: 0x001026d0 (0x00001117) auipc   sp, 0x1
core   0: 3 0x001026d0 (0x00001117) x2  0x001036d0
core   0: 0x001026d4 (0xc2010113) addi    sp, sp, -992
core   0: 3 0x001026d4 (0xc2010113) x2  0x001032f0
core   0: 0x001026d8 (0x0000a337) lui     t1, 0xa
core   0: 3 0x001026d8 (0x0000a337) x6  0x0000a000
core   0: 0x001026dc (0x3a830313) addi    t1, t1, 936
core   0: 3 0x001026dc (0x3a830313) x6  0x0000a3a8
core   0: 0x001026e0 (0x00610133) add     sp, sp, t1
core   0: 3 0x001026e0 (0x00610133) x2  0x0010d698
core   0: 0x001026e4 (0x2b512223) sw      s5, 676(sp)
core   0: 3 0x001026e4 (0x2b512223) mem 0x0010d93c 0xfffff92f
core   0: 0x001026e8 (0xce710d23) sb      t2, -774(sp)
core   0: 3 0x001026e8 (0xce710d23) mem 0x0010d392 0xe4
core   0: 0x001026ec (0x98912823) sw      s1, -1648(sp)
core   0: 3 0x001026ec (0x98912823) mem 0x0010d028 0x00000000
core   0: 0x001026f0 (0x78214b83) lbu     s7, 1922(sp)
core   0: 3 0x001026f0 (0x78214b83) x23 0x00000095 mem 0x0010de1a
core   0: 0x001026f4 (0xa471a813) slti    a6, gp, -1465
core   0: 3 0x001026f4 (0xa471a813) x16 0x00000000
core   0: 0x001026f8 (0x10011803) lh      a6, 256(sp)
core   0: 3 0x001026f8 (0x10011803) x16 0x00006a59 mem 0x0010d798
core   0: 0x001026fc (0xff010e23) sb      a6, -4(sp)
core   0: 3 0x001026fc (0xff010e23) mem 0x0010d694 0x59
core   0: >>>>  b0000000321
core   0: 0x00102700 (0x00000033) add     zero, zero, zero
core   0: 3 0x00102700 (0x00000033)
core   0: 0x00102704 (0xf7fb58e3) bge     s6, t6, pc - 144
core   0: 3 0x00102704 (0xf7fb58e3)
core   0: 0x00102708 (0x00000033) add     zero, zero, zero
core   0: 3 0x00102708 (0x00000033)
core   0: 0x0010270c (0x01be37b3) sltu    a5, t3, s11
core   0: 3 0x0010270c (0x01be37b3) x15 0x00000001
core   0: 0x00102710 (0xd8c12403) lw      s0, -628(sp)
core   0: 3 0x00102710 (0xd8c12403) x8  0x39fc4924 mem 0x0010d424
core   0: 0x00102714 (0xa8810383) lb      t2, -1400(sp)
core   0: 3 0x00102714 (0xa8810383) x7  0xffffffb0 mem 0x0010d120
core   0: 0x00102718 (0x01d82233) slt     tp, a6, t4
core   0: 3 0x00102718 (0x01d82233) x4  0x00000000
core   0: 0x0010271c (0x40495833) sra     a6, s2, tp
core   0: 3 0x0010271c (0x40495833) x16 0x00000000
core   0: 0x00102720 (0x4e514a83) lbu     s5, 1253(sp)
core   0: 3 0x00102720 (0x4e514a83) x21 0x0000006c mem 0x0010db7d
core   0: 0x00102724 (0x4d411a83) lh      s5, 1236(sp)
core   0: 3 0x00102724 (0x4d411a83) x21 0xffff8c23 mem 0x0010db6c
core   0: 0x00102728 (0x00a00f93) li      t6, 10
core   0: 3 0x00102728 (0x00a00f93) x31 0x0000000a
core   0: >>>>  i0000000321
core   0: 0x0010272c (0xd91103a3) sb      a7, -633(sp)
core   0: 3 0x0010272c (0xd91103a3) mem 0x0010d41f 0x4e
core   0: >>>>  i0000000322
core   0: 0x00102730 (0x01454833) xor     a6, a0, s4
core   0: 3 0x00102730 (0x01454833) x16 0x00005c4d
core   0: >>>>  i0000000323
core   0: 0x00102734 (0x75012223) sw      a6, 1860(sp)
core   0: 3 0x00102734 (0x75012223) mem 0x0010dddc 0x00005c4d
core   0: >>>>  i0000000324
core   0: 0x00102738 (0x019ac833) xor     a6, s5, s9
core   0: 3 0x00102738 (0x019ac833) x16 0xffff8c28
core   0: >>>>  i0000000325
core   0: 0x0010273c (0x38914b83) lbu     s7, 905(sp)
core   0: 3 0x0010273c (0x38914b83) x23 0x00000055 mem 0x0010da21
core   0: 0x00102740 (0x00001117) auipc   sp, 0x1
core   0: 3 0x00102740 (0x00001117) x2  0x00103740
core   0: 0x00102744 (0xbb010113) addi    sp, sp, -1104
core   0: 3 0x00102744 (0xbb010113) x2  0x001032f0
core   0: 0x00102748 (0x0000a337) lui     t1, 0xa
core   0: 3 0x00102748 (0x0000a337) x6  0x0000a000
core   0: 0x0010274c (0x60030313) addi    t1, t1, 1536
core   0: 3 0x0010274c (0x60030313) x6  0x0000a600
core   0: 0x00102750 (0x00610133) add     sp, sp, t1
core   0: 3 0x00102750 (0x00610133) x2  0x0010d8f0
core   0: >>>>  i0000000326
core   0: 0x00102754 (0x47011423) sh      a6, 1128(sp)
core   0: 3 0x00102754 (0x47011423) mem 0x0010dd58 0x8c28
core   0: >>>>  i0000000327
core   0: 0x00102758 (0x00a4d333) srl     t1, s1, a0
core   0: 3 0x00102758 (0x00a4d333) x6  0x00000000
core   0: >>>>  i0000000328
core   0: 0x0010275c (0x4be12823) sw      t5, 1200(sp)
core   0: 3 0x0010275c (0x4be12823) mem 0x0010dda0 0x00005c1e
core   0: >>>>  i0000000329
core   0: 0x00102760 (0xc6c12f03) lw      t5, -916(sp)
core   0: 3 0x00102760 (0xc6c12f03) x30 0x1a5a2b8e mem 0x0010d55c
core   0: 0x00102764 (0x00001117) auipc   sp, 0x1
core   0: 3 0x00102764 (0x00001117) x2  0x00103764
core   0: 0x00102768 (0xb8c10113) addi    sp, sp, -1140
core   0: 3 0x00102768 (0xb8c10113) x2  0x001032f0
core   0: 0x0010276c (0x00006337) lui     t1, 0x6
core   0: 3 0x0010276c (0x00006337) x6  0x00006000
core   0: 0x00102770 (0x3b030313) addi    t1, t1, 944
core   0: 3 0x00102770 (0x3b030313) x6  0x000063b0
core   0: 0x00102774 (0x00610133) add     sp, sp, t1
core   0: 3 0x00102774 (0x00610133) x2  0x001096a0
core   0: >>>>  i000000032a
core   0: 0x00102778 (0x74710203) lb      tp, 1863(sp)
core   0: 3 0x00102778 (0x74710203) x4  0x00000016 mem 0x00109de7
core   0: 0x0010277c (0x00001117) auipc   sp, 0x1
core   0: 3 0x0010277c (0x00001117) x2  0x0010377c
core   0: 0x00102780 (0xb7410113) addi    sp, sp, -1164
core   0: 3 0x00102780 (0xb7410113) x2  0x001032f0
core   0: 0x00102784 (0x00018337) lui     t1, 0x18
core   0: 3 0x00102784 (0x00018337) x6  0x00018000
core   0: 0x00102788 (0x07830313) addi    t1, t1, 120
core   0: 3 0x00102788 (0x07830313) x6  0x00018078
core   0: 0x0010278c (0x00610133) add     sp, sp, t1
core   0: 3 0x0010278c (0x00610133) x2  0x0011b368
core   0: >>>>  i000000032b
core   0: 0x00102790 (0xfc011f03) lh      t5, -64(sp)
core   0: 3 0x00102790 (0xfc011f03) x30 0x00003f56 mem 0x0011b328
core   0: >>>>  i000000032c
core   0: 0x00102794 (0xc3c11903) lh      s2, -964(sp)
core   0: 3 0x00102794 (0xc3c11903) x18 0xffff8071 mem 0x0011afa4
core   0: >>>>  i000000032d
core   0: 0x00102798 (0x83011f23) sh      a6, -1986(sp)
core   0: 3 0x00102798 (0x83011f23) mem 0x0011aba6 0x8c28
core   0: >>>>  i000000032e
core   0: 0x0010279c (0x37a15d03) lhu     s10, 890(sp)
core   0: 3 0x0010279c (0x37a15d03) x26 0x0000d9d4 mem 0x0011b6e2
core   0: >>>>  i000000032f
core   0: 0x001027a0 (0x4125d233) sra     tp, a1, s2
core   0: 3 0x001027a0 (0x4125d233) x4  0x00000000
core   0: >>>>  i0000000330
core   0: 0x001027a4 (0x35311123) sh      s3, 834(sp)
core   0: 3 0x001027a4 (0x35311123) mem 0x0011b6aa 0x0001
core   0: >>>>  i0000000331
core   0: 0x001027a8 (0x004d04b3) add     s1, s10, tp
core   0: 3 0x001027a8 (0x004d04b3) x9  0x0000d9d4
core   0: >>>>  i0000000332
core   0: 0x001027ac (0xbf683813) sltiu   a6, a6, -1034
core   0: 3 0x001027ac (0xbf683813) x16 0x00000001
core   0: >>>>  i0000000333
core   0: 0x001027b0 (0x1e0e0617) auipc   a2, 0x1e0e0
core   0: 3 0x001027b0 (0x1e0e0617) x12 0x1e1e27b0
core   0: >>>>  i0000000334
core   0: 0x001027b4 (0x2d210783) lb      a5, 722(sp)
core   0: 3 0x001027b4 (0x2d210783) x15 0xffffffef mem 0x0011b63a
core   0: 0x001027b8 (0x00a00e93) li      t4, 10
core   0: 3 0x001027b8 (0x00a00e93) x29 0x0000000a
core   0: 0x001027bc (0x00579d13) slli    s10, a5, 5
core   0: 3 0x001027bc (0x00579d13) x26 0xfffffde0
core   0: 0x001027c0 (0x012acab3) xor     s5, s5, s2
core   0: 3 0x001027c0 (0x012acab3) x21 0x00000c52
core   0: 0x001027c4 (0xa9011403) lh      s0, -1392(sp)
core   0: 3 0x001027c4 (0xa9011403) x8  0xffff8964 mem 0x0011adf8
core   0: 0x001027c8 (0x33ad6193) ori     gp, s10, 826
core   0: 3 0x001027c8 (0x33ad6193) x3  0xfffffffa
core   0: 0x001027cc (0xf3f10803) lb      a6, -193(sp)
core   0: 3 0x001027cc (0xf3f10803) x16 0x00000057 mem 0x0011b2a7
core   0: 0x001027d0 (0x2a84ca93) xori    s5, s1, 680
core   0: 3 0x001027d0 (0x2a84ca93) x21 0x0000db7c
core   0: 0x001027d4 (0x415c57b3) sra     a5, s8, s5
core   0: 3 0x001027d4 (0x415c57b3) x15 0x00000000
core   0: >>>>  b0000000335
core   0: 0x001027d8 (0x01df8463) beq     t6, t4, pc + 8
core   0: 3 0x001027d8 (0x01df8463)
core   0: 0x001027e0 (0x00a00f93) li      t6, 10
core   0: 3 0x001027e0 (0x00a00f93) x31 0x0000000a
core   0: 0x001027e4 (0x008c3a33) sltu    s4, s8, s0
core   0: 3 0x001027e4 (0x008c3a33) x20 0x00000001
core   0: 0x001027e8 (0xb3110da3) sb      a7, -1221(sp)
core   0: 3 0x001027e8 (0xb3110da3) mem 0x0011aea3 0x4e
core   0: 0x001027ec (0x0b012823) sw      a6, 176(sp)
core   0: 3 0x001027ec (0x0b012823) mem 0x0011b418 0x00000057
core   0: 0x001027f0 (0x0104f433) and     s0, s1, a6
core   0: 3 0x001027f0 (0x0104f433) x8  0x00000054
core   0: 0x001027f4 (0x413d5413) srai    s0, s10, 19
core   0: 3 0x001027f4 (0x413d5413) x8  0xffffffff
core   0: 0x001027f8 (0x41e4da93) srai    s5, s1, 30
core   0: 3 0x001027f8 (0x41e4da93) x21 0x00000000
core   0: 0x001027fc (0x41ed5813) srai    a6, s10, 30
core   0: 3 0x001027fc (0x41ed5813) x16 0xffffffff
core   0: 0x00102800 (0x00001117) auipc   sp, 0x1
core   0: 3 0x00102800 (0x00001117) x2  0x00103800
core   0: 0x00102804 (0xaf010113) addi    sp, sp, -1296
core   0: 3 0x00102804 (0xaf010113) x2  0x001032f0
core   0: 0x00102808 (0x0000d337) lui     t1, 0xd
core   0: 3 0x00102808 (0x0000d337) x6  0x0000d000
core   0: 0x0010280c (0x03830313) addi    t1, t1, 56
core   0: 3 0x0010280c (0x03830313) x6  0x0000d038
core   0: 0x00102810 (0x00610133) add     sp, sp, t1
core   0: 3 0x00102810 (0x00610133) x2  0x00110328
core   0: >>>>  i0000000335
core   0: 0x00102814 (0xf1e11323) sh      t5, -250(sp)
core   0: 3 0x00102814 (0xf1e11323) mem 0x0011022e 0x3f56
core   0: >>>>  i0000000336
core   0: 0x00102818 (0x01085833) srl     a6, a6, a6
core   0: 3 0x00102818 (0x01085833) x16 0x00000001
core   0: >>>>  i0000000337
core   0: 0x0010281c (0x01961913) slli    s2, a2, 25
core   0: 3 0x0010281c (0x01961913) x18 0x60000000
core   0: 0x00102820 (0x00001117) auipc   sp, 0x1
core   0: 3 0x00102820 (0x00001117) x2  0x00103820
core   0: 0x00102824 (0xad010113) addi    sp, sp, -1328
core   0: 3 0x00102824 (0xad010113) x2  0x001032f0
core   0: 0x00102828 (0x00008337) lui     t1, 0x8
core   0: 3 0x00102828 (0x00008337) x6  0x00008000
core   0: 0x0010282c (0x4d030313) addi    t1, t1, 1232
core   0: 3 0x0010282c (0x4d030313) x6  0x000084d0
core   0: 0x00102830 (0x00610133) add     sp, sp, t1
core   0: 3 0x00102830 (0x00610133) x2  0x0010b7c0
core   0: >>>>  i0000000338
core   0: 0x00102834 (0x07710b03) lb      s6, 119(sp)
core   0: 3 0x00102834 (0x07710b03) x22 0x0000006a mem 0x0010b837
core   0: >>>>  i0000000339
core   0: 0x00102838 (0x3a310803) lb      a6, 931(sp)
core   0: 3 0x00102838 (0x3a310803) x16 0x00000070 mem 0x0010bb63
core   0: >>>>  i000000033a
core   0: 0x0010283c (0x01085833) srl     a6, a6, a6
core   0: 3 0x0010283c (0x01085833) x16 0x00000000
core   0: >>>>  i000000033b
core   0: 0x00102840 (0x32611a03) lh      s4, 806(sp)
core   0: 3 0x00102840 (0x32611a03) x20 0x00001d47 mem 0x0010bae6
core   0: >>>>  i000000033c
core   0: 0x00102844 (0x28611323) sh      t1, 646(sp)
core   0: 3 0x00102844 (0x28611323) mem 0x0010ba46 0x84d0
core   0: >>>>  i000000033d
core   0: 0x00102848 (0x4652cd93) xori    s11, t0, 1125
core   0: 3 0x00102848 (0x4652cd93) x27 0x0000043c
core   0: >>>>  i000000033e
core   0: 0x0010284c (0xdb164a13) xori    s4, a2, -591
core   0: 3 0x0010284c (0xdb164a13) x20 0xe1e1da01
core   0: >>>>  i000000033f
core   0: 0x00102850 (0xc691a193) slti    gp, gp, -919
core   0: 3 0x00102850 (0xc691a193) x3  0x00000000
core   0: >>>>  i0000000340
core   0: 0x00102854 (0x7b83c613) xori    a2, t2, 1976
core   0: 3 0x00102854 (0x7b83c613) x12 0xfffff808
core   0: >>>>  i0000000341
core   0: 0x00102858 (0x25012e23) sw      a6, 604(sp)
core   0: 3 0x00102858 (0x25012e23) mem 0x0010ba1c 0x00000000
core   0: >>>>  i0000000342
core   0: 0x0010285c (0x50bc7b97) auipc   s7, 0x50bc7
core   0: 3 0x0010285c (0x50bc7b97) x23 0x50cc985c
core   0: 0x00102860 (0x00001117) auipc   sp, 0x1
core   0: 3 0x00102860 (0x00001117) x2  0x00103860
core   0: 0x00102864 (0xa9010113) addi    sp, sp, -1392
core   0: 3 0x00102864 (0xa9010113) x2  0x001032f0
core   0: 0x00102868 (0x00011337) lui     t1, 0x11
core   0: 3 0x00102868 (0x00011337) x6  0x00011000
core   0: 0x0010286c (0xfb030313) addi    t1, t1, -80
core   0: 3 0x0010286c (0xfb030313) x6  0x00010fb0
core   0: 0x00102870 (0x00610133) add     sp, sp, t1
core   0: 3 0x00102870 (0x00610133) x2  0x001142a0
core   0: >>>>  i0000000343
core   0: 0x00102874 (0x53512a23) sw      s5, 1332(sp)
core   0: 3 0x00102874 (0x53512a23) mem 0x001147d4 0x00000000
core   0: >>>>  i0000000344
core   0: 0x00102878 (0x7bc12003) lw      zero, 1980(sp)
core   0: 3 0x00102878 (0x7bc12003) mem 0x00114a5c
core   0: >>>>  i0000000345
core   0: 0x0010287c (0x70512e23) sw      t0, 1820(sp)
core   0: 3 0x0010287c (0x70512e23) mem 0x001149bc 0x00000059
core   0: >>>>  i0000000346
core   0: 0x00102880 (0x007df5b3) and     a1, s11, t2
core   0: 3 0x00102880 (0x007df5b3) x11 0x00000430
core   0: >>>>  i0000000347
core   0: 0x00102884 (0x42811423) sh      s0, 1064(sp)
core   0: 3 0x00102884 (0x42811423) mem 0x001146c8 0xffff
core   0: >>>>  i0000000348
core   0: 0x00102888 (0x00585693) srli    a3, a6, 5
core   0: 3 0x00102888 (0x00585693) x13 0x00000000
core   0: 0x0010288c (0x00900a13) li      s4, 9
core   0: 3 0x0010288c (0x00900a13) x20 0x00000009
core   0: 0x00102890 (0x00001117) auipc   sp, 0x1
core   0: 3 0x00102890 (0x00001117) x2  0x00103890
core   0: 0x00102894 (0xa6010113) addi    sp, sp, -1440
core   0: 3 0x00102894 (0xa6010113) x2  0x001032f0
core   0: 0x00102898 (0x00007337) lui     t1, 0x7
core   0: 3 0x00102898 (0x00007337) x6  0x00007000
core   0: 0x0010289c (0xbd030313) addi    t1, t1, -1072
core   0: 3 0x0010289c (0xbd030313) x6  0x00006bd0
core   0: 0x001028a0 (0x00610133) add     sp, sp, t1
core   0: 3 0x001028a0 (0x00610133) x2  0x00109ec0
core   0: 0x001028a4 (0x00001117) auipc   sp, 0x1
core   0: 3 0x001028a4 (0x00001117) x2  0x001038a4
core   0: 0x001028a8 (0xa4c10113) addi    sp, sp, -1460
core   0: 3 0x001028a8 (0xa4c10113) x2  0x001032f0
core   0: 0x001028ac (0x0000a337) lui     t1, 0xa
core   0: 3 0x001028ac (0x0000a337) x6  0x0000a000
core   0: 0x001028b0 (0x7b030313) addi    t1, t1, 1968
core   0: 3 0x001028b0 (0x7b030313) x6  0x0000a7b0
core   0: 0x001028b4 (0x00610133) add     sp, sp, t1
core   0: 3 0x001028b4 (0x00610133) x2  0x0010daa0
core   0: 0x001028b8 (0x00001117) auipc   sp, 0x1
core   0: 3 0x001028b8 (0x00001117) x2  0x001038b8
core   0: 0x001028bc (0xa3810113) addi    sp, sp, -1480
core   0: 3 0x001028bc (0xa3810113) x2  0x001032f0
core   0: 0x001028c0 (0x00016337) lui     t1, 0x16
core   0: 3 0x001028c0 (0x00016337) x6  0x00016000
core   0: 0x001028c4 (0x71830313) addi    t1, t1, 1816
core   0: 3 0x001028c4 (0x71830313) x6  0x00016718
core   0: 0x001028c8 (0x00610133) add     sp, sp, t1
core   0: 3 0x001028c8 (0x00610133) x2  0x00119a08
core   0: 0x001028cc (0x01d4d233) srl     tp, s1, t4
core   0: 3 0x001028cc (0x01d4d233) x4  0x00000036
core   0: 0x001028d0 (0x8a912c23) sw      s1, -1864(sp)
core   0: 3 0x001028d0 (0x8a912c23) mem 0x001192c0 0x0000d9d4
core   0: 0x001028d4 (0xd9d11a23) sh      t4, -620(sp)
core   0: 3 0x001028d4 (0xd9d11a23) mem 0x0011979c 0x000a
core   0: 0x001028d8 (0x25fe2937) lui     s2, 0x25fe2
core   0: 3 0x001028d8 (0x25fe2937) x18 0x25fe2000
core   0: 0x001028dc (0xe0211a83) lh      s5, -510(sp)
core   0: 3 0x001028dc (0xe0211a83) x21 0x0000092a mem 0x0011980a
core   0: 0x001028e0 (0xc7012b83) lw      s7, -912(sp)
core   0: 3 0x001028e0 (0xc7012b83) x23 0xde089e4c mem 0x00119678
core   0: 0x001028e4 (0x011d8d33) add     s10, s11, a7
core   0: 3 0x001028e4 (0x011d8d33) x26 0x0000048a
core   0: >>>>  b0000000349
core   0: 0x001028e8 (0x00000033) add     zero, zero, zero
core   0: 3 0x001028e8 (0x00000033)
core   0: 0x001028ec (0xf74fc6e3) blt     t6, s4, pc - 148
core   0: 3 0x001028ec (0xf74fc6e3)
core   0: 0x001028f0 (0x00000033) add     zero, zero, zero
core   0: 3 0x001028f0 (0x00000033)
core   0: 0x001028f4 (0xd4711d23) sh      t2, -678(sp)
core   0: 3 0x001028f4 (0xd4711d23) mem 0x00119762 0xffb0
core   0: 0x001028f8 (0xc9e11a83) lh      s5, -866(sp)
core   0: 3 0x001028f8 (0xc9e11a83) x21 0x00001e81 mem 0x001196a6
core   0: 0x001028fc (0x52010e83) lb      t4, 1312(sp)
core   0: 3 0x001028fc (0x52010e83) x29 0xffffffd5 mem 0x00119f28
core   0: 0x00102900 (0xa741b813) sltiu   a6, gp, -1420
core   0: 3 0x00102900 (0xa741b813) x16 0x00000001
core   0: 0x00102904 (0x01740433) add     s0, s0, s7
core   0: 3 0x00102904 (0x01740433) x8  0xde089e4b
core   0: 0x00102908 (0xae912823) sw      s1, -1296(sp)
core   0: 3 0x00102908 (0xae912823) mem 0x001194f8 0x0000d9d4
core   0: 0x0010290c (0x09815a83) lhu     s5, 152(sp)
core   0: 3 0x0010290c (0x09815a83) x21 0x00002c08 mem 0x00119aa0
core   0: 0x00102910 (0x00a00f93) li      t6, 10
core   0: 3 0x00102910 (0x00a00f93) x31 0x0000000a
core   0: >>>>  i0000000349
core   0: 0x00102914 (0x03911423) sh      s9, 40(sp)
core   0: 3 0x00102914 (0x03911423) mem 0x00119a30 0x000b
core   0: >>>>  i000000034a
core   0: 0x00102918 (0x41c25813) srai    a6, tp, 28
core   0: 3 0x00102918 (0x41c25813) x16 0x00000000
core   0: >>>>  i000000034b
core   0: 0x0010291c (0x26d10d03) lb      s10, 621(sp)
core   0: 3 0x0010291c (0x26d10d03) x26 0xffffffd9 mem 0x00119c75
core   0: >>>>  i000000034c
core   0: 0x00102920 (0x82482f13) slti    t5, a6, -2012
core   0: 3 0x00102920 (0x82482f13) x30 0x00000000
core   0: >>>>  i000000034d
core   0: 0x00102924 (0x16884f13) xori    t5, a6, 360
core   0: 3 0x00102924 (0x16884f13) x30 0x00000168
core   0: 0x00102928 (0x00001117) auipc   sp, 0x1
core   0: 3 0x00102928 (0x00001117) x2  0x00103928
core   0: 0x0010292c (0x9c810113) addi    sp, sp, -1592
core   0: 3 0x0010292c (0x9c810113) x2  0x001032f0
core   0: 0x00102930 (0x00017337) lui     t1, 0x17
core   0: 3 0x00102930 (0x00017337) x6  0x00017000
core   0: 0x00102934 (0xc2830313) addi    t1, t1, -984
core   0: 3 0x00102934 (0xc2830313) x6  0x00016c28
core   0: 0x00102938 (0x00610133) add     sp, sp, t1
core   0: 3 0x00102938 (0x00610133) x2  0x00119f18
core   0: >>>>  i000000034e
core   0: 0x0010293c (0x63011423) sh      a6, 1576(sp)
core   0: 3 0x0010293c (0x63011423) mem 0x0011a540 0x0000
core   0: >>>>  i000000034f
core   0: 0x00102940 (0x83d12823) sw      t4, -2000(sp)
core   0: 3 0x00102940 (0x83d12823) mem 0x00119748 0xffffffd5
core   0: >>>>  i0000000350
core   0: 0x00102944 (0x6c611b03) lh      s6, 1734(sp)
core   0: 3 0x00102944 (0x6c611b03) x22 0x000048b7 mem 0x0011a5de
core   0: 0x00102948 (0x00001117) auipc   sp, 0x1
core   0: 3 0x00102948 (0x00001117) x2  0x00103948
core   0: 0x0010294c (0x9a810113) addi    sp, sp, -1624
core   0: 3 0x0010294c (0x9a810113) x2  0x001032f0
core   0: 0x00102950 (0x00003337) lui     t1, 0x3
core   0: 3 0x00102950 (0x00003337) x6  0x00003000
core   0: 0x00102954 (0x75030313) addi    t1, t1, 1872
core   0: 3 0x00102954 (0x75030313) x6  0x00003750
core   0: 0x00102958 (0x00610133) add     sp, sp, t1
core   0: 3 0x00102958 (0x00610133) x2  0x00106a40
core   0: >>>>  i0000000351
core   0: 0x0010295c (0x2d011d23) sh      a6, 730(sp)
core   0: 3 0x0010295c (0x2d011d23) mem 0x00106d1a 0x0000
core   0: >>>>  i0000000352
core   0: 0x00102960 (0x01e66b33) or      s6, a2, t5
core   0: 3 0x00102960 (0x01e66b33) x22 0xfffff968
core   0: >>>>  i0000000353
core   0: 0x00102964 (0x0a6bff37) lui     t5, 0xa6bf
core   0: 3 0x00102964 (0x0a6bff37) x30 0x0a6bf000
core   0: 0x00102968 (0x00001117) auipc   sp, 0x1
core   0: 3 0x00102968 (0x00001117) x2  0x00103968
core   0: 0x0010296c (0x98810113) addi    sp, sp, -1656
core   0: 3 0x0010296c (0x98810113) x2  0x001032f0
core   0: 0x00102970 (0x00008337) lui     t1, 0x8
core   0: 3 0x00102970 (0x00008337) x6  0x00008000
core   0: 0x00102974 (0xb0830313) addi    t1, t1, -1272
core   0: 3 0x00102974 (0xb0830313) x6  0x00007b08
core   0: 0x00102978 (0x00610133) add     sp, sp, t1
core   0: 3 0x00102978 (0x00610133) x2  0x0010adf8
core   0: >>>>  i0000000354
core   0: 0x0010297c (0xfbf14783) lbu     a5, -65(sp)
core   0: 3 0x0010297c (0xfbf14783) x15 0x00000031 mem 0x0010adb7
core   0: >>>>  i0000000355
core   0: 0x00102980 (0x3b012623) sw      a6, 940(sp)
core   0: 3 0x00102980 (0x3b012623) mem 0x0010b1a4 0x00000000
core   0: >>>>  i0000000356
core   0: 0x00102984 (0xf1ba3a93) sltiu   s5, s4, -229
core   0: 3 0x00102984 (0xf1ba3a93) x21 0x00000001
core   0: >>>>  i0000000357
core   0: 0x00102988 (0x010f14b3) sll     s1, t5, a6
core   0: 3 0x00102988 (0x010f14b3) x9  0x0a6bf000
core   0: >>>>  i0000000358
core   0: 0x0010298c (0x32211883) lh      a7, 802(sp)
core   0: 3 0x0010298c (0x32211883) x17 0x0000429e mem 0x0010b11a
core   0: >>>>  i0000000359
core   0: 0x00102990 (0x19611f23) sh      s6, 414(sp)
core   0: 3 0x00102990 (0x19611f23) mem 0x0010af96 0xf968
core   0: >>>>  i000000035a
core   0: 0x00102994 (0xa6f10a23) sb      a5, -1420(sp)
core   0: 3 0x00102994 (0xa6f10a23) mem 0x0010a86c 0x31
core   0: >>>>  i000000035b
core   0: 0x00102998 (0x00c59613) slli    a2, a1, 12
core   0: 3 0x00102998 (0x00c59613) x12 0x00430000
core   0: >>>>  i000000035c
core   0: 0x0010299c (0x83012503) lw      a0, -2000(sp)
core   0: 3 0x0010299c (0x83012503) x10 0xd88d2669 mem 0x0010a628
core   0: 0x001029a0 (0x00c00b93) li      s7, 12
core   0: 3 0x001029a0 (0x00c00b93) x23 0x0000000c
core   0: 0x001029a4 (0x001f8f93) addi    t6, t6, 1
core   0: 3 0x001029a4 (0x001f8f93) x31 0x0000000b
core   0: 0x001029a8 (0x00001117) auipc   sp, 0x1
core   0: 3 0x001029a8 (0x00001117) x2  0x001039a8
core   0: 0x001029ac (0x94810113) addi    sp, sp, -1720
core   0: 3 0x001029ac (0x94810113) x2  0x001032f0
core   0: 0x001029b0 (0x0001c337) lui     t1, 0x1c
core   0: 3 0x001029b0 (0x0001c337) x6  0x0001c000
core   0: 0x001029b4 (0xd7830313) addi    t1, t1, -648
core   0: 3 0x001029b4 (0xd7830313) x6  0x0001bd78
core   0: 0x001029b8 (0x00610133) add     sp, sp, t1
core   0: 3 0x001029b8 (0x00610133) x2  0x0011f068
core   0: 0x001029bc (0x010ee433) or      s0, t4, a6
core   0: 3 0x001029bc (0x010ee433) x8  0xffffffd5
core   0: 0x001029c0 (0x01087833) and     a6, a6, a6
core   0: 3 0x001029c0 (0x01087833) x16 0x00000000
core   0: 0x001029c4 (0x010eb9b3) sltu    s3, t4, a6
core   0: 3 0x001029c4 (0x010eb9b3) x19 0x00000000
core   0: 0x001029c8 (0xc4814a83) lbu     s5, -952(sp)
core   0: 3 0x001029c8 (0xc4814a83) x21 0x000000b7 mem 0x0011ecb0
core   0: 0x001029cc (0x60310883) lb      a7, 1539(sp)
core   0: 3 0x001029cc (0x60310883) x17 0xffffff8f mem 0x0011f66b
core   0: 0x001029d0 (0xebc15a83) lhu     s5, -324(sp)
core   0: 3 0x001029d0 (0xebc15a83) x21 0x0000e34a mem 0x0011ef24
core   0: 0x001029d4 (0xb0c12c83) lw      s9, -1268(sp)
core   0: 3 0x001029d4 (0xb0c12c83) x25 0x157d93f8 mem 0x0011eb74
core   0: >>>>  b000000035d
core   0: 0x001029d8 (0x017f8463) beq     t6, s7, pc + 8
core   0: 3 0x001029d8 (0x017f8463)
core   0: 0x001029dc (0xf65ff56f) jal     a0, pc - 0x9c
core   0: 3 0x001029dc (0xf65ff56f) x10 0x001029e0
core   0: >>>>  i000000034f
core   0: 0x00102940 (0x83d12823) sw      t4, -2000(sp)
core   0: 3 0x00102940 (0x83d12823) mem 0x0011e898 0xffffffd5
core   0: >>>>  i0000000350
core   0: 0x00102944 (0x6c611b03) lh      s6, 1734(sp)
core   0: 3 0x00102944 (0x6c611b03) x22 0x00006a51 mem 0x0011f72e
core   0: 0x00102948 (0x00001117) auipc   sp, 0x1
core   0: 3 0x00102948 (0x00001117) x2  0x00103948
core   0: 0x0010294c (0x9a810113) addi    sp, sp, -1624
core   0: 3 0x0010294c (0x9a810113) x2  0x001032f0
core   0: 0x00102950 (0x00003337) lui     t1, 0x3
core   0: 3 0x00102950 (0x00003337) x6  0x00003000
core   0: 0x00102954 (0x75030313) addi    t1, t1, 1872
core   0: 3 0x00102954 (0x75030313) x6  0x00003750
core   0: 0x00102958 (0x00610133) add     sp, sp, t1
core   0: 3 0x00102958 (0x00610133) x2  0x00106a40
core   0: >>>>  i0000000351
core   0: 0x0010295c (0x2d011d23) sh      a6, 730(sp)
core   0: 3 0x0010295c (0x2d011d23) mem 0x00106d1a 0x0000
core   0: >>>>  i0000000352
core   0: 0x00102960 (0x01e66b33) or      s6, a2, t5
core   0: 3 0x00102960 (0x01e66b33) x22 0x0a6bf000
core   0: >>>>  i0000000353
core   0: 0x00102964 (0x0a6bff37) lui     t5, 0xa6bf
core   0: 3 0x00102964 (0x0a6bff37) x30 0x0a6bf000
core   0: 0x00102968 (0x00001117) auipc   sp, 0x1
core   0: 3 0x00102968 (0x00001117) x2  0x00103968
core   0: 0x0010296c (0x98810113) addi    sp, sp, -1656
core   0: 3 0x0010296c (0x98810113) x2  0x001032f0
core   0: 0x00102970 (0x00008337) lui     t1, 0x8
core   0: 3 0x00102970 (0x00008337) x6  0x00008000
core   0: 0x00102974 (0xb0830313) addi    t1, t1, -1272
core   0: 3 0x00102974 (0xb0830313) x6  0x00007b08
core   0: 0x00102978 (0x00610133) add     sp, sp, t1
core   0: 3 0x00102978 (0x00610133) x2  0x0010adf8
core   0: >>>>  i0000000354
core   0: 0x0010297c (0xfbf14783) lbu     a5, -65(sp)
core   0: 3 0x0010297c (0xfbf14783) x15 0x00000031 mem 0x0010adb7
core   0: >>>>  i0000000355
core   0: 0x00102980 (0x3b012623) sw      a6, 940(sp)
core   0: 3 0x00102980 (0x3b012623) mem 0x0010b1a4 0x00000000
core   0: >>>>  i0000000356
core   0: 0x00102984 (0xf1ba3a93) sltiu   s5, s4, -229
core   0: 3 0x00102984 (0xf1ba3a93) x21 0x00000001
core   0: >>>>  i0000000357
core   0: 0x00102988 (0x010f14b3) sll     s1, t5, a6
core   0: 3 0x00102988 (0x010f14b3) x9  0x0a6bf000
core   0: >>>>  i0000000358
core   0: 0x0010298c (0x32211883) lh      a7, 802(sp)
core   0: 3 0x0010298c (0x32211883) x17 0x0000429e mem 0x0010b11a
core   0: >>>>  i0000000359
core   0: 0x00102990 (0x19611f23) sh      s6, 414(sp)
core   0: 3 0x00102990 (0x19611f23) mem 0x0010af96 0xf000
core   0: >>>>  i000000035a
core   0: 0x00102994 (0xa6f10a23) sb      a5, -1420(sp)
core   0: 3 0x00102994 (0xa6f10a23) mem 0x0010a86c 0x31
core   0: >>>>  i000000035b
core   0: 0x00102998 (0x00c59613) slli    a2, a1, 12
core   0: 3 0x00102998 (0x00c59613) x12 0x00430000
core   0: >>>>  i000000035c
core   0: 0x0010299c (0x83012503) lw      a0, -2000(sp)
core   0: 3 0x0010299c (0x83012503) x10 0xd88d2669 mem 0x0010a628
core   0: 0x001029a0 (0x00c00b93) li      s7, 12
core   0: 3 0x001029a0 (0x00c00b93) x23 0x0000000c
core   0: 0x001029a4 (0x001f8f93) addi    t6, t6, 1
core   0: 3 0x001029a4 (0x001f8f93) x31 0x0000000c
core   0: 0x001029a8 (0x00001117) auipc   sp, 0x1
core   0: 3 0x001029a8 (0x00001117) x2  0x001039a8
core   0: 0x001029ac (0x94810113) addi    sp, sp, -1720
core   0: 3 0x001029ac (0x94810113) x2  0x001032f0
core   0: 0x001029b0 (0x0001c337) lui     t1, 0x1c
core   0: 3 0x001029b0 (0x0001c337) x6  0x0001c000
core   0: 0x001029b4 (0xd7830313) addi    t1, t1, -648
core   0: 3 0x001029b4 (0xd7830313) x6  0x0001bd78
core   0: 0x001029b8 (0x00610133) add     sp, sp, t1
core   0: 3 0x001029b8 (0x00610133) x2  0x0011f068
core   0: 0x001029bc (0x010ee433) or      s0, t4, a6
core   0: 3 0x001029bc (0x010ee433) x8  0xffffffd5
core   0: 0x001029c0 (0x01087833) and     a6, a6, a6
core   0: 3 0x001029c0 (0x01087833) x16 0x00000000
core   0: 0x001029c4 (0x010eb9b3) sltu    s3, t4, a6
core   0: 3 0x001029c4 (0x010eb9b3) x19 0x00000000
core   0: 0x001029c8 (0xc4814a83) lbu     s5, -952(sp)
core   0: 3 0x001029c8 (0xc4814a83) x21 0x000000b7 mem 0x0011ecb0
core   0: 0x001029cc (0x60310883) lb      a7, 1539(sp)
core   0: 3 0x001029cc (0x60310883) x17 0xffffff8f mem 0x0011f66b
core   0: 0x001029d0 (0xebc15a83) lhu     s5, -324(sp)
core   0: 3 0x001029d0 (0xebc15a83) x21 0x0000e34a mem 0x0011ef24
core   0: 0x001029d4 (0xb0c12c83) lw      s9, -1268(sp)
core   0: 3 0x001029d4 (0xb0c12c83) x25 0x157d93f8 mem 0x0011eb74
core   0: >>>>  b000000035d
core   0: 0x001029d8 (0x017f8463) beq     t6, s7, pc + 8
core   0: 3 0x001029d8 (0x017f8463)
core   0: 0x001029e0 (0x00a00f93) li      t6, 10
core   0: 3 0x001029e0 (0x00a00f93) x31 0x0000000a
core   0: 0x001029e4 (0xa9811383) lh      t2, -1384(sp)
core   0: 3 0x001029e4 (0xa9811383) x7  0xffffe9b0 mem 0x0011eb00
core   0: 0x001029e8 (0x010ec8b3) xor     a7, t4, a6
core   0: 3 0x001029e8 (0x010ec8b3) x17 0xffffffd5
core   0: 0x001029ec (0x07215183) lhu     gp, 114(sp)
core   0: 3 0x001029ec (0x07215183) x3  0x000020bd mem 0x0011f0da
core   0: 0x001029f0 (0x1c710a03) lb      s4, 455(sp)
core   0: 3 0x001029f0 (0x1c710a03) x20 0x00000070 mem 0x0011f22f
core   0: 0x001029f4 (0x6b110423) sb      a7, 1704(sp)
core   0: 3 0x001029f4 (0x6b110423) mem 0x0011f710 0xd5
core   0: 0x001029f8 (0x67611323) sh      s6, 1638(sp)
core   0: 3 0x001029f8 (0x67611323) mem 0x0011f6ce 0xf000
core   0: 0x001029fc (0x6deeb393) sltiu   t2, t4, 1758
core   0: 3 0x001029fc (0x6deeb393) x7  0x00000000
core   0: >>>>  i000000035d
core   0: 0x00102a00 (0x010f3f33) sltu    t5, t5, a6
core   0: 3 0x00102a00 (0x010f3f33) x30 0x00000000
core   0: >>>>  i000000035e
core   0: 0x00102a04 (0x89812023) sw      s8, -1920(sp)
core   0: 3 0x00102a04 (0x89812023) mem 0x0011e8e8 0x00000130
core   0: >>>>  i000000035f
core   0: 0x00102a08 (0x66a11803) lh      a6, 1642(sp)
core   0: 3 0x00102a08 (0x66a11803) x16 0x0000471f mem 0x0011f6d2
core   0: >>>>  i0000000360
core   0: 0x00102a0c (0x00e85593) srli    a1, a6, 14
core   0: 3 0x00102a0c (0x00e85593) x11 0x00000001
core   0: >>>>  i0000000361
core   0: 0x00102a10 (0x8f215803) lhu     a6, -1806(sp)
core   0: 3 0x00102a10 (0x8f215803) x16 0x00004ec7 mem 0x0011e95a
core   0: >>>>  i0000000362
core   0: 0x00102a14 (0x63415603) lhu     a2, 1588(sp)
core   0: 3 0x00102a14 (0x63415603) x12 0x0000aab9 mem 0x0011f69c
core   0: >>>>  i0000000363
core   0: 0x00102a18 (0xd675b893) sltiu   a7, a1, -665
core   0: 3 0x00102a18 (0xd675b893) x17 0x00000001
core   0: >>>>  i0000000364
core   0: 0x00102a1c (0xfde11c03) lh      s8, -34(sp)
core   0: 3 0x00102a1c (0xfde11c03) x24 0x000026fa mem 0x0011f046
core   0: >>>>  i0000000365
core   0: 0x00102a20 (0x33411c83) lh      s9, 820(sp)
core   0: 3 0x00102a20 (0x33411c83) x25 0x00000169 mem 0x0011f39c
core   0: >>>>  i0000000366
core   0: 0x00102a24 (0xd6411f03) lh      t5, -668(sp)
core   0: 3 0x00102a24 (0xd6411f03) x30 0xffff9cfa mem 0x0011edcc
core   0: >>>>  i0000000367
core   0: 0x00102a28 (0x4471e613) ori     a2, gp, 1095
core   0: 3 0x00102a28 (0x4471e613) x12 0x000024ff
core   0: 0x00102a2c (0x00001117) auipc   sp, 0x1
core   0: 3 0x00102a2c (0x00001117) x2  0x00103a2c
core   0: 0x00102a30 (0x8c410113) addi    sp, sp, -1852
core   0: 3 0x00102a30 (0x8c410113) x2  0x001032f0
core   0: 0x00102a34 (0x0000f337) lui     t1, 0xf
core   0: 3 0x00102a34 (0x0000f337) x6  0x0000f000
core   0: 0x00102a38 (0x25030313) addi    t1, t1, 592
core   0: 3 0x00102a38 (0x25030313) x6  0x0000f250
core   0: 0x00102a3c (0x00610133) add     sp, sp, t1
core   0: 3 0x00102a3c (0x00610133) x2  0x00112540
core   0: >>>>  i0000000368
core   0: 0x00102a40 (0xfde12223) sw      t5, -60(sp)
core   0: 3 0x00102a40 (0xfde12223) mem 0x00112504 0xffff9cfa
core   0: >>>>  i0000000369
core   0: 0x00102a44 (0xe3011923) sh      a6, -462(sp)
core   0: 3 0x00102a44 (0xe3011923) mem 0x00112372 0x4ec7
core   0: >>>>  i000000036a
core   0: 0x00102a48 (0xc9e10c23) sb      t5, -872(sp)
core   0: 3 0x00102a48 (0xc9e10c23) mem 0x001121d8 0xfa
core   0: >>>>  i000000036b
core   0: 0x00102a4c (0xf4811303) lh      t1, -184(sp)
core   0: 3 0x00102a4c (0xf4811303) x6  0x00002717 mem 0x00112488
core   0: >>>>  i000000036c
core   0: 0x00102a50 (0x58c12223) sw      a2, 1412(sp)
core   0: 3 0x00102a50 (0x58c12223) mem 0x00112ac4 0x000024ff
core   0: >>>>  i000000036d
core   0: 0x00102a54 (0xe4410b23) sb      tp, -426(sp)
core   0: 3 0x00102a54 (0xe4410b23) mem 0x00112396 0x36
core   0: >>>>  i000000036e
core   0: 0x00102a58 (0x46514903) lbu     s2, 1125(sp)
core   0: 3 0x00102a58 (0x46514903) x18 0x00000092 mem 0x001129a5
core   0: >>>>  i000000036f
core   0: 0x00102a5c (0x00fc02b3) add     t0, s8, a5
core   0: 3 0x00102a5c (0x00fc02b3) x5  0x0000272b
core   0: >>>>  i0000000370
core   0: 0x00102a60 (0x89e12023) sw      t5, -1920(sp)
core   0: 3 0x00102a60 (0x89e12023) mem 0x00111dc0 0xffff9cfa
core   0: 0x00102a64 (0x00a00993) li      s3, 10
core   0: 3 0x00102a64 (0x00a00993) x19 0x0000000a
core   0: 0x00102a68 (0x00001117) auipc   sp, 0x1
core   0: 3 0x00102a68 (0x00001117) x2  0x00103a68
core   0: 0x00102a6c (0x88810113) addi    sp, sp, -1912
core   0: 3 0x00102a6c (0x88810113) x2  0x001032f0
core   0: 0x00102a70 (0x00003337) lui     t1, 0x3
core   0: 3 0x00102a70 (0x00003337) x6  0x00003000
core   0: 0x00102a74 (0xff030313) addi    t1, t1, -16
core   0: 3 0x00102a74 (0xff030313) x6  0x00002ff0
core   0: 0x00102a78 (0x00610133) add     sp, sp, t1
core   0: 3 0x00102a78 (0x00610133) x2  0x001062e0
core   0: 0x00102a7c (0xea410403) lb      s0, -348(sp)
core   0: 3 0x00102a7c (0xea410403) x8  0x0000003c mem 0x00106184
core   0: 0x00102a80 (0x00984433) xor     s0, a6, s1
core   0: 3 0x00102a80 (0x00984433) x8  0x0a6bbec7
core   0: 0x00102a84 (0x96415d03) lhu     s10, -1692(sp)
core   0: 3 0x00102a84 (0x96415d03) x26 0x00004e55 mem 0x00105c44
core   0: 0x00102a88 (0x84010803) lb      a6, -1984(sp)
core   0: 3 0x00102a88 (0x84010803) x16 0x0000006b mem 0x00105b20
core   0: 0x00102a8c (0x007becb3) or      s9, s7, t2
core   0: 3 0x00102a8c (0x007becb3) x25 0x0000000c
core   0: 0x00102a90 (0xd1411a83) lh      s5, -748(sp)
core   0: 3 0x00102a90 (0xd1411a83) x21 0x00003fd5 mem 0x00105ff4
core   0: 0x00102a94 (0x411dd413) srai    s0, s11, 17
core   0: 3 0x00102a94 (0x411dd413) x8  0x00000000
core   0: >>>>  b0000000371
core   0: 0x00102a98 (0x013f8863) beq     t6, s3, pc + 16
core   0: 3 0x00102a98 (0x013f8863)
core   0: 0x00102aa8 (0x00a00f93) li      t6, 10
core   0: 3 0x00102aa8 (0x00a00f93) x31 0x0000000a
core   0: 0x00102aac (0xf6211b03) lh      s6, -158(sp)
core   0: 3 0x00102aac (0xf6211b03) x22 0xffffc454 mem 0x00106242
core   0: 0x00102ab0 (0x01085ab3) srl     s5, a6, a6
core   0: 3 0x00102ab0 (0x01085ab3) x21 0x00000000
core   0: 0x00102ab4 (0x003004b3) add     s1, zero, gp
core   0: 3 0x00102ab4 (0x003004b3) x9  0x000020bd
core   0: 0x00102ab8 (0xf3683413) sltiu   s0, a6, -202
core   0: 3 0x00102ab8 (0xf3683413) x8  0x00000001
core   0: 0x00102abc (0x6b5138b7) lui     a7, 0x6b513
core   0: 3 0x00102abc (0x6b5138b7) x17 0x6b513000
core   0: 0x00102ac0 (0x01710ca3) sb      s7, 25(sp)
core   0: 3 0x00102ac0 (0x01710ca3) mem 0x001062f9 0x0c
core   0: 0x00102ac4 (0x0504b713) sltiu   a4, s1, 80
core   0: 3 0x00102ac4 (0x0504b713) x14 0x00000000
core   0: >>>>  i0000000371
core   0: 0x00102ac8 (0x93011d83) lh      s11, -1744(sp)
core   0: 3 0x00102ac8 (0x93011d83) x27 0x00000000 mem 0x00105c10
core   0: >>>>  i0000000372
core   0: 0x00102acc (0x016aff33) and     t5, s5, s6
core   0: 3 0x00102acc (0x016aff33) x30 0x00000000
core   0: >>>>  i0000000373
core   0: 0x00102ad0 (0x014c8c33) add     s8, s9, s4
core   0: 3 0x00102ad0 (0x014c8c33) x24 0x0000007c
core   0: >>>>  i0000000374
core   0: 0x00102ad4 (0x98ff0893) addi    a7, t5, -1649
core   0: 3 0x00102ad4 (0x98ff0893) x17 0xfffff98f
core   0: >>>>  i0000000375
core   0: 0x00102ad8 (0x2b060493) addi    s1, a2, 688
core   0: 3 0x00102ad8 (0x2b060493) x9  0x000027af
core   0: >>>>  i0000000376
core   0: 0x00102adc (0xdc624293) xori    t0, tp, -570
core   0: 3 0x00102adc (0xdc624293) x5  0xfffffdf0
core   0: >>>>  i0000000377
core   0: 0x00102ae0 (0x7c514603) lbu     a2, 1989(sp)
core   0: 3 0x00102ae0 (0x7c514603) x12 0x000000f3 mem 0x00106aa5
core   0: >>>>  i0000000378
core   0: 0x00102ae4 (0x76611503) lh      a0, 1894(sp)
core   0: 3 0x00102ae4 (0x76611503) x10 0x00003fcd mem 0x00106a46
core   0: >>>>  i0000000379
core   0: 0x00102ae8 (0x00c667b3) or      a5, a2, a2
core   0: 3 0x00102ae8 (0x00c667b3) x15 0x000000f3
core   0: 0x00102aec (0x00001117) auipc   sp, 0x1
core   0: 3 0x00102aec (0x00001117) x2  0x00103aec
core   0: 0x00102af0 (0x80410113) addi    sp, sp, -2044
core   0: 3 0x00102af0 (0x80410113) x2  0x001032f0
core   0: 0x00102af4 (0x00005337) lui     t1, 0x5
core   0: 3 0x00102af4 (0x00005337) x6  0x00005000
core   0: 0x00102af8 (0xde830313) addi    t1, t1, -536
core   0: 3 0x00102af8 (0xde830313) x6  0x00004de8
core   0: 0x00102afc (0x00610133) add     sp, sp, t1
core   0: 3 0x00102afc (0x00610133) x2  0x001080d8
core   0: >>>>  i000000037a
core   0: 0x00102b00 (0xa5d10a03) lb      s4, -1443(sp)
core   0: 3 0x00102b00 (0xa5d10a03) x20 0x00000020 mem 0x00107b35
core   0: >>>>  i000000037b
core   0: 0x00102b04 (0xacc14403) lbu     s0, -1332(sp)
core   0: 3 0x00102b04 (0xacc14403) x8  0x000000f7 mem 0x00107ba4
core   0: >>>>  i000000037c
core   0: 0x00102b08 (0x009ad013) srli    zero, s5, 9
core   0: 3 0x00102b08 (0x009ad013)
core   0: >>>>  i000000037d
core   0: 0x00102b0c (0x01601a33) sll     s4, zero, s6
core   0: 3 0x00102b0c (0x01601a33) x20 0x00000000
core   0: >>>>  i000000037e
core   0: 0x00102b10 (0x01060833) add     a6, a2, a6
core   0: 3 0x00102b10 (0x01060833) x16 0x0000015e
core   0: 0x00102b14 (0x00000117) auipc   sp, 0x0
core   0: 3 0x00102b14 (0x00000117) x2  0x00102b14
core   0: 0x00102b18 (0x7dc10113) addi    sp, sp, 2012
core   0: 3 0x00102b18 (0x7dc10113) x2  0x001032f0
core   0: 0x00102b1c (0x0001d337) lui     t1, 0x1d
core   0: 3 0x00102b1c (0x0001d337) x6  0x0001d000
core   0: 0x00102b20 (0x5e030313) addi    t1, t1, 1504
core   0: 3 0x00102b20 (0x5e030313) x6  0x0001d5e0
core   0: 0x00102b24 (0x00610133) add     sp, sp, t1
core   0: 3 0x00102b24 (0x00610133) x2  0x001208d0
core   0: >>>>  i000000037f
core   0: 0x00102b28 (0x83612423) sw      s6, -2008(sp)
core   0: 3 0x00102b28 (0x83612423) mem 0x001200f8 0xffffc454
core   0: 0x00102b2c (0x00000117) auipc   sp, 0x0
core   0: 3 0x00102b2c (0x00000117) x2  0x00102b2c
core   0: 0x00102b30 (0x7c410113) addi    sp, sp, 1988
core   0: 3 0x00102b30 (0x7c410113) x2  0x001032f0
core   0: 0x00102b34 (0x00011337) lui     t1, 0x11
core   0: 3 0x00102b34 (0x00011337) x6  0x00011000
core   0: 0x00102b38 (0x2a030313) addi    t1, t1, 672
core   0: 3 0x00102b38 (0x2a030313) x6  0x000112a0
core   0: 0x00102b3c (0x00610133) add     sp, sp, t1
core   0: 3 0x00102b3c (0x00610133) x2  0x00114590
core   0: >>>>  i0000000380
core   0: 0x00102b40 (0x6ac10ca3) sb      a2, 1721(sp)
core   0: 3 0x00102b40 (0x6ac10ca3) mem 0x00114c49 0xf3
core   0: >>>>  i0000000381
core   0: 0x00102b44 (0x01080b33) add     s6, a6, a6
core   0: 3 0x00102b44 (0x01080b33) x22 0x000002bc
core   0: >>>>  i0000000382
core   0: 0x00102b48 (0x00b2c433) xor     s0, t0, a1
core   0: 3 0x00102b48 (0x00b2c433) x8  0xfffffdf1
core   0: >>>>  i0000000383
core   0: 0x00102b4c (0x010f6cb3) or      s9, t5, a6
core   0: 3 0x00102b4c (0x010f6cb3) x25 0x0000015e
core   0: >>>>  i0000000384
core   0: 0x00102b50 (0x29014503) lbu     a0, 656(sp)
core   0: 3 0x00102b50 (0x29014503) x10 0x00000069 mem 0x00114820
core   0: 0x00102b54 (0x00b00c93) li      s9, 11
core   0: 3 0x00102b54 (0x00b00c93) x25 0x0000000b
core   0: 0x00102b58 (0x00a00f93) li      t6, 10
core   0: 3 0x00102b58 (0x00a00f93) x31 0x0000000a
core   0: 0x00102b5c (0x00000117) auipc   sp, 0x0
core   0: 3 0x00102b5c (0x00000117) x2  0x00102b5c
core   0: 0x00102b60 (0x79410113) addi    sp, sp, 1940
core   0: 3 0x00102b60 (0x79410113) x2  0x001032f0
core   0: 0x00102b64 (0x0000c337) lui     t1, 0xc
core   0: 3 0x00102b64 (0x0000c337) x6  0x0000c000
core   0: 0x00102b68 (0x43830313) addi    t1, t1, 1080
core   0: 3 0x00102b68 (0x43830313) x6  0x0000c438
core   0: 0x00102b6c (0x00610133) add     sp, sp, t1
core   0: 3 0x00102b6c (0x00610133) x2  0x0010f728
core   0: 0x00102b70 (0x00000117) auipc   sp, 0x0
core   0: 3 0x00102b70 (0x00000117) x2  0x00102b70
core   0: 0x00102b74 (0x78010113) addi    sp, sp, 1920
core   0: 3 0x00102b74 (0x78010113) x2  0x001032f0
core   0: 0x00102b78 (0x00003337) lui     t1, 0x3
core   0: 3 0x00102b78 (0x00003337) x6  0x00003000
core   0: 0x00102b7c (0x9b030313) addi    t1, t1, -1616
core   0: 3 0x00102b7c (0x9b030313) x6  0x000029b0
core   0: 0x00102b80 (0x00610133) add     sp, sp, t1
core   0: 3 0x00102b80 (0x00610133) x2  0x00105ca0
core   0: 0x00102b84 (0x00000117) auipc   sp, 0x0
core   0: 3 0x00102b84 (0x00000117) x2  0x00102b84
core   0: 0x00102b88 (0x76c10113) addi    sp, sp, 1900
core   0: 3 0x00102b88 (0x76c10113) x2  0x001032f0
core   0: 0x00102b8c (0x00014337) lui     t1, 0x14
core   0: 3 0x00102b8c (0x00014337) x6  0x00014000
core   0: 0x00102b90 (0x0c030313) addi    t1, t1, 192
core   0: 3 0x00102b90 (0x0c030313) x6  0x000140c0
core   0: 0x00102b94 (0x00610133) add     sp, sp, t1
core   0: 3 0x00102b94 (0x00610133) x2  0x001173b0
core   0: 0x00102b98 (0x010ec433) xor     s0, t4, a6
core   0: 3 0x00102b98 (0x010ec433) x8  0xfffffe8b
core   0: 0x00102b9c (0x1fc10aa3) sb      t3, 501(sp)
core   0: 3 0x00102b9c (0x1fc10aa3) mem 0x001175a5 0x01
core   0: 0x00102ba0 (0xe9d11623) sh      t4, -372(sp)
core   0: 3 0x00102ba0 (0xe9d11623) mem 0x0011723c 0xffd5
core   0: 0x00102ba4 (0x43d48b93) addi    s7, s1, 1085
core   0: 3 0x00102ba4 (0x43d48b93) x23 0x00002bec
core   0: 0x00102ba8 (0x8afec413) xori    s0, t4, -1873
core   0: 3 0x00102ba8 (0x8afec413) x8  0x0000077a
core   0: 0x00102bac (0xd8015703) lhu     a4, -640(sp)
core   0: 3 0x00102bac (0xd8015703) x14 0x0000ed89 mem 0x00117130
core   0: 0x00102bb0 (0x78bbca93) xori    s5, s7, 1931
core   0: 3 0x00102bb0 (0x78bbca93) x21 0x00002c67
core   0: >>>>  b0000000385
core   0: 0x00102bb4 (0x00000033) add     zero, zero, zero
core   0: 3 0x00102bb4 (0x00000033)
core   0: 0x00102bb8 (0x079f9863) bne     t6, s9, pc + 112
core   0: 3 0x00102bb8 (0x079f9863)
core   0: >>>>  i000000038d
core   0: 0x00102c28 (0xdb010ea3) sb      a6, -579(sp)
core   0: 3 0x00102c28 (0xdb010ea3) mem 0x0011716d 0x5e
core   0: >>>>  i000000038e
core   0: 0x00102c2c (0x68c12a23) sw      a2, 1684(sp)
core   0: 3 0x00102c2c (0x68c12a23) mem 0x00117a44 0x000000f3
core   0: >>>>  i000000038f
core   0: 0x00102c30 (0x008cc1b3) xor     gp, s9, s0
core   0: 3 0x00102c30 (0x008cc1b3) x3  0x00000771
core   0: >>>>  i0000000390
core   0: 0x00102c34 (0x291f3613) sltiu   a2, t5, 657
core   0: 3 0x00102c34 (0x291f3613) x12 0x00000001
core   0: >>>>  i0000000391
core   0: 0x00102c38 (0x405a0f33) sub     t5, s4, t0
core   0: 3 0x00102c38 (0x405a0f33) x30 0x00000210
core   0: >>>>  i0000000392
core   0: 0x00102c3c (0xa8014483) lbu     s1, -1408(sp)
core   0: 3 0x00102c3c (0xa8014483) x9  0x000000d5 mem 0x00116e30
core   0: >>>>  i0000000393
core   0: 0x00102c40 (0x291cef17) auipc   t5, 0x291ce
core   0: 3 0x00102c40 (0x291cef17) x30 0x292d0c40
core   0: >>>>  i0000000394
core   0: 0x00102c44 (0x09811d03) lh      s10, 152(sp)
core   0: 3 0x00102c44 (0x09811d03) x26 0x000013e9 mem 0x00117448
core   0: >>>>  i0000000395
core   0: 0x00102c48 (0xe8814503) lbu     a0, -376(sp)
core   0: 3 0x00102c48 (0xe8814503) x10 0x00000050 mem 0x00117238
core   0: >>>>  i0000000396
core   0: 0x00102c4c (0xaf214983) lbu     s3, -1294(sp)
core   0: 3 0x00102c4c (0xaf214983) x19 0x0000009c mem 0x00116ea2
core   0: >>>>  i0000000397
core   0: 0x00102c50 (0xecb12023) sw      a1, -320(sp)
core   0: 3 0x00102c50 (0xecb12023) mem 0x00117270 0x00000001
core   0: >>>>  i0000000398
core   0: 0x00102c54 (0x01d07633) and     a2, zero, t4
core   0: 3 0x00102c54 (0x01d07633) x12 0x00000000
core   0: 0x00102c58 (0x00900a93) li      s5, 9
core   0: 3 0x00102c58 (0x00900a93) x21 0x00000009
core   0: 0x00102c5c (0x00a00f93) li      t6, 10
core   0: 3 0x00102c5c (0x00a00f93) x31 0x0000000a
core   0: 0x00102c60 (0x00000117) auipc   sp, 0x0
core   0: 3 0x00102c60 (0x00000117) x2  0x00102c60
core   0: 0x00102c64 (0x69010113) addi    sp, sp, 1680
core   0: 3 0x00102c64 (0x69010113) x2  0x001032f0
core   0: 0x00102c68 (0x00006337) lui     t1, 0x6
core   0: 3 0x00102c68 (0x00006337) x6  0x00006000
core   0: 0x00102c6c (0x15830313) addi    t1, t1, 344
core   0: 3 0x00102c6c (0x15830313) x6  0x00006158
core   0: 0x00102c70 (0x00610133) add     sp, sp, t1
core   0: 3 0x00102c70 (0x00610133) x2  0x00109448
core   0: 0x00102c74 (0x00000117) auipc   sp, 0x0
core   0: 3 0x00102c74 (0x00000117) x2  0x00102c74
core   0: 0x00102c78 (0x67c10113) addi    sp, sp, 1660
core   0: 3 0x00102c78 (0x67c10113) x2  0x001032f0
core   0: 0x00102c7c (0x00009337) lui     t1, 0x9
core   0: 3 0x00102c7c (0x00009337) x6  0x00009000
core   0: 0x00102c80 (0xe8830313) addi    t1, t1, -376
core   0: 3 0x00102c80 (0xe8830313) x6  0x00008e88
core   0: 0x00102c84 (0x00610133) add     sp, sp, t1
core   0: 3 0x00102c84 (0x00610133) x2  0x0010c178
core   0: 0x00102c88 (0x00000117) auipc   sp, 0x0
core   0: 3 0x00102c88 (0x00000117) x2  0x00102c88
core   0: 0x00102c8c (0x66810113) addi    sp, sp, 1640
core   0: 3 0x00102c8c (0x66810113) x2  0x001032f0
core   0: 0x00102c90 (0x00016337) lui     t1, 0x16
core   0: 3 0x00102c90 (0x00016337) x6  0x00016000
core   0: 0x00102c94 (0xc0830313) addi    t1, t1, -1016
core   0: 3 0x00102c94 (0xc0830313) x6  0x00015c08
core   0: 0x00102c98 (0x00610133) add     sp, sp, t1
core   0: 3 0x00102c98 (0x00610133) x2  0x00118ef8
core   0: 0x00102c9c (0x13410d83) lb      s11, 308(sp)
core   0: 3 0x00102c9c (0x13410d83) x27 0x0000000b mem 0x0011902c
core   0: 0x00102ca0 (0x84410323) sb      tp, -1978(sp)
core   0: 3 0x00102ca0 (0x84410323) mem 0x0011873e 0x36
core   0: 0x00102ca4 (0x19b14803) lbu     a6, 411(sp)
core   0: 3 0x00102ca4 (0x19b14803) x16 0x00000095 mem 0x00119093
core   0: 0x00102ca8 (0x41085833) sra     a6, a6, a6
core   0: 3 0x00102ca8 (0x41085833) x16 0x00000000
core   0: 0x00102cac (0x00479b13) slli    s6, a5, 4
core   0: 3 0x00102cac (0x00479b13) x22 0x00000f30
core   0: 0x00102cb0 (0x410ed833) sra     a6, t4, a6
core   0: 3 0x00102cb0 (0x410ed833) x16 0xffffffd5
core   0: 0x00102cb4 (0x36010903) lb      s2, 864(sp)
core   0: 3 0x00102cb4 (0x36010903) x18 0x0000003c mem 0x00119258
core   0: >>>>  b0000000399
core   0: 0x00102cb8 (0x00000033) add     zero, zero, zero
core   0: 3 0x00102cb8 (0x00000033)
core   0: 0x00102cbc (0x075fca63) blt     t6, s5, pc + 116
core   0: 3 0x00102cbc (0x075fca63)
core   0: 0x00102cc0 (0x00000033) add     zero, zero, zero
core   0: 3 0x00102cc0 (0x00000033)
core   0: 0x00102cc4 (0x4c810da3) sb      s0, 1243(sp)
core   0: 3 0x00102cc4 (0x4c810da3) mem 0x001193d3 0x7a
core   0: 0x00102cc8 (0x327b6237) lui     tp, 0x327b6
core   0: 3 0x00102cc8 (0x327b6237) x4  0x327b6000
core   0: 0x00102ccc (0xdc7a0813) addi    a6, s4, -569
core   0: 3 0x00102ccc (0xdc7a0813) x16 0xfffffdc7
core   0: 0x00102cd0 (0x7f112223) sw      a7, 2020(sp)
core   0: 3 0x00102cd0 (0x7f112223) mem 0x001196dc 0xfffff98f
core   0: 0x00102cd4 (0x9cc10983) lb      s3, -1588(sp)
core   0: 3 0x00102cd4 (0x9cc10983) x19 0x0000002c mem 0x001188c4
core   0: 0x00102cd8 (0x7c841817) auipc   a6, 0x7c841
core   0: 3 0x00102cd8 (0x7c841817) x16 0x7c943cd8
core   0: 0x00102cdc (0x000c2c33) slt     s8, s8, zero
core   0: 3 0x00102cdc (0x000c2c33) x24 0x00000000
core   0: 0x00102ce0 (0x00a00f93) li      t6, 10
core   0: 3 0x00102ce0 (0x00a00f93) x31 0x0000000a
core   0: >>>>  i0000000399
core   0: 0x00102ce4 (0xbf012e23) sw      a6, -1028(sp)
core   0: 3 0x00102ce4 (0xbf012e23) mem 0x00118af4 0x7c943cd8
core   0: >>>>  i000000039a
core   0: 0x00102ce8 (0xa6e15283) lhu     t0, -1426(sp)
core   0: 3 0x00102ce8 (0xa6e15283) x5  0x00005bcf mem 0x00118966
core   0: >>>>  i000000039b
core   0: 0x00102cec (0xb7b83613) sltiu   a2, a6, -1157
core   0: 3 0x00102cec (0xb7b83613) x12 0x00000001
core   0: >>>>  i000000039c
core   0: 0x00102cf0 (0x40c103a3) sb      a2, 1031(sp)
core   0: 3 0x00102cf0 (0x40c103a3) mem 0x001192ff 0x01
core   0: >>>>  i000000039d
core   0: 0x00102cf4 (0xff09b193) sltiu   gp, s3, -16
core   0: 3 0x00102cf4 (0xff09b193) x3  0x00000001
core   0: >>>>  i000000039e
core   0: 0x00102cf8 (0xb64e2613) slti    a2, t3, -1180
core   0: 3 0x00102cf8 (0xb64e2613) x12 0x00000000
core   0: >>>>  i000000039f
core   0: 0x00102cfc (0x01955213) srli    tp, a0, 25
core   0: 3 0x00102cfc (0x01955213) x4  0x00000000
core   0: >>>>  i00000003a0
core   0: 0x00102d00 (0x79e11003) lh      zero, 1950(sp)
core   0: 3 0x00102d00 (0x79e11003) mem 0x00119696
core   0: >>>>  i00000003a1
core   0: 0x00102d04 (0x01084f33) xor     t5, a6, a6
core   0: 3 0x00102d04 (0x01084f33) x30 0x00000000
core   0: >>>>  i00000003a2
core   0: 0x00102d08 (0x25bf0e93) addi    t4, t5, 603
core   0: 3 0x00102d08 (0x25bf0e93) x29 0x0000025b
core   0: 0x00102d0c (0x00000117) auipc   sp, 0x0
core   0: 3 0x00102d0c (0x00000117) x2  0x00102d0c
core   0: 0x00102d10 (0x5e410113) addi    sp, sp, 1508
core   0: 3 0x00102d10 (0x5e410113) x2  0x001032f0
core   0: 0x00102d14 (0x0000f337) lui     t1, 0xf
core   0: 3 0x00102d14 (0x0000f337) x6  0x0000f000
core   0: 0x00102d18 (0xc0030313) addi    t1, t1, -1024
core   0: 3 0x00102d18 (0xc0030313) x6  0x0000ec00
core   0: 0x00102d1c (0x00610133) add     sp, sp, t1
core   0: 3 0x00102d1c (0x00610133) x2  0x00111ef0
core   0: >>>>  i00000003a3
core   0: 0x00102d20 (0xf3110803) lb      a6, -207(sp)
core   0: 3 0x00102d20 (0xf3110803) x16 0xffffffdd mem 0x00111e21
core   0: >>>>  i00000003a4
core   0: 0x00102d24 (0x00c63f33) sltu    t5, a2, a2
core   0: 3 0x00102d24 (0x00c63f33) x30 0x00000000
core   0: >>>>  i00000003a5
core   0: 0x00102d28 (0x89415803) lhu     a6, -1900(sp)
core   0: 3 0x00102d28 (0x89415803) x16 0x00001099 mem 0x00111784
core   0: >>>>  i00000003a6
core   0: 0x00102d2c (0xf9111e23) sh      a7, -100(sp)
core   0: 3 0x00102d2c (0xf9111e23) mem 0x00111e8c 0xf98f
core   0: >>>>  i00000003a7
core   0: 0x00102d30 (0x00c85633) srl     a2, a6, a2
core   0: 3 0x00102d30 (0x00c85633) x12 0x00001099
core   0: >>>>  i00000003a8
core   0: 0x00102d34 (0x00cf39b3) sltu    s3, t5, a2
core   0: 3 0x00102d34 (0x00cf39b3) x19 0x00000001
core   0: >>>>  i00000003a9
core   0: 0x00102d38 (0x41e14d03) lbu     s10, 1054(sp)
core   0: 3 0x00102d38 (0x41e14d03) x26 0x00000036 mem 0x0011230e
core   0: >>>>  i00000003aa
core   0: 0x00102d3c (0x01ef2833) slt     a6, t5, t5
core   0: 3 0x00102d3c (0x01ef2833) x16 0x00000000
core   0: 0x00102d40 (0x00000117) auipc   sp, 0x0
core   0: 3 0x00102d40 (0x00000117) x2  0x00102d40
core   0: 0x00102d44 (0x5b010113) addi    sp, sp, 1456
core   0: 3 0x00102d44 (0x5b010113) x2  0x001032f0
core   0: 0x00102d48 (0x00002337) lui     t1, 0x2
core   0: 3 0x00102d48 (0x00002337) x6  0x00002000
core   0: 0x00102d4c (0xe5030313) addi    t1, t1, -432
core   0: 3 0x00102d4c (0xe5030313) x6  0x00001e50
core   0: 0x00102d50 (0x00610133) add     sp, sp, t1
core   0: 3 0x00102d50 (0x00610133) x2  0x00105140
core   0: >>>>  i00000003ab
core   0: 0x00102d54 (0x66012f03) lw      t5, 1632(sp)
core   0: 3 0x00102d54 (0x66012f03) x30 0xa0089ba6 mem 0x001057a0
core   0: >>>>  i00000003ac
core   0: 0x00102d58 (0xb0f14e03) lbu     t3, -1265(sp)
core   0: 3 0x00102d58 (0xb0f14e03) x28 0x00000007 mem 0x00104c4f
core   0: 0x00102d5c (0x00c00a93) li      s5, 12
core   0: 3 0x00102d5c (0x00c00a93) x21 0x0000000c
core   0: 0x00102d60 (0x001f8f93) addi    t6, t6, 1
core   0: 3 0x00102d60 (0x001f8f93) x31 0x0000000b
core   0: 0x00102d64 (0x00000117) auipc   sp, 0x0
core   0: 3 0x00102d64 (0x00000117) x2  0x00102d64
core   0: 0x00102d68 (0x58c10113) addi    sp, sp, 1420
core   0: 3 0x00102d68 (0x58c10113) x2  0x001032f0
core   0: 0x00102d6c (0x0001d337) lui     t1, 0x1d
core   0: 3 0x00102d6c (0x0001d337) x6  0x0001d000
core   0: 0x00102d70 (0x17030313) addi    t1, t1, 368
core   0: 3 0x00102d70 (0x17030313) x6  0x0001d170
core   0: 0x00102d74 (0x00610133) add     sp, sp, t1
core   0: 3 0x00102d74 (0x00610133) x2  0x00120460
core   0: 0x00102d78 (0xad848793) addi    a5, s1, -1320
core   0: 3 0x00102d78 (0xad848793) x15 0xfffffbad
core   0: 0x00102d7c (0x8ec12803) lw      a6, -1812(sp)
core   0: 3 0x00102d7c (0x8ec12803) x16 0x5a060ba8 mem 0x0011fd4c
core   0: 0x00102d80 (0xc7812e23) sw      s8, -900(sp)
core   0: 3 0x00102d80 (0xc7812e23) mem 0x001200dc 0x00000000
core   0: 0x00102d84 (0x2fc12903) lw      s2, 764(sp)
core   0: 3 0x00102d84 (0x2fc12903) x18 0x03b4fce8 mem 0x0012075c
core   0: 0x00102d88 (0x00ea1213) slli    tp, s4, 14
core   0: 3 0x00102d88 (0x00ea1213) x4  0x00000000
core   0: 0x00102d8c (0x8f6ec493) xori    s1, t4, -1802
core   0: 3 0x00102d8c (0x8f6ec493) x9  0xfffffaad
core   0: 0x00102d90 (0xc1015803) lhu     a6, -1008(sp)
core   0: 3 0x00102d90 (0xc1015803) x16 0x000075c0 mem 0x00120070
core   0: >>>>  b00000003ad
core   0: 0x00102d94 (0x015f8463) beq     t6, s5, pc + 8
core   0: 3 0x00102d94 (0x015f8463)
core   0: 0x00102d98 (0xf61ff56f) jal     a0, pc - 0xa0
core   0: 3 0x00102d98 (0xf61ff56f) x10 0x00102d9c
core   0: >>>>  i000000039e
core   0: 0x00102cf8 (0xb64e2613) slti    a2, t3, -1180
core   0: 3 0x00102cf8 (0xb64e2613) x12 0x00000000
core   0: >>>>  i000000039f
core   0: 0x00102cfc (0x01955213) srli    tp, a0, 25
core   0: 3 0x00102cfc (0x01955213) x4  0x00000000
core   0: >>>>  i00000003a0
core   0: 0x00102d00 (0x79e11003) lh      zero, 1950(sp)
core   0: 3 0x00102d00 (0x79e11003) mem 0x00120bfe
core   0: >>>>  i00000003a1
core   0: 0x00102d04 (0x01084f33) xor     t5, a6, a6
core   0: 3 0x00102d04 (0x01084f33) x30 0x00000000
core   0: >>>>  i00000003a2
core   0: 0x00102d08 (0x25bf0e93) addi    t4, t5, 603
core   0: 3 0x00102d08 (0x25bf0e93) x29 0x0000025b
core   0: 0x00102d0c (0x00000117) auipc   sp, 0x0
core   0: 3 0x00102d0c (0x00000117) x2  0x00102d0c
core   0: 0x00102d10 (0x5e410113) addi    sp, sp, 1508
core   0: 3 0x00102d10 (0x5e410113) x2  0x001032f0
core   0: 0x00102d14 (0x0000f337) lui     t1, 0xf
core   0: 3 0x00102d14 (0x0000f337) x6  0x0000f000
core   0: 0x00102d18 (0xc0030313) addi    t1, t1, -1024
core   0: 3 0x00102d18 (0xc0030313) x6  0x0000ec00
core   0: 0x00102d1c (0x00610133) add     sp, sp, t1
core   0: 3 0x00102d1c (0x00610133) x2  0x00111ef0
core   0: >>>>  i00000003a3
core   0: 0x00102d20 (0xf3110803) lb      a6, -207(sp)
core   0: 3 0x00102d20 (0xf3110803) x16 0xffffffdd mem 0x00111e21
core   0: >>>>  i00000003a4
core   0: 0x00102d24 (0x00c63f33) sltu    t5, a2, a2
core   0: 3 0x00102d24 (0x00c63f33) x30 0x00000000
core   0: >>>>  i00000003a5
core   0: 0x00102d28 (0x89415803) lhu     a6, -1900(sp)
core   0: 3 0x00102d28 (0x89415803) x16 0x00001099 mem 0x00111784
core   0: >>>>  i00000003a6
core   0: 0x00102d2c (0xf9111e23) sh      a7, -100(sp)
core   0: 3 0x00102d2c (0xf9111e23) mem 0x00111e8c 0xf98f
core   0: >>>>  i00000003a7
core   0: 0x00102d30 (0x00c85633) srl     a2, a6, a2
core   0: 3 0x00102d30 (0x00c85633) x12 0x00001099
core   0: >>>>  i00000003a8
core   0: 0x00102d34 (0x00cf39b3) sltu    s3, t5, a2
core   0: 3 0x00102d34 (0x00cf39b3) x19 0x00000001
core   0: >>>>  i00000003a9
core   0: 0x00102d38 (0x41e14d03) lbu     s10, 1054(sp)
core   0: 3 0x00102d38 (0x41e14d03) x26 0x00000036 mem 0x0011230e
core   0: >>>>  i00000003aa
core   0: 0x00102d3c (0x01ef2833) slt     a6, t5, t5
core   0: 3 0x00102d3c (0x01ef2833) x16 0x00000000
core   0: 0x00102d40 (0x00000117) auipc   sp, 0x0
core   0: 3 0x00102d40 (0x00000117) x2  0x00102d40
core   0: 0x00102d44 (0x5b010113) addi    sp, sp, 1456
core   0: 3 0x00102d44 (0x5b010113) x2  0x001032f0
core   0: 0x00102d48 (0x00002337) lui     t1, 0x2
core   0: 3 0x00102d48 (0x00002337) x6  0x00002000
core   0: 0x00102d4c (0xe5030313) addi    t1, t1, -432
core   0: 3 0x00102d4c (0xe5030313) x6  0x00001e50
core   0: 0x00102d50 (0x00610133) add     sp, sp, t1
core   0: 3 0x00102d50 (0x00610133) x2  0x00105140
core   0: >>>>  i00000003ab
core   0: 0x00102d54 (0x66012f03) lw      t5, 1632(sp)
core   0: 3 0x00102d54 (0x66012f03) x30 0xa0089ba6 mem 0x001057a0
core   0: >>>>  i00000003ac
core   0: 0x00102d58 (0xb0f14e03) lbu     t3, -1265(sp)
core   0: 3 0x00102d58 (0xb0f14e03) x28 0x00000007 mem 0x00104c4f
core   0: 0x00102d5c (0x00c00a93) li      s5, 12
core   0: 3 0x00102d5c (0x00c00a93) x21 0x0000000c
core   0: 0x00102d60 (0x001f8f93) addi    t6, t6, 1
core   0: 3 0x00102d60 (0x001f8f93) x31 0x0000000c
core   0: 0x00102d64 (0x00000117) auipc   sp, 0x0
core   0: 3 0x00102d64 (0x00000117) x2  0x00102d64
core   0: 0x00102d68 (0x58c10113) addi    sp, sp, 1420
core   0: 3 0x00102d68 (0x58c10113) x2  0x001032f0
core   0: 0x00102d6c (0x0001d337) lui     t1, 0x1d
core   0: 3 0x00102d6c (0x0001d337) x6  0x0001d000
core   0: 0x00102d70 (0x17030313) addi    t1, t1, 368
core   0: 3 0x00102d70 (0x17030313) x6  0x0001d170
core   0: 0x00102d74 (0x00610133) add     sp, sp, t1
core   0: 3 0x00102d74 (0x00610133) x2  0x00120460
core   0: 0x00102d78 (0xad848793) addi    a5, s1, -1320
core   0: 3 0x00102d78 (0xad848793) x15 0xfffff585
core   0: 0x00102d7c (0x8ec12803) lw      a6, -1812(sp)
core   0: 3 0x00102d7c (0x8ec12803) x16 0x5a060ba8 mem 0x0011fd4c
core   0: 0x00102d80 (0xc7812e23) sw      s8, -900(sp)
core   0: 3 0x00102d80 (0xc7812e23) mem 0x001200dc 0x00000000
core   0: 0x00102d84 (0x2fc12903) lw      s2, 764(sp)
core   0: 3 0x00102d84 (0x2fc12903) x18 0x03b4fce8 mem 0x0012075c
core   0: 0x00102d88 (0x00ea1213) slli    tp, s4, 14
core   0: 3 0x00102d88 (0x00ea1213) x4  0x00000000
core   0: 0x00102d8c (0x8f6ec493) xori    s1, t4, -1802
core   0: 3 0x00102d8c (0x8f6ec493) x9  0xfffffaad
core   0: 0x00102d90 (0xc1015803) lhu     a6, -1008(sp)
core   0: 3 0x00102d90 (0xc1015803) x16 0x000075c0 mem 0x00120070
core   0: >>>>  b00000003ad
core   0: 0x00102d94 (0x015f8463) beq     t6, s5, pc + 8
core   0: 3 0x00102d94 (0x015f8463)
core   0: 0x00102d9c (0x00a00f93) li      t6, 10
core   0: 3 0x00102d9c (0x00a00f93) x31 0x0000000a
core   0: 0x00102da0 (0xf7510403) lb      s0, -139(sp)
core   0: 3 0x00102da0 (0xf7510403) x8  0x00000000 mem 0x001203d5
core   0: 0x00102da4 (0xdf24f813) andi    a6, s1, -526
core   0: 3 0x00102da4 (0xdf24f813) x16 0xfffff8a0
core   0: 0x00102da8 (0x40985c33) sra     s8, a6, s1
core   0: 3 0x00102da8 (0x40985c33) x24 0xffffffff
core   0: 0x00102dac (0x56bb7c13) andi    s8, s6, 1387
core   0: 3 0x00102dac (0x56bb7c13) x24 0x00000520
core   0: 0x00102db0 (0x40425d33) sra     s10, tp, tp
core   0: 3 0x00102db0 (0x40425d33) x26 0x00000000
core   0: 0x00102db4 (0x60810383) lb      t2, 1544(sp)
core   0: 3 0x00102db4 (0x60810383) x7  0xffffff82 mem 0x00120a68
core   0: 0x00102db8 (0x00980eb3) add     t4, a6, s1
core   0: 3 0x00102db8 (0x00980eb3) x29 0xfffff34d
core   0: >>>>  i00000003ad
core   0: 0x00102dbc (0x003a5513) srli    a0, s4, 3
core   0: 3 0x00102dbc (0x003a5513) x10 0x00000000
core   0: >>>>  i00000003ae
core   0: 0x00102dc0 (0x01081db3) sll     s11, a6, a6
core   0: 3 0x00102dc0 (0x01081db3) x27 0xfffff8a0
core   0: >>>>  i00000003af
core   0: 0x00102dc4 (0xd21c7d93) andi    s11, s8, -735
core   0: 3 0x00102dc4 (0xd21c7d93) x27 0x00000520
core   0: >>>>  i00000003b0
core   0: 0x00102dc8 (0x1a756e93) ori     t4, a0, 423
core   0: 3 0x00102dc8 (0x1a756e93) x29 0x000001a7
core   0: >>>>  i00000003b1
core   0: 0x00102dcc (0xfeb30d93) addi    s11, t1, -21
core   0: 3 0x00102dcc (0xfeb30d93) x27 0x0001d15b
core   0: >>>>  i00000003b2
core   0: 0x00102dd0 (0xb4e102a3) sb      a4, -1211(sp)
core   0: 3 0x00102dd0 (0xb4e102a3) mem 0x0011ffa5 0x89
core   0: 0x00102dd4 (0x00000117) auipc   sp, 0x0
core   0: 3 0x00102dd4 (0x00000117) x2  0x00102dd4
core   0: 0x00102dd8 (0x51c10113) addi    sp, sp, 1308
core   0: 3 0x00102dd8 (0x51c10113) x2  0x001032f0
core   0: 0x00102ddc (0x00003337) lui     t1, 0x3
core   0: 3 0x00102ddc (0x00003337) x6  0x00003000
core   0: 0x00102de0 (0xda830313) addi    t1, t1, -600
core   0: 3 0x00102de0 (0xda830313) x6  0x00002da8
core   0: 0x00102de4 (0x00610133) add     sp, sp, t1
core   0: 3 0x00102de4 (0x00610133) x2  0x00106098
core   0: >>>>  i00000003b3
core   0: 0x00102de8 (0xb3a11603) lh      a2, -1222(sp)
core   0: 3 0x00102de8 (0xb3a11603) x12 0x000047e5 mem 0x00105bd2
core   0: >>>>  i00000003b4
core   0: 0x00102dec (0xece15a03) lhu     s4, -306(sp)
core   0: 3 0x00102dec (0xece15a03) x20 0x000060a6 mem 0x00105f66
core   0: 0x00102df0 (0x00000117) auipc   sp, 0x0
core   0: 3 0x00102df0 (0x00000117) x2  0x00102df0
core   0: 0x00102df4 (0x50010113) addi    sp, sp, 1280
core   0: 3 0x00102df4 (0x50010113) x2  0x001032f0
core   0: 0x00102df8 (0x0001a337) lui     t1, 0x1a
core   0: 3 0x00102df8 (0x0001a337) x6  0x0001a000
core   0: 0x00102dfc (0x24830313) addi    t1, t1, 584
core   0: 3 0x00102dfc (0x24830313) x6  0x0001a248
core   0: 0x00102e00 (0x00610133) add     sp, sp, t1
core   0: 3 0x00102e00 (0x00610133) x2  0x0011d538
core   0: >>>>  i00000003b5
core   0: 0x00102e04 (0x45910603) lb      a2, 1113(sp)
core   0: 3 0x00102e04 (0x45910603) x12 0x0000003b mem 0x0011d991
core   0: 0x00102e08 (0x00000117) auipc   sp, 0x0
core   0: 3 0x00102e08 (0x00000117) x2  0x00102e08
core   0: 0x00102e0c (0x4e810113) addi    sp, sp, 1256
core   0: 3 0x00102e0c (0x4e810113) x2  0x001032f0
core   0: 0x00102e10 (0x00016337) lui     t1, 0x16
core   0: 3 0x00102e10 (0x00016337) x6  0x00016000
core   0: 0x00102e14 (0x03030313) addi    t1, t1, 48
core   0: 3 0x00102e14 (0x03030313) x6  0x00016030
core   0: 0x00102e18 (0x00610133) add     sp, sp, t1
core   0: 3 0x00102e18 (0x00610133) x2  0x00119320
core   0: >>>>  i00000003b6
core   0: 0x00102e1c (0xf7e12423) sw      t5, -152(sp)
core   0: 3 0x00102e1c (0xf7e12423) mem 0x00119288 0xa0089ba6
core   0: >>>>  i00000003b7
core   0: 0x00102e20 (0x576f7613) andi    a2, t5, 1398
core   0: 3 0x00102e20 (0x576f7613) x12 0x00000126
core   0: >>>>  i00000003b8
core   0: 0x00102e24 (0x41b88033) sub     zero, a7, s11
core   0: 3 0x00102e24 (0x41b88033)
core   0: 0x00102e28 (0x00008067) ret
core   0: 3 0x00102e28 (0x00008067)
core   0: 0x00102ee4 (0x000202b7) lui     t0, 0x20
core   0: 3 0x00102ee4 (0x000202b7) x5  0x00020000
core   0: 0x00102ee8 (0x00828293) addi    t0, t0, 8
core   0: 3 0x00102ee8 (0x00828293) x5  0x00020008
core   0: 0x00102eec (0x00100313) li      t1, 1
core   0: 3 0x00102eec (0x00100313) x6  0x00000001
core   0: 0x00102ef0 (0x0062a023) sw      t1, 0(t0)
core   0: 3 0x00102ef0 (0x0062a023) mem 0x00020008 0x00000001
core   0: >>>>  sleep_loop
core   0: 0x00102ef4 (0x10500073) wfi
core   0: 3 0x00102ef4 (0x10500073)
